==3875== NVPROF is profiling process 3875, command: python3 /home/wml/tvm/tutorials/relay_test_net.py
==3875== Profiling application: python3 /home/wml/tvm/tutorials/relay_test_net.py
==3875== Profiling result:
            Type  Time(%)      Time     Calls       Avg       Min       Max  Name
 GPU activities:   47.20%  15.495ms       137  113.10us     864ns  3.2614ms  [CUDA memcpy HtoD]
                   12.33%  4.0496ms         3  1.3499ms  1.3459ms  1.3553ms  fused_nn_conv2d_kernel0
                    4.75%  1.5594ms         3  519.80us  515.83us  523.03us  fused_nn_conv2d_kernel2
                    4.25%  1.3952ms         1  1.3952ms  1.3952ms  1.3952ms  fused_nn_conv2d_1_kernel0
                    3.96%  1.3001ms         3  433.35us  423.81us  438.78us  fused_nn_conv2d_2_kernel2
                    3.17%  1.0400ms         3  346.67us  342.15us  351.40us  fused_nn_conv2d_4_kernel2
                    2.89%  948.15us         3  316.05us  305.71us  323.46us  fused_nn_conv2d_2_kernel0
                    2.16%  710.35us         1  710.35us  710.35us  710.35us  fused_nn_conv2d_3_kernel0
                    1.92%  629.01us         4  157.25us  156.53us  159.12us  fused_nn_conv2d_6_kernel2
                    1.52%  500.51us         1  500.51us  500.51us  500.51us  fused_nn_conv2d_7_kernel0
                    1.50%  491.64us         1  491.64us  491.64us  491.64us  fused_nn_conv2d_5_kernel0
                    1.17%  384.52us         4  96.129us  95.097us  97.593us  fused_nn_conv2d_6_kernel3
                    1.04%  342.60us         4  85.649us  84.953us  86.137us  fused_nn_conv2d_6_kernel1
                    0.72%  237.84us         5  47.567us  47.260us  47.900us  fused_add_6_kernel0
                    0.72%  237.20us         5  47.439us  46.973us  47.901us  fused_nn_relu_3_kernel0
                    0.71%  234.00us         5  46.799us  45.277us  47.772us  fused_multiply_3_kernel0
                    0.66%  217.42us         3  72.474us  65.115us  76.730us  fused_nn_conv2d_4_kernel0
                    0.57%  185.59us         1  185.59us  185.59us  185.59us  fused_add_8_kernel0
                    0.56%  185.17us         1  185.17us  185.17us  185.17us  fused_nn_relu_4_kernel0
                    0.56%  184.40us         1  184.40us  184.40us  184.40us  fused_multiply_4_kernel0
                    0.55%  181.71us         3  60.571us  60.411us  60.667us  fused_nn_conv2d_4_kernel3
                    0.55%  180.08us         3  60.027us  59.516us  60.475us  fused_nn_conv2d_4_kernel1
                    0.51%  166.80us         1  166.80us  166.80us  166.80us  fused_nn_conv2d_11_kernel0
                    0.42%  137.91us         2  68.955us  68.859us  69.051us  fused_add_7_kernel0
                    0.38%  125.43us         1  125.43us  125.43us  125.43us  fused_nn_max_pool2d_kernel0
                    0.32%  106.01us         4  26.502us  25.950us  26.942us  fused_nn_conv2d_6_kernel0
                    0.30%  100.09us         1  100.09us  100.09us  100.09us  fused_nn_conv2d_10_kernel0
                    0.30%  98.904us         4  24.726us  24.414us  25.022us  fused_nn_relu_2_kernel0
                    0.30%  98.680us         4  24.670us  24.062us  25.534us  fused_add_4_kernel0
                    0.28%  92.442us         4  23.110us  22.206us  23.710us  fused_multiply_2_kernel0
                    0.28%  91.738us         3  30.579us  29.950us  31.198us  fused_nn_conv2d_2_kernel3
                    0.28%  90.297us         3  30.099us  29.758us  30.621us  fused_nn_conv2d_2_kernel1
                    0.26%  85.945us         1  85.945us  85.945us  85.945us  fused_nn_conv2d_8_kernel0
                    0.23%  77.082us         1  77.082us  77.082us  77.082us  fused_nn_conv2d_9_kernel0
                    0.21%  67.708us         2  33.854us  33.502us  34.206us  fused_add_5_kernel0
                    0.20%  66.299us         1  66.299us  66.299us  66.299us  fused_nn_dense_kernel0
                    0.17%  55.963us         3  18.654us  18.302us  19.071us  fused_nn_conv2d_kernel1
                    0.16%  53.372us         3  17.790us  16.927us  18.431us  fused_nn_conv2d_kernel3
                    0.11%  37.053us         4  9.2630us  8.8630us  10.080us  fused_multiply_1_kernel0
                    0.11%  36.893us         1  36.893us  36.893us  36.893us  fused_multiply_5_kernel0
                    0.11%  36.094us         1  36.094us  36.094us  36.094us  fused_add_9_kernel0
                    0.10%  32.350us         1  32.350us  32.350us  32.350us  fused_nn_softmax_kernel1
                    0.09%  30.621us         4  7.6550us  7.4240us  7.8070us  fused_add_2_kernel0
                    0.09%  29.502us         2  14.751us  13.855us  15.647us  fused_add_3_kernel0
                    0.09%  28.767us         4  7.1910us  7.1360us  7.2320us  fused_nn_relu_1_kernel0
                    0.06%  19.840us         4  4.9600us  4.4160us  6.2400us  fused_multiply_kernel0
                    0.06%  19.007us        12  1.5830us  1.3120us  1.7280us  fused_multiply_7_kernel0
                    0.06%  18.880us         4  4.7200us  4.6720us  4.8000us  fused_add_kernel0
                    0.05%  17.565us         4  4.3910us  4.0950us  4.5120us  fused_nn_relu_kernel0
                    0.05%  16.350us        12  1.3620us  1.1830us  1.6320us  fused_expand_dims_1_kernel0
                    0.05%  14.878us         2  7.4390us  6.4630us  8.4150us  fused_add_1_kernel0
                    0.05%  14.783us         1  14.783us  14.783us  14.783us  fused_nn_softmax_kernel0
                    0.04%  12.894us         6  2.1490us  1.5670us  2.8800us  fused_divide_1_kernel0
                    0.04%  12.223us         6  2.0370us  1.8240us  2.1440us  fused_negative_1_kernel0
                    0.04%  12.125us         6  2.0200us  1.8880us  2.0800us  fused_add_12_kernel0
                    0.04%  12.031us         6  2.0050us  1.4400us  2.1750us  fused_sqrt_1_kernel0
                    0.04%  12.030us         8  1.5030us  1.3430us  1.7600us  fused_multiply_8_kernel0
                    0.04%  11.902us         8  1.4870us  1.2480us  1.7920us  fused_multiply_10_kernel0
                    0.04%  11.712us         8  1.4640us  1.2160us  1.7600us  fused_multiply_9_kernel0
                    0.03%  11.104us         8  1.3880us  1.2160us  1.6320us  fused_expand_dims_4_kernel0
                    0.03%  10.976us         4  2.7440us  1.6000us  5.4400us  fused_divide_2_kernel0
                    0.03%  10.528us         8  1.3160us  1.1840us  1.6000us  fused_expand_dims_2_kernel0
                    0.03%  10.400us         8  1.3000us  1.1840us  1.6000us  fused_expand_dims_3_kernel0
                    0.03%  10.079us         6  1.6790us  1.3760us  1.7920us  fused_add_13_kernel0
                    0.03%  8.2560us         4  2.0640us  1.9200us  2.1760us  fused_divide_4_kernel0
                    0.02%  8.0630us         4  2.0150us  1.9200us  2.0790us  fused_add_16_kernel0
                    0.02%  7.8710us         4  1.9670us  1.8550us  2.1120us  fused_sqrt_4_kernel0
                    0.02%  7.7420us         4  1.9350us  1.7590us  2.0160us  fused_add_14_kernel0
                    0.02%  7.5840us         4  1.8960us  1.6960us  2.0800us  fused_add_18_kernel0
                    0.02%  7.5510us         4  1.8870us  1.6950us  2.0160us  fused_negative_2_kernel0
                    0.02%  7.4240us         4  1.8560us  1.7280us  2.1120us  fused_sqrt_2_kernel0
                    0.02%  7.1350us         4  1.7830us  1.7270us  1.8240us  fused_negative_4_kernel0
                    0.02%  6.8470us         4  1.7110us  1.6310us  1.8560us  fused_add_17_kernel0
                    0.02%  6.8160us         4  1.7040us  1.4720us  2.1120us  fused_sqrt_3_kernel0
                    0.02%  6.6550us         4  1.6630us  1.5030us  2.1440us  fused_divide_3_kernel0
                    0.02%  6.4640us         1  6.4640us  6.4640us  6.4640us  fused_nn_softmax_kernel3
                    0.02%  6.3670us         4  1.5910us  1.4720us  1.7600us  fused_add_19_kernel0
                    0.02%  6.2720us         4  1.5680us  1.5040us  1.7600us  fused_negative_3_kernel0
                    0.02%  6.0150us         4  1.5030us  1.3760us  1.7590us  fused_add_15_kernel0
                    0.01%  4.7680us         1  4.7680us  4.7680us  4.7680us  fused_nn_global_avg_pool2d_kernel0
                    0.01%  3.5200us         1  3.5200us  3.5200us  3.5200us  fused_nn_softmax_kernel2
                    0.01%  3.0080us         1  3.0080us  3.0080us  3.0080us  fused_add_10_kernel0
                    0.01%  2.8150us         2  1.4070us  1.2470us  1.5680us  fused_expand_dims_kernel0
                    0.01%  2.2080us         1  2.2080us  2.2080us  2.2080us  fused_nn_bias_add_kernel0
                    0.01%  2.1440us         1  2.1440us  2.1440us  2.1440us  fused_sqrt_kernel0
                    0.01%  2.0160us         1  2.0160us  2.0160us  2.0160us  fused_negative_kernel0
                    0.01%  2.0160us         1  2.0160us  2.0160us  2.0160us  fused_multiply_6_kernel0
                    0.01%  1.9520us         1  1.9520us  1.9520us  1.9520us  fused_divide_kernel0
                    0.01%  1.7280us         1  1.7280us  1.7280us  1.7280us  fused_add_11_kernel0
                    0.01%  1.6640us         1  1.6640us  1.6640us  1.6640us  [CUDA memcpy DtoH]
                    0.00%  1.6320us         1  1.6320us  1.6320us  1.6320us  fused_nn_batch_flatten_kernel0
      API calls:   66.28%  334.44ms         1  334.44ms  334.44ms  334.44ms  cuModuleLoadData
                   25.46%  128.48ms       154  834.27us  2.8220us  126.23ms  cudaMalloc
                    4.47%  22.562ms       138  163.49us  5.9180us  5.6266ms  cudaMemcpy
                    2.58%  13.014ms       154  84.508us  2.6980us  3.8222ms  cudaFree
                    0.82%  4.1366ms         1  4.1366ms  4.1366ms  4.1366ms  cuModuleUnload
                    0.23%  1.1415ms       303  3.7670us  3.0330us  21.597us  cuLaunchKernel
                    0.07%  354.88us       708     501ns     307ns  7.2540us  cudaSetDevice
                    0.04%  189.72us        97  1.9550us     216ns  78.965us  cuDeviceGetAttribute
                    0.02%  102.02us       303     336ns     301ns  1.0690us  cudaGetDevice
                    0.02%  83.875us         1  83.875us  83.875us  83.875us  cuDeviceTotalMem
                    0.01%  45.254us         1  45.254us  45.254us  45.254us  cuDeviceGetName
                    0.01%  31.393us        89     352ns     262ns  1.2360us  cuModuleGetFunction
                    0.00%  4.6330us         1  4.6330us  4.6330us  4.6330us  cuDeviceGetPCIBusId
                    0.00%  3.4110us         3  1.1370us     673ns  1.4220us  cudaDeviceGetAttribute
                    0.00%  2.3270us         2  1.1630us     547ns  1.7800us  cuDeviceGetCount
                    0.00%     978ns         2     489ns     330ns     648ns  cuDeviceGet
                    0.00%     391ns         1     391ns     391ns     391ns  cuDeviceGetUuid
