==4186== NVPROF is profiling process 4186, command: python3 /home/wml/tvm/tutorials/relay_test_net.py
==4186== Profiling application: python3 /home/wml/tvm/tutorials/relay_test_net.py
==4186== Profiling result:
            Type  Time(%)      Time     Calls       Avg       Min       Max  Name
 GPU activities:   46.81%  15.272ms       137  111.47us     864ns  3.0225ms  [CUDA memcpy HtoD]
                   12.49%  4.0737ms         3  1.3579ms  1.3489ms  1.3682ms  fused_nn_conv2d_kernel0
                    4.67%  1.5238ms         3  507.93us  504.61us  510.63us  fused_nn_conv2d_kernel2
                    4.29%  1.3981ms         1  1.3981ms  1.3981ms  1.3981ms  fused_nn_conv2d_1_kernel0
                    4.04%  1.3164ms         3  438.81us  433.11us  443.64us  fused_nn_conv2d_2_kernel2
                    3.17%  1.0354ms         3  345.13us  338.69us  350.15us  fused_nn_conv2d_4_kernel2
                    2.89%  944.09us         3  314.70us  310.46us  318.53us  fused_nn_conv2d_2_kernel0
                    2.20%  716.30us         1  716.30us  716.30us  716.30us  fused_nn_conv2d_3_kernel0
                    1.94%  632.80us         4  158.20us  156.45us  160.22us  fused_nn_conv2d_6_kernel2
                    1.56%  508.13us         1  508.13us  508.13us  508.13us  fused_nn_conv2d_5_kernel0
                    1.54%  500.83us         1  500.83us  500.83us  500.83us  fused_nn_conv2d_7_kernel0
                    1.16%  379.76us         4  94.938us  94.099us  95.667us  fused_nn_conv2d_6_kernel3
                    1.05%  343.30us         4  85.824us  83.664us  88.113us  fused_nn_conv2d_6_kernel1
                    0.73%  239.22us         5  47.843us  47.305us  49.162us  fused_nn_relu_3_kernel0
                    0.73%  238.48us         5  47.696us  47.242us  48.266us  fused_add_6_kernel0
                    0.72%  235.41us         5  47.081us  44.232us  48.234us  fused_multiply_3_kernel0
                    0.67%  219.59us         3  73.198us  68.813us  77.039us  fused_nn_conv2d_4_kernel0
                    0.57%  185.19us         1  185.19us  185.19us  185.19us  fused_nn_relu_4_kernel0
                    0.57%  184.96us         1  184.96us  184.96us  184.96us  fused_add_8_kernel0
                    0.57%  184.58us         1  184.58us  184.58us  184.58us  fused_multiply_4_kernel0
                    0.55%  180.61us         3  60.204us  59.884us  60.396us  fused_nn_conv2d_4_kernel3
                    0.54%  177.67us         3  59.222us  58.796us  59.756us  fused_nn_conv2d_4_kernel1
                    0.52%  170.43us         1  170.43us  170.43us  170.43us  fused_nn_conv2d_11_kernel0
                    0.42%  137.72us         2  68.861us  68.269us  69.454us  fused_add_7_kernel0
                    0.38%  123.03us         1  123.03us  123.03us  123.03us  fused_nn_max_pool2d_kernel0
                    0.33%  108.18us         4  27.045us  26.661us  27.654us  fused_nn_conv2d_6_kernel0
                    0.31%  100.53us         1  100.53us  100.53us  100.53us  fused_nn_conv2d_10_kernel0
                    0.30%  98.579us         4  24.644us  24.261us  24.901us  fused_add_4_kernel0
                    0.30%  97.235us         4  24.308us  24.165us  24.644us  fused_nn_relu_2_kernel0
                    0.28%  91.377us         4  22.844us  22.116us  23.908us  fused_multiply_2_kernel0
                    0.28%  91.089us         3  30.363us  29.605us  30.822us  fused_nn_conv2d_2_kernel3
                    0.28%  90.962us         3  30.320us  30.022us  30.534us  fused_nn_conv2d_2_kernel1
                    0.26%  83.920us         1  83.920us  83.920us  83.920us  fused_nn_conv2d_8_kernel0
                    0.24%  78.575us         1  78.575us  78.575us  78.575us  fused_nn_conv2d_9_kernel0
                    0.21%  67.565us         2  33.782us  33.094us  34.471us  fused_add_5_kernel0
                    0.20%  66.285us         1  66.285us  66.285us  66.285us  fused_nn_dense_kernel0
                    0.16%  53.580us         3  17.860us  17.700us  18.020us  fused_nn_conv2d_kernel1
                    0.16%  52.554us         3  17.518us  17.123us  18.275us  fused_nn_conv2d_kernel3
                    0.11%  36.711us         4  9.1770us  8.4490us  10.018us  fused_multiply_1_kernel0
                    0.11%  36.679us         1  36.679us  36.679us  36.679us  fused_multiply_5_kernel0
                    0.11%  36.167us         1  36.167us  36.167us  36.167us  fused_add_9_kernel0
                    0.10%  32.582us         1  32.582us  32.582us  32.582us  fused_nn_softmax_kernel1
                    0.09%  30.565us         2  15.282us  14.210us  16.355us  fused_add_3_kernel0
                    0.09%  30.086us         4  7.5210us  7.4260us  7.7130us  fused_add_2_kernel0
                    0.09%  28.453us         4  7.1130us  6.9450us  7.2970us  fused_nn_relu_1_kernel0
                    0.06%  19.428us         4  4.8570us  4.4490us  6.0490us  fused_multiply_kernel0
                    0.06%  18.467us         4  4.6160us  4.4490us  4.8010us  fused_add_kernel0
                    0.06%  18.373us        12  1.5310us  1.3440us  1.7600us  fused_multiply_7_kernel0
                    0.05%  17.506us         4  4.3760us  4.1920us  4.5760us  fused_nn_relu_kernel0
                    0.05%  16.131us        12  1.3440us  1.1840us  1.6320us  fused_expand_dims_1_kernel0
                    0.05%  15.844us         2  7.9220us  6.7540us  9.0900us  fused_add_1_kernel0
                    0.04%  14.659us         8  1.8320us  1.2160us  5.5370us  fused_expand_dims_2_kernel0
                    0.04%  14.563us         1  14.563us  14.563us  14.563us  fused_nn_softmax_kernel0
                    0.04%  13.090us         8  1.6360us  1.5050us  1.7600us  fused_multiply_8_kernel0
                    0.04%  12.609us         6  2.1010us  1.5680us  3.0400us  fused_divide_1_kernel0
                    0.04%  11.809us         6  1.9680us  1.7280us  2.0810us  fused_negative_1_kernel0
                    0.04%  11.458us         6  1.9090us  1.6640us  2.1770us  fused_add_12_kernel0
                    0.03%  11.394us         6  1.8990us  1.4720us  2.1120us  fused_sqrt_1_kernel0
                    0.03%  11.169us         8  1.3960us  1.2160us  1.7920us  fused_multiply_9_kernel0
                    0.03%  11.076us         8  1.3840us  1.2480us  1.7600us  fused_multiply_10_kernel0
                    0.03%  10.305us         8  1.2880us  1.2160us  1.6000us  fused_expand_dims_4_kernel0
                    0.03%  10.210us         6  1.7010us  1.6010us  1.7920us  fused_add_13_kernel0
                    0.03%  10.081us         8  1.2600us  1.1520us  1.6000us  fused_expand_dims_3_kernel0
                    0.02%  7.9080us         4  1.9770us  1.8250us  2.1130us  fused_divide_2_kernel0
                    0.02%  7.9080us         4  1.9770us  1.8570us  2.1450us  fused_add_14_kernel0
                    0.02%  7.8750us         4  1.9680us  1.7920us  2.1770us  fused_divide_3_kernel0
                    0.02%  7.6820us         4  1.9200us  1.6970us  2.1440us  fused_sqrt_4_kernel0
                    0.02%  7.6480us         4  1.9120us  1.5360us  2.1760us  fused_divide_4_kernel0
                    0.02%  7.5550us         4  1.8880us  1.7610us  2.0490us  fused_add_16_kernel0
                    0.02%  7.5200us         4  1.8800us  1.6960us  2.2400us  fused_sqrt_2_kernel0
                    0.02%  7.3610us         4  1.8400us  1.5360us  2.1120us  fused_sqrt_3_kernel0
                    0.02%  7.2970us         4  1.8240us  1.6640us  2.0480us  fused_negative_2_kernel0
                    0.02%  7.1050us         4  1.7760us  1.6320us  2.0810us  fused_add_18_kernel0
                    0.02%  6.9130us         4  1.7280us  1.6320us  1.8250us  fused_add_19_kernel0
                    0.02%  6.5620us         4  1.6400us  1.4720us  1.9210us  fused_negative_3_kernel0
                    0.02%  6.3690us         4  1.5920us  1.5040us  1.7930us  fused_negative_4_kernel0
                    0.02%  6.3680us         4  1.5920us  1.5040us  1.8240us  fused_add_17_kernel0
                    0.02%  6.2090us         4  1.5520us  1.3450us  1.7600us  fused_add_15_kernel0
                    0.02%  5.9210us         1  5.9210us  5.9210us  5.9210us  fused_nn_softmax_kernel3
                    0.01%  4.7690us         1  4.7690us  4.7690us  4.7690us  fused_nn_global_avg_pool2d_kernel0
                    0.01%  3.4570us         1  3.4570us  3.4570us  3.4570us  fused_nn_softmax_kernel2
                    0.01%  2.9450us         1  2.9450us  2.9450us  2.9450us  fused_add_10_kernel0
                    0.01%  2.6560us         2  1.3280us  1.2480us  1.4080us  fused_expand_dims_kernel0
                    0.01%  2.2090us         1  2.2090us  2.2090us  2.2090us  fused_nn_bias_add_kernel0
                    0.01%  2.1440us         1  2.1440us  2.1440us  2.1440us  fused_sqrt_kernel0
                    0.01%  2.0160us         1  2.0160us  2.0160us  2.0160us  fused_negative_kernel0
                    0.01%  1.9850us         1  1.9850us  1.9850us  1.9850us  [CUDA memcpy DtoH]
                    0.01%  1.9850us         1  1.9850us  1.9850us  1.9850us  fused_divide_kernel0
                    0.01%  1.8570us         1  1.8570us  1.8570us  1.8570us  fused_multiply_6_kernel0
                    0.01%  1.6960us         1  1.6960us  1.6960us  1.6960us  fused_add_11_kernel0
                    0.01%  1.6320us         1  1.6320us  1.6320us  1.6320us  fused_nn_batch_flatten_kernel0
      API calls:   64.09%  339.24ms         1  339.24ms  339.24ms  339.24ms  cuModuleLoadData
                   27.52%  145.70ms       154  946.09us  2.8110us  143.45ms  cudaMalloc
                    4.21%  22.312ms       138  161.68us  5.7920us  5.6237ms  cudaMemcpy
                    2.49%  13.193ms       154  85.668us  2.8130us  3.8299ms  cudaFree
                    1.22%  6.4817ms         1  6.4817ms  6.4817ms  6.4817ms  cuModuleUnload
                    0.22%  1.1468ms       303  3.7840us  2.9710us  20.120us  cuLaunchKernel
                    0.09%  478.03us        97  4.9280us     479ns  200.62us  cuDeviceGetAttribute
                    0.07%  390.37us       708     551ns     310ns  13.589us  cudaSetDevice
                    0.03%  183.32us         1  183.32us  183.32us  183.32us  cuDeviceTotalMem
                    0.02%  103.36us       303     341ns     296ns     962ns  cudaGetDevice
                    0.01%  78.952us         1  78.952us  78.952us  78.952us  cuDeviceGetName
                    0.01%  34.447us        89     387ns     263ns  2.3060us  cuModuleGetFunction
                    0.00%  7.2230us         3  2.4070us  1.3800us  2.9800us  cudaDeviceGetAttribute
                    0.00%  5.3150us         1  5.3150us  5.3150us  5.3150us  cuDeviceGetPCIBusId
                    0.00%  4.1130us         2  2.0560us     863ns  3.2500us  cuDeviceGetCount
                    0.00%  1.8310us         2     915ns     569ns  1.2620us  cuDeviceGet
                    0.00%     902ns         1     902ns     902ns     902ns  cuDeviceGetUuid
