==4337== NVPROF is profiling process 4337, command: python3 /home/wml/tvm/tutorials/relay_test_net.py
==4337== Profiling application: python3 /home/wml/tvm/tutorials/relay_test_net.py
==4337== Profiling result:
            Type  Time(%)      Time     Calls       Avg       Min       Max  Name
 GPU activities:   46.81%  15.270ms       137  111.46us     864ns  3.0307ms  [CUDA memcpy HtoD]
                   12.46%  4.0632ms         3  1.3544ms  1.3488ms  1.3627ms  fused_nn_conv2d_kernel0
                    4.77%  1.5547ms         3  518.23us  508.79us  532.34us  fused_nn_conv2d_kernel2
                    4.28%  1.3948ms         1  1.3948ms  1.3948ms  1.3948ms  fused_nn_conv2d_1_kernel0
                    3.98%  1.2974ms         3  432.47us  422.28us  450.48us  fused_nn_conv2d_2_kernel2
                    3.21%  1.0465ms         3  348.85us  343.88us  351.88us  fused_nn_conv2d_4_kernel2
                    2.89%  941.47us         3  313.82us  309.41us  322.53us  fused_nn_conv2d_2_kernel0
                    2.21%  720.68us         1  720.68us  720.68us  720.68us  fused_nn_conv2d_3_kernel0
                    1.94%  632.13us         4  158.03us  156.59us  159.57us  fused_nn_conv2d_6_kernel2
                    1.52%  496.24us         1  496.24us  496.24us  496.24us  fused_nn_conv2d_7_kernel0
                    1.52%  495.00us         1  495.00us  495.00us  495.00us  fused_nn_conv2d_5_kernel0
                    1.15%  376.07us         4  94.018us  93.578us  94.442us  fused_nn_conv2d_6_kernel3
                    1.05%  342.18us         4  85.545us  84.553us  86.089us  fused_nn_conv2d_6_kernel1
                    0.74%  240.89us         5  48.178us  47.941us  48.741us  fused_add_6_kernel0
                    0.73%  238.46us         5  47.691us  47.237us  48.133us  fused_nn_relu_3_kernel0
                    0.72%  234.14us         5  46.827us  45.125us  47.941us  fused_multiply_3_kernel0
                    0.66%  215.22us         3  71.741us  66.631us  78.824us  fused_nn_conv2d_4_kernel0
                    0.57%  186.04us         1  186.04us  186.04us  186.04us  fused_add_8_kernel0
                    0.57%  184.98us         1  184.98us  184.98us  184.98us  fused_nn_relu_4_kernel0
                    0.56%  184.24us         1  184.24us  184.24us  184.24us  fused_multiply_4_kernel0
                    0.56%  181.84us         3  60.614us  60.134us  61.094us  fused_nn_conv2d_4_kernel3
                    0.55%  180.50us         3  60.166us  59.398us  61.318us  fused_nn_conv2d_4_kernel1
                    0.51%  166.51us         1  166.51us  166.51us  166.51us  fused_nn_conv2d_11_kernel0
                    0.43%  138.70us         2  69.351us  69.287us  69.415us  fused_add_7_kernel0
                    0.38%  124.94us         1  124.94us  124.94us  124.94us  fused_nn_max_pool2d_kernel0
                    0.32%  105.71us         4  26.427us  25.571us  27.779us  fused_nn_conv2d_6_kernel0
                    0.31%  99.914us         1  99.914us  99.914us  99.914us  fused_nn_conv2d_10_kernel0
                    0.30%  98.122us         4  24.530us  24.099us  25.314us  fused_nn_relu_2_kernel0
                    0.30%  97.450us         4  24.362us  24.002us  25.219us  fused_add_4_kernel0
                    0.29%  94.090us         4  23.522us  22.594us  24.323us  fused_multiply_2_kernel0
                    0.28%  91.945us         3  30.648us  30.083us  31.299us  fused_nn_conv2d_2_kernel3
                    0.28%  91.306us         3  30.435us  30.019us  30.819us  fused_nn_conv2d_2_kernel1
                    0.27%  86.729us         1  86.729us  86.729us  86.729us  fused_nn_conv2d_8_kernel0
                    0.24%  79.721us         1  79.721us  79.721us  79.721us  fused_nn_conv2d_9_kernel0
                    0.21%  67.463us         2  33.731us  33.668us  33.795us  fused_add_5_kernel0
                    0.20%  66.023us         1  66.023us  66.023us  66.023us  fused_nn_dense_kernel0
                    0.17%  55.781us         3  18.593us  18.369us  18.946us  fused_nn_conv2d_kernel1
                    0.16%  52.998us         3  17.666us  16.322us  18.466us  fused_nn_conv2d_kernel3
                    0.11%  37.060us         1  37.060us  37.060us  37.060us  fused_multiply_5_kernel0
                    0.11%  35.973us         4  8.9930us  8.2250us  10.402us  fused_multiply_1_kernel0
                    0.11%  35.428us         1  35.428us  35.428us  35.428us  fused_add_9_kernel0
                    0.10%  32.740us         1  32.740us  32.740us  32.740us  fused_nn_softmax_kernel1
                    0.09%  30.628us         2  15.314us  14.338us  16.290us  fused_add_3_kernel0
                    0.09%  30.306us         4  7.5760us  7.4560us  7.7760us  fused_add_2_kernel0
                    0.09%  29.091us         4  7.2720us  7.1050us  7.3930us  fused_nn_relu_1_kernel0
                    0.06%  19.362us         4  4.8400us  4.3840us  6.0800us  fused_multiply_kernel0
                    0.06%  19.041us        12  1.5860us  1.3760us  1.7600us  fused_multiply_7_kernel0
                    0.06%  17.987us         4  4.4960us  4.3850us  4.7370us  fused_add_kernel0
                    0.05%  17.825us         4  4.4560us  4.4160us  4.4800us  fused_nn_relu_kernel0
                    0.05%  16.129us        12  1.3440us  1.1520us  1.6000us  fused_expand_dims_1_kernel0
                    0.05%  14.785us         1  14.785us  14.785us  14.785us  fused_nn_softmax_kernel0
                    0.04%  14.562us         2  7.2810us  6.3690us  8.1930us  fused_add_1_kernel0
                    0.04%  12.929us         6  2.1540us  1.4720us  2.9760us  fused_divide_1_kernel0
                    0.04%  12.545us         8  1.5680us  1.4400us  1.7920us  fused_multiply_8_kernel0
                    0.04%  12.002us         6  2.0000us  1.4400us  2.2080us  fused_sqrt_1_kernel0
                    0.04%  11.969us         6  1.9940us  1.7280us  2.0800us  fused_negative_1_kernel0
                    0.04%  11.969us         6  1.9940us  1.7280us  2.0800us  fused_add_12_kernel0
                    0.04%  11.936us         8  1.4920us  1.2480us  1.8240us  fused_multiply_10_kernel0
                    0.03%  11.394us         8  1.4240us  1.2160us  1.7920us  fused_multiply_9_kernel0
                    0.03%  11.137us         4  2.7840us  1.8250us  5.2800us  fused_divide_2_kernel0
                    0.03%  10.816us         8  1.3520us  1.2160us  1.6000us  fused_expand_dims_4_kernel0
                    0.03%  10.401us         8  1.3000us  1.2160us  1.6000us  fused_expand_dims_3_kernel0
                    0.03%  10.242us         8  1.2800us  1.1840us  1.5680us  fused_expand_dims_2_kernel0
                    0.03%  10.048us         6  1.6740us  1.3440us  1.7920us  fused_add_13_kernel0
                    0.03%  8.3520us         4  2.0880us  2.0800us  2.1120us  fused_sqrt_2_kernel0
                    0.02%  7.9360us         4  1.9840us  1.9200us  2.0480us  fused_negative_2_kernel0
                    0.02%  7.9360us         4  1.9840us  1.8240us  2.2080us  fused_add_18_kernel0
                    0.02%  7.7770us         4  1.9440us  1.7920us  2.2410us  fused_sqrt_3_kernel0
                    0.02%  7.7460us         4  1.9360us  1.8560us  2.1440us  fused_divide_4_kernel0
                    0.02%  7.5850us         4  1.8960us  1.7600us  2.1120us  fused_add_16_kernel0
                    0.02%  7.4880us         4  1.8720us  1.7600us  2.1760us  fused_divide_3_kernel0
                    0.02%  7.3950us         4  1.8480us  1.6650us  2.0490us  fused_add_14_kernel0
                    0.02%  7.3600us         4  1.8400us  1.6960us  2.0800us  fused_sqrt_4_kernel0
                    0.02%  6.6560us         4  1.6640us  1.5040us  1.7600us  fused_add_19_kernel0
                    0.02%  6.4960us         4  1.6240us  1.5360us  1.7600us  fused_negative_3_kernel0
                    0.02%  6.3360us         4  1.5840us  1.5040us  1.7600us  fused_add_17_kernel0
                    0.02%  6.2400us         4  1.5600us  1.4400us  1.7920us  fused_negative_4_kernel0
                    0.02%  6.2090us         1  6.2090us  6.2090us  6.2090us  fused_nn_softmax_kernel3
                    0.02%  6.0480us         4  1.5120us  1.3760us  1.7280us  fused_add_15_kernel0
                    0.01%  4.7360us         1  4.7360us  4.7360us  4.7360us  fused_nn_global_avg_pool2d_kernel0
                    0.01%  3.5840us         1  3.5840us  3.5840us  3.5840us  fused_nn_softmax_kernel2
                    0.01%  2.9770us         1  2.9770us  2.9770us  2.9770us  fused_add_10_kernel0
                    0.01%  2.6560us         2  1.3280us  1.2480us  1.4080us  fused_expand_dims_kernel0
                    0.01%  2.2090us         1  2.2090us  2.2090us  2.2090us  fused_nn_bias_add_kernel0
                    0.01%  2.1440us         1  2.1440us  2.1440us  2.1440us  fused_sqrt_kernel0
                    0.01%  2.0160us         1  2.0160us  2.0160us  2.0160us  fused_negative_kernel0
                    0.01%  1.9850us         1  1.9850us  1.9850us  1.9850us  fused_divide_kernel0
                    0.01%  1.8560us         1  1.8560us  1.8560us  1.8560us  fused_multiply_6_kernel0
                    0.01%  1.8560us         1  1.8560us  1.8560us  1.8560us  fused_add_11_kernel0
                    0.01%  1.6640us         1  1.6640us  1.6640us  1.6640us  [CUDA memcpy DtoH]
                    0.00%  1.6000us         1  1.6000us  1.6000us  1.6000us  fused_nn_batch_flatten_kernel0
      API calls:   65.10%  336.02ms         1  336.02ms  336.02ms  336.02ms  cuModuleLoadData
                   27.12%  139.97ms       154  908.91us  2.7600us  137.69ms  cudaMalloc
                    4.31%  22.245ms       138  161.19us  5.7730us  5.6435ms  cudaMemcpy
                    2.51%  12.968ms       154  84.210us  2.7090us  3.8025ms  cudaFree
                    0.54%  2.7813ms         1  2.7813ms  2.7813ms  2.7813ms  cuModuleUnload
                    0.22%  1.1389ms       303  3.7580us  3.0320us  20.957us  cuLaunchKernel
                    0.07%  371.47us        97  3.8290us     298ns  206.94us  cuDeviceGetAttribute
                    0.07%  362.45us       708     511ns     313ns  8.6440us  cudaSetDevice
                    0.02%  116.54us       303     384ns     303ns  2.1060us  cudaGetDevice
                    0.02%  115.79us         1  115.79us  115.79us  115.79us  cuDeviceTotalMem
                    0.01%  60.867us         1  60.867us  60.867us  60.867us  cuDeviceGetName
                    0.01%  32.822us        89     368ns     263ns  1.0300us  cuModuleGetFunction
                    0.00%  4.4560us         3  1.4850us     915ns  1.9170us  cudaDeviceGetAttribute
                    0.00%  4.1150us         1  4.1150us  4.1150us  4.1150us  cuDeviceGetPCIBusId
                    0.00%  2.6670us         2  1.3330us     346ns  2.3210us  cuDeviceGetCount
                    0.00%  1.0990us         2     549ns     321ns     778ns  cuDeviceGet
                    0.00%     565ns         1     565ns     565ns     565ns  cuDeviceGetUuid
