==4415== NVPROF is profiling process 4415, command: python3 /home/wml/tvm/tutorials/relay_test_net.py
==4415== Profiling application: python3 /home/wml/tvm/tutorials/relay_test_net.py
==4415== Profiling result:
            Type  Time(%)      Time     Calls       Avg       Min       Max  Name
 GPU activities:   46.71%  15.274ms       137  111.49us     864ns  3.0463ms  [CUDA memcpy HtoD]
                   12.49%  4.0850ms         3  1.3617ms  1.3527ms  1.3689ms  fused_nn_conv2d_kernel0
                    4.70%  1.5359ms         3  511.97us  511.47us  512.43us  fused_nn_conv2d_kernel2
                    4.27%  1.3951ms         1  1.3951ms  1.3951ms  1.3951ms  fused_nn_conv2d_1_kernel0
                    3.98%  1.3009ms         3  433.62us  420.39us  450.47us  fused_nn_conv2d_2_kernel2
                    3.25%  1.0614ms         3  353.81us  350.17us  357.15us  fused_nn_conv2d_4_kernel2
                    2.92%  953.36us         3  317.79us  313.08us  322.30us  fused_nn_conv2d_2_kernel0
                    2.29%  747.68us         1  747.68us  747.68us  747.68us  fused_nn_conv2d_3_kernel0
                    1.90%  622.64us         4  155.66us  151.98us  157.58us  fused_nn_conv2d_6_kernel2
                    1.52%  497.32us         1  497.32us  497.32us  497.32us  fused_nn_conv2d_5_kernel0
                    1.52%  496.36us         1  496.36us  496.36us  496.36us  fused_nn_conv2d_7_kernel0
                    1.16%  380.32us         4  95.079us  92.328us  96.487us  fused_nn_conv2d_6_kernel3
                    1.04%  340.67us         4  85.167us  84.295us  86.247us  fused_nn_conv2d_6_kernel1
                    0.73%  239.28us         5  47.856us  47.556us  48.292us  fused_nn_relu_3_kernel0
                    0.73%  238.80us         5  47.760us  46.948us  48.420us  fused_add_6_kernel0
                    0.72%  235.09us         5  47.018us  44.483us  49.124us  fused_multiply_3_kernel0
                    0.69%  227.22us         3  75.739us  71.717us  80.423us  fused_nn_conv2d_4_kernel0
                    0.57%  185.36us         1  185.36us  185.36us  185.36us  fused_add_8_kernel0
                    0.57%  184.75us         1  184.75us  184.75us  184.75us  fused_multiply_4_kernel0
                    0.56%  184.53us         1  184.53us  184.53us  184.53us  fused_nn_relu_4_kernel0
                    0.56%  182.10us         3  60.698us  60.389us  60.869us  fused_nn_conv2d_4_kernel3
                    0.55%  178.64us         3  59.546us  58.661us  60.453us  fused_nn_conv2d_4_kernel1
                    0.52%  170.06us         1  170.06us  170.06us  170.06us  fused_nn_conv2d_11_kernel0
                    0.42%  137.39us         2  68.693us  68.101us  69.286us  fused_add_7_kernel0
                    0.38%  124.49us         1  124.49us  124.49us  124.49us  fused_nn_max_pool2d_kernel0
                    0.33%  107.69us         4  26.922us  25.602us  28.354us  fused_nn_conv2d_6_kernel0
                    0.31%  102.73us         1  102.73us  102.73us  102.73us  fused_nn_conv2d_10_kernel0
                    0.30%  97.416us         4  24.354us  23.682us  24.738us  fused_nn_relu_2_kernel0
                    0.30%  97.416us         4  24.354us  23.938us  24.962us  fused_add_4_kernel0
                    0.28%  92.166us         4  23.041us  22.178us  24.162us  fused_multiply_2_kernel0
                    0.28%  91.977us         3  30.659us  30.531us  30.819us  fused_nn_conv2d_2_kernel3
                    0.28%  90.920us         3  30.306us  29.955us  30.626us  fused_nn_conv2d_2_kernel1
                    0.26%  86.439us         1  86.439us  86.439us  86.439us  fused_nn_conv2d_8_kernel0
                    0.25%  80.998us         1  80.998us  80.998us  80.998us  fused_nn_conv2d_9_kernel0
                    0.21%  68.325us         2  34.162us  33.795us  34.530us  fused_add_5_kernel0
                    0.20%  66.309us         1  66.309us  66.309us  66.309us  fused_nn_dense_kernel0
                    0.17%  54.501us         3  18.167us  18.018us  18.274us  fused_nn_conv2d_kernel1
                    0.16%  52.867us         3  17.622us  17.121us  18.273us  fused_nn_conv2d_kernel3
                    0.11%  36.707us         1  36.707us  36.707us  36.707us  fused_multiply_5_kernel0
                    0.11%  36.323us         4  9.0800us  8.4480us  9.9850us  fused_multiply_1_kernel0
                    0.11%  35.843us         1  35.843us  35.843us  35.843us  fused_add_9_kernel0
                    0.10%  32.451us         1  32.451us  32.451us  32.451us  fused_nn_softmax_kernel1
                    0.09%  30.563us         2  15.281us  14.145us  16.418us  fused_add_3_kernel0
                    0.09%  30.402us         4  7.6000us  7.4560us  7.9680us  fused_add_2_kernel0
                    0.09%  28.802us         4  7.2000us  7.0720us  7.3600us  fused_nn_relu_1_kernel0
                    0.06%  20.386us         4  5.0960us  4.4480us  6.1440us  fused_multiply_kernel0
                    0.06%  18.818us        12  1.5680us  1.3770us  1.7600us  fused_multiply_7_kernel0
                    0.06%  18.722us         4  4.6800us  4.4800us  4.8010us  fused_add_kernel0
                    0.05%  17.345us         4  4.3360us  4.1920us  4.5450us  fused_nn_relu_kernel0
                    0.05%  16.384us        12  1.3650us  1.1840us  1.6000us  fused_expand_dims_1_kernel0
                    0.05%  15.041us         1  15.041us  15.041us  15.041us  fused_nn_softmax_kernel0
                    0.05%  14.881us         2  7.4400us  5.9840us  8.8970us  fused_add_1_kernel0
                    0.05%  14.785us         6  2.4640us  1.4720us  5.2810us  fused_sqrt_1_kernel0
                    0.04%  13.345us         8  1.6680us  1.5040us  1.9520us  fused_multiply_8_kernel0
                    0.04%  12.449us         6  2.0740us  1.7280us  2.1760us  fused_divide_1_kernel0
                    0.04%  11.810us         6  1.9680us  1.6320us  2.0810us  fused_add_12_kernel0
                    0.03%  11.424us         8  1.4280us  1.2160us  1.8880us  fused_multiply_9_kernel0
                    0.03%  11.299us         6  1.8830us  1.6650us  2.0490us  fused_negative_1_kernel0
                    0.03%  11.297us         8  1.4120us  1.2160us  1.6010us  fused_expand_dims_2_kernel0
                    0.03%  11.233us         8  1.4040us  1.2160us  1.7920us  fused_multiply_10_kernel0
                    0.03%  10.946us         8  1.3680us  1.1840us  1.6320us  fused_expand_dims_3_kernel0
                    0.03%  10.560us         8  1.3200us  1.2160us  1.6000us  fused_expand_dims_4_kernel0
                    0.03%  10.432us         6  1.7380us  1.7280us  1.7920us  fused_add_13_kernel0
                    0.03%  8.3840us         4  2.0960us  2.0160us  2.1440us  fused_divide_2_kernel0
                    0.02%  8.1290us         4  2.0320us  1.7920us  2.1440us  fused_divide_3_kernel0
                    0.02%  7.9050us         4  1.9760us  1.9200us  2.1450us  fused_divide_4_kernel0
                    0.02%  7.9040us         4  1.9760us  1.8240us  2.1120us  fused_sqrt_2_kernel0
                    0.02%  7.9040us         4  1.9760us  1.8560us  2.0800us  fused_add_16_kernel0
                    0.02%  7.8080us         4  1.9520us  1.8240us  2.1120us  fused_add_18_kernel0
                    0.02%  7.5200us         4  1.8800us  1.7600us  2.0480us  fused_add_14_kernel0
                    0.02%  7.4890us         4  1.8720us  1.7280us  2.1120us  fused_sqrt_4_kernel0
                    0.02%  7.2340us         4  1.8080us  1.5360us  2.1450us  fused_sqrt_3_kernel0
                    0.02%  7.0430us         4  1.7600us  1.6650us  2.0160us  fused_negative_2_kernel0
                    0.02%  7.0400us         4  1.7600us  1.6320us  1.8560us  fused_add_15_kernel0
                    0.02%  7.0090us         4  1.7520us  1.6650us  1.7920us  fused_add_19_kernel0
                    0.02%  6.9120us         4  1.7280us  1.6960us  1.7600us  fused_negative_3_kernel0
                    0.02%  6.5920us         4  1.6480us  1.4720us  1.7600us  fused_negative_4_kernel0
                    0.02%  6.2080us         4  1.5520us  1.4720us  1.7600us  fused_add_17_kernel0
                    0.02%  6.0480us         1  6.0480us  6.0480us  6.0480us  fused_nn_softmax_kernel3
                    0.02%  4.9610us         1  4.9610us  4.9610us  4.9610us  fused_nn_global_avg_pool2d_kernel0
                    0.01%  3.5520us         1  3.5520us  3.5520us  3.5520us  fused_nn_softmax_kernel2
                    0.01%  2.9120us         1  2.9120us  2.9120us  2.9120us  fused_add_10_kernel0
                    0.01%  2.8160us         2  1.4080us  1.2480us  1.5680us  fused_expand_dims_kernel0
                    0.01%  2.2090us         1  2.2090us  2.2090us  2.2090us  fused_nn_bias_add_kernel0
                    0.01%  2.1440us         1  2.1440us  2.1440us  2.1440us  fused_sqrt_kernel0
                    0.01%  2.0170us         1  2.0170us  2.0170us  2.0170us  fused_negative_kernel0
                    0.01%  1.9520us         1  1.9520us  1.9520us  1.9520us  fused_divide_kernel0
                    0.01%  1.9200us         1  1.9200us  1.9200us  1.9200us  [CUDA memcpy DtoH]
                    0.01%  1.8880us         1  1.8880us  1.8880us  1.8880us  fused_multiply_6_kernel0
                    0.01%  1.7280us         1  1.7280us  1.7280us  1.7280us  fused_add_11_kernel0
                    0.00%  1.6000us         1  1.6000us  1.6000us  1.6000us  fused_nn_batch_flatten_kernel0
      API calls:   66.11%  333.97ms         1  333.97ms  333.97ms  333.97ms  cuModuleLoadData
                   25.65%  129.57ms       154  841.34us  2.7340us  127.30ms  cudaMalloc
                    4.43%  22.381ms       138  162.18us  6.1670us  5.6587ms  cudaMemcpy
                    2.59%  13.101ms       154  85.069us  2.5730us  3.8192ms  cudaFree
                    0.83%  4.1707ms         1  4.1707ms  4.1707ms  4.1707ms  cuModuleUnload
                    0.23%  1.1597ms       303  3.8270us  3.1010us  21.577us  cuLaunchKernel
                    0.07%  352.49us       708     497ns     307ns  8.7700us  cudaSetDevice
                    0.04%  195.66us        97  2.0170us     226ns  81.123us  cuDeviceGetAttribute
                    0.02%  103.78us       303     342ns     304ns  1.0350us  cudaGetDevice
                    0.02%  86.732us         1  86.732us  86.732us  86.732us  cuDeviceTotalMem
                    0.01%  36.529us         1  36.529us  36.529us  36.529us  cuDeviceGetName
                    0.01%  31.984us        89     359ns     271ns  1.5350us  cuModuleGetFunction
                    0.00%  4.3440us         1  4.3440us  4.3440us  4.3440us  cuDeviceGetPCIBusId
                    0.00%  3.1910us         3  1.0630us     638ns  1.3490us  cudaDeviceGetAttribute
                    0.00%  1.5490us         2     774ns     274ns  1.2750us  cuDeviceGetCount
                    0.00%     908ns         2     454ns     282ns     626ns  cuDeviceGet
                    0.00%     472ns         1     472ns     472ns     472ns  cuDeviceGetUuid
