==4261== NVPROF is profiling process 4261, command: python3 /home/wml/tvm/tutorials/relay_test_net.py
==4261== Profiling application: python3 /home/wml/tvm/tutorials/relay_test_net.py
==4261== Profiling result:
            Type  Time(%)      Time     Calls       Avg       Min       Max  Name
 GPU activities:   46.83%  15.309ms       137  111.75us     864ns  3.0341ms  [CUDA memcpy HtoD]
                   12.46%  4.0722ms         3  1.3574ms  1.3505ms  1.3661ms  fused_nn_conv2d_kernel0
                    4.74%  1.5486ms         3  516.19us  512.81us  521.74us  fused_nn_conv2d_kernel2
                    4.25%  1.3908ms         1  1.3908ms  1.3908ms  1.3908ms  fused_nn_conv2d_1_kernel0
                    3.93%  1.2865ms         3  428.82us  422.24us  434.08us  fused_nn_conv2d_2_kernel2
                    3.19%  1.0436ms         3  347.88us  346.00us  350.35us  fused_nn_conv2d_4_kernel2
                    2.89%  945.41us         3  315.14us  310.51us  320.53us  fused_nn_conv2d_2_kernel0
                    2.33%  761.71us         1  761.71us  761.71us  761.71us  fused_nn_conv2d_3_kernel0
                    1.93%  630.74us         4  157.69us  157.43us  158.13us  fused_nn_conv2d_6_kernel2
                    1.52%  497.73us         1  497.73us  497.73us  497.73us  fused_nn_conv2d_7_kernel0
                    1.52%  496.42us         1  496.42us  496.42us  496.42us  fused_nn_conv2d_5_kernel0
                    1.17%  383.54us         4  95.885us  94.125us  97.805us  fused_nn_conv2d_6_kernel3
                    1.03%  337.39us         4  84.348us  83.116us  85.452us  fused_nn_conv2d_6_kernel1
                    0.73%  239.07us         5  47.814us  47.495us  48.422us  fused_nn_relu_3_kernel0
                    0.73%  237.54us         5  47.507us  46.919us  48.006us  fused_add_6_kernel0
                    0.72%  234.69us         5  46.937us  46.022us  47.719us  fused_multiply_3_kernel0
                    0.67%  217.60us         3  72.533us  70.442us  74.699us  fused_nn_conv2d_4_kernel0
                    0.57%  186.52us         1  186.52us  186.52us  186.52us  fused_add_8_kernel0
                    0.57%  185.05us         1  185.05us  185.05us  185.05us  fused_nn_relu_4_kernel0
                    0.57%  184.83us         1  184.83us  184.83us  184.83us  fused_multiply_4_kernel0
                    0.55%  180.73us         3  60.243us  60.009us  60.552us  fused_nn_conv2d_4_kernel3
                    0.55%  180.12us         3  60.040us  59.433us  60.648us  fused_nn_conv2d_4_kernel1
                    0.52%  170.62us         1  170.62us  170.62us  170.62us  fused_nn_conv2d_11_kernel0
                    0.42%  138.42us         2  69.210us  68.874us  69.546us  fused_add_7_kernel0
                    0.38%  123.99us         1  123.99us  123.99us  123.99us  fused_nn_max_pool2d_kernel0
                    0.33%  107.34us         4  26.836us  25.732us  28.004us  fused_nn_conv2d_6_kernel0
                    0.31%  100.53us         1  100.53us  100.53us  100.53us  fused_nn_conv2d_10_kernel0
                    0.30%  99.501us         4  24.875us  24.259us  25.411us  fused_nn_relu_2_kernel0
                    0.30%  99.023us         4  24.755us  24.036us  25.924us  fused_add_4_kernel0
                    0.28%  92.493us         4  23.123us  22.019us  24.387us  fused_multiply_2_kernel0
                    0.28%  92.237us         3  30.745us  30.117us  31.876us  fused_nn_conv2d_2_kernel3
                    0.27%  89.548us         3  29.849us  29.508us  30.308us  fused_nn_conv2d_2_kernel1
                    0.26%  86.316us         1  86.316us  86.316us  86.316us  fused_nn_conv2d_8_kernel0
                    0.24%  79.115us         1  79.115us  79.115us  79.115us  fused_nn_conv2d_9_kernel0
                    0.21%  67.530us         2  33.765us  33.605us  33.925us  fused_add_5_kernel0
                    0.20%  66.441us         1  66.441us  66.441us  66.441us  fused_nn_dense_kernel0
                    0.17%  56.903us         3  18.967us  18.850us  19.170us  fused_nn_conv2d_kernel1
                    0.17%  54.505us         3  18.168us  17.987us  18.371us  fused_nn_conv2d_kernel3
                    0.11%  36.837us         1  36.837us  36.837us  36.837us  fused_multiply_5_kernel0
                    0.11%  36.388us         4  9.0970us  8.5770us  10.273us  fused_multiply_1_kernel0
                    0.11%  35.333us         1  35.333us  35.333us  35.333us  fused_add_9_kernel0
                    0.10%  32.388us         1  32.388us  32.388us  32.388us  fused_nn_softmax_kernel1
                    0.09%  30.404us         4  7.6010us  7.4250us  8.0010us  fused_add_2_kernel0
                    0.09%  28.931us         2  14.465us  13.153us  15.778us  fused_add_3_kernel0
                    0.09%  28.836us         4  7.2090us  6.9450us  7.4250us  fused_nn_relu_1_kernel0
                    0.06%  19.715us         4  4.9280us  4.4490us  6.0170us  fused_multiply_kernel0
                    0.06%  19.104us        12  1.5920us  1.3760us  1.7920us  fused_multiply_7_kernel0
                    0.06%  18.339us         4  4.5840us  4.4810us  4.7370us  fused_add_kernel0
                    0.05%  17.731us         4  4.4320us  4.1290us  4.5770us  fused_nn_relu_kernel0
                    0.05%  16.068us        12  1.3390us  1.1530us  1.6000us  fused_expand_dims_1_kernel0
                    0.05%  14.978us         2  7.4890us  6.4010us  8.5770us  fused_add_1_kernel0
                    0.04%  14.658us         1  14.658us  14.658us  14.658us  fused_nn_softmax_kernel0
                    0.04%  13.281us         8  1.6600us  1.5040us  2.1440us  fused_multiply_8_kernel0
                    0.04%  13.059us         6  2.1760us  1.4720us  2.9130us  fused_divide_1_kernel0
                    0.04%  11.906us         6  1.9840us  1.4720us  2.1120us  fused_sqrt_1_kernel0
                    0.04%  11.777us         8  1.4720us  1.2480us  1.8240us  fused_multiply_10_kernel0
                    0.04%  11.617us         6  1.9360us  1.7600us  2.1440us  fused_add_12_kernel0
                    0.03%  11.265us         8  1.4080us  1.2170us  1.7920us  fused_multiply_9_kernel0
                    0.03%  11.203us         6  1.8670us  1.6010us  2.0160us  fused_negative_1_kernel0
                    0.03%  11.073us         8  1.3840us  1.2160us  1.6320us  fused_expand_dims_4_kernel0
                    0.03%  11.011us         8  1.3760us  1.2160us  1.6320us  fused_expand_dims_3_kernel0
                    0.03%  10.210us         8  1.2760us  1.1840us  1.6000us  fused_expand_dims_2_kernel0
                    0.03%  10.145us         6  1.6900us  1.6320us  1.7600us  fused_add_13_kernel0
                    0.02%  7.8730us         4  1.9680us  1.7280us  2.0800us  fused_sqrt_2_kernel0
                    0.02%  7.8090us         4  1.9520us  1.6640us  2.1130us  fused_add_14_kernel0
                    0.02%  7.6480us         4  1.9120us  1.5040us  2.2720us  fused_divide_3_kernel0
                    0.02%  7.5210us         4  1.8800us  1.7280us  2.1440us  fused_sqrt_4_kernel0
                    0.02%  7.4580us         4  1.8640us  1.5680us  2.2090us  fused_sqrt_3_kernel0
                    0.02%  7.2330us         4  1.8080us  1.5040us  2.1440us  fused_divide_4_kernel0
                    0.02%  7.2330us         4  1.8080us  1.5680us  2.0800us  fused_add_18_kernel0
                    0.02%  7.2320us         4  1.8080us  1.6640us  2.0800us  fused_negative_2_kernel0
                    0.02%  7.1050us         4  1.7760us  1.5690us  2.1120us  fused_add_16_kernel0
                    0.02%  6.6890us         4  1.6720us  1.6000us  1.7610us  fused_add_15_kernel0
                    0.02%  6.6880us         4  1.6720us  1.5680us  1.7920us  fused_add_19_kernel0
                    0.02%  6.6580us         4  1.6640us  1.4720us  2.1770us  fused_divide_2_kernel0
                    0.02%  6.5940us         4  1.6480us  1.4400us  1.7930us  fused_negative_3_kernel0
                    0.02%  6.2410us         4  1.5600us  1.4720us  1.7600us  fused_negative_4_kernel0
                    0.02%  6.1450us         1  6.1450us  6.1450us  6.1450us  fused_nn_softmax_kernel3
                    0.02%  6.1120us         4  1.5280us  1.3760us  1.9200us  fused_add_17_kernel0
                    0.01%  4.8320us         1  4.8320us  4.8320us  4.8320us  fused_nn_global_avg_pool2d_kernel0
                    0.01%  3.6160us         1  3.6160us  3.6160us  3.6160us  fused_nn_softmax_kernel2
                    0.01%  2.9440us         1  2.9440us  2.9440us  2.9440us  fused_add_10_kernel0
                    0.01%  2.8170us         2  1.4080us  1.2490us  1.5680us  fused_expand_dims_kernel0
                    0.01%  2.4010us         1  2.4010us  2.4010us  2.4010us  fused_nn_bias_add_kernel0
                    0.01%  2.1760us         1  2.1760us  2.1760us  2.1760us  fused_sqrt_kernel0
                    0.01%  2.0170us         1  2.0170us  2.0170us  2.0170us  fused_negative_kernel0
                    0.01%  1.9840us         1  1.9840us  1.9840us  1.9840us  fused_divide_kernel0
                    0.01%  1.8880us         1  1.8880us  1.8880us  1.8880us  fused_multiply_6_kernel0
                    0.01%  1.7280us         1  1.7280us  1.7280us  1.7280us  fused_add_11_kernel0
                    0.00%  1.6330us         1  1.6330us  1.6330us  1.6330us  fused_nn_batch_flatten_kernel0
                    0.00%  1.6320us         1  1.6320us  1.6320us  1.6320us  [CUDA memcpy DtoH]
      API calls:   65.97%  333.33ms         1  333.33ms  333.33ms  333.33ms  cuModuleLoadData
                   26.07%  131.72ms       154  855.35us  2.8050us  129.48ms  cudaMalloc
                    4.43%  22.366ms       138  162.08us  5.7810us  5.6671ms  cudaMemcpy
                    2.73%  13.803ms       154  89.631us  2.6320us  3.7908ms  cudaFree
                    0.35%  1.7593ms         1  1.7593ms  1.7593ms  1.7593ms  cuModuleUnload
                    0.23%  1.1508ms       303  3.7980us  3.0570us  20.678us  cuLaunchKernel
                    0.08%  387.44us       708     547ns     321ns  9.4720us  cudaSetDevice
                    0.07%  366.08us        97  3.7730us     471ns  148.39us  cuDeviceGetAttribute
                    0.03%  175.54us         1  175.54us  175.54us  175.54us  cuDeviceTotalMem
                    0.02%  105.36us       303     347ns     295ns     925ns  cudaGetDevice
                    0.02%  83.870us         1  83.870us  83.870us  83.870us  cuDeviceGetName
                    0.01%  33.218us        89     373ns     270ns  1.9160us  cuModuleGetFunction
                    0.00%  7.0940us         3  2.3640us  1.3000us  3.0650us  cudaDeviceGetAttribute
                    0.00%  4.7320us         1  4.7320us  4.7320us  4.7320us  cuDeviceGetPCIBusId
                    0.00%  3.0770us         2  1.5380us     609ns  2.4680us  cuDeviceGetCount
                    0.00%  1.9810us         2     990ns     545ns  1.4360us  cuDeviceGet
                    0.00%     946ns         1     946ns     946ns     946ns  cuDeviceGetUuid
