==3338== NVPROF is profiling process 3338, command: python3 /home/wml/tvm/tutorials/relay_test_net.py
==3338== Profiling application: python3 /home/wml/tvm/tutorials/relay_test_net.py
==3338== Profiling result:
            Type  Time(%)      Time     Calls       Avg       Min       Max  Name
 GPU activities:   43.76%  15.259ms       137  111.38us     864ns  3.0223ms  [CUDA memcpy HtoD]
                   11.60%  4.0453ms         3  1.3484ms  1.3423ms  1.3530ms  fused_nn_conv2d_kernel0
                    5.19%  1.8106ms         4  452.64us  157.07us  1.3342ms  fused_nn_conv2d_6_kernel2
                    4.47%  1.5573ms         3  519.09us  510.53us  523.62us  fused_nn_conv2d_kernel2
                    4.03%  1.4044ms         1  1.4044ms  1.4044ms  1.4044ms  fused_nn_conv2d_1_kernel0
                    3.81%  1.3269ms         3  442.31us  436.57us  450.50us  fused_nn_conv2d_2_kernel2
                    3.15%  1.0979ms         4  274.48us  24.450us  1.0238ms  fused_add_4_kernel0
                    2.99%  1.0434ms         3  347.81us  344.06us  353.72us  fused_nn_conv2d_4_kernel2
                    2.73%  952.64us         3  317.55us  309.81us  325.82us  fused_nn_conv2d_2_kernel0
                    2.11%  736.85us         1  736.85us  736.85us  736.85us  fused_nn_conv2d_3_kernel0
                    1.44%  503.27us         1  503.27us  503.27us  503.27us  fused_nn_conv2d_7_kernel0
                    1.43%  498.12us         1  498.12us  498.12us  498.12us  fused_nn_conv2d_5_kernel0
                    1.10%  383.58us         4  95.894us  93.127us  97.415us  fused_nn_conv2d_6_kernel3
                    0.99%  344.73us         4  86.182us  84.582us  86.887us  fused_nn_conv2d_6_kernel1
                    0.68%  237.23us         5  47.446us  46.979us  47.908us  fused_add_6_kernel0
                    0.68%  236.53us         5  47.305us  45.571us  48.515us  fused_multiply_3_kernel0
                    0.68%  236.50us         5  47.299us  47.012us  47.811us  fused_nn_relu_3_kernel0
                    0.65%  227.63us         3  75.877us  71.429us  80.870us  fused_nn_conv2d_4_kernel0
                    0.53%  185.39us         1  185.39us  185.39us  185.39us  fused_nn_relu_4_kernel0
                    0.53%  185.36us         1  185.36us  185.36us  185.36us  fused_add_8_kernel0
                    0.53%  183.53us         1  183.53us  183.53us  183.53us  fused_multiply_4_kernel0
                    0.52%  181.90us         3  60.634us  60.133us  61.189us  fused_nn_conv2d_4_kernel3
                    0.51%  178.77us         3  59.588us  59.172us  60.005us  fused_nn_conv2d_4_kernel1
                    0.48%  167.85us         1  167.85us  167.85us  167.85us  fused_nn_conv2d_11_kernel0
                    0.40%  139.08us         2  69.541us  69.381us  69.701us  fused_add_7_kernel0
                    0.35%  122.86us         1  122.86us  122.86us  122.86us  fused_nn_max_pool2d_kernel0
                    0.31%  107.72us         4  26.930us  26.242us  27.682us  fused_nn_conv2d_6_kernel0
                    0.29%  100.23us         1  100.23us  100.23us  100.23us  fused_nn_conv2d_10_kernel0
                    0.28%  97.799us         4  24.449us  24.322us  24.578us  fused_nn_relu_2_kernel0
                    0.27%  93.382us         4  23.345us  22.466us  24.001us  fused_multiply_2_kernel0
                    0.27%  93.033us         3  31.011us  30.147us  31.619us  fused_nn_conv2d_2_kernel3
                    0.26%  90.054us         3  30.018us  29.794us  30.370us  fused_nn_conv2d_2_kernel1
                    0.25%  86.662us         1  86.662us  86.662us  86.662us  fused_nn_conv2d_8_kernel0
                    0.23%  79.461us         1  79.461us  79.461us  79.461us  fused_nn_conv2d_9_kernel0
                    0.20%  68.134us         2  34.067us  33.859us  34.275us  fused_add_5_kernel0
                    0.19%  66.437us         1  66.437us  66.437us  66.437us  fused_nn_dense_kernel0
                    0.16%  56.132us         3  18.710us  18.370us  18.977us  fused_nn_conv2d_kernel1
                    0.15%  53.188us         3  17.729us  17.537us  18.050us  fused_nn_conv2d_kernel3
                    0.10%  36.387us         1  36.387us  36.387us  36.387us  fused_multiply_5_kernel0
                    0.10%  35.874us         4  8.9680us  8.5120us  9.6320us  fused_multiply_1_kernel0
                    0.10%  35.235us         1  35.235us  35.235us  35.235us  fused_add_9_kernel0
                    0.09%  32.931us         1  32.931us  32.931us  32.931us  fused_nn_softmax_kernel1
                    0.09%  30.402us         2  15.201us  14.177us  16.225us  fused_add_3_kernel0
                    0.09%  30.337us         4  7.5840us  7.4880us  7.7130us  fused_add_2_kernel0
                    0.08%  29.187us         4  7.2960us  7.2320us  7.3930us  fused_nn_relu_1_kernel0
                    0.06%  20.225us         4  5.0560us  4.5120us  6.6560us  fused_multiply_kernel0
                    0.06%  19.264us        12  1.6050us  1.3440us  1.7600us  fused_multiply_7_kernel0
                    0.05%  18.722us         4  4.6800us  4.5130us  4.8320us  fused_add_kernel0
                    0.05%  17.762us         4  4.4400us  4.3840us  4.4800us  fused_nn_relu_kernel0
                    0.05%  16.162us        12  1.3460us  1.1840us  1.6000us  fused_expand_dims_1_kernel0
                    0.04%  15.169us         1  15.169us  15.169us  15.169us  fused_nn_softmax_kernel0
                    0.04%  15.073us         6  2.5120us  1.7280us  5.0890us  fused_sqrt_1_kernel0
                    0.04%  14.881us         2  7.4400us  6.1440us  8.7370us  fused_add_1_kernel0
                    0.04%  12.514us         8  1.5640us  1.3760us  1.7920us  fused_multiply_8_kernel0
                    0.04%  12.289us         6  2.0480us  1.5040us  2.2400us  fused_divide_1_kernel0
                    0.04%  12.258us         6  2.0430us  2.0160us  2.1120us  fused_add_12_kernel0
                    0.03%  12.098us         6  2.0160us  1.7610us  2.1120us  fused_negative_1_kernel0
                    0.03%  11.587us         8  1.4480us  1.2160us  1.8250us  fused_multiply_9_kernel0
                    0.03%  11.200us         8  1.4000us  1.2480us  1.7920us  fused_multiply_10_kernel0
                    0.03%  10.976us         8  1.3720us  1.2480us  1.6000us  fused_expand_dims_4_kernel0
                    0.03%  10.786us         8  1.3480us  1.1850us  1.6640us  fused_expand_dims_2_kernel0
                    0.03%  10.464us         8  1.3080us  1.2160us  1.6000us  fused_expand_dims_3_kernel0
                    0.03%  10.209us         6  1.7010us  1.4720us  1.7920us  fused_add_13_kernel0
                    0.02%  8.0640us         4  2.0160us  1.7600us  2.1440us  fused_negative_2_kernel0
                    0.02%  8.0640us         4  2.0160us  1.7920us  2.1440us  fused_sqrt_3_kernel0
                    0.02%  7.8720us         4  1.9680us  1.7920us  2.1440us  fused_divide_2_kernel0
                    0.02%  7.8080us         4  1.9520us  1.8560us  2.1440us  fused_divide_3_kernel0
                    0.02%  7.6480us         4  1.9120us  1.8240us  2.0800us  fused_add_16_kernel0
                    0.02%  7.5200us         4  1.8800us  1.6960us  2.0800us  fused_add_14_kernel0
                    0.02%  7.4890us         4  1.8720us  1.4400us  2.1770us  fused_sqrt_2_kernel0
                    0.02%  7.3930us         4  1.8480us  1.5360us  2.1770us  fused_divide_4_kernel0
                    0.02%  7.0740us         4  1.7680us  1.6960us  1.8560us  fused_add_17_kernel0
                    0.02%  7.0730us         4  1.7680us  1.5680us  2.1440us  fused_sqrt_4_kernel0
                    0.02%  7.0080us         4  1.7520us  1.5680us  2.0800us  fused_add_18_kernel0
                    0.02%  6.9440us         4  1.7360us  1.5680us  1.8240us  fused_negative_3_kernel0
                    0.02%  6.6900us         4  1.6720us  1.5360us  1.7930us  fused_negative_4_kernel0
                    0.02%  6.6560us         4  1.6640us  1.3760us  1.7600us  fused_add_15_kernel0
                    0.02%  6.3680us         4  1.5920us  1.4080us  1.7920us  fused_add_19_kernel0
                    0.02%  6.0800us         1  6.0800us  6.0800us  6.0800us  fused_nn_softmax_kernel3
                    0.01%  4.7680us         1  4.7680us  4.7680us  4.7680us  fused_nn_global_avg_pool2d_kernel0
                    0.01%  3.5200us         1  3.5200us  3.5200us  3.5200us  fused_nn_softmax_kernel2
                    0.01%  2.9450us         1  2.9450us  2.9450us  2.9450us  fused_add_10_kernel0
                    0.01%  2.8800us         2  1.4400us  1.2800us  1.6000us  fused_expand_dims_kernel0
                    0.01%  2.2720us         1  2.2720us  2.2720us  2.2720us  fused_sqrt_kernel0
                    0.01%  2.2400us         1  2.2400us  2.2400us  2.2400us  fused_nn_bias_add_kernel0
                    0.01%  2.0160us         1  2.0160us  2.0160us  2.0160us  fused_negative_kernel0
                    0.01%  1.9530us         1  1.9530us  1.9530us  1.9530us  fused_divide_kernel0
                    0.01%  1.9200us         1  1.9200us  1.9200us  1.9200us  fused_multiply_6_kernel0
                    0.01%  1.8560us         1  1.8560us  1.8560us  1.8560us  fused_add_11_kernel0
                    0.00%  1.6320us         1  1.6320us  1.6320us  1.6320us  [CUDA memcpy DtoH]
                    0.00%  1.6320us         1  1.6320us  1.6320us  1.6320us  fused_nn_batch_flatten_kernel0
      API calls:   66.15%  337.30ms         1  337.30ms  337.30ms  337.30ms  cuModuleLoadData
                   25.20%  128.48ms       154  834.29us  2.7710us  126.12ms  cudaMalloc
                    4.37%  22.304ms       138  161.62us  6.0700us  5.6304ms  cudaMemcpy
                    3.50%  17.855ms       154  115.94us  2.6390us  5.4295ms  cudaFree
                    0.36%  1.8439ms         1  1.8439ms  1.8439ms  1.8439ms  cuModuleUnload
                    0.25%  1.2814ms       303  4.2290us  3.0800us  23.994us  cuLaunchKernel
                    0.08%  397.33us       708     561ns     313ns  9.8970us  cudaSetDevice
                    0.03%  175.23us        97  1.8060us     193ns  73.994us  cuDeviceGetAttribute
                    0.03%  127.64us       303     421ns     296ns  3.0310us  cudaGetDevice
                    0.01%  75.619us         1  75.619us  75.619us  75.619us  cuDeviceTotalMem
                    0.01%  41.590us        89     467ns     264ns  1.1560us  cuModuleGetFunction
                    0.01%  31.751us         1  31.751us  31.751us  31.751us  cuDeviceGetName
                    0.00%  5.6310us         1  5.6310us  5.6310us  5.6310us  cuDeviceGetPCIBusId
                    0.00%  3.0250us         3  1.0080us     633ns  1.2330us  cudaDeviceGetAttribute
                    0.00%  1.5630us         2     781ns     242ns  1.3210us  cuDeviceGetCount
                    0.00%     783ns         2     391ns     250ns     533ns  cuDeviceGet
                    0.00%     355ns         1     355ns     355ns     355ns  cuDeviceGetUuid
