==4108== NVPROF is profiling process 4108, command: python3 /home/wml/tvm/tutorials/relay_test_net.py
==4108== Profiling application: python3 /home/wml/tvm/tutorials/relay_test_net.py
==4108== Profiling result:
            Type  Time(%)      Time     Calls       Avg       Min       Max  Name
 GPU activities:   46.77%  15.289ms       137  111.60us     864ns  3.0335ms  [CUDA memcpy HtoD]
                   12.50%  4.0856ms         3  1.3619ms  1.3531ms  1.3666ms  fused_nn_conv2d_kernel0
                    4.73%  1.5456ms         3  515.18us  508.21us  519.60us  fused_nn_conv2d_kernel2
                    4.28%  1.3978ms         1  1.3978ms  1.3978ms  1.3978ms  fused_nn_conv2d_1_kernel0
                    3.94%  1.2878ms         3  429.28us  421.97us  438.94us  fused_nn_conv2d_2_kernel2
                    3.21%  1.0497ms         3  349.91us  345.31us  354.05us  fused_nn_conv2d_4_kernel2
                    2.88%  941.42us         3  313.81us  306.81us  318.27us  fused_nn_conv2d_2_kernel0
                    2.27%  740.59us         1  740.59us  740.59us  740.59us  fused_nn_conv2d_3_kernel0
                    1.92%  627.37us         4  156.84us  155.56us  158.35us  fused_nn_conv2d_6_kernel2
                    1.52%  498.25us         1  498.25us  498.25us  498.25us  fused_nn_conv2d_7_kernel0
                    1.51%  493.83us         1  493.83us  493.83us  493.83us  fused_nn_conv2d_5_kernel0
                    1.18%  384.17us         4  96.043us  94.555us  97.659us  fused_nn_conv2d_6_kernel3
                    1.05%  342.05us         4  85.511us  84.791us  86.872us  fused_nn_conv2d_6_kernel1
                    0.73%  240.16us         5  48.032us  47.662us  48.366us  fused_add_6_kernel0
                    0.73%  240.04us         5  48.007us  47.214us  49.006us  fused_nn_relu_3_kernel0
                    0.73%  237.19us         5  47.437us  45.453us  48.397us  fused_multiply_3_kernel0
                    0.68%  222.85us         3  74.282us  71.508us  76.533us  fused_nn_conv2d_4_kernel0
                    0.57%  185.84us         1  185.84us  185.84us  185.84us  fused_nn_relu_4_kernel0
                    0.57%  185.30us         1  185.30us  185.30us  185.30us  fused_add_8_kernel0
                    0.56%  183.89us         1  183.89us  183.89us  183.89us  fused_multiply_4_kernel0
                    0.56%  181.94us         3  60.646us  60.209us  61.297us  fused_nn_conv2d_4_kernel3
                    0.55%  178.45us         3  59.483us  59.089us  59.921us  fused_nn_conv2d_4_kernel1
                    0.51%  167.25us         1  167.25us  167.25us  167.25us  fused_nn_conv2d_11_kernel0
                    0.42%  137.96us         2  68.979us  68.403us  69.555us  fused_add_7_kernel0
                    0.38%  124.10us         1  124.10us  124.10us  124.10us  fused_nn_max_pool2d_kernel0
                    0.33%  108.09us         4  27.023us  26.536us  27.336us  fused_nn_conv2d_6_kernel0
                    0.31%  102.04us         1  102.04us  102.04us  102.04us  fused_nn_conv2d_10_kernel0
                    0.30%  99.453us         4  24.863us  24.583us  25.512us  fused_nn_relu_2_kernel0
                    0.30%  98.685us         4  24.671us  24.167us  25.224us  fused_add_4_kernel0
                    0.28%  92.154us         3  30.718us  30.313us  31.464us  fused_nn_conv2d_2_kernel3
                    0.28%  90.811us         4  22.702us  21.671us  23.591us  fused_multiply_2_kernel0
                    0.28%  90.586us         3  30.195us  29.160us  31.401us  fused_nn_conv2d_2_kernel1
                    0.27%  87.033us         1  87.033us  87.033us  87.033us  fused_nn_conv2d_8_kernel0
                    0.25%  81.783us         1  81.783us  81.783us  81.783us  fused_nn_conv2d_9_kernel0
                    0.21%  67.827us         2  33.913us  33.866us  33.961us  fused_add_5_kernel0
                    0.20%  66.355us         1  66.355us  66.355us  66.355us  fused_nn_dense_kernel0
                    0.17%  54.768us         3  18.256us  17.797us  18.630us  fused_nn_conv2d_kernel3
                    0.17%  53.935us         3  17.978us  17.284us  18.598us  fused_nn_conv2d_kernel1
                    0.11%  36.618us         1  36.618us  36.618us  36.618us  fused_multiply_5_kernel0
                    0.11%  36.585us         4  9.1460us  8.8340us  9.7950us  fused_multiply_1_kernel0
                    0.11%  36.106us         1  36.106us  36.106us  36.106us  fused_add_9_kernel0
                    0.10%  32.521us         1  32.521us  32.521us  32.521us  fused_nn_softmax_kernel1
                    0.09%  30.824us         2  15.412us  14.724us  16.100us  fused_add_3_kernel0
                    0.09%  30.536us         4  7.6340us  7.5220us  7.7460us  fused_add_2_kernel0
                    0.09%  28.968us         4  7.2420us  7.1380us  7.3300us  fused_nn_relu_1_kernel0
                    0.06%  20.420us         4  5.1050us  4.6730us  6.2410us  fused_multiply_kernel0
                    0.06%  19.075us        12  1.5890us  1.3760us  1.7920us  fused_multiply_7_kernel0
                    0.06%  18.789us         4  4.6970us  4.4170us  5.0570us  fused_add_kernel0
                    0.05%  17.285us         4  4.3210us  4.1930us  4.4820us  fused_nn_relu_kernel0
                    0.05%  16.356us        12  1.3630us  1.1840us  1.6000us  fused_expand_dims_1_kernel0
                    0.05%  15.045us         2  7.5220us  6.5620us  8.4830us  fused_add_1_kernel0
                    0.05%  14.852us         1  14.852us  14.852us  14.852us  fused_nn_softmax_kernel0
                    0.04%  14.309us         6  2.3840us  1.5680us  4.9940us  fused_sqrt_1_kernel0
                    0.04%  12.771us         8  1.5960us  1.3760us  1.7920us  fused_multiply_8_kernel0
                    0.04%  12.228us         6  2.0380us  1.7290us  2.2410us  fused_divide_1_kernel0
                    0.04%  11.716us         6  1.9520us  1.6650us  2.1760us  fused_add_12_kernel0
                    0.04%  11.617us         8  1.4520us  1.1840us  1.7920us  fused_multiply_9_kernel0
                    0.03%  11.298us         8  1.4120us  1.2490us  1.7930us  fused_multiply_10_kernel0
                    0.03%  11.074us         6  1.8450us  1.6960us  2.0160us  fused_negative_1_kernel0
                    0.03%  11.013us         4  2.7530us  1.7290us  5.3780us  fused_divide_2_kernel0
                    0.03%  10.657us         8  1.3320us  1.1840us  1.6000us  fused_expand_dims_2_kernel0
                    0.03%  10.532us         8  1.3160us  1.2160us  1.6010us  fused_expand_dims_4_kernel0
                    0.03%  10.438us         8  1.3040us  1.2160us  1.5680us  fused_expand_dims_3_kernel0
                    0.03%  9.7310us         6  1.6210us  1.3130us  1.7610us  fused_add_13_kernel0
                    0.02%  7.9690us         4  1.9920us  1.8890us  2.0480us  fused_add_14_kernel0
                    0.02%  7.9070us         4  1.9760us  1.8570us  2.0810us  fused_add_16_kernel0
                    0.02%  7.8440us         4  1.9610us  1.4730us  2.1450us  fused_sqrt_3_kernel0
                    0.02%  7.4910us         4  1.8720us  1.7610us  2.1440us  fused_divide_4_kernel0
                    0.02%  7.4580us         4  1.8640us  1.6000us  2.1770us  fused_divide_3_kernel0
                    0.02%  7.2670us         4  1.8160us  1.6330us  2.2080us  fused_negative_2_kernel0
                    0.02%  7.1690us         4  1.7920us  1.6330us  2.1120us  fused_add_18_kernel0
                    0.02%  7.0420us         4  1.7600us  1.5360us  2.0810us  fused_sqrt_2_kernel0
                    0.02%  6.5940us         4  1.6480us  1.4400us  2.1120us  fused_sqrt_4_kernel0
                    0.02%  6.4650us         4  1.6160us  1.4400us  1.8570us  fused_add_19_kernel0
                    0.02%  6.4330us         4  1.6080us  1.5040us  1.8570us  fused_add_17_kernel0
                    0.02%  6.4030us         4  1.6000us  1.4090us  1.9520us  fused_negative_4_kernel0
                    0.02%  6.0510us         4  1.5120us  1.3770us  1.8250us  fused_negative_3_kernel0
                    0.02%  6.0490us         1  6.0490us  6.0490us  6.0490us  fused_nn_softmax_kernel3
                    0.02%  6.0190us         4  1.5040us  1.4080us  1.7290us  fused_add_15_kernel0
                    0.02%  4.9610us         1  4.9610us  4.9610us  4.9610us  fused_nn_global_avg_pool2d_kernel0
                    0.01%  3.5850us         1  3.5850us  3.5850us  3.5850us  fused_nn_softmax_kernel2
                    0.01%  2.9770us         1  2.9770us  2.9770us  2.9770us  fused_add_10_kernel0
                    0.01%  2.8170us         2  1.4080us  1.2480us  1.5690us  fused_expand_dims_kernel0
                    0.01%  2.2410us         1  2.2410us  2.2410us  2.2410us  fused_sqrt_kernel0
                    0.01%  2.2400us         1  2.2400us  2.2400us  2.2400us  fused_nn_bias_add_kernel0
                    0.01%  2.1440us         1  2.1440us  2.1440us  2.1440us  fused_negative_kernel0
                    0.01%  2.0160us         1  2.0160us  2.0160us  2.0160us  fused_divide_kernel0
                    0.01%  1.9210us         1  1.9210us  1.9210us  1.9210us  [CUDA memcpy DtoH]
                    0.01%  1.8570us         1  1.8570us  1.8570us  1.8570us  fused_multiply_6_kernel0
                    0.01%  1.7290us         1  1.7290us  1.7290us  1.7290us  fused_add_11_kernel0
                    0.00%  1.6010us         1  1.6010us  1.6010us  1.6010us  fused_nn_batch_flatten_kernel0
      API calls:   65.92%  338.44ms         1  338.44ms  338.44ms  338.44ms  cuModuleLoadData
                   25.66%  131.75ms       154  855.51us  2.7390us  129.48ms  cudaMalloc
                    4.35%  22.324ms       138  161.77us  6.1510us  5.6102ms  cudaMemcpy
                    2.51%  12.886ms       154  83.675us  2.7550us  3.7628ms  cudaFree
                    1.13%  5.8185ms         1  5.8185ms  5.8185ms  5.8185ms  cuModuleUnload
                    0.26%  1.3191ms       303  4.3530us  3.5750us  22.481us  cuLaunchKernel
                    0.07%  368.39us       708     520ns     310ns  7.2400us  cudaSetDevice
                    0.04%  187.81us        97  1.9360us     225ns  77.040us  cuDeviceGetAttribute
                    0.02%  113.80us       303     375ns     301ns  2.4700us  cudaGetDevice
                    0.02%  81.618us         1  81.618us  81.618us  81.618us  cuDeviceTotalMem
                    0.01%  43.731us         1  43.731us  43.731us  43.731us  cuDeviceGetName
                    0.01%  34.310us        89     385ns     273ns  2.1340us  cuModuleGetFunction
                    0.00%  3.7750us         1  3.7750us  3.7750us  3.7750us  cuDeviceGetPCIBusId
                    0.00%  3.5270us         3  1.1750us     694ns  1.4610us  cudaDeviceGetAttribute
                    0.00%  2.0950us         2  1.0470us     282ns  1.8130us  cuDeviceGetCount
                    0.00%     825ns         2     412ns     258ns     567ns  cuDeviceGet
                    0.00%     397ns         1     397ns     397ns     397ns  cuDeviceGetUuid
