==4490== NVPROF is profiling process 4490, command: python3 /home/wml/tvm/tutorials/relay_test_net.py
==4490== Profiling application: python3 /home/wml/tvm/tutorials/relay_test_net.py
==4490== Profiling result:
            Type  Time(%)      Time     Calls       Avg       Min       Max  Name
 GPU activities:   46.80%  15.286ms       137  111.58us     864ns  3.0347ms  [CUDA memcpy HtoD]
                   12.49%  4.0800ms         3  1.3600ms  1.3523ms  1.3728ms  fused_nn_conv2d_kernel0
                    4.72%  1.5429ms         3  514.29us  507.71us  521.25us  fused_nn_conv2d_kernel2
                    4.27%  1.3935ms         1  1.3935ms  1.3935ms  1.3935ms  fused_nn_conv2d_1_kernel0
                    4.04%  1.3194ms         3  439.80us  434.65us  445.37us  fused_nn_conv2d_2_kernel2
                    3.15%  1.0294ms         3  343.13us  337.24us  346.26us  fused_nn_conv2d_4_kernel2
                    2.93%  955.65us         3  318.55us  315.19us  321.08us  fused_nn_conv2d_2_kernel0
                    2.17%  708.24us         1  708.24us  708.24us  708.24us  fused_nn_conv2d_3_kernel0
                    1.94%  632.14us         4  158.03us  155.98us  159.79us  fused_nn_conv2d_6_kernel2
                    1.54%  504.55us         1  504.55us  504.55us  504.55us  fused_nn_conv2d_5_kernel0
                    1.52%  498.05us         1  498.05us  498.05us  498.05us  fused_nn_conv2d_7_kernel0
                    1.20%  390.78us         4  97.694us  96.198us  99.175us  fused_nn_conv2d_6_kernel3
                    1.05%  343.99us         4  85.997us  85.222us  86.693us  fused_nn_conv2d_6_kernel1
                    0.73%  237.46us         5  47.491us  47.363us  47.651us  fused_nn_relu_3_kernel0
                    0.72%  236.50us         5  47.299us  47.011us  47.555us  fused_add_6_kernel0
                    0.72%  234.90us         5  46.979us  45.283us  47.555us  fused_multiply_3_kernel0
                    0.67%  219.12us         3  73.039us  69.125us  77.157us  fused_nn_conv2d_4_kernel0
                    0.57%  184.97us         1  184.97us  184.97us  184.97us  fused_add_8_kernel0
                    0.57%  184.97us         1  184.97us  184.97us  184.97us  fused_nn_relu_4_kernel0
                    0.56%  184.04us         1  184.04us  184.04us  184.04us  fused_multiply_4_kernel0
                    0.56%  181.80us         3  60.601us  60.516us  60.676us  fused_nn_conv2d_4_kernel1
                    0.55%  180.97us         3  60.324us  60.036us  60.836us  fused_nn_conv2d_4_kernel3
                    0.52%  170.25us         1  170.25us  170.25us  170.25us  fused_nn_conv2d_11_kernel0
                    0.42%  136.78us         2  68.388us  67.908us  68.869us  fused_add_7_kernel0
                    0.38%  123.85us         1  123.85us  123.85us  123.85us  fused_nn_max_pool2d_kernel0
                    0.33%  107.46us         4  26.865us  26.113us  27.330us  fused_nn_conv2d_6_kernel0
                    0.31%  100.61us         1  100.61us  100.61us  100.61us  fused_nn_conv2d_10_kernel0
                    0.30%  97.925us         4  24.481us  24.065us  25.057us  fused_add_4_kernel0
                    0.30%  96.839us         4  24.209us  23.714us  24.961us  fused_nn_relu_2_kernel0
                    0.29%  93.894us         4  23.473us  21.953us  24.738us  fused_multiply_2_kernel0
                    0.28%  91.654us         3  30.551us  29.986us  31.266us  fused_nn_conv2d_2_kernel3
                    0.28%  91.078us         3  30.359us  29.986us  30.626us  fused_nn_conv2d_2_kernel1
                    0.26%  84.454us         1  84.454us  84.454us  84.454us  fused_nn_conv2d_8_kernel0
                    0.24%  78.629us         1  78.629us  78.629us  78.629us  fused_nn_conv2d_9_kernel0
                    0.20%  66.660us         2  33.330us  32.610us  34.050us  fused_add_5_kernel0
                    0.20%  66.404us         1  66.404us  66.404us  66.404us  fused_nn_dense_kernel0
                    0.17%  55.620us         3  18.540us  18.433us  18.626us  fused_nn_conv2d_kernel1
                    0.16%  53.284us         3  17.761us  17.410us  18.177us  fused_nn_conv2d_kernel3
                    0.11%  36.642us         1  36.642us  36.642us  36.642us  fused_multiply_5_kernel0
                    0.11%  35.938us         1  35.938us  35.938us  35.938us  fused_add_9_kernel0
                    0.11%  35.585us         4  8.8960us  8.1930us  9.7280us  fused_multiply_1_kernel0
                    0.10%  32.834us         1  32.834us  32.834us  32.834us  fused_nn_softmax_kernel1
                    0.09%  30.753us         4  7.6880us  7.6480us  7.7450us  fused_add_2_kernel0
                    0.09%  29.538us         2  14.769us  13.953us  15.585us  fused_add_3_kernel0
                    0.09%  28.835us         4  7.2080us  7.0730us  7.2970us  fused_nn_relu_1_kernel0
                    0.06%  19.457us         4  4.8640us  4.4170us  6.0480us  fused_multiply_kernel0
                    0.06%  19.104us        12  1.5920us  1.3440us  1.7920us  fused_multiply_7_kernel0
                    0.06%  18.208us         4  4.5520us  4.4160us  4.7040us  fused_add_kernel0
                    0.05%  17.057us         4  4.2640us  4.0960us  4.4490us  fused_nn_relu_kernel0
                    0.05%  16.065us        12  1.3380us  1.1840us  1.6000us  fused_expand_dims_1_kernel0
                    0.05%  15.072us         2  7.5360us  6.6880us  8.3840us  fused_add_1_kernel0
                    0.05%  14.817us         1  14.817us  14.817us  14.817us  fused_nn_softmax_kernel0
                    0.04%  13.344us         8  1.6680us  1.5040us  2.1760us  fused_multiply_8_kernel0
                    0.04%  12.385us         6  2.0640us  1.7600us  3.0080us  fused_divide_1_kernel0
                    0.04%  12.066us         6  2.0110us  1.8570us  2.0800us  fused_add_12_kernel0
                    0.04%  11.969us         6  1.9940us  1.5040us  2.1120us  fused_sqrt_1_kernel0
                    0.04%  11.809us         6  1.9680us  1.6960us  2.0480us  fused_negative_1_kernel0
                    0.04%  11.716us         8  1.4640us  1.2480us  1.8240us  fused_multiply_9_kernel0
                    0.03%  11.202us         8  1.4000us  1.2800us  1.8560us  fused_multiply_10_kernel0
                    0.03%  10.755us         8  1.3440us  1.1840us  1.6970us  fused_expand_dims_2_kernel0
                    0.03%  10.370us         6  1.7280us  1.6330us  1.7610us  fused_add_13_kernel0
                    0.03%  10.240us         8  1.2800us  1.2160us  1.6000us  fused_expand_dims_3_kernel0
                    0.03%  10.177us         8  1.2720us  1.2160us  1.6000us  fused_expand_dims_4_kernel0
                    0.03%  8.4480us         4  2.1120us  2.0480us  2.1440us  fused_divide_4_kernel0
                    0.03%  8.3520us         4  2.0880us  2.0160us  2.2080us  fused_negative_2_kernel0
                    0.03%  8.2250us         4  2.0560us  1.9530us  2.2400us  fused_add_16_kernel0
                    0.02%  7.8080us         4  1.9520us  1.8240us  2.0800us  fused_sqrt_2_kernel0
                    0.02%  7.4240us         4  1.8560us  1.7280us  2.1760us  fused_divide_2_kernel0
                    0.02%  7.3600us         4  1.8400us  1.6640us  2.1440us  fused_sqrt_3_kernel0
                    0.02%  7.2970us         4  1.8240us  1.6640us  2.0160us  fused_add_14_kernel0
                    0.02%  7.1680us         4  1.7920us  1.6000us  2.1120us  fused_add_18_kernel0
                    0.02%  7.0400us         4  1.7600us  1.6960us  1.8560us  fused_add_19_kernel0
                    0.02%  7.0080us         4  1.7520us  1.6000us  2.1440us  fused_divide_3_kernel0
                    0.02%  6.5930us         4  1.6480us  1.5040us  1.7930us  fused_negative_4_kernel0
                    0.02%  6.3690us         4  1.5920us  1.3440us  2.1440us  fused_sqrt_4_kernel0
                    0.02%  6.2080us         4  1.5520us  1.4080us  1.9840us  fused_add_17_kernel0
                    0.02%  6.1460us         4  1.5360us  1.4400us  1.7280us  fused_add_15_kernel0
                    0.02%  6.0800us         4  1.5200us  1.4080us  1.7600us  fused_negative_3_kernel0
                    0.02%  5.9200us         1  5.9200us  5.9200us  5.9200us  fused_nn_softmax_kernel3
                    0.02%  4.9290us         1  4.9290us  4.9290us  4.9290us  fused_nn_global_avg_pool2d_kernel0
                    0.01%  3.9050us         1  3.9050us  3.9050us  3.9050us  fused_nn_softmax_kernel2
                    0.01%  2.9120us         1  2.9120us  2.9120us  2.9120us  fused_add_10_kernel0
                    0.01%  2.8160us         2  1.4080us  1.2800us  1.5360us  fused_expand_dims_kernel0
                    0.01%  2.3040us         1  2.3040us  2.3040us  2.3040us  fused_nn_bias_add_kernel0
                    0.01%  2.1760us         1  2.1760us  2.1760us  2.1760us  fused_sqrt_kernel0
                    0.01%  2.0160us         1  2.0160us  2.0160us  2.0160us  fused_negative_kernel0
                    0.01%  1.9530us         1  1.9530us  1.9530us  1.9530us  fused_divide_kernel0
                    0.01%  1.8890us         1  1.8890us  1.8890us  1.8890us  fused_multiply_6_kernel0
                    0.01%  1.7280us         1  1.7280us  1.7280us  1.7280us  fused_add_11_kernel0
                    0.00%  1.6320us         1  1.6320us  1.6320us  1.6320us  fused_nn_batch_flatten_kernel0
                    0.00%  1.6000us         1  1.6000us  1.6000us  1.6000us  [CUDA memcpy DtoH]
      API calls:   65.55%  337.20ms         1  337.20ms  337.20ms  337.20ms  cuModuleLoadData
                   25.88%  133.12ms       154  864.43us  2.7320us  130.89ms  cudaMalloc
                    4.79%  24.662ms       138  178.71us  5.8570us  5.6650ms  cudaMemcpy
                    2.54%  13.074ms       154  84.897us  2.7150us  3.8505ms  cudaFree
                    0.84%  4.3449ms         1  4.3449ms  4.3449ms  4.3449ms  cuModuleUnload
                    0.22%  1.1493ms       303  3.7930us  3.0410us  21.829us  cuLaunchKernel
                    0.07%  365.62us       708     516ns     305ns  12.584us  cudaSetDevice
                    0.04%  221.81us        97  2.2860us     265ns  91.939us  cuDeviceGetAttribute
                    0.02%  104.41us       303     344ns     296ns  1.2480us  cudaGetDevice
                    0.02%  98.971us         1  98.971us  98.971us  98.971us  cuDeviceTotalMem
                    0.01%  53.879us         1  53.879us  53.879us  53.879us  cuDeviceGetName
                    0.01%  30.920us        89     347ns     265ns  1.0300us  cuModuleGetFunction
                    0.00%  5.0740us         1  5.0740us  5.0740us  5.0740us  cuDeviceGetPCIBusId
                    0.00%  4.1350us         3  1.3780us     802ns  1.6990us  cudaDeviceGetAttribute
                    0.00%  1.9210us         2     960ns     343ns  1.5780us  cuDeviceGetCount
                    0.00%     952ns         2     476ns     263ns     689ns  cuDeviceGet
                    0.00%     533ns         1     533ns     533ns     533ns  cuDeviceGetUuid
