==4033== NVPROF is profiling process 4033, command: python3 /home/wml/tvm/tutorials/relay_test_net.py
==4033== Profiling application: python3 /home/wml/tvm/tutorials/relay_test_net.py
==4033== Profiling result:
            Type  Time(%)      Time     Calls       Avg       Min       Max  Name
 GPU activities:   46.81%  15.278ms       137  111.52us     864ns  3.0444ms  [CUDA memcpy HtoD]
                   12.51%  4.0834ms         3  1.3611ms  1.3581ms  1.3629ms  fused_nn_conv2d_kernel0
                    4.72%  1.5409ms         3  513.64us  508.71us  520.68us  fused_nn_conv2d_kernel2
                    4.27%  1.3952ms         1  1.3952ms  1.3952ms  1.3952ms  fused_nn_conv2d_1_kernel0
                    3.99%  1.3008ms         3  433.60us  425.18us  438.30us  fused_nn_conv2d_2_kernel2
                    3.17%  1.0350ms         3  345.01us  341.63us  349.69us  fused_nn_conv2d_4_kernel2
                    2.91%  950.73us         3  316.91us  313.91us  321.62us  fused_nn_conv2d_2_kernel0
                    2.26%  738.33us         1  738.33us  738.33us  738.33us  fused_nn_conv2d_3_kernel0
                    1.93%  629.04us         4  157.26us  153.26us  162.38us  fused_nn_conv2d_6_kernel2
                    1.52%  495.46us         1  495.46us  495.46us  495.46us  fused_nn_conv2d_7_kernel0
                    1.51%  493.86us         1  493.86us  493.86us  493.86us  fused_nn_conv2d_5_kernel0
                    1.14%  372.80us         4  93.198us  90.214us  96.551us  fused_nn_conv2d_6_kernel3
                    1.04%  340.79us         4  85.198us  84.326us  85.606us  fused_nn_conv2d_6_kernel1
                    0.74%  240.85us         5  48.170us  47.620us  48.547us  fused_nn_relu_3_kernel0
                    0.73%  236.95us         5  47.389us  47.107us  47.844us  fused_add_6_kernel0
                    0.72%  234.32us         5  46.864us  45.411us  47.492us  fused_multiply_3_kernel0
                    0.68%  220.69us         3  73.563us  69.829us  77.222us  fused_nn_conv2d_4_kernel0
                    0.57%  185.84us         1  185.84us  185.84us  185.84us  fused_add_8_kernel0
                    0.57%  185.77us         1  185.77us  185.77us  185.77us  fused_nn_relu_4_kernel0
                    0.56%  184.14us         1  184.14us  184.14us  184.14us  fused_multiply_4_kernel0
                    0.56%  181.20us         3  60.399us  60.004us  60.901us  fused_nn_conv2d_4_kernel3
                    0.55%  180.53us         3  60.175us  59.812us  60.581us  fused_nn_conv2d_4_kernel1
                    0.52%  168.27us         1  168.27us  168.27us  168.27us  fused_nn_conv2d_11_kernel0
                    0.42%  138.12us         2  69.061us  68.965us  69.157us  fused_add_7_kernel0
                    0.38%  123.75us         1  123.75us  123.75us  123.75us  fused_nn_max_pool2d_kernel0
                    0.33%  108.71us         4  27.178us  26.530us  27.810us  fused_nn_conv2d_6_kernel0
                    0.30%  99.143us         1  99.143us  99.143us  99.143us  fused_nn_conv2d_10_kernel0
                    0.30%  98.280us         4  24.570us  24.098us  24.834us  fused_nn_relu_2_kernel0
                    0.30%  97.607us         4  24.401us  24.130us  24.898us  fused_add_4_kernel0
                    0.28%  91.111us         4  22.777us  22.017us  23.490us  fused_multiply_2_kernel0
                    0.28%  91.015us         3  30.338us  30.179us  30.498us  fused_nn_conv2d_2_kernel3
                    0.28%  90.630us         3  30.210us  30.018us  30.466us  fused_nn_conv2d_2_kernel1
                    0.26%  85.318us         1  85.318us  85.318us  85.318us  fused_nn_conv2d_8_kernel0
                    0.23%  75.237us         1  75.237us  75.237us  75.237us  fused_nn_conv2d_9_kernel0
                    0.21%  68.357us         2  34.178us  33.827us  34.530us  fused_add_5_kernel0
                    0.20%  66.340us         1  66.340us  66.340us  66.340us  fused_nn_dense_kernel0
                    0.17%  54.244us         3  18.081us  17.633us  18.530us  fused_nn_conv2d_kernel1
                    0.16%  53.827us         3  17.942us  17.121us  18.689us  fused_nn_conv2d_kernel3
                    0.11%  36.868us         4  9.2170us  8.8650us  10.049us  fused_multiply_1_kernel0
                    0.11%  36.675us         1  36.675us  36.675us  36.675us  fused_add_9_kernel0
                    0.11%  36.067us         1  36.067us  36.067us  36.067us  fused_multiply_5_kernel0
                    0.10%  32.514us         1  32.514us  32.514us  32.514us  fused_nn_softmax_kernel1
                    0.10%  31.234us         2  15.617us  14.721us  16.513us  fused_add_3_kernel0
                    0.09%  30.241us         4  7.5600us  7.4240us  7.7120us  fused_add_2_kernel0
                    0.09%  28.355us         4  7.0880us  6.9130us  7.2960us  fused_nn_relu_1_kernel0
                    0.06%  19.715us         4  4.9280us  4.4810us  6.2090us  fused_multiply_kernel0
                    0.06%  19.010us        12  1.5840us  1.3440us  1.8240us  fused_multiply_7_kernel0
                    0.06%  18.562us         4  4.6400us  4.4800us  4.8640us  fused_add_kernel0
                    0.05%  16.961us         4  4.2400us  4.0650us  4.3840us  fused_nn_relu_kernel0
                    0.05%  16.512us        12  1.3760us  1.1840us  1.6000us  fused_expand_dims_1_kernel0
                    0.05%  15.520us         2  7.7600us  6.7840us  8.7360us  fused_add_1_kernel0
                    0.04%  14.657us         1  14.657us  14.657us  14.657us  fused_nn_softmax_kernel0
                    0.04%  12.673us         8  1.5840us  1.3440us  2.1770us  fused_multiply_8_kernel0
                    0.04%  12.034us         6  2.0050us  1.5690us  2.1760us  fused_divide_1_kernel0
                    0.04%  12.001us         8  1.5000us  1.2160us  1.8240us  fused_multiply_9_kernel0
                    0.04%  11.872us         8  1.4840us  1.2480us  1.7600us  fused_multiply_10_kernel0
                    0.04%  11.681us         6  1.9460us  1.7280us  2.1120us  fused_add_12_kernel0
                    0.03%  11.265us         6  1.8770us  1.5360us  2.0800us  fused_sqrt_1_kernel0
                    0.03%  11.136us         8  1.3920us  1.2160us  1.6320us  fused_expand_dims_3_kernel0
                    0.03%  10.976us         6  1.8290us  1.6320us  2.0800us  fused_negative_1_kernel0
                    0.03%  10.785us         8  1.3480us  1.1840us  1.6000us  fused_expand_dims_2_kernel0
                    0.03%  10.560us         8  1.3200us  1.2480us  1.6000us  fused_expand_dims_4_kernel0
                    0.03%  10.016us         6  1.6690us  1.3760us  1.7280us  fused_add_13_kernel0
                    0.03%  8.2890us         4  2.0720us  1.9840us  2.1760us  fused_sqrt_3_kernel0
                    0.03%  8.2890us         4  2.0720us  2.0480us  2.1120us  fused_add_16_kernel0
                    0.02%  8.0660us         4  2.0160us  1.9530us  2.0800us  fused_add_18_kernel0
                    0.02%  7.9690us         4  1.9920us  1.6960us  2.2080us  fused_sqrt_4_kernel0
                    0.02%  7.9050us         4  1.9760us  1.7280us  2.1130us  fused_negative_2_kernel0
                    0.02%  7.4880us         4  1.8720us  1.7600us  2.1760us  fused_divide_3_kernel0
                    0.02%  7.4240us         4  1.8560us  1.7280us  2.0800us  fused_sqrt_2_kernel0
                    0.02%  7.3600us         4  1.8400us  1.6640us  2.2080us  fused_divide_2_kernel0
                    0.02%  7.2010us         4  1.8000us  1.6640us  2.1120us  fused_add_14_kernel0
                    0.02%  7.0720us         4  1.7680us  1.7280us  1.8240us  fused_add_15_kernel0
                    0.02%  6.8170us         4  1.7040us  1.6320us  1.7920us  fused_add_17_kernel0
                    0.02%  6.7520us         4  1.6880us  1.6640us  1.7600us  fused_negative_3_kernel0
                    0.02%  6.7200us         4  1.6800us  1.5040us  2.1440us  fused_divide_4_kernel0
                    0.02%  6.2400us         4  1.5600us  1.4080us  1.7920us  fused_add_19_kernel0
                    0.02%  6.1440us         4  1.5360us  1.4080us  1.7920us  fused_negative_4_kernel0
                    0.02%  5.8880us         1  5.8880us  5.8880us  5.8880us  fused_nn_softmax_kernel3
                    0.01%  4.8000us         1  4.8000us  4.8000us  4.8000us  fused_nn_global_avg_pool2d_kernel0
                    0.01%  3.6490us         1  3.6490us  3.6490us  3.6490us  fused_nn_softmax_kernel2
                    0.01%  2.9120us         1  2.9120us  2.9120us  2.9120us  fused_add_10_kernel0
                    0.01%  2.8480us         2  1.4240us  1.2480us  1.6000us  fused_expand_dims_kernel0
                    0.01%  2.2730us         1  2.2730us  2.2730us  2.2730us  fused_nn_bias_add_kernel0
                    0.01%  2.1770us         1  2.1770us  2.1770us  2.1770us  fused_sqrt_kernel0
                    0.01%  2.0800us         1  2.0800us  2.0800us  2.0800us  fused_negative_kernel0
                    0.01%  2.0490us         1  2.0490us  2.0490us  2.0490us  fused_divide_kernel0
                    0.01%  1.8560us         1  1.8560us  1.8560us  1.8560us  fused_multiply_6_kernel0
                    0.01%  1.6970us         1  1.6970us  1.6970us  1.6970us  fused_add_11_kernel0
                    0.01%  1.6320us         1  1.6320us  1.6320us  1.6320us  [CUDA memcpy DtoH]
                    0.00%  1.6010us         1  1.6010us  1.6010us  1.6010us  fused_nn_batch_flatten_kernel0
      API calls:   66.06%  339.10ms         1  339.10ms  339.10ms  339.10ms  cuModuleLoadData
                   25.66%  131.71ms       154  855.24us  2.7380us  129.48ms  cudaMalloc
                    4.34%  22.280ms       138  161.45us  5.7140us  5.6545ms  cudaMemcpy
                    2.54%  13.019ms       154  84.539us  2.6420us  3.8166ms  cudaFree
                    1.01%  5.1700ms         1  5.1700ms  5.1700ms  5.1700ms  cuModuleUnload
                    0.23%  1.1627ms       303  3.8370us  3.1050us  21.659us  cuLaunchKernel
                    0.07%  369.33us       708     521ns     306ns  13.555us  cudaSetDevice
                    0.04%  211.57us        97  2.1810us     217ns  88.854us  cuDeviceGetAttribute
                    0.02%  113.56us       303     374ns     298ns  2.3800us  cudaGetDevice
                    0.02%  86.147us         1  86.147us  86.147us  86.147us  cuDeviceTotalMem
                    0.01%  37.780us         1  37.780us  37.780us  37.780us  cuDeviceGetName
                    0.01%  32.063us        89     360ns     240ns  1.9670us  cuModuleGetFunction
                    0.00%  4.0420us         1  4.0420us  4.0420us  4.0420us  cuDeviceGetPCIBusId
                    0.00%  3.2920us         3  1.0970us     695ns  1.3320us  cudaDeviceGetAttribute
                    0.00%  2.0280us         2  1.0140us     271ns  1.7570us  cuDeviceGetCount
                    0.00%     848ns         2     424ns     244ns     604ns  cuDeviceGet
                    0.00%     423ns         1     423ns     423ns     423ns  cuDeviceGetUuid
