==3532== NVPROF is profiling process 3532, command: python3 /home/wml/tvm/tutorials/relay_test_net.py
==3532== Profiling application: python3 /home/wml/tvm/tutorials/relay_test_net.py
==3532== Profiling result:
            Type  Time(%)      Time     Calls       Avg       Min       Max  Name
 GPU activities:   43.27%  15.272ms       137  111.48us     864ns  3.0207ms  [CUDA memcpy HtoD]
                   11.54%  4.0721ms         3  1.3574ms  1.3485ms  1.3664ms  fused_nn_conv2d_kernel0
                    5.65%  1.9933ms         4  498.32us  155.94us  1.5218ms  fused_nn_conv2d_6_kernel2
                    4.37%  1.5436ms         3  514.52us  507.06us  519.60us  fused_nn_conv2d_kernel2
                    3.99%  1.4075ms         1  1.4075ms  1.4075ms  1.4075ms  fused_nn_conv2d_1_kernel0
                    3.96%  1.3994ms         1  1.3994ms  1.3994ms  1.3994ms  fused_nn_conv2d_3_kernel0
                    3.70%  1.3060ms         3  435.32us  431.55us  438.11us  fused_nn_conv2d_2_kernel2
                    3.00%  1.0606ms         1  1.0606ms  1.0606ms  1.0606ms  fused_nn_conv2d_5_kernel0
                    2.95%  1.0396ms         3  346.54us  344.78us  347.53us  fused_nn_conv2d_4_kernel2
                    2.73%  965.29us         3  321.76us  312.78us  338.12us  fused_nn_conv2d_2_kernel0
                    1.41%  499.44us         1  499.44us  499.44us  499.44us  fused_nn_conv2d_7_kernel0
                    1.09%  383.49us         4  95.873us  94.417us  97.169us  fused_nn_conv2d_6_kernel3
                    0.98%  345.51us         4  86.378us  85.458us  86.931us  fused_nn_conv2d_6_kernel1
                    0.68%  240.09us         5  48.018us  47.737us  48.953us  fused_add_6_kernel0
                    0.68%  239.23us         5  47.845us  47.576us  48.120us  fused_nn_relu_3_kernel0
                    0.66%  233.56us         5  46.712us  45.241us  47.704us  fused_multiply_3_kernel0
                    0.63%  221.98us         3  73.993us  69.557us  77.268us  fused_nn_conv2d_4_kernel0
                    0.52%  185.09us         1  185.09us  185.09us  185.09us  fused_add_8_kernel0
                    0.52%  184.87us         1  184.87us  184.87us  184.87us  fused_nn_relu_4_kernel0
                    0.52%  183.91us         1  183.91us  183.91us  183.91us  fused_multiply_4_kernel0
                    0.51%  181.67us         3  60.556us  60.023us  61.015us  fused_nn_conv2d_4_kernel3
                    0.51%  180.87us         3  60.289us  59.735us  61.302us  fused_nn_conv2d_4_kernel1
                    0.49%  173.03us         1  173.03us  173.03us  173.03us  fused_nn_conv2d_11_kernel0
                    0.39%  139.18us         2  69.589us  69.525us  69.653us  fused_add_7_kernel0
                    0.35%  123.56us         1  123.56us  123.56us  123.56us  fused_nn_max_pool2d_kernel0
                    0.31%  109.33us         4  27.332us  26.748us  27.772us  fused_nn_conv2d_6_kernel0
                    0.29%  100.85us         1  100.85us  100.85us  100.85us  fused_nn_conv2d_10_kernel0
                    0.28%  99.088us         4  24.772us  24.412us  24.956us  fused_nn_relu_2_kernel0
                    0.28%  98.288us         4  24.572us  24.028us  25.180us  fused_add_4_kernel0
                    0.26%  92.530us         4  23.132us  22.013us  24.189us  fused_multiply_2_kernel0
                    0.26%  92.083us         3  30.694us  29.692us  31.579us  fused_nn_conv2d_2_kernel1
                    0.26%  91.761us         3  30.587us  30.395us  30.907us  fused_nn_conv2d_2_kernel3
                    0.24%  86.130us         1  86.130us  86.130us  86.130us  fused_nn_conv2d_8_kernel0
                    0.22%  78.963us         1  78.963us  78.963us  78.963us  fused_nn_conv2d_9_kernel0
                    0.19%  66.326us         2  33.163us  33.083us  33.243us  fused_add_5_kernel0
                    0.19%  66.325us         1  66.325us  66.325us  66.325us  fused_nn_dense_kernel0
                    0.16%  55.160us         3  18.386us  18.013us  18.589us  fused_nn_conv2d_kernel1
                    0.15%  53.880us         3  17.960us  17.470us  18.877us  fused_nn_conv2d_kernel3
                    0.11%  37.179us         4  9.2940us  8.7030us  10.558us  fused_multiply_1_kernel0
                    0.10%  36.730us         1  36.730us  36.730us  36.730us  fused_multiply_5_kernel0
                    0.10%  36.443us         1  36.443us  36.443us  36.443us  fused_add_9_kernel0
                    0.09%  33.115us         1  33.115us  33.115us  33.115us  fused_nn_softmax_kernel1
                    0.09%  31.291us         4  7.8220us  7.4870us  8.5750us  fused_add_2_kernel0
                    0.09%  30.907us         2  15.453us  14.334us  16.573us  fused_add_3_kernel0
                    0.08%  28.444us         4  7.1110us  6.9110us  7.2950us  fused_nn_relu_1_kernel0
                    0.06%  20.541us         4  5.1350us  4.7990us  6.1110us  fused_multiply_kernel0
                    0.05%  18.909us        12  1.5750us  1.3440us  1.7920us  fused_multiply_7_kernel0
                    0.05%  18.463us         4  4.6150us  4.4160us  5.1190us  fused_add_kernel0
                    0.05%  17.917us         4  4.4790us  4.4470us  4.5120us  fused_nn_relu_kernel0
                    0.05%  16.379us        12  1.3640us  1.1830us  1.6640us  fused_expand_dims_1_kernel0
                    0.04%  15.325us         2  7.6620us  6.4630us  8.8620us  fused_add_1_kernel0
                    0.04%  15.165us         1  15.165us  15.165us  15.165us  fused_nn_softmax_kernel0
                    0.04%  12.636us         8  1.5790us  1.4710us  1.8230us  fused_multiply_8_kernel0
                    0.03%  12.192us         6  2.0320us  1.9200us  2.1120us  fused_add_12_kernel0
                    0.03%  12.062us         6  2.0100us  1.4720us  2.1440us  fused_sqrt_1_kernel0
                    0.03%  11.996us         6  1.9990us  1.6320us  2.1750us  fused_negative_1_kernel0
                    0.03%  11.967us         8  1.4950us  1.2480us  1.8550us  fused_multiply_9_kernel0
                    0.03%  11.647us         6  1.9410us  1.7590us  2.1440us  fused_divide_1_kernel0
                    0.03%  11.424us         8  1.4280us  1.2800us  1.8240us  fused_multiply_10_kernel0
                    0.03%  11.358us         8  1.4190us  1.2160us  1.9510us  fused_expand_dims_3_kernel0
                    0.03%  11.167us         4  2.7910us  1.4720us  5.7910us  fused_divide_2_kernel0
                    0.03%  10.717us         8  1.3390us  1.2470us  1.6310us  fused_expand_dims_4_kernel0
                    0.03%  10.112us         8  1.2640us  1.2160us  1.6000us  fused_expand_dims_2_kernel0
                    0.03%  10.015us         6  1.6690us  1.3440us  1.7920us  fused_add_13_kernel0
                    0.02%  7.8080us         4  1.9520us  1.8240us  2.1120us  fused_add_18_kernel0
                    0.02%  7.7420us         4  1.9350us  1.7280us  2.1750us  fused_sqrt_4_kernel0
                    0.02%  7.6800us         4  1.9200us  1.6960us  2.0800us  fused_add_16_kernel0
                    0.02%  7.6780us         4  1.9190us  1.7910us  2.1760us  fused_divide_4_kernel0
                    0.02%  7.6130us         4  1.9030us  1.4710us  2.1750us  fused_sqrt_3_kernel0
                    0.02%  7.5520us         4  1.8880us  1.7600us  2.0800us  fused_negative_2_kernel0
                    0.02%  7.4860us         4  1.8710us  1.7590us  2.1440us  fused_add_14_kernel0
                    0.02%  7.4220us         4  1.8550us  1.8230us  1.9510us  fused_sqrt_2_kernel0
                    0.02%  7.1990us         4  1.7990us  1.5040us  2.1760us  fused_divide_3_kernel0
                    0.02%  7.1040us         4  1.7760us  1.6000us  1.8880us  fused_add_19_kernel0
                    0.02%  6.5260us         4  1.6310us  1.4080us  1.8240us  fused_negative_3_kernel0
                    0.02%  6.3970us         4  1.5990us  1.4720us  1.7270us  fused_add_15_kernel0
                    0.02%  6.2070us         1  6.2070us  6.2070us  6.2070us  fused_nn_softmax_kernel3
                    0.02%  6.1750us         4  1.5430us  1.4070us  1.7920us  fused_negative_4_kernel0
                    0.02%  6.1440us         4  1.5360us  1.3760us  1.9520us  fused_add_17_kernel0
                    0.01%  4.9270us         1  4.9270us  4.9270us  4.9270us  fused_nn_global_avg_pool2d_kernel0
                    0.01%  3.6470us         1  3.6470us  3.6470us  3.6470us  fused_nn_softmax_kernel2
                    0.01%  2.9120us         2  1.4560us  1.3120us  1.6000us  fused_expand_dims_kernel0
                    0.01%  2.9110us         1  2.9110us  2.9110us  2.9110us  fused_add_10_kernel0
                    0.01%  2.2400us         1  2.2400us  2.2400us  2.2400us  fused_sqrt_kernel0
                    0.01%  2.2080us         1  2.2080us  2.2080us  2.2080us  fused_nn_bias_add_kernel0
                    0.01%  2.1430us         1  2.1430us  2.1430us  2.1430us  fused_divide_kernel0
                    0.01%  2.0800us         1  2.0800us  2.0800us  2.0800us  fused_negative_kernel0
                    0.01%  2.0150us         1  2.0150us  2.0150us  2.0150us  fused_multiply_6_kernel0
                    0.01%  1.9200us         1  1.9200us  1.9200us  1.9200us  [CUDA memcpy DtoH]
                    0.01%  1.7920us         1  1.7920us  1.7920us  1.7920us  fused_add_11_kernel0
                    0.00%  1.6320us         1  1.6320us  1.6320us  1.6320us  fused_nn_batch_flatten_kernel0
      API calls:   64.95%  334.50ms         1  334.50ms  334.50ms  334.50ms  cuModuleLoadData
                   26.43%  136.11ms       154  883.81us  2.7560us  133.49ms  cudaMalloc
                    4.33%  22.290ms       138  161.53us  5.8610us  5.6388ms  cudaMemcpy
                    3.50%  18.022ms       154  117.03us  2.6460us  6.3421ms  cudaFree
                    0.39%  1.9937ms         1  1.9937ms  1.9937ms  1.9937ms  cuModuleUnload
                    0.24%  1.2505ms       303  4.1270us  3.1150us  26.680us  cuLaunchKernel
                    0.07%  371.92us       708     525ns     324ns  9.2550us  cudaSetDevice
                    0.03%  170.27us        97  1.7550us     192ns  70.838us  cuDeviceGetAttribute
                    0.02%  111.30us       303     367ns     302ns  1.7850us  cudaGetDevice
                    0.01%  73.085us         1  73.085us  73.085us  73.085us  cuDeviceTotalMem
                    0.01%  39.816us         1  39.816us  39.816us  39.816us  cuDeviceGetName
                    0.01%  38.991us        89     438ns     277ns  1.1520us  cuModuleGetFunction
                    0.00%  4.7720us         1  4.7720us  4.7720us  4.7720us  cuDeviceGetPCIBusId
                    0.00%  3.1760us         3  1.0580us     580ns  1.5420us  cudaDeviceGetAttribute
                    0.00%  1.7190us         2     859ns     234ns  1.4850us  cuDeviceGetCount
                    0.00%     806ns         2     403ns     223ns     583ns  cuDeviceGet
                    0.00%     366ns         1     366ns     366ns     366ns  cuDeviceGetUuid
