==3955== NVPROF is profiling process 3955, command: python3 /home/wml/tvm/tutorials/relay_test_net.py
==3955== Profiling application: python3 /home/wml/tvm/tutorials/relay_test_net.py
==3955== Profiling result:
            Type  Time(%)      Time     Calls       Avg       Min       Max  Name
 GPU activities:   47.05%  15.392ms       137  112.35us     864ns  3.1393ms  [CUDA memcpy HtoD]
                   12.42%  4.0648ms         3  1.3549ms  1.3531ms  1.3582ms  fused_nn_conv2d_kernel0
                    4.69%  1.5339ms         3  511.29us  508.11us  517.55us  fused_nn_conv2d_kernel2
                    4.26%  1.3949ms         1  1.3949ms  1.3949ms  1.3949ms  fused_nn_conv2d_1_kernel0
                    3.98%  1.3007ms         3  433.55us  422.06us  452.01us  fused_nn_conv2d_2_kernel2
                    3.15%  1.0316ms         3  343.86us  337.87us  348.24us  fused_nn_conv2d_4_kernel2
                    2.88%  941.66us         3  313.89us  310.20us  318.29us  fused_nn_conv2d_2_kernel0
                    2.25%  736.51us         1  736.51us  736.51us  736.51us  fused_nn_conv2d_3_kernel0
                    1.92%  628.01us         4  157.00us  154.75us  160.19us  fused_nn_conv2d_6_kernel2
                    1.51%  494.12us         1  494.12us  494.12us  494.12us  fused_nn_conv2d_7_kernel0
                    1.50%  490.89us         1  490.89us  490.89us  490.89us  fused_nn_conv2d_5_kernel0
                    1.14%  374.48us         4  93.620us  92.669us  95.004us  fused_nn_conv2d_6_kernel3
                    1.05%  343.54us         4  85.884us  84.956us  87.229us  fused_nn_conv2d_6_kernel1
                    0.74%  241.88us         5  48.375us  47.646us  49.118us  fused_add_6_kernel0
                    0.73%  237.88us         5  47.575us  46.910us  48.222us  fused_nn_relu_3_kernel0
                    0.72%  235.70us         5  47.140us  44.638us  48.510us  fused_multiply_3_kernel0
                    0.66%  214.94us         3  71.645us  68.798us  74.365us  fused_nn_conv2d_4_kernel0
                    0.57%  185.59us         1  185.59us  185.59us  185.59us  fused_add_8_kernel0
                    0.57%  185.18us         1  185.18us  185.18us  185.18us  fused_nn_relu_4_kernel0
                    0.56%  184.70us         1  184.70us  184.70us  184.70us  fused_multiply_4_kernel0
                    0.56%  182.11us         3  60.701us  59.838us  61.662us  fused_nn_conv2d_4_kernel1
                    0.55%  181.43us         3  60.477us  60.029us  61.277us  fused_nn_conv2d_4_kernel3
                    0.51%  167.74us         1  167.74us  167.74us  167.74us  fused_nn_conv2d_11_kernel0
                    0.42%  138.33us         2  69.165us  68.958us  69.373us  fused_add_7_kernel0
                    0.38%  124.06us         1  124.06us  124.06us  124.06us  fused_nn_max_pool2d_kernel0
                    0.33%  107.00us         4  26.750us  25.886us  27.935us  fused_nn_conv2d_6_kernel0
                    0.31%  101.05us         1  101.05us  101.05us  101.05us  fused_nn_conv2d_10_kernel0
                    0.30%  98.492us         4  24.623us  23.967us  25.087us  fused_add_4_kernel0
                    0.30%  98.044us         4  24.511us  24.191us  24.959us  fused_nn_relu_2_kernel0
                    0.29%  93.596us         3  31.198us  30.270us  32.543us  fused_nn_conv2d_2_kernel3
                    0.28%  91.580us         4  22.895us  22.015us  23.839us  fused_multiply_2_kernel0
                    0.28%  90.332us         3  30.110us  29.407us  30.495us  fused_nn_conv2d_2_kernel1
                    0.26%  84.924us         1  84.924us  84.924us  84.924us  fused_nn_conv2d_8_kernel0
                    0.24%  79.229us         1  79.229us  79.229us  79.229us  fused_nn_conv2d_9_kernel0
                    0.21%  68.381us         2  34.190us  33.982us  34.399us  fused_add_5_kernel0
                    0.20%  66.237us         1  66.237us  66.237us  66.237us  fused_nn_dense_kernel0
                    0.17%  54.877us         3  18.292us  18.207us  18.367us  fused_nn_conv2d_kernel1
                    0.16%  52.383us         3  17.461us  16.288us  18.208us  fused_nn_conv2d_kernel3
                    0.11%  37.022us         1  37.022us  37.022us  37.022us  fused_multiply_5_kernel0
                    0.11%  36.576us         4  9.1440us  8.2880us  10.016us  fused_multiply_1_kernel0
                    0.11%  35.422us         1  35.422us  35.422us  35.422us  fused_add_9_kernel0
                    0.10%  32.351us         1  32.351us  32.351us  32.351us  fused_nn_softmax_kernel1
                    0.09%  30.559us         4  7.6390us  7.4880us  7.7750us  fused_add_2_kernel0
                    0.09%  30.079us         2  15.039us  13.695us  16.384us  fused_add_3_kernel0
                    0.09%  27.904us         4  6.9760us  6.8800us  7.1360us  fused_nn_relu_1_kernel0
                    0.06%  19.584us         4  4.8960us  4.3840us  6.2400us  fused_multiply_kernel0
                    0.06%  18.880us        12  1.5730us  1.3120us  1.7600us  fused_multiply_7_kernel0
                    0.06%  18.464us         4  4.6160us  4.4800us  4.8000us  fused_add_kernel0
                    0.05%  17.952us         4  4.4880us  4.4480us  4.5440us  fused_nn_relu_kernel0
                    0.05%  16.223us        12  1.3510us  1.1840us  1.6000us  fused_expand_dims_1_kernel0
                    0.05%  14.846us         2  7.4230us  6.6550us  8.1910us  fused_add_1_kernel0
                    0.04%  14.719us         1  14.719us  14.719us  14.719us  fused_nn_softmax_kernel0
                    0.04%  12.959us         6  2.1590us  1.4720us  2.9760us  fused_divide_1_kernel0
                    0.04%  12.768us         8  1.5960us  1.4400us  1.9520us  fused_multiply_8_kernel0
                    0.04%  12.128us         6  2.0210us  1.4400us  2.1760us  fused_sqrt_1_kernel0
                    0.04%  11.904us         6  1.9840us  1.6640us  2.1440us  fused_negative_1_kernel0
                    0.04%  11.903us         6  1.9830us  1.6640us  2.0800us  fused_add_12_kernel0
                    0.04%  11.871us         8  1.4830us  1.2480us  1.7600us  fused_multiply_10_kernel0
                    0.04%  11.838us         8  1.4790us  1.2150us  1.7920us  fused_multiply_9_kernel0
                    0.03%  11.231us         8  1.4030us  1.2160us  1.6000us  fused_expand_dims_3_kernel0
                    0.03%  10.398us         8  1.2990us  1.2470us  1.6000us  fused_expand_dims_4_kernel0
                    0.03%  10.080us         8  1.2600us  1.1840us  1.5680us  fused_expand_dims_2_kernel0
                    0.03%  9.1520us         6  1.5250us  1.3440us  1.7280us  fused_add_13_kernel0
                    0.03%  8.2870us         4  2.0710us  2.0160us  2.1760us  fused_add_14_kernel0
                    0.03%  8.2240us         4  2.0560us  2.0160us  2.1120us  fused_negative_2_kernel0
                    0.02%  8.1580us         4  2.0390us  1.9510us  2.0800us  fused_add_16_kernel0
                    0.02%  8.0000us         4  2.0000us  1.7920us  2.1760us  fused_divide_3_kernel0
                    0.02%  7.7430us         4  1.9350us  1.6000us  2.2070us  fused_add_18_kernel0
                    0.02%  7.7120us         4  1.9280us  1.5360us  2.2720us  fused_divide_4_kernel0
                    0.02%  7.5520us         4  1.8880us  1.7280us  2.1120us  fused_sqrt_3_kernel0
                    0.02%  7.5520us         4  1.8880us  1.7600us  2.1120us  fused_divide_2_kernel0
                    0.02%  7.3920us         4  1.8480us  1.7920us  2.0160us  fused_add_17_kernel0
                    0.02%  7.2960us         4  1.8240us  1.4400us  2.1120us  fused_sqrt_2_kernel0
                    0.02%  6.9760us         4  1.7440us  1.6960us  1.7920us  fused_negative_4_kernel0
                    0.02%  6.9110us         4  1.7270us  1.6640us  1.7920us  fused_add_15_kernel0
                    0.02%  6.6240us         4  1.6560us  1.5360us  1.7920us  fused_add_19_kernel0
                    0.02%  6.5280us         4  1.6320us  1.3440us  2.1120us  fused_sqrt_4_kernel0
                    0.02%  6.3670us         1  6.3670us  6.3670us  6.3670us  fused_nn_softmax_kernel3
                    0.02%  6.0800us         4  1.5200us  1.4720us  1.6640us  fused_negative_3_kernel0
                    0.02%  4.9600us         1  4.9600us  4.9600us  4.9600us  fused_nn_global_avg_pool2d_kernel0
                    0.01%  3.5840us         1  3.5840us  3.5840us  3.5840us  fused_nn_softmax_kernel2
                    0.01%  2.9440us         1  2.9440us  2.9440us  2.9440us  fused_add_10_kernel0
                    0.01%  2.6560us         2  1.3280us  1.2480us  1.4080us  fused_expand_dims_kernel0
                    0.01%  2.2720us         1  2.2720us  2.2720us  2.2720us  fused_sqrt_kernel0
                    0.01%  2.2720us         1  2.2720us  2.2720us  2.2720us  fused_nn_bias_add_kernel0
                    0.01%  2.0160us         1  2.0160us  2.0160us  2.0160us  fused_negative_kernel0
                    0.01%  2.0160us         1  2.0160us  2.0160us  2.0160us  fused_divide_kernel0
                    0.01%  1.9520us         1  1.9520us  1.9520us  1.9520us  fused_multiply_6_kernel0
                    0.01%  1.7280us         1  1.7280us  1.7280us  1.7280us  fused_add_11_kernel0
                    0.00%  1.6320us         1  1.6320us  1.6320us  1.6320us  [CUDA memcpy DtoH]
                    0.00%  1.6000us         1  1.6000us  1.6000us  1.6000us  fused_nn_batch_flatten_kernel0
      API calls:   65.99%  335.98ms         1  335.98ms  335.98ms  335.98ms  cuModuleLoadData
                   26.16%  133.18ms       154  864.78us  2.7410us  130.93ms  cudaMalloc
                    4.42%  22.513ms       138  163.14us  6.1150us  5.6366ms  cudaMemcpy
                    2.56%  13.040ms       154  84.672us  2.7770us  3.8195ms  cudaFree
                    0.49%  2.5037ms         1  2.5037ms  2.5037ms  2.5037ms  cuModuleUnload
                    0.22%  1.1378ms       303  3.7540us  2.9610us  21.050us  cuLaunchKernel
                    0.07%  354.93us       708     501ns     319ns  8.2980us  cudaSetDevice
                    0.04%  182.97us        97  1.8860us     206ns  74.958us  cuDeviceGetAttribute
                    0.02%  104.57us       303     345ns     303ns     995ns  cudaGetDevice
                    0.02%  81.137us         1  81.137us  81.137us  81.137us  cuDeviceTotalMem
                    0.01%  46.853us         1  46.853us  46.853us  46.853us  cuDeviceGetName
                    0.01%  31.046us        89     348ns     257ns     930ns  cuModuleGetFunction
                    0.00%  7.4540us         1  7.4540us  7.4540us  7.4540us  cuDeviceGetPCIBusId
                    0.00%  3.5870us         3  1.1950us     640ns  1.6330us  cudaDeviceGetAttribute
                    0.00%  1.9640us         2     982ns     279ns  1.6850us  cuDeviceGetCount
                    0.00%     853ns         2     426ns     229ns     624ns  cuDeviceGet
                    0.00%     402ns         1     402ns     402ns     402ns  cuDeviceGetUuid
