==3458== NVPROF is profiling process 3458, command: python3 /home/wml/tvm/tutorials/relay_test_net.py
==3458== Profiling application: python3 /home/wml/tvm/tutorials/relay_test_net.py
==3458== Profiling result:
            Type  Time(%)      Time     Calls       Avg       Min       Max  Name
 GPU activities:   46.81%  15.287ms       137  111.58us     895ns  3.0255ms  [CUDA memcpy HtoD]
                   12.48%  4.0765ms         3  1.3588ms  1.3540ms  1.3662ms  fused_nn_conv2d_kernel0
                    4.69%  1.5326ms         3  510.88us  507.93us  512.98us  fused_nn_conv2d_kernel2
                    4.30%  1.4055ms         1  1.4055ms  1.4055ms  1.4055ms  fused_nn_conv2d_1_kernel0
                    3.98%  1.3003ms         3  433.42us  423.31us  446.38us  fused_nn_conv2d_2_kernel2
                    3.15%  1.0287ms         3  342.90us  338.29us  351.05us  fused_nn_conv2d_4_kernel2
                    2.89%  944.16us         3  314.72us  311.70us  318.17us  fused_nn_conv2d_2_kernel0
                    2.24%  732.01us         1  732.01us  732.01us  732.01us  fused_nn_conv2d_3_kernel0
                    1.94%  634.12us         4  158.53us  155.79us  159.91us  fused_nn_conv2d_6_kernel2
                    1.52%  497.50us         1  497.50us  497.50us  497.50us  fused_nn_conv2d_5_kernel0
                    1.52%  497.15us         1  497.15us  497.15us  497.15us  fused_nn_conv2d_7_kernel0
                    1.18%  386.14us         4  96.536us  92.705us  98.303us  fused_nn_conv2d_6_kernel3
                    1.05%  341.29us         4  85.323us  84.132us  85.795us  fused_nn_conv2d_6_kernel1
                    0.74%  240.40us         5  48.080us  47.280us  49.040us  fused_add_6_kernel0
                    0.73%  238.26us         5  47.651us  47.153us  47.888us  fused_nn_relu_3_kernel0
                    0.72%  234.39us         5  46.877us  45.489us  47.376us  fused_multiply_3_kernel0
                    0.68%  221.14us         3  73.714us  68.425us  78.118us  fused_nn_conv2d_4_kernel0
                    0.57%  185.67us         1  185.67us  185.67us  185.67us  fused_add_8_kernel0
                    0.56%  184.26us         1  184.26us  184.26us  184.26us  fused_nn_relu_4_kernel0
                    0.56%  183.81us         1  183.81us  183.81us  183.81us  fused_multiply_4_kernel0
                    0.55%  180.58us         3  60.193us  60.044us  60.364us  fused_nn_conv2d_4_kernel3
                    0.55%  179.65us         3  59.883us  59.116us  60.363us  fused_nn_conv2d_4_kernel1
                    0.52%  168.36us         1  168.36us  168.36us  168.36us  fused_nn_conv2d_11_kernel0
                    0.42%  138.67us         2  69.337us  68.873us  69.801us  fused_add_7_kernel0
                    0.38%  122.94us         1  122.94us  122.94us  122.94us  fused_nn_max_pool2d_kernel0
                    0.33%  108.96us         4  27.238us  26.583us  27.862us  fused_nn_conv2d_6_kernel0
                    0.31%  101.12us         1  101.12us  101.12us  101.12us  fused_nn_conv2d_10_kernel0
                    0.30%  97.888us         4  24.472us  24.056us  24.792us  fused_nn_relu_2_kernel0
                    0.30%  96.512us         4  24.128us  23.768us  24.632us  fused_add_4_kernel0
                    0.28%  92.737us         4  23.184us  22.232us  23.928us  fused_multiply_2_kernel0
                    0.28%  91.010us         3  30.336us  30.102us  30.486us  fused_nn_conv2d_2_kernel3
                    0.27%  89.441us         3  29.813us  29.654us  30.069us  fused_nn_conv2d_2_kernel1
                    0.26%  84.740us         1  84.740us  84.740us  84.740us  fused_nn_conv2d_8_kernel0
                    0.25%  81.829us         1  81.829us  81.829us  81.829us  fused_nn_conv2d_9_kernel0
                    0.21%  67.146us         2  33.573us  33.237us  33.909us  fused_add_5_kernel0
                    0.20%  66.282us         1  66.282us  66.282us  66.282us  fused_nn_dense_kernel0
                    0.17%  56.014us         3  18.671us  18.522us  18.874us  fused_nn_conv2d_kernel1
                    0.17%  54.476us         3  18.158us  18.009us  18.266us  fused_nn_conv2d_kernel3
                    0.11%  36.500us         1  36.500us  36.500us  36.500us  fused_multiply_5_kernel0
                    0.11%  35.956us         4  8.9890us  8.3810us  9.9170us  fused_multiply_1_kernel0
                    0.11%  35.860us         1  35.860us  35.860us  35.860us  fused_add_9_kernel0
                    0.10%  32.981us         1  32.981us  32.981us  32.981us  fused_nn_softmax_kernel1
                    0.09%  30.708us         4  7.6770us  7.5810us  7.9010us  fused_add_2_kernel0
                    0.09%  29.365us         2  14.682us  13.339us  16.026us  fused_add_3_kernel0
                    0.09%  29.334us         4  7.3330us  7.2940us  7.4210us  fused_nn_relu_1_kernel0
                    0.06%  19.674us         4  4.9180us  4.4790us  6.2060us  fused_multiply_kernel0
                    0.06%  19.196us        12  1.5990us  1.3430us  1.8230us  fused_multiply_7_kernel0
                    0.06%  18.970us         4  4.7420us  4.1900us  5.9180us  fused_nn_relu_kernel0
                    0.06%  18.842us         4  4.7100us  4.6060us  4.8630us  fused_add_kernel0
                    0.05%  16.634us        12  1.3860us  1.2150us  1.6310us  fused_expand_dims_1_kernel0
                    0.05%  14.971us         1  14.971us  14.971us  14.971us  fused_nn_softmax_kernel0
                    0.05%  14.748us         2  7.3740us  6.7180us  8.0300us  fused_add_1_kernel0
                    0.04%  14.298us         8  1.7870us  1.2790us  3.2300us  fused_multiply_10_kernel0
                    0.04%  13.149us         6  2.1910us  1.4720us  3.1350us  fused_divide_1_kernel0
                    0.04%  12.829us         8  1.6030us  1.4080us  1.9190us  fused_multiply_8_kernel0
                    0.04%  12.412us         6  2.0680us  1.9510us  2.2070us  fused_negative_1_kernel0
                    0.04%  12.317us         6  2.0520us  1.7280us  2.1750us  fused_sqrt_1_kernel0
                    0.04%  11.869us         6  1.9780us  1.6310us  2.0800us  fused_add_12_kernel0
                    0.04%  11.708us         8  1.4630us  1.2470us  1.9830us  fused_expand_dims_4_kernel0
                    0.03%  11.355us         8  1.4190us  1.2150us  1.8230us  fused_multiply_9_kernel0
                    0.03%  11.003us         8  1.3750us  1.2150us  1.6000us  fused_expand_dims_3_kernel0
                    0.03%  10.939us         8  1.3670us  1.2150us  1.6000us  fused_expand_dims_2_kernel0
                    0.03%  9.8540us         6  1.6420us  1.4400us  1.7600us  fused_add_13_kernel0
                    0.03%  8.7010us         4  2.1750us  2.1750us  2.1760us  fused_divide_4_kernel0
                    0.02%  8.1570us         4  2.0390us  2.0150us  2.0480us  fused_add_14_kernel0
                    0.02%  7.3590us         4  1.8390us  1.6630us  2.1120us  fused_add_18_kernel0
                    0.02%  7.3260us         4  1.8310us  1.7270us  2.0800us  fused_sqrt_2_kernel0
                    0.02%  7.2940us         4  1.8230us  1.6960us  2.1110us  fused_negative_2_kernel0
                    0.02%  7.2600us         4  1.8150us  1.6950us  2.0790us  fused_add_16_kernel0
                    0.02%  7.2300us         4  1.8070us  1.5040us  2.1760us  fused_divide_2_kernel0
                    0.02%  7.1990us         4  1.7990us  1.6310us  2.1440us  fused_sqrt_4_kernel0
                    0.02%  7.1340us         4  1.7830us  1.7600us  1.8230us  fused_negative_4_kernel0
                    0.02%  7.0390us         4  1.7590us  1.5360us  2.1750us  fused_divide_3_kernel0
                    0.02%  7.0380us         4  1.7590us  1.6960us  1.9190us  fused_add_17_kernel0
                    0.02%  6.8780us         4  1.7190us  1.5360us  2.1110us  fused_sqrt_3_kernel0
                    0.02%  6.7180us         4  1.6790us  1.5990us  1.7910us  fused_add_19_kernel0
                    0.02%  6.2680us         4  1.5670us  1.3750us  1.8230us  fused_negative_3_kernel0
                    0.02%  6.1420us         4  1.5350us  1.4390us  1.7600us  fused_add_15_kernel0
                    0.02%  5.9180us         1  5.9180us  5.9180us  5.9180us  fused_nn_softmax_kernel3
                    0.01%  4.8300us         1  4.8300us  4.8300us  4.8300us  fused_nn_global_avg_pool2d_kernel0
                    0.01%  3.5830us         1  3.5830us  3.5830us  3.5830us  fused_nn_softmax_kernel2
                    0.01%  2.9430us         1  2.9430us  2.9430us  2.9430us  fused_add_10_kernel0
                    0.01%  2.8800us         2  1.4400us  1.2800us  1.6000us  fused_expand_dims_kernel0
                    0.01%  2.2710us         1  2.2710us  2.2710us  2.2710us  fused_nn_bias_add_kernel0
                    0.01%  2.1760us         1  2.1760us  2.1760us  2.1760us  [CUDA memcpy DtoH]
                    0.01%  2.1750us         1  2.1750us  2.1750us  2.1750us  fused_sqrt_kernel0
                    0.01%  2.0150us         1  2.0150us  2.0150us  2.0150us  fused_negative_kernel0
                    0.01%  1.9830us         1  1.9830us  1.9830us  1.9830us  fused_divide_kernel0
                    0.01%  1.8550us         1  1.8550us  1.8550us  1.8550us  fused_multiply_6_kernel0
                    0.01%  1.7280us         1  1.7280us  1.7280us  1.7280us  fused_add_11_kernel0
                    0.00%  1.6310us         1  1.6310us  1.6310us  1.6310us  fused_nn_batch_flatten_kernel0
      API calls:   67.77%  360.55ms         1  360.55ms  360.55ms  360.55ms  cuModuleLoadData
                   24.71%  131.48ms       154  853.77us  2.8590us  129.23ms  cudaMalloc
                    4.19%  22.279ms       138  161.44us  5.7910us  5.6418ms  cudaMemcpy
                    2.46%  13.078ms       154  84.920us  2.6610us  3.8372ms  cudaFree
                    0.51%  2.6952ms         1  2.6952ms  2.6952ms  2.6952ms  cuModuleUnload
                    0.22%  1.1446ms       303  3.7770us  3.0010us  21.772us  cuLaunchKernel
                    0.07%  347.68us       708     491ns     307ns  8.5920us  cudaSetDevice
                    0.04%  195.49us        97  2.0150us     228ns  80.961us  cuDeviceGetAttribute
                    0.02%  102.04us       303     336ns     297ns     940ns  cudaGetDevice
                    0.02%  87.056us         1  87.056us  87.056us  87.056us  cuDeviceTotalMem
                    0.01%  47.506us         1  47.506us  47.506us  47.506us  cuDeviceGetName
                    0.01%  31.511us        89     354ns     257ns  1.5600us  cuModuleGetFunction
                    0.00%  5.1870us         1  5.1870us  5.1870us  5.1870us  cuDeviceGetPCIBusId
                    0.00%  3.3010us         3  1.1000us     664ns  1.4110us  cudaDeviceGetAttribute
                    0.00%  2.6020us         2  1.3010us     298ns  2.3040us  cuDeviceGetCount
                    0.00%     936ns         2     468ns     273ns     663ns  cuDeviceGet
                    0.00%     483ns         1     483ns     483ns     483ns  cuDeviceGetUuid
