==23833== NVPROF is profiling process 23833, command: python3 /home/wml/tvm/tutorials/relay_test_net.py
==23833== Profiling application: python3 /home/wml/tvm/tutorials/relay_test_net.py
==23833== Profiling result:
            Type  Time(%)      Time     Calls       Avg       Min       Max  Name
 GPU activities:   29.95%  31.362ms       567  55.311us     864ns  2.6426ms  [CUDA memcpy HtoD]
                    7.54%  7.8978ms        12  658.15us  555.85us  1.1568ms  fused_nn_conv2d_3_kernel0
                    4.84%  5.0634ms         1  5.0634ms  5.0634ms  5.0634ms  fused_nn_conv2d_8_kernel0
                    4.18%  4.3732ms         4  1.0933ms  1.0744ms  1.0997ms  fused_nn_conv2d_32_kernel0
                    4.14%  4.3382ms         4  1.0846ms  1.0761ms  1.1001ms  fused_nn_conv2d_31_kernel0
                    3.00%  3.1405ms         1  3.1405ms  3.1405ms  3.1405ms  fused_nn_conv2d_4_kernel0
                    2.67%  2.7971ms         2  1.3986ms  832.65us  1.9644ms  fused_nn_conv2d_29_kernel0
                    2.65%  2.7706ms         4  692.64us  679.24us  717.48us  fused_nn_conv2d_27_kernel0
                    2.62%  2.7444ms         4  686.10us  668.20us  715.66us  fused_nn_conv2d_30_kernel0
                    2.27%  2.3762ms         2  1.1881ms  1.1872ms  1.1890ms  fused_nn_conv2d_37_kernel0
                    2.14%  2.2386ms         2  1.1193ms  570.60us  1.6680ms  fused_nn_conv2d_22_kernel0
                    1.76%  1.8406ms         2  920.32us  913.33us  927.31us  fused_nn_conv2d_26_kernel0
                    1.74%  1.8178ms         1  1.8178ms  1.8178ms  1.8178ms  fused_nn_conv2d_10_kernel0
                    1.72%  1.8007ms         4  450.18us  447.11us  452.94us  fused_nn_conv2d_28_kernel0
                    1.66%  1.7420ms         4  435.51us  282.47us  889.62us  fused_nn_conv2d_34_kernel0
                    1.49%  1.5558ms         3  518.59us  507.98us  529.42us  fused_nn_conv2d_13_kernel0
                    1.35%  1.4165ms         2  708.27us  706.54us  710.00us  fused_nn_conv2d_37_kernel2
                    1.22%  1.2751ms         7  182.15us  27.649us  1.1063ms  fused_nn_relu_10_kernel0
                    1.08%  1.1323ms         4  283.08us  277.67us  287.81us  fused_nn_conv2d_36_kernel0
                    1.04%  1.0909ms         2  545.47us  544.97us  545.96us  fused_nn_conv2d_25_kernel0
                    0.98%  1.0313ms         4  257.82us  255.08us  261.44us  fused_nn_conv2d_5_kernel0
                    0.92%  962.58us         2  481.29us  479.79us  482.79us  fused_nn_conv2d_23_kernel0
                    0.71%  747.98us         3  249.33us  248.04us  251.01us  fused_nn_conv2d_6_kernel0
                    0.68%  706.86us         4  176.72us  173.28us  179.97us  fused_nn_conv2d_16_kernel2
                    0.65%  683.53us         3  227.84us  221.12us  239.84us  fused_nn_conv2d_15_kernel2
                    0.64%  667.24us         1  667.24us  667.24us  667.24us  fused_nn_conv2d_24_kernel0
                    0.64%  667.08us         1  667.08us  667.08us  667.08us  fused_nn_conv2d_21_kernel0
                    0.62%  648.27us         1  648.27us  648.27us  648.27us  fused_nn_conv2d_11_kernel0
                    0.54%  567.21us         4  141.80us  140.58us  143.71us  fused_nn_avg_pool2d_4_kernel0
                    0.54%  564.59us         1  564.59us  564.59us  564.59us  fused_nn_conv2d_kernel0
                    0.43%  455.08us         1  455.08us  455.08us  455.08us  fused_nn_conv2d_41_kernel0
                    0.42%  435.11us         1  435.11us  435.11us  435.11us  fused_nn_conv2d_20_kernel0
                    0.40%  418.44us         1  418.44us  418.44us  418.44us  fused_nn_conv2d_40_kernel0
                    0.38%  400.81us         1  400.81us  400.81us  400.81us  fused_nn_conv2d_9_kernel0
                    0.36%  374.50us         1  374.50us  374.50us  374.50us  fused_nn_conv2d_2_kernel0
                    0.34%  355.59us         2  177.80us  176.29us  179.30us  fused_nn_conv2d_7_kernel0
                    0.33%  342.82us         1  342.82us  342.82us  342.82us  fused_nn_conv2d_42_kernel0
                    0.31%  321.09us         1  321.09us  321.09us  321.09us  fused_add_6_kernel0
                    0.31%  319.75us         1  319.75us  319.75us  319.75us  fused_multiply_6_kernel0
                    0.30%  318.82us         1  318.82us  318.82us  318.82us  fused_nn_relu_6_kernel0
                    0.30%  310.21us         1  310.21us  310.21us  310.21us  fused_nn_conv2d_33_kernel0
                    0.28%  295.30us         1  295.30us  295.30us  295.30us  fused_nn_conv2d_38_kernel0
                    0.28%  292.93us         4  73.233us  72.833us  73.729us  fused_nn_conv2d_16_kernel3
                    0.27%  281.00us        26  10.807us  9.8570us  11.872us  fused_multiply_1_kernel0
                    0.24%  250.92us         1  250.92us  250.92us  250.92us  fused_nn_conv2d_1_kernel0
                    0.23%  237.45us         1  237.45us  237.45us  237.45us  fused_nn_conv2d_12_kernel0
                    0.22%  234.82us         1  234.82us  234.82us  234.82us  fused_nn_dense_kernel0
                    0.22%  229.29us         1  229.29us  229.29us  229.29us  fused_nn_conv2d_19_kernel0
                    0.21%  224.80us        12  18.733us  18.368us  19.617us  fused_add_3_kernel0
                    0.21%  223.65us         1  223.65us  223.65us  223.65us  fused_add_4_kernel0
                    0.21%  222.69us         1  222.69us  222.69us  222.69us  fused_nn_relu_4_kernel0
                    0.21%  222.50us        12  18.541us  17.728us  19.393us  fused_nn_relu_3_kernel0
                    0.21%  221.19us         3  73.729us  73.345us  74.465us  fused_nn_conv2d_15_kernel1
                    0.21%  220.16us         1  220.16us  220.16us  220.16us  fused_multiply_4_kernel0
                    0.21%  220.13us         3  73.377us  73.186us  73.473us  fused_nn_conv2d_15_kernel3
                    0.21%  215.75us         1  215.75us  215.75us  215.75us  fused_nn_avg_pool2d_3_kernel0
                    0.21%  215.33us         1  215.33us  215.33us  215.33us  fused_nn_conv2d_39_kernel0
                    0.20%  210.63us         4  52.657us  51.969us  53.633us  fused_concatenate_2_kernel0
                    0.20%  207.59us         1  207.59us  207.59us  207.59us  fused_nn_max_pool2d_1_kernel0
                    0.19%  203.43us        26  7.8240us  7.5200us  8.3210us  fused_add_1_kernel0
                    0.19%  198.85us         7  28.407us  27.777us  29.120us  fused_add_20_kernel0
                    0.19%  198.53us         4  49.633us  49.249us  50.273us  fused_nn_conv2d_16_kernel1
                    0.19%  195.91us        12  16.325us  15.617us  17.184us  fused_multiply_3_kernel0
                    0.18%  191.49us         1  191.49us  191.49us  191.49us  fused_nn_avg_pool2d_2_kernel0
                    0.18%  191.43us        26  7.3620us  7.0400us  7.6800us  fused_nn_relu_1_kernel0
                    0.18%  190.37us         1  190.37us  190.37us  190.37us  fused_nn_conv2d_18_kernel0
                    0.18%  188.64us         1  188.64us  188.64us  188.64us  fused_nn_conv2d_35_kernel0
                    0.17%  183.01us         7  26.144us  25.249us  27.264us  fused_multiply_15_kernel0
                    0.16%  164.87us         2  82.433us  82.242us  82.625us  fused_concatenate_4_kernel0
                    0.16%  164.20us         1  164.20us  164.20us  164.20us  fused_add_8_kernel0
                    0.16%  163.94us         1  163.94us  163.94us  163.94us  fused_nn_relu_8_kernel0
                    0.16%  163.04us         1  163.04us  163.04us  163.04us  fused_multiply_8_kernel0
                    0.15%  159.11us         1  159.11us  159.11us  159.11us  fused_nn_relu_7_kernel0
                    0.15%  159.04us         1  159.04us  159.04us  159.04us  fused_add_7_kernel0
                    0.15%  157.73us         1  157.73us  157.73us  157.73us  fused_multiply_7_kernel0
                    0.15%  155.81us         1  155.81us  155.81us  155.81us  fused_nn_conv2d_14_kernel0
                    0.14%  147.88us         1  147.88us  147.88us  147.88us  fused_nn_max_pool2d_kernel0
                    0.14%  143.30us         1  143.30us  143.30us  143.30us  fused_nn_avg_pool2d_1_kernel0
                    0.11%  116.71us         3  38.902us  37.729us  39.809us  fused_nn_conv2d_15_kernel0
                    0.10%  109.76us        12  9.1460us  8.8320us  9.6000us  fused_multiply_22_kernel0
                    0.10%  106.50us         1  106.50us  106.50us  106.50us  fused_nn_conv2d_17_kernel0
                    0.09%  99.105us         4  24.776us  24.289us  25.216us  fused_nn_conv2d_16_kernel0
                    0.09%  98.818us         1  98.818us  98.818us  98.818us  fused_nn_relu_5_kernel0
                    0.09%  98.721us         1  98.721us  98.721us  98.721us  fused_add_5_kernel0
                    0.09%  96.545us         1  96.545us  96.545us  96.545us  fused_multiply_5_kernel0
                    0.08%  82.593us        12  6.8820us  6.7520us  7.0720us  fused_add_30_kernel0
                    0.07%  75.203us        12  6.2660us  6.0490us  6.6240us  fused_nn_relu_14_kernel0
                    0.07%  72.961us         1  72.961us  72.961us  72.961us  fused_concatenate_5_kernel0
                    0.07%  72.352us        60  1.2050us  1.0880us  1.6000us  fused_expand_dims_3_kernel0
                    0.06%  59.617us         2  29.808us  29.409us  30.208us  fused_concatenate_kernel0
                    0.06%  58.305us         1  58.305us  58.305us  58.305us  fused_nn_max_pool2d_2_kernel0
                    0.05%  56.416us        12  4.7010us  3.8720us  5.3440us  fused_multiply_26_kernel0
                    0.05%  52.384us        30  1.7460us  1.5680us  2.0480us  fused_add_15_kernel0
                    0.05%  50.497us        30  1.6830us  1.3120us  2.0160us  fused_sqrt_3_kernel0
                    0.05%  49.953us        30  1.6650us  1.3440us  2.0800us  fused_divide_3_kernel0
                    0.05%  49.729us         1  49.729us  49.729us  49.729us  fused_concatenate_3_kernel0
                    0.04%  44.961us        30  1.4980us  1.2800us  1.7280us  fused_add_16_kernel0
                    0.04%  44.032us        12  3.6690us  3.4240us  3.9360us  fused_add_36_kernel0
                    0.04%  43.489us         1  43.489us  43.489us  43.489us  fused_nn_max_pool2d_4_kernel0
                    0.04%  43.394us        30  1.4460us  1.2480us  2.0480us  fused_negative_3_kernel0
                    0.04%  42.049us         6  7.0080us  6.5600us  7.5210us  fused_multiply_20_kernel0
                    0.04%  41.089us        12  3.4240us  3.2640us  3.6480us  fused_nn_relu_16_kernel0
                    0.04%  38.945us        30  1.2980us  1.0880us  1.8560us  fused_multiply_12_kernel0
                    0.04%  38.208us         1  38.208us  38.208us  38.208us  fused_nn_avg_pool2d_kernel0
                    0.03%  35.073us         3  11.691us  11.424us  12.161us  fused_multiply_13_kernel0
                    0.03%  33.888us         6  5.6480us  5.4080us  5.8880us  fused_add_27_kernel0
                    0.03%  32.993us         2  16.496us  16.257us  16.736us  fused_nn_conv2d_37_kernel1
                    0.03%  32.384us         6  5.3970us  5.2160us  5.5680us  fused_nn_relu_13_kernel0
                    0.03%  32.290us        26  1.2410us  1.0880us  1.6320us  fused_expand_dims_1_kernel0
                    0.03%  32.256us         1  32.256us  32.256us  32.256us  fused_nn_max_pool2d_3_kernel0
                    0.03%  31.744us        26  1.2200us  1.1200us  1.6000us  fused_expand_dims_6_kernel0
                    0.03%  29.792us         1  29.792us  29.792us  29.792us  fused_nn_softmax_kernel1
                    0.03%  29.187us        24  1.2160us  1.0880us  1.5040us  fused_expand_dims_8_kernel0
                    0.03%  29.025us         2  14.512us  14.433us  14.592us  fused_nn_conv2d_37_kernel3
                    0.03%  27.104us         1  27.104us  27.104us  27.104us  fused_nn_relu_2_kernel0
                    0.03%  26.849us         3  8.9490us  8.5760us  9.3120us  fused_add_17_kernel0
                    0.03%  26.752us        13  2.0570us  1.5360us  5.3120us  fused_negative_1_kernel0
                    0.03%  26.657us         1  26.657us  26.657us  26.657us  fused_add_2_kernel0
                    0.03%  26.240us         1  26.240us  26.240us  26.240us  fused_nn_avg_pool2d_5_kernel0
                    0.02%  25.664us         3  8.5540us  8.1920us  9.1200us  fused_nn_relu_9_kernel0
                    0.02%  23.777us        13  1.8290us  1.3760us  2.0480us  fused_divide_1_kernel0
                    0.02%  23.424us        13  1.8010us  1.5360us  1.9520us  fused_add_11_kernel0
                    0.02%  23.328us         1  23.328us  23.328us  23.328us  fused_multiply_2_kernel0
                    0.02%  23.073us        13  1.7740us  1.3120us  2.0490us  fused_sqrt_1_kernel0
                    0.02%  22.529us        13  1.7330us  1.5680us  1.9840us  fused_add_24_kernel0
                    0.02%  22.305us        13  1.7150us  1.3760us  2.1440us  fused_divide_6_kernel0
                    0.02%  21.600us        12  1.8000us  1.3440us  2.0800us  fused_divide_8_kernel0
                    0.02%  21.505us        13  1.6540us  1.3440us  2.0480us  fused_sqrt_6_kernel0
                    0.02%  21.056us        13  1.6190us  1.3760us  1.8880us  fused_multiply_10_kernel0
                    0.02%  20.576us        12  1.7140us  1.5680us  2.0160us  fused_add_31_kernel0
                    0.02%  19.872us        16  1.2420us  1.0880us  1.5680us  fused_expand_dims_5_kernel0
                    0.02%  19.776us        13  1.5210us  1.3120us  1.7600us  fused_add_25_kernel0
                    0.02%  19.585us        13  1.5060us  1.2800us  1.9840us  fused_negative_6_kernel0
                    0.02%  19.361us        13  1.4890us  1.2480us  1.6320us  fused_add_12_kernel0
                    0.02%  19.104us        12  1.5920us  1.3440us  1.9840us  fused_sqrt_8_kernel0
                    0.02%  17.569us         1  17.569us  17.569us  17.569us  fused_concatenate_1_kernel0
                    0.02%  17.504us        12  1.4580us  1.3440us  1.6320us  fused_add_32_kernel0
                    0.02%  17.504us        13  1.3460us  1.1200us  1.9200us  fused_multiply_18_kernel0
                    0.02%  16.928us        12  1.4100us  1.2480us  1.7280us  fused_negative_8_kernel0
                    0.02%  15.904us        12  1.3250us  1.0880us  1.5680us  fused_multiply_23_kernel0
                    0.01%  14.881us         8  1.8600us  1.6000us  2.0480us  fused_divide_5_kernel0
                    0.01%  14.848us         8  1.8560us  1.6640us  2.0160us  fused_add_21_kernel0
                    0.01%  14.848us         8  1.8560us  1.3440us  2.0160us  fused_negative_5_kernel0
                    0.01%  14.368us         8  1.7960us  1.3120us  1.9840us  fused_sqrt_5_kernel0
                    0.01%  14.240us        12  1.1860us  1.0880us  1.5040us  fused_expand_dims_7_kernel0
                    0.01%  14.048us         3  4.6820us  4.5120us  4.9600us  fused_multiply_kernel0
                    0.01%  13.888us         1  13.888us  13.888us  13.888us  fused_nn_softmax_kernel0
                    0.01%  13.024us         8  1.6280us  1.0880us  1.8240us  fused_multiply_16_kernel0
                    0.01%  12.321us         8  1.5400us  1.2480us  1.6330us  fused_add_22_kernel0
                    0.01%  12.192us         2  6.0960us  5.7920us  6.4000us  fused_multiply_27_kernel0
                    0.01%  10.720us         3  3.5730us  3.5520us  3.5840us  fused_add_kernel0
                    0.01%  10.624us         6  1.7700us  1.6320us  1.9840us  fused_add_28_kernel0
                    0.01%  10.304us         6  1.7170us  1.3760us  1.9840us  fused_sqrt_7_kernel0
                    0.01%  9.9850us         3  3.3280us  3.2960us  3.3610us  fused_nn_relu_kernel0
                    0.01%  9.9840us         6  1.6640us  1.3120us  1.9840us  fused_divide_7_kernel0
                    0.01%  9.1520us         3  3.0500us  2.9760us  3.1360us  fused_multiply_25_kernel0
                    0.01%  9.1200us         2  4.5600us  4.5440us  4.5760us  fused_add_37_kernel0
                    0.01%  8.7360us         3  2.9120us  1.6320us  5.0240us  fused_sqrt_kernel0
                    0.01%  8.5440us         6  1.4240us  1.2480us  1.6640us  fused_negative_7_kernel0
                    0.01%  8.4800us         6  1.4130us  1.2480us  1.6640us  fused_add_29_kernel0
                    0.01%  8.4490us         2  4.2240us  4.1920us  4.2570us  fused_nn_relu_17_kernel0
                    0.01%  8.1280us         6  1.3540us  1.1200us  1.5040us  fused_multiply_21_kernel0
                    0.01%  7.8400us         6  1.3060us  1.1200us  1.5040us  fused_expand_dims_9_kernel0
                    0.01%  7.7440us         1  7.7440us  7.7440us  7.7440us  fused_multiply_17_kernel0
                    0.01%  7.6800us         6  1.2800us  1.0880us  1.5040us  fused_expand_dims_4_kernel0
                    0.01%  7.5520us         6  1.2580us  1.1520us  1.4720us  fused_expand_dims_kernel0
                    0.01%  7.1040us         3  2.3680us  2.3680us  2.3680us  fused_add_35_kernel0
                    0.01%  6.7520us         3  2.2500us  2.2400us  2.2720us  fused_nn_relu_15_kernel0
                    0.01%  6.1440us         1  6.1440us  6.1440us  6.1440us  fused_multiply_19_kernel0
                    0.01%  6.1120us         3  2.0370us  2.0160us  2.0480us  fused_divide_9_kernel0
                    0.01%  6.1120us         3  2.0370us  2.0160us  2.0800us  fused_add_33_kernel0
                    0.01%  6.0800us         1  6.0800us  6.0800us  6.0800us  fused_add_23_kernel0
                    0.01%  5.9520us         3  1.9840us  1.9840us  1.9840us  fused_divide_4_kernel0
                    0.01%  5.8880us         3  1.9620us  1.9520us  1.9840us  fused_sqrt_4_kernel0
                    0.01%  5.8560us         3  1.9520us  1.9200us  2.0160us  fused_add_18_kernel0
                    0.01%  5.6960us         3  1.8980us  1.7280us  1.9840us  fused_sqrt_9_kernel0
                    0.01%  5.6000us         1  5.6000us  5.6000us  5.6000us  fused_nn_softmax_kernel3
                    0.01%  5.6000us         1  5.6000us  5.6000us  5.6000us  fused_nn_relu_11_kernel0
                    0.01%  5.5360us         3  1.8450us  1.6640us  2.0800us  fused_negative_kernel0
                    0.01%  5.5360us         3  1.8450us  1.7280us  1.9200us  fused_add_9_kernel0
                    0.01%  5.4400us         3  1.8130us  1.4080us  2.0480us  fused_divide_kernel0
                    0.01%  5.2800us         4  1.3200us  1.1200us  1.5040us  fused_expand_dims_10_kernel0
                    0.00%  5.1520us         3  1.7170us  1.6640us  1.7920us  fused_add_34_kernel0
                    0.00%  4.9920us         3  1.6640us  1.6640us  1.6640us  fused_negative_9_kernel0
                    0.00%  4.9600us         3  1.6530us  1.6320us  1.6960us  fused_add_19_kernel0
                    0.00%  4.8960us         3  1.6320us  1.6320us  1.6320us  fused_add_10_kernel0
                    0.00%  4.8960us         3  1.6320us  1.6000us  1.6960us  fused_negative_4_kernel0
                    0.00%  4.8320us         3  1.6100us  1.4720us  1.7600us  fused_multiply_9_kernel0
                    0.00%  4.7680us         1  4.7680us  4.7680us  4.7680us  fused_add_26_kernel0
                    0.00%  4.7360us         3  1.5780us  1.5040us  1.6320us  fused_multiply_14_kernel0
                    0.00%  4.5120us         3  1.5040us  1.5040us  1.5040us  fused_multiply_24_kernel0
                    0.00%  4.4480us         1  4.4480us  4.4480us  4.4480us  fused_nn_relu_12_kernel0
                    0.00%  4.0320us         2  2.0160us  2.0160us  2.0160us  fused_divide_10_kernel0
                    0.00%  4.0000us         2  2.0000us  1.9840us  2.0160us  fused_add_38_kernel0
                    0.00%  3.9680us         2  1.9840us  1.9840us  1.9840us  fused_sqrt_10_kernel0
                    0.00%  3.3600us         2  1.6800us  1.6640us  1.6960us  fused_negative_10_kernel0
                    0.00%  3.3600us         2  1.6800us  1.6640us  1.6960us  fused_add_39_kernel0
                    0.00%  3.3280us         1  3.3280us  3.3280us  3.3280us  fused_nn_softmax_kernel2
                    0.00%  3.0720us         2  1.5360us  1.5360us  1.5360us  fused_multiply_28_kernel0
                    0.00%  2.5600us         2  1.2800us  1.0880us  1.4720us  fused_expand_dims_2_kernel0
                    0.00%  2.1440us         1  2.1440us  2.1440us  2.1440us  fused_nn_bias_add_kernel0
                    0.00%  2.0160us         1  2.0160us  2.0160us  2.0160us  fused_sqrt_2_kernel0
                    0.00%  1.9850us         1  1.9850us  1.9850us  1.9850us  fused_negative_2_kernel0
                    0.00%  1.9520us         1  1.9520us  1.9520us  1.9520us  fused_divide_2_kernel0
                    0.00%  1.9200us         1  1.9200us  1.9200us  1.9200us  fused_add_13_kernel0
                    0.00%  1.8240us         1  1.8240us  1.8240us  1.8240us  fused_multiply_11_kernel0
                    0.00%  1.7600us         1  1.7600us  1.7600us  1.7600us  [CUDA memcpy DtoH]
                    0.00%  1.6330us         1  1.6330us  1.6330us  1.6330us  fused_nn_batch_flatten_kernel0
                    0.00%  1.6320us         1  1.6320us  1.6320us  1.6320us  fused_add_14_kernel0
      API calls:   80.06%  1.07938s         1  1.07938s  1.07938s  1.07938s  cuModuleLoadData
                   10.39%  140.02ms       585  239.35us  2.9230us  132.68ms  cudaMalloc
                    5.02%  67.744ms       585  115.80us  3.0390us  45.748ms  cudaFree
                    3.51%  47.352ms       568  83.366us  5.8140us  8.2767ms  cudaMemcpy
                    0.47%  6.4005ms         1  6.4005ms  6.4005ms  6.4005ms  cuModuleUnload
                    0.34%  4.6102ms      1187  3.8830us  2.9950us  53.934us  cuLaunchKernel
                    0.12%  1.5718ms      2896     542ns     316ns  10.563us  cudaSetDevice
                    0.03%  425.40us      1187     358ns     292ns  1.8980us  cudaGetDevice
                    0.02%  335.46us        97  3.4580us     444ns  135.93us  cuDeviceGetAttribute
                    0.01%  164.23us         1  164.23us  164.23us  164.23us  cuDeviceTotalMem
                    0.01%  94.146us       207     454ns     272ns  3.2850us  cuModuleGetFunction
                    0.00%  62.674us         1  62.674us  62.674us  62.674us  cuDeviceGetName
                    0.00%  6.4940us         3  2.1640us  1.2270us  2.7230us  cudaDeviceGetAttribute
                    0.00%  5.4600us         2  2.7300us  1.9270us  3.5330us  cuDeviceGetCount
                    0.00%  2.9150us         1  2.9150us  2.9150us  2.9150us  cuDeviceGetPCIBusId
                    0.00%  2.0890us         2  1.0440us     884ns  1.2050us  cuDeviceGet
                    0.00%     839ns         1     839ns     839ns     839ns  cuDeviceGetUuid
