==24187== NVPROF is profiling process 24187, command: python3 /home/wml/tvm/tutorials/relay_test_net.py
==24187== Profiling application: python3 /home/wml/tvm/tutorials/relay_test_net.py
==24187== Profiling result:
            Type  Time(%)      Time     Calls       Avg       Min       Max  Name
 GPU activities:   27.45%  31.300ms       567  55.202us     864ns  2.6450ms  [CUDA memcpy HtoD]
                    6.39%  7.2922ms        12  607.68us  606.02us  610.19us  fused_nn_conv2d_3_kernel0
                    5.61%  6.4015ms         4  1.6004ms  1.1733ms  2.2505ms  fused_nn_conv2d_31_kernel0
                    5.33%  6.0751ms         1  6.0751ms  6.0751ms  6.0751ms  fused_nn_conv2d_8_kernel0
                    4.17%  4.7497ms         4  1.1874ms  1.1729ms  1.2010ms  fused_nn_conv2d_32_kernel0
                    3.48%  3.9677ms         4  991.93us  304.84us  2.3746ms  fused_nn_conv2d_34_kernel0
                    3.48%  3.9655ms         1  3.9655ms  3.9655ms  3.9655ms  fused_nn_conv2d_4_kernel0
                    3.14%  3.5779ms         4  894.49us  732.01us  1.3350ms  fused_nn_conv2d_27_kernel0
                    2.70%  3.0764ms         2  1.5382ms  994.25us  2.0822ms  fused_nn_conv2d_26_kernel0
                    2.66%  3.0319ms         4  757.97us  728.49us  781.74us  fused_nn_conv2d_30_kernel0
                    2.09%  2.3884ms         2  1.1942ms  1.1896ms  1.1988ms  fused_nn_conv2d_37_kernel0
                    1.75%  1.9913ms         4  497.82us  485.38us  512.10us  fused_nn_conv2d_28_kernel0
                    1.74%  1.9844ms         1  1.9844ms  1.9844ms  1.9844ms  fused_nn_conv2d_10_kernel0
                    1.60%  1.8217ms         2  910.85us  896.05us  925.65us  fused_nn_conv2d_29_kernel0
                    1.58%  1.7961ms         3  598.71us  229.67us  1.3191ms  fused_nn_conv2d_15_kernel2
                    1.51%  1.7239ms         3  574.62us  573.13us  576.58us  fused_nn_conv2d_13_kernel0
                    1.24%  1.4144ms         2  707.21us  706.83us  707.59us  fused_nn_conv2d_37_kernel2
                    1.21%  1.3838ms         1  1.3838ms  1.3838ms  1.3838ms  fused_add_6_kernel0
                    1.09%  1.2457ms         2  622.86us  622.86us  622.86us  fused_nn_conv2d_22_kernel0
                    1.08%  1.2368ms         4  309.19us  300.00us  312.61us  fused_nn_conv2d_36_kernel0
                    1.04%  1.1834ms         2  591.69us  589.51us  593.87us  fused_nn_conv2d_25_kernel0
                    0.98%  1.1200ms         4  279.99us  278.31us  283.56us  fused_nn_conv2d_5_kernel0
                    0.93%  1.0637ms         2  531.85us  531.46us  532.23us  fused_nn_conv2d_23_kernel0
                    0.70%  798.96us         3  266.32us  263.65us  268.45us  fused_nn_conv2d_6_kernel0
                    0.67%  762.32us         4  190.58us  186.72us  193.38us  fused_nn_conv2d_16_kernel2
                    0.64%  726.86us         1  726.86us  726.86us  726.86us  fused_nn_conv2d_24_kernel0
                    0.62%  710.79us         1  710.79us  710.79us  710.79us  fused_nn_conv2d_21_kernel0
                    0.62%  702.25us         1  702.25us  702.25us  702.25us  fused_nn_conv2d_11_kernel0
                    0.53%  606.82us         4  151.71us  151.07us  152.03us  fused_nn_avg_pool2d_4_kernel0
                    0.53%  601.42us         1  601.42us  601.42us  601.42us  fused_nn_conv2d_kernel0
                    0.48%  544.04us         1  544.04us  544.04us  544.04us  fused_nn_conv2d_40_kernel0
                    0.44%  502.34us         1  502.34us  502.34us  502.34us  fused_nn_conv2d_41_kernel0
                    0.42%  474.47us         1  474.47us  474.47us  474.47us  fused_nn_conv2d_20_kernel0
                    0.36%  407.59us         1  407.59us  407.59us  407.59us  fused_nn_conv2d_9_kernel0
                    0.35%  398.47us         1  398.47us  398.47us  398.47us  fused_nn_conv2d_2_kernel0
                    0.33%  373.41us         2  186.71us  186.50us  186.92us  fused_nn_conv2d_7_kernel0
                    0.33%  370.89us         1  370.89us  370.89us  370.89us  fused_nn_conv2d_42_kernel0
                    0.29%  335.69us         1  335.69us  335.69us  335.69us  fused_nn_conv2d_33_kernel0
                    0.28%  319.75us         1  319.75us  319.75us  319.75us  fused_nn_relu_6_kernel0
                    0.28%  319.27us         1  319.27us  319.27us  319.27us  fused_nn_conv2d_38_kernel0
                    0.28%  318.76us         1  318.76us  318.76us  318.76us  fused_multiply_6_kernel0
                    0.26%  296.55us        26  11.405us  10.656us  12.000us  fused_multiply_1_kernel0
                    0.26%  294.24us         4  73.561us  73.121us  73.921us  fused_nn_conv2d_16_kernel3
                    0.24%  270.92us         1  270.92us  270.92us  270.92us  fused_nn_conv2d_1_kernel0
                    0.23%  260.32us         1  260.32us  260.32us  260.32us  fused_nn_conv2d_12_kernel0
                    0.21%  241.70us         1  241.70us  241.70us  241.70us  fused_nn_conv2d_19_kernel0
                    0.21%  234.76us         1  234.76us  234.76us  234.76us  fused_nn_dense_kernel0
                    0.21%  234.21us         1  234.21us  234.21us  234.21us  fused_nn_conv2d_39_kernel0
                    0.20%  231.94us         1  231.94us  231.94us  231.94us  fused_nn_avg_pool2d_3_kernel0
                    0.20%  230.56us        12  19.213us  18.720us  19.776us  fused_add_3_kernel0
                    0.20%  228.80us        12  19.067us  18.593us  19.808us  fused_nn_relu_3_kernel0
                    0.20%  223.75us         1  223.75us  223.75us  223.75us  fused_add_4_kernel0
                    0.20%  222.66us         1  222.66us  222.66us  222.66us  fused_nn_relu_4_kernel0
                    0.19%  221.15us        26  8.5050us  8.1280us  9.0240us  fused_add_1_kernel0
                    0.19%  220.48us         3  73.494us  73.089us  73.697us  fused_nn_conv2d_15_kernel3
                    0.19%  220.26us         1  220.26us  220.26us  220.26us  fused_multiply_4_kernel0
                    0.19%  219.14us         3  73.046us  72.354us  73.505us  fused_nn_conv2d_15_kernel1
                    0.19%  213.32us         4  53.328us  52.800us  53.857us  fused_concatenate_2_kernel0
                    0.19%  211.30us         1  211.30us  211.30us  211.30us  fused_nn_max_pool2d_1_kernel0
                    0.18%  207.30us        26  7.9720us  7.7120us  8.2240us  fused_nn_relu_1_kernel0
                    0.18%  205.89us         1  205.89us  205.89us  205.89us  fused_nn_conv2d_18_kernel0
                    0.18%  205.47us        12  17.122us  16.608us  18.048us  fused_multiply_3_kernel0
                    0.18%  204.42us         1  204.42us  204.42us  204.42us  fused_nn_avg_pool2d_2_kernel0
                    0.18%  199.55us         1  199.55us  199.55us  199.55us  fused_nn_conv2d_35_kernel0
                    0.17%  199.52us         7  28.503us  27.937us  28.801us  fused_nn_relu_10_kernel0
                    0.17%  199.39us         7  28.484us  28.160us  28.864us  fused_add_20_kernel0
                    0.17%  199.30us         4  49.824us  49.248us  50.337us  fused_nn_conv2d_16_kernel1
                    0.16%  187.68us         7  26.811us  26.305us  27.233us  fused_multiply_15_kernel0
                    0.15%  168.00us         2  84.001us  83.618us  84.385us  fused_concatenate_4_kernel0
                    0.14%  163.87us         1  163.87us  163.87us  163.87us  fused_nn_relu_8_kernel0
                    0.14%  163.49us         1  163.49us  163.49us  163.49us  fused_add_8_kernel0
                    0.14%  162.75us         1  162.75us  162.75us  162.75us  fused_multiply_8_kernel0
                    0.14%  162.08us         1  162.08us  162.08us  162.08us  fused_nn_conv2d_14_kernel0
                    0.14%  159.78us         1  159.78us  159.78us  159.78us  fused_add_7_kernel0
                    0.14%  159.17us         1  159.17us  159.17us  159.17us  fused_nn_relu_7_kernel0
                    0.14%  158.85us         1  158.85us  158.85us  158.85us  fused_multiply_7_kernel0
                    0.13%  153.44us         1  153.44us  153.44us  153.44us  fused_nn_avg_pool2d_1_kernel0
                    0.13%  148.10us         1  148.10us  148.10us  148.10us  fused_nn_max_pool2d_kernel0
                    0.11%  120.77us         3  40.256us  38.977us  41.504us  fused_nn_conv2d_15_kernel0
                    0.10%  117.60us        12  9.8000us  9.1840us  10.656us  fused_multiply_22_kernel0
                    0.10%  113.57us         1  113.57us  113.57us  113.57us  fused_nn_conv2d_17_kernel0
                    0.09%  103.14us         4  25.784us  25.056us  26.336us  fused_nn_conv2d_16_kernel0
                    0.09%  100.00us         1  100.00us  100.00us  100.00us  fused_nn_relu_5_kernel0
                    0.09%  99.457us         1  99.457us  99.457us  99.457us  fused_add_5_kernel0
                    0.08%  96.769us         1  96.769us  96.769us  96.769us  fused_multiply_5_kernel0
                    0.08%  87.330us        12  7.2770us  7.0720us  7.5520us  fused_add_30_kernel0
                    0.07%  81.985us        12  6.8320us  6.5600us  7.1680us  fused_nn_relu_14_kernel0
                    0.07%  77.664us        60  1.2940us  1.1840us  1.6960us  fused_expand_dims_3_kernel0
                    0.07%  74.241us         1  74.241us  74.241us  74.241us  fused_concatenate_5_kernel0
                    0.05%  60.545us         2  30.272us  29.920us  30.625us  fused_concatenate_kernel0
                    0.05%  60.033us        12  5.0020us  4.1920us  5.5360us  fused_multiply_26_kernel0
                    0.05%  57.505us         1  57.505us  57.505us  57.505us  fused_nn_max_pool2d_2_kernel0
                    0.05%  56.833us        30  1.8940us  1.6640us  2.1440us  fused_add_15_kernel0
                    0.05%  53.314us        30  1.7770us  1.4720us  2.2080us  fused_divide_3_kernel0
                    0.05%  53.312us        30  1.7770us  1.4400us  2.1440us  fused_sqrt_3_kernel0
                    0.04%  50.497us         1  50.497us  50.497us  50.497us  fused_concatenate_3_kernel0
                    0.04%  48.768us        12  4.0640us  3.8720us  4.2560us  fused_add_36_kernel0
                    0.04%  48.032us        30  1.6010us  1.3760us  2.0480us  fused_negative_3_kernel0
                    0.04%  46.400us        30  1.5460us  1.3440us  1.8880us  fused_add_16_kernel0
                    0.04%  45.344us        30  1.5110us  1.2160us  1.8880us  fused_multiply_12_kernel0
                    0.04%  45.088us        12  3.7570us  3.5200us  3.9680us  fused_nn_relu_16_kernel0
                    0.04%  44.928us         6  7.4880us  7.1360us  8.0960us  fused_multiply_20_kernel0
                    0.04%  44.769us         1  44.769us  44.769us  44.769us  fused_nn_max_pool2d_4_kernel0
                    0.04%  40.193us         1  40.193us  40.193us  40.193us  fused_nn_avg_pool2d_kernel0
                    0.03%  37.344us         3  12.448us  12.128us  12.640us  fused_multiply_13_kernel0
                    0.03%  36.096us         6  6.0160us  5.8880us  6.2400us  fused_add_27_kernel0
                    0.03%  34.881us        26  1.3410us  1.2160us  1.6640us  fused_expand_dims_6_kernel0
                    0.03%  34.657us        26  1.3320us  1.1840us  1.6000us  fused_expand_dims_1_kernel0
                    0.03%  34.496us         2  17.248us  17.184us  17.312us  fused_nn_conv2d_37_kernel1
                    0.03%  34.368us         6  5.7280us  5.3760us  5.9840us  fused_nn_relu_13_kernel0
                    0.03%  33.088us         1  33.088us  33.088us  33.088us  fused_nn_max_pool2d_3_kernel0
                    0.03%  32.545us         1  32.545us  32.545us  32.545us  fused_nn_softmax_kernel1
                    0.03%  31.616us        24  1.3170us  1.1840us  1.6320us  fused_expand_dims_8_kernel0
                    0.03%  31.073us         2  15.536us  15.521us  15.552us  fused_nn_conv2d_37_kernel3
                    0.03%  30.913us         3  10.304us  10.113us  10.400us  fused_add_17_kernel0
                    0.02%  28.256us         3  9.4180us  9.0880us  10.048us  fused_nn_relu_9_kernel0
                    0.02%  27.360us         1  27.360us  27.360us  27.360us  fused_nn_relu_2_kernel0
                    0.02%  27.297us         1  27.297us  27.297us  27.297us  fused_add_2_kernel0
                    0.02%  27.041us         1  27.041us  27.041us  27.041us  fused_nn_avg_pool2d_5_kernel0
                    0.02%  25.634us        13  1.9710us  1.6640us  2.1760us  fused_add_11_kernel0
                    0.02%  25.312us        13  1.9470us  1.4400us  2.8480us  fused_sqrt_1_kernel0
                    0.02%  25.088us        13  1.9290us  1.6320us  2.1440us  fused_negative_1_kernel0
                    0.02%  24.768us        13  1.9050us  1.4720us  2.2720us  fused_divide_6_kernel0
                    0.02%  24.736us        13  1.9020us  1.7280us  2.1120us  fused_add_24_kernel0
                    0.02%  24.705us        13  1.9000us  1.4400us  2.2080us  fused_divide_1_kernel0
                    0.02%  24.257us        12  2.0210us  1.7280us  2.1120us  fused_divide_8_kernel0
                    0.02%  24.225us        13  1.8630us  1.4400us  2.2400us  fused_sqrt_6_kernel0
                    0.02%  24.160us         1  24.160us  24.160us  24.160us  fused_multiply_2_kernel0
                    0.02%  22.913us        13  1.7620us  1.5040us  1.9520us  fused_multiply_10_kernel0
                    0.02%  22.624us        12  1.8850us  1.6960us  2.2080us  fused_add_31_kernel0
                    0.02%  22.240us        13  1.7100us  1.4080us  2.1440us  fused_add_25_kernel0
                    0.02%  21.664us        16  1.3540us  1.1520us  1.6000us  fused_expand_dims_5_kernel0
                    0.02%  21.408us        12  1.7840us  1.4400us  2.1120us  fused_sqrt_8_kernel0
                    0.02%  21.280us        13  1.6360us  1.3760us  2.0480us  fused_negative_6_kernel0
                    0.02%  21.152us        13  1.6270us  1.3440us  1.8880us  fused_add_12_kernel0
                    0.02%  20.192us        12  1.6820us  1.3440us  1.8560us  fused_negative_8_kernel0
                    0.02%  19.296us        13  1.4840us  1.2480us  1.9840us  fused_multiply_18_kernel0
                    0.02%  18.784us        12  1.5650us  1.3440us  1.7600us  fused_add_32_kernel0
                    0.02%  17.792us         1  17.792us  17.792us  17.792us  fused_concatenate_1_kernel0
                    0.01%  16.961us         8  2.1200us  1.3440us  5.4730us  fused_add_22_kernel0
                    0.01%  16.640us         8  2.0800us  1.8560us  2.1120us  fused_divide_5_kernel0
                    0.01%  16.577us         8  2.0720us  2.0160us  2.2400us  fused_add_21_kernel0
                    0.01%  16.288us         8  2.0360us  1.8240us  2.1120us  fused_sqrt_5_kernel0
                    0.01%  16.256us        12  1.3540us  1.1840us  1.6320us  fused_multiply_23_kernel0
                    0.01%  15.873us         8  1.9840us  1.6000us  2.1120us  fused_negative_5_kernel0
                    0.01%  15.104us        12  1.2580us  1.1520us  1.6000us  fused_expand_dims_7_kernel0
                    0.01%  14.848us         3  4.9490us  4.6720us  5.1200us  fused_multiply_kernel0
                    0.01%  14.656us         1  14.656us  14.656us  14.656us  fused_nn_softmax_kernel0
                    0.01%  14.304us         8  1.7880us  1.3120us  1.9840us  fused_multiply_16_kernel0
                    0.01%  11.808us         2  5.9040us  5.8560us  5.9520us  fused_multiply_27_kernel0
                    0.01%  11.489us         3  3.8290us  3.8080us  3.8410us  fused_add_kernel0
                    0.01%  10.944us         3  3.6480us  3.6160us  3.6800us  fused_nn_relu_kernel0
                    0.01%  10.784us         6  1.7970us  1.6960us  2.0480us  fused_add_28_kernel0
                    0.01%  10.048us         6  1.6740us  1.4400us  2.1440us  fused_sqrt_7_kernel0
                    0.01%  9.9210us         6  1.6530us  1.4720us  2.1130us  fused_divide_7_kernel0
                    0.01%  9.8240us         3  3.2740us  3.1360us  3.3600us  fused_multiply_25_kernel0
                    0.01%  9.7920us         2  4.8960us  4.8640us  4.9280us  fused_add_37_kernel0
                    0.01%  9.2490us         2  4.6240us  4.6090us  4.6400us  fused_nn_relu_17_kernel0
                    0.01%  9.0560us         6  1.5090us  1.3440us  1.8240us  fused_negative_7_kernel0
                    0.01%  8.8960us         6  1.4820us  1.3440us  1.7280us  fused_add_29_kernel0
                    0.01%  8.4800us         6  1.4130us  1.2160us  1.6320us  fused_expand_dims_9_kernel0
                    0.01%  8.4160us         1  8.4160us  8.4160us  8.4160us  fused_multiply_17_kernel0
                    0.01%  8.4160us         6  1.4020us  1.1840us  1.6320us  fused_expand_dims_4_kernel0
                    0.01%  8.3840us         6  1.3970us  1.2480us  1.6000us  fused_expand_dims_kernel0
                    0.01%  8.2880us         3  2.7620us  1.6320us  4.4480us  fused_sqrt_kernel0
                    0.01%  8.2240us         6  1.3700us  1.2160us  1.6960us  fused_multiply_21_kernel0
                    0.01%  7.9050us         3  2.6350us  2.5920us  2.6570us  fused_add_35_kernel0
                    0.01%  7.2960us         3  2.4320us  2.4320us  2.4320us  fused_nn_relu_15_kernel0
                    0.01%  6.5280us         1  6.5280us  6.5280us  6.5280us  fused_multiply_19_kernel0
                    0.01%  6.4640us         3  2.1540us  2.1440us  2.1760us  fused_divide_9_kernel0
                    0.01%  6.4000us         3  2.1330us  2.1120us  2.1760us  fused_divide_4_kernel0
                    0.01%  6.3680us         1  6.3680us  6.3680us  6.3680us  fused_add_23_kernel0
                    0.01%  6.3680us         3  2.1220us  2.1120us  2.1440us  fused_sqrt_9_kernel0
                    0.01%  6.3040us         3  2.1010us  2.0800us  2.1120us  fused_add_33_kernel0
                    0.01%  6.2400us         3  2.0800us  2.0800us  2.0800us  fused_sqrt_4_kernel0
                    0.01%  6.1760us         1  6.1760us  6.1760us  6.1760us  fused_nn_relu_11_kernel0
                    0.01%  6.0480us         3  2.0160us  2.0160us  2.0160us  fused_add_18_kernel0
                    0.01%  5.8560us         1  5.8560us  5.8560us  5.8560us  fused_nn_softmax_kernel3
                    0.01%  5.7600us         3  1.9200us  1.5360us  2.1120us  fused_divide_kernel0
                    0.00%  5.6960us         3  1.8980us  1.6960us  2.0160us  fused_add_9_kernel0
                    0.00%  5.6320us         4  1.4080us  1.1840us  1.6320us  fused_expand_dims_10_kernel0
                    0.00%  5.4410us         3  1.8130us  1.6960us  2.0170us  fused_negative_kernel0
                    0.00%  5.3770us         3  1.7920us  1.7920us  1.7930us  fused_add_34_kernel0
                    0.00%  5.2810us         3  1.7600us  1.7280us  1.7920us  fused_negative_9_kernel0
                    0.00%  5.2170us         3  1.7390us  1.7280us  1.7610us  fused_negative_4_kernel0
                    0.00%  5.1840us         3  1.7280us  1.7280us  1.7280us  fused_add_19_kernel0
                    0.00%  5.1520us         3  1.7170us  1.5680us  1.8560us  fused_multiply_9_kernel0
                    0.00%  5.1200us         3  1.7060us  1.5680us  1.8240us  fused_multiply_14_kernel0
                    0.00%  5.1200us         1  5.1200us  5.1200us  5.1200us  fused_add_26_kernel0
                    0.00%  5.0240us         3  1.6740us  1.6000us  1.7280us  fused_add_10_kernel0
                    0.00%  4.8960us         3  1.6320us  1.6320us  1.6320us  fused_multiply_24_kernel0
                    0.00%  4.7680us         1  4.7680us  4.7680us  4.7680us  fused_nn_relu_12_kernel0
                    0.00%  4.2880us         2  2.1440us  2.1120us  2.1760us  fused_sqrt_10_kernel0
                    0.00%  4.2880us         2  2.1440us  2.1440us  2.1440us  fused_divide_10_kernel0
                    0.00%  4.1920us         2  2.0960us  2.0800us  2.1120us  fused_add_38_kernel0
                    0.00%  3.6800us         2  1.8400us  1.7920us  1.8880us  fused_negative_10_kernel0
                    0.00%  3.5840us         1  3.5840us  3.5840us  3.5840us  fused_nn_softmax_kernel2
                    0.00%  3.5520us         2  1.7760us  1.7600us  1.7920us  fused_add_39_kernel0
                    0.00%  3.2320us         2  1.6160us  1.6000us  1.6320us  fused_multiply_28_kernel0
                    0.00%  2.7840us         2  1.3920us  1.1840us  1.6000us  fused_expand_dims_2_kernel0
                    0.00%  2.4000us         1  2.4000us  2.4000us  2.4000us  fused_nn_bias_add_kernel0
                    0.00%  2.1440us         1  2.1440us  2.1440us  2.1440us  fused_sqrt_2_kernel0
                    0.00%  2.1120us         1  2.1120us  2.1120us  2.1120us  fused_add_13_kernel0
                    0.00%  2.1120us         1  2.1120us  2.1120us  2.1120us  fused_divide_2_kernel0
                    0.00%  2.0160us         1  2.0160us  2.0160us  2.0160us  fused_negative_2_kernel0
                    0.00%  1.8570us         1  1.8570us  1.8570us  1.8570us  fused_multiply_11_kernel0
                    0.00%  1.8560us         1  1.8560us  1.8560us  1.8560us  [CUDA memcpy DtoH]
                    0.00%  1.8240us         1  1.8240us  1.8240us  1.8240us  fused_add_14_kernel0
                    0.00%  1.7600us         1  1.7600us  1.7600us  1.7600us  fused_nn_batch_flatten_kernel0
      API calls:   79.60%  1.08042s         1  1.08042s  1.08042s  1.08042s  cuModuleLoadData
                   10.34%  140.30ms       585  239.82us  3.1720us  132.87ms  cudaMalloc
                    5.43%  73.750ms       585  126.07us  2.9160us  49.955ms  cudaFree
                    3.54%  48.066ms       568  84.622us  5.7980us  10.043ms  cudaMemcpy
                    0.47%  6.3187ms         1  6.3187ms  6.3187ms  6.3187ms  cuModuleUnload
                    0.40%  5.4873ms      1187  4.6220us  3.1460us  58.217us  cuLaunchKernel
                    0.12%  1.6325ms      2896     563ns     334ns  9.2760us  cudaSetDevice
                    0.04%  484.07us      1187     407ns     292ns  2.1760us  cudaGetDevice
                    0.03%  400.76us        97  4.1310us     532ns  161.45us  cuDeviceGetAttribute
                    0.01%  203.44us         1  203.44us  203.44us  203.44us  cuDeviceTotalMem
                    0.01%  108.69us       207     525ns     269ns  2.6180us  cuModuleGetFunction
                    0.01%  78.723us         1  78.723us  78.723us  78.723us  cuDeviceGetName
                    0.00%  8.1830us         3  2.7270us  1.5080us  3.6370us  cudaDeviceGetAttribute
                    0.00%  4.2200us         1  4.2200us  4.2200us  4.2200us  cuDeviceGetPCIBusId
                    0.00%  3.5650us         2  1.7820us     668ns  2.8970us  cuDeviceGetCount
                    0.00%  1.8540us         2     927ns     551ns  1.3030us  cuDeviceGet
                    0.00%     988ns         1     988ns     988ns     988ns  cuDeviceGetUuid
