==24086== NVPROF is profiling process 24086, command: python3 /home/wml/tvm/tutorials/relay_test_net.py
==24086== Profiling application: python3 /home/wml/tvm/tutorials/relay_test_net.py
==24086== Profiling result:
            Type  Time(%)      Time     Calls       Avg       Min       Max  Name
 GPU activities:   28.24%  31.315ms       567  55.228us     864ns  2.6174ms  [CUDA memcpy HtoD]
                    7.62%  8.4487ms        12  704.06us  603.18us  1.7666ms  fused_nn_conv2d_3_kernel0
                    4.93%  5.4724ms         1  5.4724ms  5.4724ms  5.4724ms  fused_nn_conv2d_8_kernel0
                    4.78%  5.3006ms         4  1.3252ms  1.1719ms  1.7790ms  fused_nn_conv2d_31_kernel0
                    4.28%  4.7414ms         4  1.1853ms  1.1720ms  1.1991ms  fused_nn_conv2d_32_kernel0
                    3.73%  4.1404ms         4  1.0351ms  741.23us  1.8774ms  fused_nn_conv2d_30_kernel0
                    3.02%  3.3496ms         1  3.3496ms  3.3496ms  3.3496ms  fused_nn_conv2d_4_kernel0
                    2.70%  2.9894ms         4  747.36us  731.98us  774.60us  fused_nn_conv2d_27_kernel0
                    2.20%  2.4377ms         2  1.2189ms  908.81us  1.5289ms  fused_nn_conv2d_29_kernel0
                    2.17%  2.4013ms         2  1.2006ms  1.2005ms  1.2008ms  fused_nn_conv2d_37_kernel0
                    2.01%  2.2337ms         2  1.1169ms  538.44us  1.6953ms  fused_nn_conv2d_23_kernel0
                    1.80%  2.0005ms         2  1.0003ms  989.68us  1.0109ms  fused_nn_conv2d_26_kernel0
                    1.78%  1.9789ms         1  1.9789ms  1.9789ms  1.9789ms  fused_nn_conv2d_10_kernel0
                    1.76%  1.9511ms         4  487.77us  483.24us  492.36us  fused_nn_conv2d_28_kernel0
                    1.53%  1.6983ms         3  566.11us  562.31us  570.25us  fused_nn_conv2d_13_kernel0
                    1.28%  1.4145ms         2  707.26us  707.02us  707.50us  fused_nn_conv2d_37_kernel2
                    1.22%  1.3481ms        12  112.34us  18.305us  1.1384ms  fused_nn_relu_3_kernel0
                    1.20%  1.3305ms         1  1.3305ms  1.3305ms  1.3305ms  fused_nn_conv2d_24_kernel0
                    1.12%  1.2475ms         4  311.88us  310.66us  314.05us  fused_nn_conv2d_36_kernel0
                    1.12%  1.2440ms         2  622.01us  621.87us  622.15us  fused_nn_conv2d_22_kernel0
                    1.11%  1.2277ms         4  306.93us  303.52us  311.40us  fused_nn_conv2d_34_kernel0
                    1.06%  1.1805ms         2  590.25us  590.12us  590.38us  fused_nn_conv2d_25_kernel0
                    1.01%  1.1237ms         4  280.92us  278.47us  284.29us  fused_nn_conv2d_5_kernel0
                    0.72%  802.57us         3  267.52us  265.99us  268.64us  fused_nn_conv2d_6_kernel0
                    0.68%  759.24us         4  189.81us  185.63us  193.60us  fused_nn_conv2d_16_kernel2
                    0.66%  727.75us         1  727.75us  727.75us  727.75us  fused_nn_conv2d_21_kernel0
                    0.65%  716.84us         3  238.95us  236.39us  242.50us  fused_nn_conv2d_15_kernel2
                    0.63%  701.13us         1  701.13us  701.13us  701.13us  fused_nn_conv2d_11_kernel0
                    0.55%  605.42us         1  605.42us  605.42us  605.42us  fused_nn_conv2d_kernel0
                    0.55%  605.16us         4  151.29us  150.66us  152.52us  fused_nn_avg_pool2d_4_kernel0
                    0.49%  546.31us         1  546.31us  546.31us  546.31us  fused_nn_conv2d_41_kernel0
                    0.43%  481.58us         1  481.58us  481.58us  481.58us  fused_nn_conv2d_40_kernel0
                    0.42%  463.98us         1  463.98us  463.98us  463.98us  fused_nn_conv2d_20_kernel0
                    0.38%  417.42us         1  417.42us  417.42us  417.42us  fused_nn_conv2d_9_kernel0
                    0.36%  395.72us         1  395.72us  395.72us  395.72us  fused_nn_conv2d_2_kernel0
                    0.34%  378.44us         2  189.22us  186.15us  192.29us  fused_nn_conv2d_7_kernel0
                    0.33%  370.53us         1  370.53us  370.53us  370.53us  fused_nn_conv2d_42_kernel0
                    0.30%  337.41us         1  337.41us  337.41us  337.41us  fused_nn_conv2d_33_kernel0
                    0.29%  319.88us         1  319.88us  319.88us  319.88us  fused_add_6_kernel0
                    0.29%  319.27us         1  319.27us  319.27us  319.27us  fused_nn_relu_6_kernel0
                    0.29%  318.66us         1  318.66us  318.66us  318.66us  fused_multiply_6_kernel0
                    0.28%  309.12us         1  309.12us  309.12us  309.12us  fused_nn_conv2d_38_kernel0
                    0.27%  297.96us        26  11.459us  10.592us  12.096us  fused_multiply_1_kernel0
                    0.26%  292.77us         4  73.193us  72.865us  73.537us  fused_nn_conv2d_16_kernel3
                    0.24%  264.64us         1  264.64us  264.64us  264.64us  fused_nn_conv2d_12_kernel0
                    0.23%  257.89us         1  257.89us  257.89us  257.89us  fused_nn_conv2d_1_kernel0
                    0.22%  239.97us         1  239.97us  239.97us  239.97us  fused_nn_conv2d_19_kernel0
                    0.21%  235.04us         1  235.04us  235.04us  235.04us  fused_nn_dense_kernel0
                    0.21%  233.92us         1  233.92us  233.92us  233.92us  fused_nn_conv2d_39_kernel0
                    0.21%  230.72us        12  19.226us  17.952us  20.065us  fused_add_3_kernel0
                    0.21%  229.22us         1  229.22us  229.22us  229.22us  fused_nn_avg_pool2d_3_kernel0
                    0.20%  224.77us        26  8.6450us  8.1920us  9.1840us  fused_add_1_kernel0
                    0.20%  223.04us         1  223.04us  223.04us  223.04us  fused_add_4_kernel0
                    0.20%  222.34us         1  222.34us  222.34us  222.34us  fused_nn_relu_4_kernel0
                    0.20%  220.80us         3  73.601us  72.897us  74.017us  fused_nn_conv2d_15_kernel3
                    0.20%  220.16us         1  220.16us  220.16us  220.16us  fused_multiply_4_kernel0
                    0.20%  220.13us         3  73.377us  72.897us  73.889us  fused_nn_conv2d_15_kernel1
                    0.19%  213.41us         4  53.352us  52.545us  53.985us  fused_concatenate_2_kernel0
                    0.19%  212.36us         1  212.36us  212.36us  212.36us  fused_nn_conv2d_18_kernel0
                    0.19%  211.84us        26  8.1470us  7.9680us  8.3840us  fused_nn_relu_1_kernel0
                    0.19%  210.24us         1  210.24us  210.24us  210.24us  fused_nn_max_pool2d_1_kernel0
                    0.19%  206.95us        12  17.245us  16.609us  18.368us  fused_multiply_3_kernel0
                    0.19%  206.15us         1  206.15us  206.15us  206.15us  fused_nn_conv2d_35_kernel0
                    0.18%  204.26us         1  204.26us  204.26us  204.26us  fused_nn_avg_pool2d_2_kernel0
                    0.18%  201.70us         7  28.813us  28.321us  29.952us  fused_nn_relu_10_kernel0
                    0.18%  200.77us         7  28.681us  28.097us  29.057us  fused_add_20_kernel0
                    0.18%  199.01us         4  49.752us  49.280us  50.145us  fused_nn_conv2d_16_kernel1
                    0.17%  187.01us         7  26.715us  26.208us  27.136us  fused_multiply_15_kernel0
                    0.15%  167.52us         2  83.761us  83.521us  84.001us  fused_concatenate_4_kernel0
                    0.15%  163.91us         1  163.91us  163.91us  163.91us  fused_add_8_kernel0
                    0.15%  163.59us         1  163.59us  163.59us  163.59us  fused_nn_relu_8_kernel0
                    0.15%  163.11us         1  163.11us  163.11us  163.11us  fused_nn_conv2d_14_kernel0
                    0.15%  162.88us         1  162.88us  162.88us  162.88us  fused_multiply_8_kernel0
                    0.14%  159.75us         1  159.75us  159.75us  159.75us  fused_add_7_kernel0
                    0.14%  159.68us         1  159.68us  159.68us  159.68us  fused_nn_relu_7_kernel0
                    0.14%  158.88us         1  158.88us  158.88us  158.88us  fused_multiply_7_kernel0
                    0.14%  154.18us         1  154.18us  154.18us  154.18us  fused_nn_avg_pool2d_1_kernel0
                    0.13%  147.68us         1  147.68us  147.68us  147.68us  fused_nn_max_pool2d_kernel0
                    0.10%  116.03us         3  38.678us  35.393us  40.513us  fused_nn_conv2d_15_kernel0
                    0.10%  115.94us        12  9.6610us  9.3450us  10.208us  fused_multiply_22_kernel0
                    0.10%  114.15us         1  114.15us  114.15us  114.15us  fused_nn_conv2d_17_kernel0
                    0.10%  105.51us         4  26.376us  25.153us  26.977us  fused_nn_conv2d_16_kernel0
                    0.09%  99.393us         1  99.393us  99.393us  99.393us  fused_nn_relu_5_kernel0
                    0.09%  99.010us         1  99.010us  99.010us  99.010us  fused_add_5_kernel0
                    0.09%  96.641us         1  96.641us  96.641us  96.641us  fused_multiply_5_kernel0
                    0.08%  89.699us        12  7.4740us  7.3600us  7.6490us  fused_add_30_kernel0
                    0.08%  83.456us        12  6.9540us  6.7200us  7.0720us  fused_nn_relu_14_kernel0
                    0.07%  76.512us        60  1.2750us  1.1520us  1.6000us  fused_expand_dims_3_kernel0
                    0.07%  74.273us         1  74.273us  74.273us  74.273us  fused_concatenate_5_kernel0
                    0.05%  59.426us        12  4.9520us  4.2240us  5.5040us  fused_multiply_26_kernel0
                    0.05%  59.009us         2  29.504us  29.504us  29.505us  fused_concatenate_kernel0
                    0.05%  58.144us        30  1.9380us  1.7600us  2.1440us  fused_add_15_kernel0
                    0.05%  57.793us         1  57.793us  57.793us  57.793us  fused_nn_max_pool2d_2_kernel0
                    0.05%  57.314us        30  1.9100us  1.6960us  2.2080us  fused_sqrt_3_kernel0
                    0.05%  56.354us        30  1.8780us  1.5680us  2.2720us  fused_divide_3_kernel0
                    0.05%  50.817us         1  50.817us  50.817us  50.817us  fused_concatenate_3_kernel0
                    0.04%  48.705us        30  1.6230us  1.4400us  1.9200us  fused_add_16_kernel0
                    0.04%  48.256us        30  1.6080us  1.4400us  2.1760us  fused_negative_3_kernel0
                    0.04%  48.032us        12  4.0020us  3.8720us  4.2560us  fused_add_36_kernel0
                    0.04%  44.992us         6  7.4980us  7.2000us  7.9360us  fused_multiply_20_kernel0
                    0.04%  44.992us         1  44.992us  44.992us  44.992us  fused_nn_max_pool2d_4_kernel0
                    0.04%  44.161us        12  3.6800us  3.5520us  3.9360us  fused_nn_relu_16_kernel0
                    0.04%  43.169us        30  1.4380us  1.2160us  1.8880us  fused_multiply_12_kernel0
                    0.04%  39.393us        26  1.5150us  1.1840us  5.6640us  fused_expand_dims_1_kernel0
                    0.04%  38.849us         1  38.849us  38.849us  38.849us  fused_nn_avg_pool2d_kernel0
                    0.03%  36.576us         3  12.192us  11.680us  12.544us  fused_multiply_13_kernel0
                    0.03%  36.576us         6  6.0960us  5.8880us  6.4000us  fused_add_27_kernel0
                    0.03%  34.688us         2  17.344us  17.152us  17.536us  fused_nn_conv2d_37_kernel1
                    0.03%  34.306us         6  5.7170us  5.5050us  6.0160us  fused_nn_relu_13_kernel0
                    0.03%  33.698us        26  1.2960us  1.1840us  1.6320us  fused_expand_dims_6_kernel0
                    0.03%  33.376us         1  33.376us  33.376us  33.376us  fused_nn_max_pool2d_3_kernel0
                    0.03%  32.449us         1  32.449us  32.449us  32.449us  fused_nn_softmax_kernel1
                    0.03%  31.552us         2  15.776us  15.616us  15.936us  fused_nn_conv2d_37_kernel3
                    0.03%  31.488us        24  1.3120us  1.1840us  1.6000us  fused_expand_dims_8_kernel0
                    0.03%  28.448us         3  9.4820us  9.0240us  9.9200us  fused_add_17_kernel0
                    0.03%  28.097us        13  2.1610us  1.4400us  4.8000us  fused_sqrt_1_kernel0
                    0.03%  28.064us         1  28.064us  28.064us  28.064us  fused_add_2_kernel0
                    0.03%  27.840us         1  27.840us  27.840us  27.840us  fused_nn_avg_pool2d_5_kernel0
                    0.02%  27.265us         3  9.0880us  8.9920us  9.2810us  fused_nn_relu_9_kernel0
                    0.02%  26.849us         1  26.849us  26.849us  26.849us  fused_nn_relu_2_kernel0
                    0.02%  25.537us        13  1.9640us  1.4720us  2.1440us  fused_divide_1_kernel0
                    0.02%  25.280us        13  1.9440us  1.6320us  2.1120us  fused_add_11_kernel0
                    0.02%  25.025us        13  1.9250us  1.6000us  2.1120us  fused_negative_1_kernel0
                    0.02%  24.705us        13  1.9000us  1.3440us  4.9930us  fused_add_12_kernel0
                    0.02%  24.321us         1  24.321us  24.321us  24.321us  fused_multiply_2_kernel0
                    0.02%  24.001us        13  1.8460us  1.6960us  2.0810us  fused_add_24_kernel0
                    0.02%  23.648us        12  1.9700us  1.7280us  2.1120us  fused_sqrt_8_kernel0
                    0.02%  23.330us        13  1.7940us  1.5040us  2.0160us  fused_multiply_10_kernel0
                    0.02%  22.816us        13  1.7550us  1.5040us  2.1760us  fused_divide_6_kernel0
                    0.02%  22.400us        16  1.4000us  1.1840us  1.6640us  fused_expand_dims_5_kernel0
                    0.02%  22.240us        12  1.8530us  1.6640us  2.1760us  fused_add_31_kernel0
                    0.02%  22.176us        13  1.7050us  1.4720us  2.1120us  fused_sqrt_6_kernel0
                    0.02%  21.314us        12  1.7760us  1.4720us  2.1770us  fused_divide_8_kernel0
                    0.02%  20.353us        13  1.5650us  1.3760us  1.9840us  fused_add_25_kernel0
                    0.02%  20.193us        13  1.5530us  1.3760us  2.0480us  fused_negative_6_kernel0
                    0.02%  20.129us        12  1.6770us  1.4720us  1.7930us  fused_negative_8_kernel0
                    0.02%  18.656us        12  1.5540us  1.3760us  1.7600us  fused_add_32_kernel0
                    0.02%  18.528us        13  1.4250us  1.2160us  2.0160us  fused_multiply_18_kernel0
                    0.02%  18.305us         1  18.305us  18.305us  18.305us  fused_concatenate_1_kernel0
                    0.02%  17.888us        12  1.4900us  1.2160us  1.6000us  fused_multiply_23_kernel0
                    0.01%  16.352us         8  2.0440us  1.9840us  2.1440us  fused_add_21_kernel0
                    0.01%  15.969us         8  1.9960us  1.6320us  2.2400us  fused_divide_5_kernel0
                    0.01%  15.616us         8  1.9520us  1.3760us  2.1760us  fused_negative_5_kernel0
                    0.01%  15.584us         8  1.9480us  1.5360us  2.2080us  fused_sqrt_5_kernel0
                    0.01%  15.232us        12  1.2690us  1.1840us  1.6000us  fused_expand_dims_7_kernel0
                    0.01%  14.912us         3  4.9700us  4.8960us  5.1200us  fused_multiply_kernel0
                    0.01%  14.688us         1  14.688us  14.688us  14.688us  fused_nn_softmax_kernel0
                    0.01%  14.080us         8  1.7600us  1.1840us  2.0160us  fused_multiply_16_kernel0
                    0.01%  12.961us         8  1.6200us  1.3760us  1.7920us  fused_add_22_kernel0
                    0.01%  12.192us         2  6.0960us  5.8880us  6.3040us  fused_multiply_27_kernel0
                    0.01%  11.648us         3  3.8820us  3.8720us  3.9040us  fused_add_kernel0
                    0.01%  11.008us         6  1.8340us  1.6960us  2.0480us  fused_add_28_kernel0
                    0.01%  10.880us         3  3.6260us  3.5840us  3.6480us  fused_nn_relu_kernel0
                    0.01%  10.496us         6  1.7490us  1.4720us  2.1440us  fused_divide_7_kernel0
                    0.01%  10.464us         6  1.7440us  1.4400us  2.1120us  fused_sqrt_7_kernel0
                    0.01%  9.8880us         2  4.9440us  4.9280us  4.9600us  fused_add_37_kernel0
                    0.01%  9.6000us         3  3.2000us  3.1680us  3.2320us  fused_multiply_25_kernel0
                    0.01%  9.2170us         6  1.5360us  1.3760us  1.8560us  fused_negative_7_kernel0
                    0.01%  9.1520us         2  4.5760us  4.5760us  4.5760us  fused_nn_relu_17_kernel0
                    0.01%  8.9920us         6  1.4980us  1.3440us  1.7600us  fused_add_29_kernel0
                    0.01%  8.7360us         3  2.9120us  1.6320us  5.0240us  fused_sqrt_kernel0
                    0.01%  8.5440us         6  1.4240us  1.2160us  1.6640us  fused_expand_dims_9_kernel0
                    0.01%  8.4480us         1  8.4480us  8.4480us  8.4480us  fused_multiply_17_kernel0
                    0.01%  8.3200us         6  1.3860us  1.1840us  1.6000us  fused_expand_dims_4_kernel0
                    0.01%  8.2240us         6  1.3700us  1.2480us  1.6640us  fused_expand_dims_kernel0
                    0.01%  8.0000us         6  1.3330us  1.2160us  1.5680us  fused_multiply_21_kernel0
                    0.01%  7.8720us         3  2.6240us  2.6240us  2.6240us  fused_add_35_kernel0
                    0.01%  7.3610us         3  2.4530us  2.4000us  2.5290us  fused_nn_relu_15_kernel0
                    0.01%  6.5920us         1  6.5920us  6.5920us  6.5920us  fused_multiply_19_kernel0
                    0.01%  6.4640us         1  6.4640us  6.4640us  6.4640us  fused_add_23_kernel0
                    0.01%  6.4640us         3  2.1540us  2.1440us  2.1760us  fused_divide_9_kernel0
                    0.01%  6.4320us         3  2.1440us  2.1120us  2.2080us  fused_sqrt_9_kernel0
                    0.01%  6.4000us         3  2.1330us  2.1120us  2.1440us  fused_divide_4_kernel0
                    0.01%  6.3680us         3  2.1220us  2.0800us  2.1760us  fused_sqrt_4_kernel0
                    0.01%  6.3040us         1  6.3040us  6.3040us  6.3040us  fused_nn_softmax_kernel3
                    0.01%  6.2090us         3  2.0690us  2.0480us  2.0810us  fused_add_33_kernel0
                    0.01%  6.0810us         1  6.0810us  6.0810us  6.0810us  fused_nn_relu_11_kernel0
                    0.01%  6.0480us         3  2.0160us  2.0160us  2.0160us  fused_add_18_kernel0
                    0.01%  5.7920us         3  1.9300us  1.5680us  2.1120us  fused_divide_kernel0
                    0.01%  5.6640us         4  1.4160us  1.2160us  1.6000us  fused_expand_dims_10_kernel0
                    0.01%  5.6640us         3  1.8880us  1.6640us  2.0160us  fused_add_9_kernel0
                    0.01%  5.5680us         3  1.8560us  1.7280us  2.0800us  fused_negative_kernel0
                    0.00%  5.5040us         3  1.8340us  1.7600us  1.9200us  fused_negative_9_kernel0
                    0.00%  5.3760us         3  1.7920us  1.7920us  1.7920us  fused_add_34_kernel0
                    0.00%  5.3440us         3  1.7810us  1.6000us  2.0160us  fused_multiply_9_kernel0
                    0.00%  5.2810us         3  1.7600us  1.7280us  1.7930us  fused_add_19_kernel0
                    0.00%  5.2160us         1  5.2160us  5.2160us  5.2160us  fused_add_26_kernel0
                    0.00%  5.1850us         3  1.7280us  1.6970us  1.7600us  fused_negative_4_kernel0
                    0.00%  5.0880us         3  1.6960us  1.6000us  1.7600us  fused_multiply_14_kernel0
                    0.00%  4.9920us         3  1.6640us  1.6320us  1.6960us  fused_multiply_24_kernel0
                    0.00%  4.8640us         3  1.6210us  1.4080us  1.7280us  fused_add_10_kernel0
                    0.00%  4.8320us         1  4.8320us  4.8320us  4.8320us  fused_nn_relu_12_kernel0
                    0.00%  4.3530us         2  2.1760us  2.1120us  2.2410us  fused_divide_10_kernel0
                    0.00%  4.2240us         2  2.1120us  2.1120us  2.1120us  fused_sqrt_10_kernel0
                    0.00%  4.1280us         2  2.0640us  2.0480us  2.0800us  fused_add_38_kernel0
                    0.00%  3.5840us         1  3.5840us  3.5840us  3.5840us  fused_nn_softmax_kernel2
                    0.00%  3.5520us         2  1.7760us  1.7600us  1.7920us  fused_negative_10_kernel0
                    0.00%  3.5200us         2  1.7600us  1.7600us  1.7600us  fused_add_39_kernel0
                    0.00%  3.3600us         2  1.6800us  1.6320us  1.7280us  fused_multiply_28_kernel0
                    0.00%  2.7520us         2  1.3760us  1.1840us  1.5680us  fused_expand_dims_2_kernel0
                    0.00%  2.3040us         1  2.3040us  2.3040us  2.3040us  fused_nn_bias_add_kernel0
                    0.00%  2.1440us         1  2.1440us  2.1440us  2.1440us  fused_sqrt_2_kernel0
                    0.00%  2.1120us         1  2.1120us  2.1120us  2.1120us  fused_divide_2_kernel0
                    0.00%  2.0480us         1  2.0480us  2.0480us  2.0480us  fused_add_13_kernel0
                    0.00%  2.0160us         1  2.0160us  2.0160us  2.0160us  fused_negative_2_kernel0
                    0.00%  1.9520us         1  1.9520us  1.9520us  1.9520us  fused_multiply_11_kernel0
                    0.00%  1.8560us         1  1.8560us  1.8560us  1.8560us  [CUDA memcpy DtoH]
                    0.00%  1.7920us         1  1.7920us  1.7920us  1.7920us  fused_add_14_kernel0
                    0.00%  1.7600us         1  1.7600us  1.7600us  1.7600us  fused_nn_batch_flatten_kernel0
      API calls:   79.20%  1.06619s         1  1.06619s  1.06619s  1.06619s  cuModuleLoadData
                   10.61%  142.85ms       585  244.19us  2.9640us  135.94ms  cudaMalloc
                    5.49%  73.875ms       585  126.28us  3.0510us  51.324ms  cudaFree
                    3.46%  46.546ms       568  81.946us  5.7750us  7.5645ms  cudaMemcpy
                    0.70%  9.4104ms         1  9.4104ms  9.4104ms  9.4104ms  cuModuleUnload
                    0.35%  4.6633ms      1187  3.9280us  3.1070us  56.551us  cuLaunchKernel
                    0.11%  1.5036ms      2896     519ns     322ns  11.545us  cudaSetDevice
                    0.03%  421.47us      1187     355ns     293ns  1.8300us  cudaGetDevice
                    0.03%  369.88us        97  3.8130us     478ns  150.66us  cuDeviceGetAttribute
                    0.01%  185.57us         1  185.57us  185.57us  185.57us  cuDeviceTotalMem
                    0.01%  91.540us       207     442ns     267ns  1.8930us  cuModuleGetFunction
                    0.01%  83.784us         1  83.784us  83.784us  83.784us  cuDeviceGetName
                    0.00%  6.6900us         3  2.2300us  1.3630us  2.6940us  cudaDeviceGetAttribute
                    0.00%  3.3690us         1  3.3690us  3.3690us  3.3690us  cuDeviceGetPCIBusId
                    0.00%  3.0230us         2  1.5110us     660ns  2.3630us  cuDeviceGetCount
                    0.00%  1.7630us         2     881ns     519ns  1.2440us  cuDeviceGet
                    0.00%     834ns         1     834ns     834ns     834ns  cuDeviceGetUuid
