==23941== NVPROF is profiling process 23941, command: python3 /home/wml/tvm/tutorials/relay_test_net.py
==23941== Profiling application: python3 /home/wml/tvm/tutorials/relay_test_net.py
==23941== Profiling result:
            Type  Time(%)      Time     Calls       Avg       Min       Max  Name
 GPU activities:   28.25%  31.280ms       567  55.166us     864ns  2.6185ms  [CUDA memcpy HtoD]
                    7.61%  8.4211ms        12  701.76us  604.27us  1.7488ms  fused_nn_conv2d_3_kernel0
                    4.98%  5.5123ms         1  5.5123ms  5.5123ms  5.5123ms  fused_nn_conv2d_8_kernel0
                    4.80%  5.3165ms         4  1.3291ms  1.1766ms  1.7828ms  fused_nn_conv2d_31_kernel0
                    4.25%  4.7030ms         4  1.1757ms  1.1720ms  1.1770ms  fused_nn_conv2d_32_kernel0
                    3.77%  4.1716ms         4  1.0429ms  742.09us  1.8856ms  fused_nn_conv2d_30_kernel0
                    3.02%  3.3423ms         1  3.3423ms  3.3423ms  3.3423ms  fused_nn_conv2d_4_kernel0
                    2.67%  2.9532ms         4  738.31us  731.85us  741.04us  fused_nn_conv2d_27_kernel0
                    2.53%  2.7995ms         3  933.18us  561.32us  1.6628ms  fused_nn_conv2d_13_kernel0
                    2.17%  2.4042ms         2  1.2021ms  907.28us  1.4970ms  fused_nn_conv2d_29_kernel0
                    2.16%  2.3922ms         2  1.1961ms  1.1943ms  1.1979ms  fused_nn_conv2d_37_kernel0
                    1.98%  2.1912ms         2  1.0956ms  525.80us  1.6654ms  fused_nn_conv2d_23_kernel0
                    1.80%  1.9905ms         2  995.26us  994.58us  995.95us  fused_nn_conv2d_26_kernel0
                    1.80%  1.9895ms         1  1.9895ms  1.9895ms  1.9895ms  fused_nn_conv2d_10_kernel0
                    1.76%  1.9490ms         4  487.24us  484.87us  492.58us  fused_nn_conv2d_28_kernel0
                    1.27%  1.4098ms         2  704.88us  704.49us  705.26us  fused_nn_conv2d_37_kernel2
                    1.20%  1.3300ms         1  1.3300ms  1.3300ms  1.3300ms  fused_nn_conv2d_24_kernel0
                    1.12%  1.2451ms         2  622.57us  622.03us  623.11us  fused_nn_conv2d_22_kernel0
                    1.12%  1.2372ms         4  309.30us  301.48us  312.23us  fused_nn_conv2d_36_kernel0
                    1.10%  1.2221ms         4  305.53us  298.50us  309.38us  fused_nn_conv2d_34_kernel0
                    1.07%  1.1797ms         2  589.85us  589.64us  590.06us  fused_nn_conv2d_25_kernel0
                    1.00%  1.1120ms         4  277.99us  274.82us  280.26us  fused_nn_conv2d_5_kernel0
                    0.72%  795.82us         3  265.27us  262.47us  266.79us  fused_nn_conv2d_6_kernel0
                    0.69%  761.13us         4  190.28us  188.36us  190.95us  fused_nn_conv2d_16_kernel2
                    0.66%  727.63us         1  727.63us  727.63us  727.63us  fused_nn_conv2d_21_kernel0
                    0.64%  704.43us         3  234.81us  230.24us  239.27us  fused_nn_conv2d_15_kernel2
                    0.63%  701.10us         1  701.10us  701.10us  701.10us  fused_nn_conv2d_11_kernel0
                    0.55%  608.04us         4  152.01us  151.01us  153.03us  fused_nn_avg_pool2d_4_kernel0
                    0.55%  605.39us         1  605.39us  605.39us  605.39us  fused_nn_conv2d_kernel0
                    0.53%  588.14us         1  588.14us  588.14us  588.14us  fused_nn_conv2d_41_kernel0
                    0.43%  476.42us         1  476.42us  476.42us  476.42us  fused_nn_conv2d_20_kernel0
                    0.41%  455.82us         1  455.82us  455.82us  455.82us  fused_nn_conv2d_40_kernel0
                    0.40%  442.22us         1  442.22us  442.22us  442.22us  fused_nn_conv2d_9_kernel0
                    0.36%  403.62us         1  403.62us  403.62us  403.62us  fused_nn_conv2d_2_kernel0
                    0.34%  376.65us         2  188.32us  187.84us  188.80us  fused_nn_conv2d_7_kernel0
                    0.34%  371.40us         1  371.40us  371.40us  371.40us  fused_nn_conv2d_42_kernel0
                    0.30%  337.51us         1  337.51us  337.51us  337.51us  fused_nn_conv2d_33_kernel0
                    0.29%  320.10us         1  320.10us  320.10us  320.10us  fused_add_6_kernel0
                    0.29%  318.79us         1  318.79us  318.79us  318.79us  fused_nn_relu_6_kernel0
                    0.29%  318.05us         1  318.05us  318.05us  318.05us  fused_multiply_6_kernel0
                    0.27%  301.73us         1  301.73us  301.73us  301.73us  fused_nn_conv2d_38_kernel0
                    0.27%  296.13us        26  11.389us  10.497us  12.129us  fused_multiply_1_kernel0
                    0.26%  293.41us         4  73.353us  73.089us  73.889us  fused_nn_conv2d_16_kernel3
                    0.25%  282.21us         1  282.21us  282.21us  282.21us  fused_nn_conv2d_1_kernel0
                    0.23%  259.56us         1  259.56us  259.56us  259.56us  fused_nn_conv2d_12_kernel0
                    0.22%  241.44us         1  241.44us  241.44us  241.44us  fused_nn_conv2d_19_kernel0
                    0.21%  235.94us         1  235.94us  235.94us  235.94us  fused_nn_dense_kernel0
                    0.21%  231.97us         1  231.97us  231.97us  231.97us  fused_nn_conv2d_39_kernel0
                    0.21%  230.98us         1  230.98us  230.98us  230.98us  fused_nn_avg_pool2d_3_kernel0
                    0.21%  228.74us        12  19.061us  18.240us  19.488us  fused_nn_relu_3_kernel0
                    0.21%  228.29us        12  19.024us  18.209us  19.520us  fused_add_3_kernel0
                    0.20%  223.72us         1  223.72us  223.72us  223.72us  fused_add_4_kernel0
                    0.20%  222.66us        26  8.5630us  8.1600us  8.8960us  fused_add_1_kernel0
                    0.20%  222.21us         1  222.21us  222.21us  222.21us  fused_nn_relu_4_kernel0
                    0.20%  220.20us         3  73.398us  73.153us  73.826us  fused_nn_conv2d_15_kernel3
                    0.20%  219.94us         1  219.94us  219.94us  219.94us  fused_multiply_4_kernel0
                    0.20%  219.52us         3  73.174us  72.545us  73.954us  fused_nn_conv2d_15_kernel1
                    0.19%  213.54us         4  53.385us  52.225us  54.465us  fused_concatenate_2_kernel0
                    0.19%  210.50us         1  210.50us  210.50us  210.50us  fused_nn_conv2d_18_kernel0
                    0.19%  209.09us         1  209.09us  209.09us  209.09us  fused_nn_max_pool2d_1_kernel0
                    0.19%  207.81us         1  207.81us  207.81us  207.81us  fused_nn_conv2d_35_kernel0
                    0.19%  207.33us        26  7.9740us  7.7440us  8.3520us  fused_nn_relu_1_kernel0
                    0.19%  206.66us        12  17.221us  16.513us  18.976us  fused_multiply_3_kernel0
                    0.18%  203.46us         1  203.46us  203.46us  203.46us  fused_nn_avg_pool2d_2_kernel0
                    0.18%  201.89us         7  28.841us  28.448us  29.216us  fused_add_20_kernel0
                    0.18%  200.77us         7  28.681us  28.000us  29.280us  fused_nn_relu_10_kernel0
                    0.18%  199.81us         4  49.952us  49.633us  50.497us  fused_nn_conv2d_16_kernel1
                    0.17%  188.52us         7  26.930us  26.400us  27.264us  fused_multiply_15_kernel0
                    0.15%  166.50us         2  83.249us  82.946us  83.553us  fused_concatenate_4_kernel0
                    0.15%  163.78us         1  163.78us  163.78us  163.78us  fused_add_8_kernel0
                    0.15%  163.27us         1  163.27us  163.27us  163.27us  fused_nn_relu_8_kernel0
                    0.15%  162.53us         1  162.53us  162.53us  162.53us  fused_multiply_8_kernel0
                    0.15%  162.02us         1  162.02us  162.02us  162.02us  fused_nn_conv2d_14_kernel0
                    0.14%  159.72us         1  159.72us  159.72us  159.72us  fused_add_7_kernel0
                    0.14%  159.52us         1  159.52us  159.52us  159.52us  fused_nn_relu_7_kernel0
                    0.14%  158.53us         1  158.53us  158.53us  158.53us  fused_multiply_7_kernel0
                    0.14%  153.15us         1  153.15us  153.15us  153.15us  fused_nn_avg_pool2d_1_kernel0
                    0.13%  148.42us         1  148.42us  148.42us  148.42us  fused_nn_max_pool2d_kernel0
                    0.11%  121.95us         3  40.651us  39.584us  41.953us  fused_nn_conv2d_15_kernel0
                    0.11%  117.70us        12  9.8080us  9.5040us  10.112us  fused_multiply_22_kernel0
                    0.10%  112.58us         1  112.58us  112.58us  112.58us  fused_nn_conv2d_17_kernel0
                    0.09%  104.04us         4  26.008us  25.473us  26.753us  fused_nn_conv2d_16_kernel0
                    0.09%  99.329us         1  99.329us  99.329us  99.329us  fused_nn_relu_5_kernel0
                    0.09%  99.010us         1  99.010us  99.010us  99.010us  fused_add_5_kernel0
                    0.09%  96.290us         1  96.290us  96.290us  96.290us  fused_multiply_5_kernel0
                    0.08%  88.033us        12  7.3360us  7.0400us  7.5520us  fused_add_30_kernel0
                    0.07%  82.754us        12  6.8960us  6.7200us  7.1680us  fused_nn_relu_14_kernel0
                    0.07%  77.056us        60  1.2840us  1.1840us  1.6320us  fused_expand_dims_3_kernel0
                    0.07%  73.857us         1  73.857us  73.857us  73.857us  fused_concatenate_5_kernel0
                    0.05%  59.808us         2  29.904us  29.568us  30.240us  fused_concatenate_kernel0
                    0.05%  59.009us        12  4.9170us  4.1920us  5.7600us  fused_multiply_26_kernel0
                    0.05%  57.313us         1  57.313us  57.313us  57.313us  fused_nn_max_pool2d_2_kernel0
                    0.05%  56.321us        30  1.8770us  1.6960us  2.1760us  fused_sqrt_3_kernel0
                    0.05%  55.328us        30  1.8440us  1.6320us  2.1440us  fused_add_15_kernel0
                    0.05%  52.897us        30  1.7630us  1.4720us  2.1760us  fused_divide_3_kernel0
                    0.05%  51.137us         1  51.137us  51.137us  51.137us  fused_concatenate_3_kernel0
                    0.04%  48.097us        12  4.0080us  3.8720us  4.1930us  fused_add_36_kernel0
                    0.04%  46.338us        30  1.5440us  1.3440us  1.8560us  fused_add_16_kernel0
                    0.04%  45.954us        30  1.5310us  1.3440us  2.1130us  fused_negative_3_kernel0
                    0.04%  44.928us         6  7.4880us  6.8160us  8.7040us  fused_multiply_20_kernel0
                    0.04%  44.640us        12  3.7200us  3.5520us  3.9680us  fused_nn_relu_16_kernel0
                    0.04%  44.513us         1  44.513us  44.513us  44.513us  fused_nn_max_pool2d_4_kernel0
                    0.04%  41.602us        30  1.3860us  1.1840us  1.9200us  fused_multiply_12_kernel0
                    0.04%  40.225us         1  40.225us  40.225us  40.225us  fused_nn_avg_pool2d_kernel0
                    0.04%  38.881us        26  1.4950us  1.1840us  5.6640us  fused_expand_dims_1_kernel0
                    0.03%  37.153us         3  12.384us  12.256us  12.480us  fused_multiply_13_kernel0
                    0.03%  36.160us         6  6.0260us  5.8560us  6.2400us  fused_add_27_kernel0
                    0.03%  34.400us         6  5.7330us  5.5360us  6.0160us  fused_nn_relu_13_kernel0
                    0.03%  34.112us         2  17.056us  16.832us  17.280us  fused_nn_conv2d_37_kernel1
                    0.03%  34.016us        26  1.3080us  1.1840us  1.6320us  fused_expand_dims_6_kernel0
                    0.03%  32.704us         1  32.704us  32.704us  32.704us  fused_nn_max_pool2d_3_kernel0
                    0.03%  32.321us         1  32.321us  32.321us  32.321us  fused_nn_softmax_kernel1
                    0.03%  31.296us        24  1.3040us  1.1840us  1.6000us  fused_expand_dims_8_kernel0
                    0.03%  31.201us         2  15.600us  15.585us  15.616us  fused_nn_conv2d_37_kernel3
                    0.03%  29.088us         3  9.6960us  9.2160us  9.9840us  fused_add_17_kernel0
                    0.03%  27.841us         1  27.841us  27.841us  27.841us  fused_nn_relu_2_kernel0
                    0.03%  27.808us         3  9.2690us  9.0560us  9.6000us  fused_nn_relu_9_kernel0
                    0.02%  27.264us         1  27.264us  27.264us  27.264us  fused_add_2_kernel0
                    0.02%  27.008us         1  27.008us  27.008us  27.008us  fused_nn_avg_pool2d_5_kernel0
                    0.02%  24.929us        13  1.9170us  1.6320us  2.1120us  fused_add_11_kernel0
                    0.02%  24.896us        13  1.9150us  1.6320us  2.1120us  fused_negative_1_kernel0
                    0.02%  24.736us        13  1.9020us  1.4400us  2.1760us  fused_divide_1_kernel0
                    0.02%  24.736us        13  1.9020us  1.6960us  2.1440us  fused_add_24_kernel0
                    0.02%  24.226us        13  1.8630us  1.4400us  2.1120us  fused_sqrt_1_kernel0
                    0.02%  23.840us         1  23.840us  23.840us  23.840us  fused_multiply_2_kernel0
                    0.02%  23.232us        13  1.7870us  1.4720us  2.0160us  fused_multiply_10_kernel0
                    0.02%  23.008us        12  1.9170us  1.6640us  2.1440us  fused_add_31_kernel0
                    0.02%  22.880us        13  1.7600us  1.5040us  2.1760us  fused_divide_6_kernel0
                    0.02%  22.112us        13  1.7000us  1.4400us  2.1120us  fused_sqrt_6_kernel0
                    0.02%  21.633us        13  1.6640us  1.3440us  1.8240us  fused_add_12_kernel0
                    0.02%  21.376us        12  1.7810us  1.4400us  2.1440us  fused_sqrt_8_kernel0
                    0.02%  21.280us        16  1.3300us  1.1520us  1.6000us  fused_expand_dims_5_kernel0
                    0.02%  21.089us        12  1.7570us  1.5040us  2.1440us  fused_divide_8_kernel0
                    0.02%  20.641us        13  1.5870us  1.3760us  2.1770us  fused_negative_6_kernel0
                    0.02%  20.577us        13  1.5820us  1.3760us  2.0160us  fused_add_25_kernel0
                    0.02%  19.104us        12  1.5920us  1.4400us  1.8240us  fused_add_32_kernel0
                    0.02%  18.530us        13  1.4250us  1.2160us  2.0480us  fused_multiply_18_kernel0
                    0.02%  18.368us        12  1.5300us  1.3440us  1.8240us  fused_negative_8_kernel0
                    0.02%  18.305us         1  18.305us  18.305us  18.305us  fused_concatenate_1_kernel0
                    0.02%  16.640us        12  1.3860us  1.1840us  1.6960us  fused_multiply_23_kernel0
                    0.01%  15.649us         8  1.9560us  1.4400us  2.1130us  fused_negative_5_kernel0
                    0.01%  15.617us         8  1.9520us  1.6320us  2.2090us  fused_add_21_kernel0
                    0.01%  15.168us        12  1.2640us  1.1840us  1.6000us  fused_expand_dims_7_kernel0
                    0.01%  15.136us         8  1.8920us  1.4720us  2.2080us  fused_divide_5_kernel0
                    0.01%  15.072us         8  1.8840us  1.4720us  2.1120us  fused_sqrt_5_kernel0
                    0.01%  14.880us         3  4.9600us  4.9280us  4.9920us  fused_multiply_kernel0
                    0.01%  14.592us         1  14.592us  14.592us  14.592us  fused_nn_softmax_kernel0
                    0.01%  14.240us         8  1.7800us  1.2160us  1.9200us  fused_multiply_16_kernel0
                    0.01%  13.216us         8  1.6520us  1.3760us  1.7920us  fused_add_22_kernel0
                    0.01%  12.352us         2  6.1760us  6.0480us  6.3040us  fused_multiply_27_kernel0
                    0.01%  12.288us         6  2.0480us  1.6320us  2.9760us  fused_add_28_kernel0
                    0.01%  11.521us         3  3.8400us  3.8090us  3.8720us  fused_add_kernel0
                    0.01%  10.816us         3  3.6050us  3.5840us  3.6160us  fused_nn_relu_kernel0
                    0.01%  10.688us         6  1.7810us  1.4720us  2.1120us  fused_divide_7_kernel0
                    0.01%  10.050us         6  1.6750us  1.4720us  2.0800us  fused_sqrt_7_kernel0
                    0.01%  9.7600us         2  4.8800us  4.8640us  4.8960us  fused_add_37_kernel0
                    0.01%  9.6000us         3  3.2000us  3.2000us  3.2000us  fused_multiply_25_kernel0
                    0.01%  9.3440us         6  1.5570us  1.4080us  1.7600us  fused_negative_7_kernel0
                    0.01%  9.1850us         2  4.5920us  4.5770us  4.6080us  fused_nn_relu_17_kernel0
                    0.01%  9.1840us         6  1.5300us  1.3440us  1.7920us  fused_add_29_kernel0
                    0.01%  8.7680us         3  2.9220us  1.6640us  5.0240us  fused_sqrt_kernel0
                    0.01%  8.6080us         6  1.4340us  1.2480us  1.6640us  fused_expand_dims_9_kernel0
                    0.01%  8.4160us         6  1.4020us  1.1840us  1.6000us  fused_expand_dims_4_kernel0
                    0.01%  8.3210us         1  8.3210us  8.3210us  8.3210us  fused_multiply_17_kernel0
                    0.01%  8.1920us         6  1.3650us  1.2480us  1.6000us  fused_expand_dims_kernel0
                    0.01%  8.0320us         6  1.3380us  1.1840us  1.6000us  fused_multiply_21_kernel0
                    0.01%  7.6810us         3  2.5600us  2.5280us  2.5930us  fused_add_35_kernel0
                    0.01%  7.2640us         3  2.4210us  2.4000us  2.4320us  fused_nn_relu_15_kernel0
                    0.01%  6.4960us         1  6.4960us  6.4960us  6.4960us  fused_multiply_19_kernel0
                    0.01%  6.4960us         1  6.4960us  6.4960us  6.4960us  fused_add_23_kernel0
                    0.01%  6.4640us         3  2.1540us  2.1440us  2.1760us  fused_divide_9_kernel0
                    0.01%  6.4010us         3  2.1330us  2.1120us  2.1760us  fused_sqrt_9_kernel0
                    0.01%  6.3680us         3  2.1220us  2.1120us  2.1440us  fused_divide_4_kernel0
                    0.01%  6.3360us         1  6.3360us  6.3360us  6.3360us  fused_nn_softmax_kernel3
                    0.01%  6.3360us         3  2.1120us  2.0480us  2.2080us  fused_add_33_kernel0
                    0.01%  6.2730us         3  2.0910us  2.0800us  2.1130us  fused_sqrt_4_kernel0
                    0.01%  6.1450us         3  2.0480us  2.0480us  2.0490us  fused_add_18_kernel0
                    0.01%  6.0160us         1  6.0160us  6.0160us  6.0160us  fused_nn_relu_11_kernel0
                    0.01%  5.8240us         4  1.4560us  1.2480us  1.6000us  fused_expand_dims_10_kernel0
                    0.01%  5.7920us         3  1.9300us  1.6960us  2.0480us  fused_add_9_kernel0
                    0.01%  5.7280us         3  1.9090us  1.5360us  2.1120us  fused_divide_kernel0
                    0.00%  5.4400us         3  1.8130us  1.7920us  1.8240us  fused_negative_9_kernel0
                    0.00%  5.4400us         3  1.8130us  1.6640us  1.9840us  fused_negative_kernel0
                    0.00%  5.3440us         3  1.7810us  1.7600us  1.7920us  fused_add_34_kernel0
                    0.00%  5.3440us         3  1.7810us  1.5680us  2.0160us  fused_multiply_9_kernel0
                    0.00%  5.3120us         3  1.7700us  1.7600us  1.7920us  fused_add_19_kernel0
                    0.00%  5.3120us         3  1.7700us  1.7280us  1.8240us  fused_negative_4_kernel0
                    0.00%  5.1200us         1  5.1200us  5.1200us  5.1200us  fused_add_26_kernel0
                    0.00%  5.0560us         3  1.6850us  1.6000us  1.7280us  fused_add_10_kernel0
                    0.00%  5.0240us         3  1.6740us  1.5680us  1.7280us  fused_multiply_14_kernel0
                    0.00%  4.9280us         3  1.6420us  1.6320us  1.6640us  fused_multiply_24_kernel0
                    0.00%  4.8320us         1  4.8320us  4.8320us  4.8320us  fused_nn_relu_12_kernel0
                    0.00%  4.3530us         2  2.1760us  2.1760us  2.1770us  fused_divide_10_kernel0
                    0.00%  4.2880us         2  2.1440us  2.1440us  2.1440us  fused_sqrt_10_kernel0
                    0.00%  4.2240us         2  2.1120us  2.0800us  2.1440us  fused_add_38_kernel0
                    0.00%  3.6480us         1  3.6480us  3.6480us  3.6480us  fused_nn_softmax_kernel2
                    0.00%  3.5840us         2  1.7920us  1.7920us  1.7920us  fused_negative_10_kernel0
                    0.00%  3.5520us         2  1.7760us  1.7600us  1.7920us  fused_add_39_kernel0
                    0.00%  3.2640us         2  1.6320us  1.6320us  1.6320us  fused_multiply_28_kernel0
                    0.00%  2.7840us         2  1.3920us  1.1840us  1.6000us  fused_expand_dims_2_kernel0
                    0.00%  2.3040us         1  2.3040us  2.3040us  2.3040us  fused_nn_bias_add_kernel0
                    0.00%  2.2080us         1  2.2080us  2.2080us  2.2080us  [CUDA memcpy DtoH]
                    0.00%  2.1120us         1  2.1120us  2.1120us  2.1120us  fused_sqrt_2_kernel0
                    0.00%  2.1120us         1  2.1120us  2.1120us  2.1120us  fused_divide_2_kernel0
                    0.00%  2.0480us         1  2.0480us  2.0480us  2.0480us  fused_add_13_kernel0
                    0.00%  2.0160us         1  2.0160us  2.0160us  2.0160us  fused_negative_2_kernel0
                    0.00%  1.8880us         1  1.8880us  1.8880us  1.8880us  fused_multiply_11_kernel0
                    0.00%  1.7600us         1  1.7600us  1.7600us  1.7600us  fused_nn_batch_flatten_kernel0
                    0.00%  1.7280us         1  1.7280us  1.7280us  1.7280us  fused_add_14_kernel0
      API calls:   79.84%  1.07846s         1  1.07846s  1.07846s  1.07846s  cuModuleLoadData
                   10.22%  138.00ms       585  235.90us  2.9000us  130.83ms  cudaMalloc
                    5.43%  73.323ms       585  125.34us  3.0560us  51.238ms  cudaFree
                    3.45%  46.545ms       568  81.946us  6.1700us  7.5409ms  cudaMemcpy
                    0.56%  7.5277ms         1  7.5277ms  7.5277ms  7.5277ms  cuModuleUnload
                    0.34%  4.5682ms      1187  3.8480us  2.9830us  57.483us  cuLaunchKernel
                    0.12%  1.5823ms      2896     546ns     332ns  10.689us  cudaSetDevice
                    0.03%  413.28us      1187     348ns     294ns  3.3470us  cudaGetDevice
                    0.02%  203.08us        97  2.0930us     218ns  84.698us  cuDeviceGetAttribute
                    0.01%  91.633us       207     442ns     259ns  1.7320us  cuModuleGetFunction
                    0.01%  88.269us         1  88.269us  88.269us  88.269us  cuDeviceTotalMem
                    0.00%  36.582us         1  36.582us  36.582us  36.582us  cuDeviceGetName
                    0.00%  3.4940us         1  3.4940us  3.4940us  3.4940us  cuDeviceGetPCIBusId
                    0.00%  3.2740us         3  1.0910us     646ns  1.3940us  cudaDeviceGetAttribute
                    0.00%  1.4860us         2     743ns     350ns  1.1360us  cuDeviceGetCount
                    0.00%     875ns         2     437ns     250ns     625ns  cuDeviceGet
                    0.00%     454ns         1     454ns     454ns     454ns  cuDeviceGetUuid
