==24138== NVPROF is profiling process 24138, command: python3 /home/wml/tvm/tutorials/relay_test_net.py
==24138== Profiling application: python3 /home/wml/tvm/tutorials/relay_test_net.py
==24138== Profiling result:
            Type  Time(%)      Time     Calls       Avg       Min       Max  Name
 GPU activities:   30.07%  31.290ms       567  55.184us     832ns  2.6229ms  [CUDA memcpy HtoD]
                    6.44%  6.6962ms        12  558.02us  555.46us  560.78us  fused_nn_conv2d_3_kernel0
                    5.21%  5.4242ms         4  1.3560ms  1.0761ms  2.1871ms  fused_nn_conv2d_31_kernel0
                    4.86%  5.0614ms         1  5.0614ms  5.0614ms  5.0614ms  fused_nn_conv2d_8_kernel0
                    4.72%  4.9129ms         4  1.2282ms  1.0746ms  1.6780ms  fused_nn_conv2d_32_kernel0
                    3.07%  3.1950ms         1  3.1950ms  3.1950ms  3.1950ms  fused_nn_conv2d_4_kernel0
                    2.63%  2.7405ms         4  685.11us  668.30us  723.37us  fused_nn_conv2d_30_kernel0
                    2.63%  2.7351ms         4  683.77us  670.92us  711.11us  fused_nn_conv2d_27_kernel0
                    2.46%  2.5627ms         2  1.2813ms  704.33us  1.8583ms  fused_nn_conv2d_37_kernel2
                    2.29%  2.3793ms         2  1.1896ms  1.1896ms  1.1897ms  fused_nn_conv2d_37_kernel0
                    1.77%  1.8384ms         1  1.8384ms  1.8384ms  1.8384ms  fused_nn_conv2d_10_kernel0
                    1.76%  1.8299ms         4  457.49us  446.41us  468.07us  fused_nn_conv2d_28_kernel0
                    1.75%  1.8181ms         2  909.07us  907.53us  910.61us  fused_nn_conv2d_26_kernel0
                    1.60%  1.6662ms         2  833.10us  832.88us  833.32us  fused_nn_conv2d_29_kernel0
                    1.51%  1.5712ms         3  523.72us  513.54us  530.50us  fused_nn_conv2d_13_kernel0
                    1.31%  1.3678ms         1  1.3678ms  1.3678ms  1.3678ms  fused_nn_conv2d_19_kernel0
                    1.10%  1.1426ms         2  571.29us  571.27us  571.31us  fused_nn_conv2d_22_kernel0
                    1.09%  1.1381ms         4  284.53us  281.22us  289.32us  fused_nn_conv2d_34_kernel0
                    1.09%  1.1321ms         4  283.02us  277.73us  287.69us  fused_nn_conv2d_36_kernel0
                    1.04%  1.0866ms         2  543.32us  541.51us  545.13us  fused_nn_conv2d_25_kernel0
                    1.01%  1.0458ms         4  261.44us  257.44us  266.72us  fused_nn_conv2d_5_kernel0
                    0.92%  960.33us         2  480.17us  479.94us  480.39us  fused_nn_conv2d_23_kernel0
                    0.75%  784.46us         1  784.46us  784.46us  784.46us  fused_nn_avg_pool2d_3_kernel0
                    0.72%  748.33us         3  249.44us  247.36us  251.33us  fused_nn_conv2d_6_kernel0
                    0.68%  708.20us         4  177.05us  173.67us  180.16us  fused_nn_conv2d_16_kernel2
                    0.66%  682.15us         3  227.38us  220.16us  235.17us  fused_nn_conv2d_15_kernel2
                    0.64%  667.02us         1  667.02us  667.02us  667.02us  fused_nn_conv2d_21_kernel0
                    0.63%  651.31us         1  651.31us  651.31us  651.31us  fused_nn_conv2d_24_kernel0
                    0.62%  641.51us         1  641.51us  641.51us  641.51us  fused_nn_conv2d_11_kernel0
                    0.55%  567.72us         4  141.93us  141.38us  142.43us  fused_nn_avg_pool2d_4_kernel0
                    0.53%  555.34us         1  555.34us  555.34us  555.34us  fused_nn_conv2d_kernel0
                    0.43%  443.46us         1  443.46us  443.46us  443.46us  fused_nn_conv2d_41_kernel0
                    0.42%  437.48us         1  437.48us  437.48us  437.48us  fused_nn_conv2d_20_kernel0
                    0.41%  422.09us         1  422.09us  422.09us  422.09us  fused_nn_conv2d_40_kernel0
                    0.41%  421.67us         1  421.67us  421.67us  421.67us  fused_nn_conv2d_9_kernel0
                    0.36%  377.83us         1  377.83us  377.83us  377.83us  fused_nn_conv2d_2_kernel0
                    0.33%  345.80us         2  172.90us  172.10us  173.70us  fused_nn_conv2d_7_kernel0
                    0.33%  340.55us         1  340.55us  340.55us  340.55us  fused_nn_conv2d_42_kernel0
                    0.31%  320.04us         1  320.04us  320.04us  320.04us  fused_add_6_kernel0
                    0.31%  319.36us         1  319.36us  319.36us  319.36us  fused_multiply_6_kernel0
                    0.31%  318.89us         1  318.89us  318.89us  318.89us  fused_nn_relu_6_kernel0
                    0.30%  307.08us         1  307.08us  307.08us  307.08us  fused_nn_conv2d_33_kernel0
                    0.28%  293.51us         4  73.377us  73.153us  73.729us  fused_nn_conv2d_16_kernel3
                    0.27%  279.14us        26  10.736us  9.7920us  11.680us  fused_multiply_1_kernel0
                    0.26%  272.07us         1  272.07us  272.07us  272.07us  fused_nn_conv2d_38_kernel0
                    0.25%  260.48us         1  260.48us  260.48us  260.48us  fused_nn_conv2d_1_kernel0
                    0.23%  241.76us         1  241.76us  241.76us  241.76us  fused_nn_conv2d_12_kernel0
                    0.23%  234.66us         1  234.66us  234.66us  234.66us  fused_nn_dense_kernel0
                    0.22%  224.13us         1  224.13us  224.13us  224.13us  fused_add_4_kernel0
                    0.21%  223.04us        12  18.586us  17.665us  19.297us  fused_nn_relu_3_kernel0
                    0.21%  222.69us        12  18.557us  18.048us  19.233us  fused_add_3_kernel0
                    0.21%  222.66us         1  222.66us  222.66us  222.66us  fused_nn_relu_4_kernel0
                    0.21%  220.61us         3  73.537us  73.249us  73.729us  fused_nn_conv2d_15_kernel1
                    0.21%  220.13us         1  220.13us  220.13us  220.13us  fused_multiply_4_kernel0
                    0.21%  219.72us         3  73.238us  72.929us  73.601us  fused_nn_conv2d_15_kernel3
                    0.20%  212.61us         1  212.61us  212.61us  212.61us  fused_nn_conv2d_39_kernel0
                    0.20%  210.34us         4  52.584us  51.905us  53.089us  fused_concatenate_2_kernel0
                    0.20%  210.21us         1  210.21us  210.21us  210.21us  fused_nn_max_pool2d_1_kernel0
                    0.20%  204.23us        26  7.8540us  7.4560us  8.4800us  fused_add_1_kernel0
                    0.19%  199.30us         7  28.471us  28.160us  29.216us  fused_add_20_kernel0
                    0.19%  198.08us         7  28.297us  27.777us  29.057us  fused_nn_relu_10_kernel0
                    0.19%  196.39us         4  49.097us  48.513us  49.793us  fused_nn_conv2d_16_kernel1
                    0.19%  196.10us         1  196.10us  196.10us  196.10us  fused_nn_conv2d_35_kernel0
                    0.19%  195.52us        12  16.293us  15.520us  17.216us  fused_multiply_3_kernel0
                    0.19%  194.66us         1  194.66us  194.66us  194.66us  fused_nn_conv2d_18_kernel0
                    0.18%  192.32us         1  192.32us  192.32us  192.32us  fused_nn_avg_pool2d_2_kernel0
                    0.18%  191.04us        26  7.3470us  7.1040us  7.7450us  fused_nn_relu_1_kernel0
                    0.18%  182.21us         7  26.030us  25.409us  26.400us  fused_multiply_15_kernel0
                    0.16%  164.71us         2  82.353us  82.113us  82.593us  fused_concatenate_4_kernel0
                    0.16%  163.94us         1  163.94us  163.94us  163.94us  fused_nn_relu_8_kernel0
                    0.16%  163.56us         1  163.56us  163.56us  163.56us  fused_add_8_kernel0
                    0.16%  162.98us         1  162.98us  162.98us  162.98us  fused_multiply_8_kernel0
                    0.15%  159.33us         1  159.33us  159.33us  159.33us  fused_nn_relu_7_kernel0
                    0.15%  158.88us         1  158.88us  158.88us  158.88us  fused_add_7_kernel0
                    0.15%  158.18us         1  158.18us  158.18us  158.18us  fused_multiply_7_kernel0
                    0.15%  156.45us         1  156.45us  156.45us  156.45us  fused_nn_conv2d_14_kernel0
                    0.14%  147.27us         1  147.27us  147.27us  147.27us  fused_nn_max_pool2d_kernel0
                    0.14%  142.63us         1  142.63us  142.63us  142.63us  fused_nn_avg_pool2d_1_kernel0
                    0.11%  117.89us         3  39.297us  36.961us  40.577us  fused_nn_conv2d_15_kernel0
                    0.11%  113.67us        12  9.4720us  8.7040us  11.553us  fused_multiply_22_kernel0
                    0.11%  112.13us         1  112.13us  112.13us  112.13us  fused_nn_conv2d_17_kernel0
                    0.10%  101.95us         4  25.488us  23.648us  27.296us  fused_nn_conv2d_16_kernel0
                    0.10%  99.041us         1  99.041us  99.041us  99.041us  fused_nn_relu_5_kernel0
                    0.09%  98.274us         1  98.274us  98.274us  98.274us  fused_add_5_kernel0
                    0.09%  95.393us         1  95.393us  95.393us  95.393us  fused_multiply_5_kernel0
                    0.08%  81.922us        12  6.8260us  6.5920us  7.0410us  fused_add_30_kernel0
                    0.08%  80.163us        12  6.6800us  6.0800us  11.552us  fused_nn_relu_14_kernel0
                    0.07%  73.057us        60  1.2170us  1.0560us  1.5680us  fused_expand_dims_3_kernel0
                    0.07%  72.961us         1  72.961us  72.961us  72.961us  fused_concatenate_5_kernel0
                    0.06%  57.857us         1  57.857us  57.857us  57.857us  fused_nn_max_pool2d_2_kernel0
                    0.06%  57.345us         2  28.672us  28.544us  28.801us  fused_concatenate_kernel0
                    0.05%  55.392us        12  4.6160us  3.8720us  5.5040us  fused_multiply_26_kernel0
                    0.05%  53.152us        30  1.7710us  1.5360us  2.0160us  fused_add_15_kernel0
                    0.05%  49.761us         1  49.761us  49.761us  49.761us  fused_concatenate_3_kernel0
                    0.05%  49.730us        30  1.6570us  1.3440us  2.1120us  fused_sqrt_3_kernel0
                    0.05%  49.440us        30  1.6480us  1.3440us  2.0480us  fused_divide_3_kernel0
                    0.04%  44.289us        30  1.4760us  1.2480us  1.7600us  fused_add_16_kernel0
                    0.04%  44.193us        12  3.6820us  3.5520us  3.9040us  fused_add_36_kernel0
                    0.04%  43.617us        30  1.4530us  1.2480us  1.9200us  fused_negative_3_kernel0
                    0.04%  43.297us         1  43.297us  43.297us  43.297us  fused_nn_max_pool2d_4_kernel0
                    0.04%  41.248us         6  6.8740us  6.5600us  7.3600us  fused_multiply_20_kernel0
                    0.04%  41.056us        12  3.4210us  3.2960us  3.6160us  fused_nn_relu_16_kernel0
                    0.04%  39.136us        30  1.3040us  1.0880us  1.9520us  fused_multiply_12_kernel0
                    0.04%  37.248us         1  37.248us  37.248us  37.248us  fused_nn_avg_pool2d_kernel0
                    0.03%  34.880us         3  11.626us  11.360us  11.776us  fused_multiply_13_kernel0
                    0.03%  33.728us         2  16.864us  16.640us  17.088us  fused_nn_conv2d_37_kernel1
                    0.03%  33.312us         6  5.5520us  5.4080us  5.7920us  fused_add_27_kernel0
                    0.03%  32.224us         1  32.224us  32.224us  32.224us  fused_nn_max_pool2d_3_kernel0
                    0.03%  31.779us        26  1.2220us  1.0880us  1.5370us  fused_expand_dims_1_kernel0
                    0.03%  31.297us         6  5.2160us  5.0560us  5.4400us  fused_nn_relu_13_kernel0
                    0.03%  31.041us        26  1.1930us  1.1200us  1.5040us  fused_expand_dims_6_kernel0
                    0.03%  29.984us         1  29.984us  29.984us  29.984us  fused_nn_softmax_kernel1
                    0.03%  29.410us         2  14.705us  14.593us  14.817us  fused_nn_conv2d_37_kernel3
                    0.03%  28.033us         3  9.3440us  8.9280us  9.9840us  fused_add_17_kernel0
                    0.03%  27.872us        24  1.1610us  1.0560us  1.4720us  fused_expand_dims_8_kernel0
                    0.03%  27.169us         1  27.169us  27.169us  27.169us  fused_nn_avg_pool2d_5_kernel0
                    0.03%  27.137us         1  27.137us  27.137us  27.137us  fused_add_2_kernel0
                    0.03%  26.976us         1  26.976us  26.976us  26.976us  fused_nn_relu_2_kernel0
                    0.02%  25.505us         3  8.5010us  8.2240us  8.7680us  fused_nn_relu_9_kernel0
                    0.02%  24.160us        13  1.8580us  1.5680us  2.0480us  fused_negative_1_kernel0
                    0.02%  23.808us        13  1.8310us  1.5360us  2.0160us  fused_add_11_kernel0
                    0.02%  23.712us         1  23.712us  23.712us  23.712us  fused_multiply_2_kernel0
                    0.02%  23.329us        13  1.7940us  1.3120us  2.0480us  fused_sqrt_1_kernel0
                    0.02%  23.328us        13  1.7940us  1.3440us  2.0480us  fused_divide_1_kernel0
                    0.02%  22.368us        13  1.7200us  1.5680us  1.9840us  fused_add_24_kernel0
                    0.02%  22.208us        13  1.7080us  1.3760us  1.8880us  fused_multiply_10_kernel0
                    0.02%  22.080us        13  1.6980us  1.3760us  2.0480us  fused_divide_6_kernel0
                    0.02%  21.376us        12  1.7810us  1.5680us  2.0160us  fused_add_31_kernel0
                    0.02%  21.345us        12  1.7780us  1.3760us  2.0160us  fused_divide_8_kernel0
                    0.02%  21.280us        12  1.7730us  1.3440us  1.9840us  fused_sqrt_8_kernel0
                    0.02%  20.769us        13  1.5970us  1.3440us  1.9850us  fused_sqrt_6_kernel0
                    0.02%  20.160us        13  1.5500us  1.2480us  1.7280us  fused_add_12_kernel0
                    0.02%  19.680us        12  1.6400us  1.5040us  1.8560us  fused_add_32_kernel0
                    0.02%  19.552us        16  1.2220us  1.0880us  1.4720us  fused_expand_dims_5_kernel0
                    0.02%  19.201us        13  1.4770us  1.2800us  1.7600us  fused_add_25_kernel0
                    0.02%  19.040us        13  1.4640us  1.2800us  2.0160us  fused_negative_6_kernel0
                    0.02%  19.040us        12  1.5860us  1.3760us  1.6320us  fused_negative_8_kernel0
                    0.02%  17.376us         1  17.376us  17.376us  17.376us  fused_concatenate_1_kernel0
                    0.02%  17.344us        12  1.4450us  1.1840us  1.5680us  fused_multiply_23_kernel0
                    0.02%  17.152us        13  1.3190us  1.1200us  1.9200us  fused_multiply_18_kernel0
                    0.01%  14.305us         8  1.7880us  1.3440us  2.1440us  fused_divide_5_kernel0
                    0.01%  14.272us         8  1.7840us  1.5360us  2.0480us  fused_add_21_kernel0
                    0.01%  14.272us         8  1.7840us  1.2800us  1.9200us  fused_negative_5_kernel0
                    0.01%  14.208us         8  1.7760us  1.3440us  2.0800us  fused_sqrt_5_kernel0
                    0.01%  13.857us        12  1.1540us  1.0880us  1.4720us  fused_expand_dims_7_kernel0
                    0.01%  13.696us         3  4.5650us  4.5120us  4.6080us  fused_multiply_kernel0
                    0.01%  13.472us         1  13.472us  13.472us  13.472us  fused_nn_softmax_kernel0
                    0.01%  12.608us         8  1.5760us  1.0880us  1.7920us  fused_multiply_16_kernel0
                    0.01%  12.192us         8  1.5240us  1.2480us  1.7920us  fused_add_22_kernel0
                    0.01%  11.616us         2  5.8080us  5.6640us  5.9520us  fused_multiply_27_kernel0
                    0.01%  10.721us         3  3.5730us  3.5530us  3.5840us  fused_add_kernel0
                    0.01%  10.368us         6  1.7280us  1.5680us  2.0160us  fused_add_28_kernel0
                    0.01%  10.016us         3  3.3380us  3.3280us  3.3600us  fused_nn_relu_kernel0
                    0.01%  9.9200us         6  1.6530us  1.3440us  1.9840us  fused_sqrt_7_kernel0
                    0.01%  9.4400us         6  1.5730us  1.3440us  2.0480us  fused_divide_7_kernel0
                    0.01%  9.0880us         2  4.5440us  4.5440us  4.5440us  fused_add_37_kernel0
                    0.01%  8.9920us         3  2.9970us  2.9760us  3.0400us  fused_multiply_25_kernel0
                    0.01%  8.3530us         2  4.1760us  4.1610us  4.1920us  fused_nn_relu_17_kernel0
                    0.01%  8.3520us         6  1.3920us  1.2800us  1.6320us  fused_add_29_kernel0
                    0.01%  8.3200us         6  1.3860us  1.2480us  1.6640us  fused_negative_7_kernel0
                    0.01%  8.2240us         3  2.7410us  1.7600us  4.5120us  fused_sqrt_kernel0
                    0.01%  8.0320us         6  1.3380us  1.1200us  1.6000us  fused_expand_dims_9_kernel0
                    0.01%  7.8410us         1  7.8410us  7.8410us  7.8410us  fused_multiply_17_kernel0
                    0.01%  7.7760us         6  1.2960us  1.0880us  1.5040us  fused_expand_dims_4_kernel0
                    0.01%  7.6160us         6  1.2690us  1.1520us  1.4720us  fused_expand_dims_kernel0
                    0.01%  7.4880us         6  1.2480us  1.1200us  1.5040us  fused_multiply_21_kernel0
                    0.01%  7.2650us         3  2.4210us  2.4000us  2.4640us  fused_add_35_kernel0
                    0.01%  6.7520us         3  2.2500us  2.2400us  2.2720us  fused_nn_relu_15_kernel0
                    0.01%  6.3040us         1  6.3040us  6.3040us  6.3040us  fused_add_23_kernel0
                    0.01%  6.1760us         1  6.1760us  6.1760us  6.1760us  fused_multiply_19_kernel0
                    0.01%  6.0480us         3  2.0160us  2.0160us  2.0160us  fused_divide_9_kernel0
                    0.01%  5.9520us         3  1.9840us  1.9520us  2.0160us  fused_sqrt_4_kernel0
                    0.01%  5.9520us         3  1.9840us  1.9520us  2.0160us  fused_sqrt_9_kernel0
                    0.01%  5.9520us         3  1.9840us  1.9840us  1.9840us  fused_divide_4_kernel0
                    0.01%  5.8560us         3  1.9520us  1.9520us  1.9520us  fused_add_33_kernel0
                    0.01%  5.7280us         3  1.9090us  1.7600us  2.0160us  fused_divide_kernel0
                    0.01%  5.7280us         3  1.9090us  1.8880us  1.9200us  fused_add_18_kernel0
                    0.01%  5.7280us         1  5.7280us  5.7280us  5.7280us  fused_nn_softmax_kernel3
                    0.01%  5.5360us         3  1.8450us  1.6320us  2.0160us  fused_negative_kernel0
                    0.01%  5.4400us         1  5.4400us  5.4400us  5.4400us  fused_nn_relu_11_kernel0
                    0.01%  5.4080us         3  1.8020us  1.6000us  1.9200us  fused_add_9_kernel0
                    0.01%  5.2490us         4  1.3120us  1.1200us  1.5050us  fused_expand_dims_10_kernel0
                    0.00%  5.0880us         3  1.6960us  1.6960us  1.6960us  fused_add_34_kernel0
                    0.00%  5.0560us         3  1.6850us  1.6320us  1.7280us  fused_negative_9_kernel0
                    0.00%  4.8960us         3  1.6320us  1.6320us  1.6320us  fused_add_19_kernel0
                    0.00%  4.8640us         3  1.6210us  1.6000us  1.6320us  fused_negative_4_kernel0
                    0.00%  4.8640us         3  1.6210us  1.4400us  1.7280us  fused_multiply_9_kernel0
                    0.00%  4.8320us         3  1.6100us  1.6000us  1.6320us  fused_multiply_14_kernel0
                    0.00%  4.7040us         1  4.7040us  4.7040us  4.7040us  fused_add_26_kernel0
                    0.00%  4.5760us         3  1.5250us  1.5040us  1.5360us  fused_multiply_24_kernel0
                    0.00%  4.4800us         3  1.4930us  1.2800us  1.6000us  fused_add_10_kernel0
                    0.00%  4.4480us         1  4.4480us  4.4480us  4.4480us  fused_nn_relu_12_kernel0
                    0.00%  4.0960us         2  2.0480us  2.0160us  2.0800us  fused_divide_10_kernel0
                    0.00%  4.0320us         2  2.0160us  1.9840us  2.0480us  fused_sqrt_10_kernel0
                    0.00%  3.9360us         2  1.9680us  1.9520us  1.9840us  fused_add_38_kernel0
                    0.00%  3.3600us         1  3.3600us  3.3600us  3.3600us  fused_nn_softmax_kernel2
                    0.00%  3.3600us         2  1.6800us  1.6640us  1.6960us  fused_add_39_kernel0
                    0.00%  3.3280us         2  1.6640us  1.6640us  1.6640us  fused_negative_10_kernel0
                    0.00%  3.0400us         2  1.5200us  1.5040us  1.5360us  fused_multiply_28_kernel0
                    0.00%  2.5920us         2  1.2960us  1.1200us  1.4720us  fused_expand_dims_2_kernel0
                    0.00%  2.2400us         1  2.2400us  2.2400us  2.2400us  fused_nn_bias_add_kernel0
                    0.00%  1.9840us         1  1.9840us  1.9840us  1.9840us  fused_negative_2_kernel0
                    0.00%  1.9840us         1  1.9840us  1.9840us  1.9840us  fused_divide_2_kernel0
                    0.00%  1.9520us         1  1.9520us  1.9520us  1.9520us  fused_sqrt_2_kernel0
                    0.00%  1.9200us         1  1.9200us  1.9200us  1.9200us  fused_add_13_kernel0
                    0.00%  1.7920us         1  1.7920us  1.7920us  1.7920us  [CUDA memcpy DtoH]
                    0.00%  1.7600us         1  1.7600us  1.7600us  1.7600us  fused_multiply_11_kernel0
                    0.00%  1.7280us         1  1.7280us  1.7280us  1.7280us  fused_nn_batch_flatten_kernel0
                    0.00%  1.6640us         1  1.6640us  1.6640us  1.6640us  fused_add_14_kernel0
      API calls:   79.94%  1.06800s         1  1.06800s  1.06800s  1.06800s  cuModuleLoadData
                   10.26%  137.11ms       585  234.37us  2.8820us  129.98ms  cudaMalloc
                    5.38%  71.923ms       585  122.94us  2.9300us  46.878ms  cudaFree
                    3.41%  45.580ms       568  80.247us  5.8420us  8.2067ms  cudaMemcpy
                    0.47%  6.3046ms         1  6.3046ms  6.3046ms  6.3046ms  cuModuleUnload
                    0.35%  4.6139ms      1187  3.8870us  3.0040us  53.351us  cuLaunchKernel
                    0.12%  1.5683ms      2896     541ns     317ns  14.275us  cudaSetDevice
                    0.03%  410.92us      1187     346ns     292ns  1.9460us  cudaGetDevice
                    0.02%  213.57us        97  2.2010us     252ns  87.208us  cuDeviceGetAttribute
                    0.01%  98.699us         1  98.699us  98.699us  98.699us  cuDeviceTotalMem
                    0.01%  90.111us       207     435ns     261ns  1.8490us  cuModuleGetFunction
                    0.00%  39.469us         1  39.469us  39.469us  39.469us  cuDeviceGetName
                    0.00%  4.3120us         1  4.3120us  4.3120us  4.3120us  cuDeviceGetPCIBusId
                    0.00%  4.0210us         3  1.3400us     786ns  1.7080us  cudaDeviceGetAttribute
                    0.00%  2.1300us         2  1.0650us     317ns  1.8130us  cuDeviceGetCount
                    0.00%  1.1490us         2     574ns     295ns     854ns  cuDeviceGet
                    0.00%     496ns         1     496ns     496ns     496ns  cuDeviceGetUuid
