==24239== NVPROF is profiling process 24239, command: python3 /home/wml/tvm/tutorials/relay_test_net.py
==24239== Profiling application: python3 /home/wml/tvm/tutorials/relay_test_net.py
==24239== Profiling result:
            Type  Time(%)      Time     Calls       Avg       Min       Max  Name
 GPU activities:   28.50%  31.294ms       567  55.192us     864ns  2.6202ms  [CUDA memcpy HtoD]
                    7.61%  8.3620ms        12  696.83us  604.74us  1.6883ms  fused_nn_conv2d_3_kernel0
                    4.99%  5.4806ms         1  5.4806ms  5.4806ms  5.4806ms  fused_nn_conv2d_8_kernel0
                    4.85%  5.3280ms         4  1.3320ms  1.1761ms  1.7762ms  fused_nn_conv2d_31_kernel0
                    4.29%  4.7112ms         4  1.1778ms  1.1703ms  1.1984ms  fused_nn_conv2d_32_kernel0
                    3.69%  4.0501ms         4  1.0125ms  735.02us  1.8116ms  fused_nn_conv2d_30_kernel0
                    3.11%  3.4099ms         1  3.4099ms  3.4099ms  3.4099ms  fused_nn_conv2d_4_kernel0
                    2.73%  2.9926ms         4  748.15us  729.23us  774.28us  fused_nn_conv2d_27_kernel0
                    2.24%  2.4579ms         2  1.2289ms  924.75us  1.5331ms  fused_nn_conv2d_29_kernel0
                    2.14%  2.3533ms         2  1.1767ms  1.1762ms  1.1771ms  fused_nn_conv2d_37_kernel0
                    1.95%  2.1446ms         2  1.0723ms  524.33us  1.6202ms  fused_nn_conv2d_23_kernel0
                    1.81%  1.9848ms         1  1.9848ms  1.9848ms  1.9848ms  fused_nn_conv2d_10_kernel0
                    1.81%  1.9840ms         2  991.98us  990.03us  993.93us  fused_nn_conv2d_26_kernel0
                    1.79%  1.9685ms         4  492.13us  485.35us  504.65us  fused_nn_conv2d_28_kernel0
                    1.57%  1.7259ms         3  575.29us  573.58us  577.19us  fused_nn_conv2d_13_kernel0
                    1.35%  1.4829ms         2  741.47us  189.76us  1.2932ms  fused_nn_conv2d_7_kernel0
                    1.28%  1.4079ms         2  703.95us  703.75us  704.14us  fused_nn_conv2d_37_kernel2
                    1.21%  1.3321ms         1  1.3321ms  1.3321ms  1.3321ms  fused_nn_conv2d_24_kernel0
                    1.13%  1.2448ms         2  622.42us  622.12us  622.73us  fused_nn_conv2d_22_kernel0
                    1.08%  1.1825ms         2  591.26us  589.99us  592.52us  fused_nn_conv2d_25_kernel0
                    1.02%  1.1227ms         4  280.67us  274.79us  286.15us  fused_nn_conv2d_5_kernel0
                    1.00%  1.1003ms         4  275.08us  259.78us  311.36us  fused_nn_conv2d_34_kernel0
                    0.97%  1.0696ms         4  267.39us  248.87us  303.08us  fused_nn_conv2d_36_kernel0
                    0.73%  802.80us         3  267.60us  264.58us  269.80us  fused_nn_conv2d_6_kernel0
                    0.69%  759.08us         4  189.77us  186.40us  193.03us  fused_nn_conv2d_16_kernel2
                    0.65%  711.11us         1  711.11us  711.11us  711.11us  fused_nn_conv2d_21_kernel0
                    0.65%  708.81us         3  236.27us  233.44us  238.92us  fused_nn_conv2d_15_kernel2
                    0.63%  696.49us         1  696.49us  696.49us  696.49us  fused_nn_conv2d_11_kernel0
                    0.55%  606.99us         4  151.75us  150.91us  152.96us  fused_nn_avg_pool2d_4_kernel0
                    0.45%  493.90us         1  493.90us  493.90us  493.90us  fused_nn_conv2d_kernel0
                    0.43%  475.24us         1  475.24us  475.24us  475.24us  fused_nn_conv2d_20_kernel0
                    0.40%  439.11us         1  439.11us  439.11us  439.11us  fused_nn_conv2d_41_kernel0
                    0.36%  395.59us         1  395.59us  395.59us  395.59us  fused_nn_conv2d_9_kernel0
                    0.36%  394.82us         1  394.82us  394.82us  394.82us  fused_nn_conv2d_2_kernel0
                    0.34%  374.79us         1  374.79us  374.79us  374.79us  fused_nn_conv2d_40_kernel0
                    0.31%  335.01us         1  335.01us  335.01us  335.01us  fused_nn_conv2d_33_kernel0
                    0.29%  319.91us         1  319.91us  319.91us  319.91us  fused_add_6_kernel0
                    0.29%  319.08us         1  319.08us  319.08us  319.08us  fused_multiply_6_kernel0
                    0.29%  318.18us         1  318.18us  318.18us  318.18us  fused_nn_relu_6_kernel0
                    0.29%  313.73us         1  313.73us  313.73us  313.73us  fused_nn_conv2d_38_kernel0
                    0.28%  305.89us         1  305.89us  305.89us  305.89us  fused_nn_conv2d_42_kernel0
                    0.28%  302.37us        26  11.629us  10.944us  12.576us  fused_multiply_1_kernel0
                    0.27%  293.89us         4  73.473us  73.313us  73.665us  fused_nn_conv2d_16_kernel3
                    0.26%  290.40us         1  290.40us  290.40us  290.40us  fused_nn_conv2d_1_kernel0
                    0.24%  258.85us         1  258.85us  258.85us  258.85us  fused_nn_conv2d_12_kernel0
                    0.22%  241.92us         1  241.92us  241.92us  241.92us  fused_nn_conv2d_19_kernel0
                    0.21%  233.48us         1  233.48us  233.48us  233.48us  fused_nn_dense_kernel0
                    0.21%  230.47us        12  19.205us  17.441us  19.969us  fused_add_3_kernel0
                    0.21%  229.83us         1  229.83us  229.83us  229.83us  fused_nn_avg_pool2d_3_kernel0
                    0.21%  227.11us        12  18.925us  17.824us  19.520us  fused_nn_relu_3_kernel0
                    0.20%  224.68us        26  8.6410us  8.3200us  9.1200us  fused_add_1_kernel0
                    0.20%  223.04us         1  223.04us  223.04us  223.04us  fused_add_4_kernel0
                    0.20%  222.50us         1  222.50us  222.50us  222.50us  fused_nn_relu_4_kernel0
                    0.20%  221.64us         3  73.878us  73.377us  74.593us  fused_nn_conv2d_15_kernel1
                    0.20%  220.84us         3  73.611us  72.961us  74.305us  fused_nn_conv2d_15_kernel3
                    0.20%  220.26us         1  220.26us  220.26us  220.26us  fused_multiply_4_kernel0
                    0.19%  214.05us         4  53.512us  52.832us  54.081us  fused_concatenate_2_kernel0
                    0.19%  210.15us         1  210.15us  210.15us  210.15us  fused_nn_max_pool2d_1_kernel0
                    0.19%  208.03us         1  208.03us  208.03us  208.03us  fused_nn_conv2d_18_kernel0
                    0.19%  207.84us        26  7.9930us  7.7440us  8.4810us  fused_nn_relu_1_kernel0
                    0.19%  204.29us         1  204.29us  204.29us  204.29us  fused_nn_avg_pool2d_2_kernel0
                    0.19%  203.87us        12  16.989us  16.160us  17.857us  fused_multiply_3_kernel0
                    0.18%  203.14us         1  203.14us  203.14us  203.14us  fused_nn_conv2d_35_kernel0
                    0.18%  199.75us         7  28.535us  27.872us  29.089us  fused_add_20_kernel0
                    0.18%  199.07us         7  28.438us  28.032us  28.960us  fused_nn_relu_10_kernel0
                    0.18%  198.12us         4  49.529us  48.865us  50.241us  fused_nn_conv2d_16_kernel1
                    0.18%  193.47us         1  193.47us  193.47us  193.47us  fused_nn_conv2d_39_kernel0
                    0.17%  187.20us         7  26.742us  26.336us  27.072us  fused_multiply_15_kernel0
                    0.15%  168.64us         2  84.321us  84.289us  84.353us  fused_concatenate_4_kernel0
                    0.15%  164.07us         1  164.07us  164.07us  164.07us  fused_add_8_kernel0
                    0.15%  163.65us         1  163.65us  163.65us  163.65us  fused_nn_relu_8_kernel0
                    0.15%  162.82us         1  162.82us  162.82us  162.82us  fused_multiply_8_kernel0
                    0.15%  161.83us         1  161.83us  161.83us  161.83us  fused_nn_conv2d_14_kernel0
                    0.15%  159.36us         1  159.36us  159.36us  159.36us  fused_nn_relu_7_kernel0
                    0.15%  159.36us         1  159.36us  159.36us  159.36us  fused_add_7_kernel0
                    0.14%  158.24us         1  158.24us  158.24us  158.24us  fused_multiply_7_kernel0
                    0.14%  152.80us         1  152.80us  152.80us  152.80us  fused_nn_avg_pool2d_1_kernel0
                    0.14%  149.38us         1  149.38us  149.38us  149.38us  fused_nn_max_pool2d_kernel0
                    0.11%  115.91us        12  9.6580us  9.1850us  10.240us  fused_multiply_22_kernel0
                    0.10%  115.11us         3  38.369us  37.921us  38.945us  fused_nn_conv2d_15_kernel0
                    0.10%  112.19us         1  112.19us  112.19us  112.19us  fused_nn_conv2d_17_kernel0
                    0.09%  102.85us         4  25.712us  25.184us  26.592us  fused_nn_conv2d_16_kernel0
                    0.09%  99.681us         1  99.681us  99.681us  99.681us  fused_nn_relu_5_kernel0
                    0.09%  99.042us         1  99.042us  99.042us  99.042us  fused_add_5_kernel0
                    0.09%  96.801us         1  96.801us  96.801us  96.801us  fused_multiply_5_kernel0
                    0.08%  86.945us        12  7.2450us  7.0720us  7.6810us  fused_add_30_kernel0
                    0.08%  82.817us        12  6.9010us  6.6880us  7.1680us  fused_nn_relu_14_kernel0
                    0.07%  77.504us        60  1.2910us  1.0240us  1.6000us  fused_expand_dims_3_kernel0
                    0.07%  74.689us         1  74.689us  74.689us  74.689us  fused_concatenate_5_kernel0
                    0.05%  57.505us         1  57.505us  57.505us  57.505us  fused_nn_max_pool2d_2_kernel0
                    0.05%  56.353us        30  1.8780us  1.4400us  2.2080us  fused_sqrt_3_kernel0
                    0.05%  56.321us         2  28.160us  28.064us  28.257us  fused_concatenate_kernel0
                    0.05%  55.969us        30  1.8650us  1.4720us  2.2720us  fused_divide_3_kernel0
                    0.05%  55.872us        30  1.8620us  1.6640us  2.1760us  fused_add_15_kernel0
                    0.05%  53.664us        12  4.4720us  3.4880us  5.2800us  fused_multiply_26_kernel0
                    0.05%  50.241us         1  50.241us  50.241us  50.241us  fused_concatenate_3_kernel0
                    0.04%  48.321us        30  1.6100us  1.3440us  1.8240us  fused_add_16_kernel0
                    0.04%  45.824us        30  1.5270us  1.3120us  2.2080us  fused_negative_3_kernel0
                    0.04%  44.706us         6  7.4510us  6.9760us  8.0640us  fused_multiply_20_kernel0
                    0.04%  41.920us        12  3.4930us  3.2000us  4.2240us  fused_add_36_kernel0
                    0.04%  41.184us        30  1.3720us  1.1840us  1.9840us  fused_multiply_12_kernel0
                    0.04%  41.121us         1  41.121us  41.121us  41.121us  fused_nn_max_pool2d_4_kernel0
                    0.04%  39.041us        12  3.2530us  2.9760us  3.8400us  fused_nn_relu_16_kernel0
                    0.03%  37.152us         3  12.384us  12.032us  12.736us  fused_multiply_13_kernel0
                    0.03%  36.960us         6  6.1600us  5.9200us  6.3680us  fused_add_27_kernel0
                    0.03%  35.104us         1  35.104us  35.104us  35.104us  fused_nn_avg_pool2d_kernel0
                    0.03%  34.816us        26  1.3390us  1.1840us  1.6000us  fused_expand_dims_1_kernel0
                    0.03%  34.657us         6  5.7760us  5.5360us  6.2400us  fused_nn_relu_13_kernel0
                    0.03%  32.928us         1  32.928us  32.928us  32.928us  fused_nn_max_pool2d_3_kernel0
                    0.03%  32.704us         2  16.352us  15.904us  16.800us  fused_nn_conv2d_37_kernel1
                    0.03%  31.138us        24  1.2970us  1.1840us  1.6000us  fused_expand_dims_8_kernel0
                    0.03%  29.472us        26  1.1330us     960ns  1.6000us  fused_expand_dims_6_kernel0
                    0.03%  28.832us         3  9.6100us  9.1200us  9.8560us  fused_add_17_kernel0
                    0.03%  28.225us        13  2.1710us  1.4400us  4.8000us  fused_sqrt_1_kernel0
                    0.03%  27.808us         3  9.2690us  9.0880us  9.4080us  fused_nn_relu_9_kernel0
                    0.03%  27.521us         1  27.521us  27.521us  27.521us  fused_add_2_kernel0
                    0.02%  27.264us         1  27.264us  27.264us  27.264us  fused_nn_softmax_kernel1
                    0.02%  27.104us         2  13.552us  13.472us  13.632us  fused_nn_conv2d_37_kernel3
                    0.02%  26.848us         1  26.848us  26.848us  26.848us  fused_nn_relu_2_kernel0
                    0.02%  26.112us        13  2.0080us  1.6320us  2.1120us  fused_add_11_kernel0
                    0.02%  26.081us        13  2.0060us  1.6640us  2.1120us  fused_negative_1_kernel0
                    0.02%  25.473us        13  1.9590us  1.4720us  2.1450us  fused_divide_1_kernel0
                    0.02%  24.321us         1  24.321us  24.321us  24.321us  fused_nn_avg_pool2d_5_kernel0
                    0.02%  24.288us         1  24.288us  24.288us  24.288us  fused_multiply_2_kernel0
                    0.02%  24.192us        13  1.8600us  1.3440us  5.0560us  fused_add_12_kernel0
                    0.02%  23.776us        12  1.9810us  1.7600us  2.1440us  fused_divide_8_kernel0
                    0.02%  22.944us        13  1.7640us  1.5040us  1.9520us  fused_multiply_10_kernel0
                    0.02%  22.784us        12  1.8980us  1.6640us  2.2080us  fused_add_31_kernel0
                    0.02%  22.752us        12  1.8960us  1.5360us  2.1120us  fused_sqrt_8_kernel0
                    0.02%  21.792us        13  1.6760us  1.4400us  2.1440us  fused_add_24_kernel0
                    0.02%  21.472us        16  1.3420us  1.1840us  1.6000us  fused_expand_dims_5_kernel0
                    0.02%  20.928us        13  1.6090us  1.2800us  2.1760us  fused_divide_6_kernel0
                    0.02%  20.064us        13  1.5430us  1.2480us  2.2080us  fused_sqrt_6_kernel0
                    0.02%  18.880us        13  1.4520us  1.1840us  2.0800us  fused_negative_6_kernel0
                    0.02%  18.560us        13  1.4270us  1.1840us  2.1120us  fused_add_25_kernel0
                    0.02%  18.240us        12  1.5200us  1.3760us  1.8240us  fused_add_32_kernel0
                    0.02%  18.208us        12  1.5170us  1.3440us  1.8240us  fused_negative_8_kernel0
                    0.02%  17.920us         1  17.920us  17.920us  17.920us  fused_concatenate_1_kernel0
                    0.02%  16.800us        13  1.2920us  1.0240us  2.0480us  fused_multiply_18_kernel0
                    0.02%  16.704us        12  1.3920us  1.1840us  1.6960us  fused_multiply_23_kernel0
                    0.01%  16.128us         8  2.0160us  1.8240us  2.1120us  fused_add_21_kernel0
                    0.01%  15.840us         8  1.9800us  1.5680us  2.1440us  fused_divide_5_kernel0
                    0.01%  15.553us         8  1.9440us  1.3760us  2.3040us  fused_negative_5_kernel0
                    0.01%  15.297us         8  1.9120us  1.5680us  2.1760us  fused_sqrt_5_kernel0
                    0.01%  15.233us        12  1.2690us  1.1840us  1.6000us  fused_expand_dims_7_kernel0
                    0.01%  14.145us         8  1.7680us  1.4400us  1.9200us  fused_multiply_16_kernel0
                    0.01%  14.113us         3  4.7040us  4.2880us  4.9920us  fused_multiply_kernel0
                    0.01%  12.992us         8  1.6240us  1.3440us  1.8880us  fused_add_22_kernel0
                    0.01%  12.225us         1  12.225us  12.225us  12.225us  fused_nn_softmax_kernel0
                    0.01%  11.616us         2  5.8080us  5.5040us  6.1120us  fused_multiply_27_kernel0
                    0.01%  11.072us         6  1.8450us  1.6640us  2.1760us  fused_add_28_kernel0
                    0.01%  10.912us         3  3.6370us  3.2000us  3.8720us  fused_add_kernel0
                    0.01%  10.304us         3  3.4340us  2.9760us  3.6800us  fused_nn_relu_kernel0
                    0.01%  10.304us         6  1.7170us  1.4400us  2.1120us  fused_sqrt_7_kernel0
                    0.01%  10.176us         6  1.6960us  1.4720us  2.1440us  fused_divide_7_kernel0
                    0.01%  9.1210us         6  1.5200us  1.3440us  1.7610us  fused_add_29_kernel0
                    0.01%  9.1210us         2  4.5600us  4.1290us  4.9920us  fused_add_37_kernel0
                    0.01%  9.0240us         6  1.5040us  1.3440us  1.7600us  fused_negative_7_kernel0
                    0.01%  8.9280us         3  2.9760us  2.7520us  3.3280us  fused_multiply_25_kernel0
                    0.01%  8.4490us         6  1.4080us  1.2170us  1.6000us  fused_expand_dims_4_kernel0
                    0.01%  8.4160us         2  4.2080us  3.7760us  4.6400us  fused_nn_relu_17_kernel0
                    0.01%  8.1920us         6  1.3650us  1.2480us  1.6000us  fused_expand_dims_kernel0
                    0.01%  8.0970us         6  1.3490us  1.0240us  1.6960us  fused_expand_dims_9_kernel0
                    0.01%  8.0960us         1  8.0960us  8.0960us  8.0960us  fused_multiply_17_kernel0
                    0.01%  8.0320us         6  1.3380us  1.1840us  1.6320us  fused_multiply_21_kernel0
                    0.01%  6.8480us         3  2.2820us  2.1440us  2.5600us  fused_add_35_kernel0
                    0.01%  6.7840us         3  2.2610us  1.9200us  2.6240us  fused_sqrt_kernel0
                    0.01%  6.5600us         1  6.5600us  6.5600us  6.5600us  fused_multiply_19_kernel0
                    0.01%  6.4640us         3  2.1540us  2.0160us  2.4320us  fused_nn_relu_15_kernel0
                    0.01%  6.4000us         3  2.1330us  2.0800us  2.1760us  fused_sqrt_4_kernel0
                    0.01%  6.3680us         1  6.3680us  6.3680us  6.3680us  fused_add_23_kernel0
                    0.01%  6.3380us         3  2.1120us  2.1120us  2.1130us  fused_divide_4_kernel0
                    0.01%  6.2400us         1  6.2400us  6.2400us  6.2400us  fused_nn_relu_11_kernel0
                    0.01%  6.2080us         3  2.0690us  1.8560us  2.2080us  fused_divide_9_kernel0
                    0.01%  6.1120us         3  2.0370us  2.0160us  2.0800us  fused_add_18_kernel0
                    0.01%  6.1120us         3  2.0370us  1.8560us  2.1440us  fused_sqrt_9_kernel0
                    0.01%  6.0800us         3  2.0260us  1.8560us  2.1440us  fused_add_33_kernel0
                    0.01%  5.8880us         3  1.9620us  1.6960us  2.1120us  fused_add_9_kernel0
                    0.01%  5.7920us         3  1.9300us  1.5680us  2.1120us  fused_divide_kernel0
                    0.01%  5.7280us         3  1.9090us  1.7280us  2.1120us  fused_negative_kernel0
                    0.00%  5.3120us         3  1.7700us  1.7280us  1.8240us  fused_add_19_kernel0
                    0.00%  5.3120us         3  1.7700us  1.6000us  1.9520us  fused_multiply_9_kernel0
                    0.00%  5.2480us         1  5.2480us  5.2480us  5.2480us  fused_nn_softmax_kernel3
                    0.00%  5.2480us         3  1.7490us  1.7280us  1.7600us  fused_negative_4_kernel0
                    0.00%  5.2160us         4  1.3040us  1.0240us  1.6000us  fused_expand_dims_10_kernel0
                    0.00%  5.1200us         3  1.7060us  1.5680us  1.7920us  fused_add_34_kernel0
                    0.00%  5.0880us         3  1.6960us  1.5680us  1.7600us  fused_negative_9_kernel0
                    0.00%  5.0560us         3  1.6850us  1.6000us  1.7280us  fused_multiply_14_kernel0
                    0.00%  4.9920us         1  4.9920us  4.9920us  4.9920us  fused_add_26_kernel0
                    0.00%  4.9280us         3  1.6420us  1.4720us  1.7600us  fused_add_10_kernel0
                    0.00%  4.7360us         1  4.7360us  4.7360us  4.7360us  fused_nn_relu_12_kernel0
                    0.00%  4.5760us         3  1.5250us  1.3760us  1.6000us  fused_multiply_24_kernel0
                    0.00%  4.0000us         2  2.0000us  1.9520us  2.0480us  fused_add_38_kernel0
                    0.00%  4.0000us         2  2.0000us  1.8880us  2.1120us  fused_divide_10_kernel0
                    0.00%  3.9360us         2  1.9680us  1.8560us  2.0800us  fused_sqrt_10_kernel0
                    0.00%  3.3600us         2  1.6800us  1.6000us  1.7600us  fused_add_39_kernel0
                    0.00%  3.2960us         2  1.6480us  1.5360us  1.7600us  fused_negative_10_kernel0
                    0.00%  3.0720us         1  3.0720us  3.0720us  3.0720us  fused_nn_softmax_kernel2
                    0.00%  3.0400us         2  1.5200us  1.4080us  1.6320us  fused_multiply_28_kernel0
                    0.00%  2.7840us         2  1.3920us  1.2160us  1.5680us  fused_expand_dims_2_kernel0
                    0.00%  2.1760us         1  2.1760us  2.1760us  2.1760us  fused_nn_bias_add_kernel0
                    0.00%  2.1440us         1  2.1440us  2.1440us  2.1440us  fused_divide_2_kernel0
                    0.00%  2.1120us         1  2.1120us  2.1120us  2.1120us  fused_sqrt_2_kernel0
                    0.00%  2.0800us         1  2.0800us  2.0800us  2.0800us  fused_add_13_kernel0
                    0.00%  2.0160us         1  2.0160us  2.0160us  2.0160us  fused_negative_2_kernel0
                    0.00%  1.9520us         1  1.9520us  1.9520us  1.9520us  fused_multiply_11_kernel0
                    0.00%  1.7920us         1  1.7920us  1.7920us  1.7920us  [CUDA memcpy DtoH]
                    0.00%  1.7280us         1  1.7280us  1.7280us  1.7280us  fused_add_14_kernel0
                    0.00%  1.5360us         1  1.5360us  1.5360us  1.5360us  fused_nn_batch_flatten_kernel0
      API calls:   79.72%  1.07811s         1  1.07811s  1.07811s  1.07811s  cuModuleLoadData
                   10.34%  139.79ms       585  238.95us  2.9060us  132.68ms  cudaMalloc
                    5.44%  73.627ms       585  125.86us  2.8800us  53.068ms  cudaFree
                    3.39%  45.844ms       568  80.711us  5.9490us  6.7019ms  cudaMemcpy
                    0.53%  7.1698ms         1  7.1698ms  7.1698ms  7.1698ms  cuModuleUnload
                    0.36%  4.8856ms      1187  4.1150us  3.0340us  54.875us  cuLaunchKernel
                    0.11%  1.4661ms      2896     506ns     319ns  9.8690us  cudaSetDevice
                    0.03%  440.54us      1187     371ns     293ns  2.2110us  cudaGetDevice
                    0.03%  372.08us        97  3.8350us     481ns  149.09us  cuDeviceGetAttribute
                    0.02%  275.67us         1  275.67us  275.67us  275.67us  cuDeviceTotalMem
                    0.02%  235.00us         1  235.00us  235.00us  235.00us  cuDeviceGetName
                    0.01%  106.21us       207     513ns     270ns  4.0400us  cuModuleGetFunction
                    0.00%  6.8970us         3  2.2990us  1.3040us  2.9720us  cudaDeviceGetAttribute
                    0.00%  5.7680us         1  5.7680us  5.7680us  5.7680us  cuDeviceGetPCIBusId
                    0.00%  3.2470us         2  1.6230us     726ns  2.5210us  cuDeviceGetCount
                    0.00%  2.0620us         2  1.0310us     510ns  1.5520us  cuDeviceGet
                    0.00%  1.0740us         1  1.0740us  1.0740us  1.0740us  cuDeviceGetUuid
