==24040== NVPROF is profiling process 24040, command: python3 /home/wml/tvm/tutorials/relay_test_net.py
==24040== Profiling application: python3 /home/wml/tvm/tutorials/relay_test_net.py
==24040== Profiling result:
            Type  Time(%)      Time     Calls       Avg       Min       Max  Name
 GPU activities:   27.97%  31.385ms       567  55.352us     864ns  2.7077ms  [CUDA memcpy HtoD]
                    7.52%  8.4342ms        12  702.85us  605.03us  1.7522ms  fused_nn_conv2d_3_kernel0
                    6.50%  7.2943ms         1  7.2943ms  7.2943ms  7.2943ms  fused_nn_conv2d_8_kernel0
                    5.21%  5.8509ms         4  1.4627ms  1.1733ms  2.2989ms  fused_nn_conv2d_31_kernel0
                    4.71%  5.2896ms         4  1.3224ms  1.1769ms  1.7356ms  fused_nn_conv2d_32_kernel0
                    3.24%  3.6314ms         4  907.86us  730.64us  1.3698ms  fused_nn_conv2d_27_kernel0
                    3.04%  3.4116ms         1  3.4116ms  3.4116ms  3.4116ms  fused_nn_conv2d_4_kernel0
                    2.67%  2.9999ms         4  749.97us  727.85us  781.00us  fused_nn_conv2d_30_kernel0
                    2.15%  2.4074ms         2  1.2037ms  1.2027ms  1.2048ms  fused_nn_conv2d_37_kernel0
                    1.99%  2.2329ms         4  558.22us  275.04us  1.4013ms  fused_nn_conv2d_5_kernel0
                    1.78%  2.0003ms         2  1.0001ms  988.82us  1.0115ms  fused_nn_conv2d_26_kernel0
                    1.77%  1.9869ms         4  496.73us  491.11us  506.70us  fused_nn_conv2d_28_kernel0
                    1.77%  1.9827ms         1  1.9827ms  1.9827ms  1.9827ms  fused_nn_conv2d_10_kernel0
                    1.60%  1.7953ms         2  897.63us  896.53us  898.73us  fused_nn_conv2d_29_kernel0
                    1.53%  1.7171ms         3  572.36us  565.93us  575.75us  fused_nn_conv2d_13_kernel0
                    1.49%  1.6739ms         2  836.93us  524.65us  1.1492ms  fused_nn_conv2d_23_kernel0
                    1.26%  1.4146ms         2  707.31us  706.12us  708.49us  fused_nn_conv2d_37_kernel2
                    1.11%  1.2442ms         2  622.12us  621.93us  622.31us  fused_nn_conv2d_22_kernel0
                    1.10%  1.2330ms         4  308.24us  300.80us  314.21us  fused_nn_conv2d_36_kernel0
                    1.08%  1.2159ms         4  303.98us  298.28us  310.76us  fused_nn_conv2d_34_kernel0
                    1.05%  1.1833ms         2  591.63us  590.25us  593.00us  fused_nn_conv2d_25_kernel0
                    0.77%  861.36us         1  861.36us  861.36us  861.36us  fused_nn_dense_kernel0
                    0.71%  800.75us         3  266.92us  265.73us  268.04us  fused_nn_conv2d_6_kernel0
                    0.68%  760.68us         4  190.17us  188.71us  192.13us  fused_nn_conv2d_16_kernel2
                    0.65%  727.53us         1  727.53us  727.53us  727.53us  fused_nn_conv2d_24_kernel0
                    0.65%  727.18us         1  727.18us  727.18us  727.18us  fused_nn_conv2d_21_kernel0
                    0.63%  702.48us         3  234.16us  227.04us  237.96us  fused_nn_conv2d_15_kernel2
                    0.62%  698.35us         1  698.35us  698.35us  698.35us  fused_nn_conv2d_11_kernel0
                    0.54%  608.07us         4  152.02us  150.79us  153.70us  fused_nn_avg_pool2d_4_kernel0
                    0.53%  598.57us         1  598.57us  598.57us  598.57us  fused_nn_conv2d_kernel0
                    0.47%  531.59us         1  531.59us  531.59us  531.59us  fused_nn_conv2d_41_kernel0
                    0.42%  476.04us         1  476.04us  476.04us  476.04us  fused_nn_conv2d_20_kernel0
                    0.41%  459.18us         1  459.18us  459.18us  459.18us  fused_nn_conv2d_40_kernel0
                    0.36%  403.75us         1  403.75us  403.75us  403.75us  fused_nn_conv2d_9_kernel0
                    0.36%  400.84us         1  400.84us  400.84us  400.84us  fused_nn_conv2d_2_kernel0
                    0.34%  379.33us         2  189.67us  185.44us  193.89us  fused_nn_conv2d_7_kernel0
                    0.33%  372.01us         1  372.01us  372.01us  372.01us  fused_nn_conv2d_42_kernel0
                    0.30%  336.29us         1  336.29us  336.29us  336.29us  fused_nn_conv2d_33_kernel0
                    0.28%  319.56us         1  319.56us  319.56us  319.56us  fused_add_6_kernel0
                    0.28%  318.98us         1  318.98us  318.98us  318.98us  fused_multiply_6_kernel0
                    0.28%  318.44us         1  318.44us  318.44us  318.44us  fused_nn_relu_6_kernel0
                    0.28%  312.04us         1  312.04us  312.04us  312.04us  fused_nn_conv2d_38_kernel0
                    0.27%  301.51us        26  11.596us  10.689us  12.864us  fused_multiply_1_kernel0
                    0.26%  294.34us         4  73.585us  73.377us  73.761us  fused_nn_conv2d_16_kernel3
                    0.24%  264.00us         1  264.00us  264.00us  264.00us  fused_nn_conv2d_12_kernel0
                    0.23%  258.63us         1  258.63us  258.63us  258.63us  fused_nn_conv2d_1_kernel0
                    0.21%  240.45us         1  240.45us  240.45us  240.45us  fused_nn_conv2d_19_kernel0
                    0.21%  235.65us         1  235.65us  235.65us  235.65us  fused_nn_conv2d_39_kernel0
                    0.21%  232.01us        12  19.333us  18.208us  20.864us  fused_add_3_kernel0
                    0.21%  231.62us         1  231.62us  231.62us  231.62us  fused_nn_avg_pool2d_3_kernel0
                    0.20%  229.32us        12  19.109us  18.592us  19.904us  fused_nn_relu_3_kernel0
                    0.20%  224.39us        26  8.6300us  8.2240us  9.1520us  fused_add_1_kernel0
                    0.20%  223.33us         1  223.33us  223.33us  223.33us  fused_add_4_kernel0
                    0.20%  222.92us         1  222.92us  222.92us  222.92us  fused_nn_relu_4_kernel0
                    0.20%  220.48us         3  73.494us  73.377us  73.601us  fused_nn_conv2d_15_kernel3
                    0.20%  220.20us         1  220.20us  220.20us  220.20us  fused_multiply_4_kernel0
                    0.19%  218.50us         3  72.833us  72.482us  73.185us  fused_nn_conv2d_15_kernel1
                    0.19%  214.88us         4  53.721us  53.057us  54.465us  fused_concatenate_2_kernel0
                    0.19%  212.90us         1  212.90us  212.90us  212.90us  fused_nn_conv2d_18_kernel0
                    0.19%  210.91us        26  8.1120us  7.7120us  8.6720us  fused_nn_relu_1_kernel0
                    0.19%  209.03us         1  209.03us  209.03us  209.03us  fused_nn_max_pool2d_1_kernel0
                    0.18%  204.51us        12  17.042us  15.968us  18.401us  fused_multiply_3_kernel0
                    0.18%  202.69us         1  202.69us  202.69us  202.69us  fused_nn_conv2d_35_kernel0
                    0.18%  202.66us         7  28.951us  28.192us  29.984us  fused_nn_relu_10_kernel0
                    0.18%  201.67us         1  201.67us  201.67us  201.67us  fused_nn_avg_pool2d_2_kernel0
                    0.18%  199.68us         7  28.526us  27.776us  28.897us  fused_add_20_kernel0
                    0.18%  199.30us         4  49.824us  49.280us  50.145us  fused_nn_conv2d_16_kernel1
                    0.17%  187.17us         7  26.738us  26.016us  27.233us  fused_multiply_15_kernel0
                    0.15%  166.34us         2  83.169us  82.945us  83.393us  fused_concatenate_4_kernel0
                    0.15%  164.23us         1  164.23us  164.23us  164.23us  fused_add_8_kernel0
                    0.15%  163.40us         1  163.40us  163.40us  163.40us  fused_nn_relu_8_kernel0
                    0.15%  163.23us         1  163.23us  163.23us  163.23us  fused_nn_conv2d_14_kernel0
                    0.15%  163.14us         1  163.14us  163.14us  163.14us  fused_multiply_8_kernel0
                    0.14%  159.36us         1  159.36us  159.36us  159.36us  fused_add_7_kernel0
                    0.14%  159.11us         1  159.11us  159.11us  159.11us  fused_nn_relu_7_kernel0
                    0.14%  158.56us         1  158.56us  158.56us  158.56us  fused_multiply_7_kernel0
                    0.14%  152.26us         1  152.26us  152.26us  152.26us  fused_nn_avg_pool2d_1_kernel0
                    0.13%  149.12us         1  149.12us  149.12us  149.12us  fused_nn_max_pool2d_kernel0
                    0.11%  120.86us         3  40.288us  37.696us  42.592us  fused_nn_conv2d_15_kernel0
                    0.10%  117.63us        12  9.8020us  9.5040us  10.048us  fused_multiply_22_kernel0
                    0.10%  114.24us         1  114.24us  114.24us  114.24us  fused_nn_conv2d_17_kernel0
                    0.09%  100.77us         4  25.192us  24.128us  26.016us  fused_nn_conv2d_16_kernel0
                    0.09%  99.778us         1  99.778us  99.778us  99.778us  fused_add_5_kernel0
                    0.09%  99.521us         1  99.521us  99.521us  99.521us  fused_nn_relu_5_kernel0
                    0.09%  97.090us         1  97.090us  97.090us  97.090us  fused_multiply_5_kernel0
                    0.08%  89.441us        12  7.4530us  7.1680us  7.7120us  fused_add_30_kernel0
                    0.07%  82.850us        12  6.9040us  6.6570us  7.2640us  fused_nn_relu_14_kernel0
                    0.07%  77.281us        60  1.2880us  1.1840us  1.6640us  fused_expand_dims_3_kernel0
                    0.07%  74.657us         1  74.657us  74.657us  74.657us  fused_concatenate_5_kernel0
                    0.05%  59.331us        12  4.9440us  4.1920us  5.5050us  fused_multiply_26_kernel0
                    0.05%  59.169us         2  29.584us  29.537us  29.632us  fused_concatenate_kernel0
                    0.05%  57.281us         1  57.281us  57.281us  57.281us  fused_nn_max_pool2d_2_kernel0
                    0.05%  56.128us        30  1.8700us  1.6320us  2.1440us  fused_add_15_kernel0
                    0.05%  54.337us        30  1.8110us  1.4720us  2.2080us  fused_divide_3_kernel0
                    0.05%  52.836us        30  1.7610us  1.4400us  2.1770us  fused_sqrt_3_kernel0
                    0.05%  50.529us         1  50.529us  50.529us  50.529us  fused_concatenate_3_kernel0
                    0.04%  48.896us        12  4.0740us  3.8720us  4.2240us  fused_add_36_kernel0
                    0.04%  47.842us        30  1.5940us  1.3440us  2.0480us  fused_negative_3_kernel0
                    0.04%  46.497us        30  1.5490us  1.3440us  1.8560us  fused_add_16_kernel0
                    0.04%  44.865us         1  44.865us  44.865us  44.865us  fused_nn_max_pool2d_4_kernel0
                    0.04%  44.609us         6  7.4340us  7.0400us  8.0000us  fused_multiply_20_kernel0
                    0.04%  44.545us        12  3.7120us  3.5530us  3.9680us  fused_nn_relu_16_kernel0
                    0.04%  42.209us        30  1.4060us  1.1840us  1.9200us  fused_multiply_12_kernel0
                    0.04%  39.713us         1  39.713us  39.713us  39.713us  fused_nn_avg_pool2d_kernel0
                    0.03%  37.217us         3  12.405us  12.161us  12.672us  fused_multiply_13_kernel0
                    0.03%  36.608us         6  6.1010us  5.9520us  6.3360us  fused_add_27_kernel0
                    0.03%  35.200us        26  1.3530us  1.2160us  1.6320us  fused_expand_dims_6_kernel0
                    0.03%  34.560us        26  1.3290us  1.1520us  1.6000us  fused_expand_dims_1_kernel0
                    0.03%  34.176us         6  5.6960us  5.5040us  5.8560us  fused_nn_relu_13_kernel0
                    0.03%  33.250us         2  16.625us  16.065us  17.185us  fused_nn_conv2d_37_kernel1
                    0.03%  33.024us         1  33.024us  33.024us  33.024us  fused_nn_max_pool2d_3_kernel0
                    0.03%  32.673us         1  32.673us  32.673us  32.673us  fused_nn_softmax_kernel1
                    0.03%  31.329us        24  1.3050us  1.2160us  1.6320us  fused_expand_dims_8_kernel0
                    0.03%  31.105us         2  15.552us  15.329us  15.776us  fused_nn_conv2d_37_kernel3
                    0.03%  29.632us         3  9.8770us  9.7600us  10.016us  fused_add_17_kernel0
                    0.03%  28.704us        13  2.2080us  1.6000us  4.8320us  fused_divide_1_kernel0
                    0.02%  27.776us         3  9.2580us  8.9280us  9.6640us  fused_nn_relu_9_kernel0
                    0.02%  27.392us         1  27.392us  27.392us  27.392us  fused_nn_relu_2_kernel0
                    0.02%  27.232us         1  27.232us  27.232us  27.232us  fused_nn_avg_pool2d_5_kernel0
                    0.02%  26.784us         1  26.784us  26.784us  26.784us  fused_add_2_kernel0
                    0.02%  26.336us        13  2.0250us  1.9840us  2.1440us  fused_negative_1_kernel0
                    0.02%  26.176us        13  2.0130us  1.9200us  2.1120us  fused_add_11_kernel0
                    0.02%  24.704us        12  2.0580us  1.8240us  2.1440us  fused_divide_8_kernel0
                    0.02%  24.480us         1  24.480us  24.480us  24.480us  fused_multiply_2_kernel0
                    0.02%  24.033us        13  1.8480us  1.6960us  2.2080us  fused_add_24_kernel0
                    0.02%  23.777us        13  1.8290us  1.4400us  2.1440us  fused_sqrt_1_kernel0
                    0.02%  23.713us        16  1.4820us  1.2160us  2.2720us  fused_expand_dims_5_kernel0
                    0.02%  23.168us        13  1.7820us  1.4720us  2.1440us  fused_sqrt_6_kernel0
                    0.02%  22.816us        13  1.7550us  1.5040us  2.2080us  fused_divide_6_kernel0
                    0.02%  22.784us        12  1.8980us  1.6640us  2.0800us  fused_add_31_kernel0
                    0.02%  22.528us        13  1.7320us  1.5040us  1.8880us  fused_multiply_10_kernel0
                    0.02%  20.992us        13  1.6140us  1.3120us  1.7920us  fused_add_12_kernel0
                    0.02%  20.960us        12  1.7460us  1.5360us  2.1120us  fused_sqrt_8_kernel0
                    0.02%  20.544us        13  1.5800us  1.3760us  2.0800us  fused_negative_6_kernel0
                    0.02%  20.384us        13  1.5680us  1.3760us  1.9840us  fused_add_25_kernel0
                    0.02%  19.168us        12  1.5970us  1.4080us  1.9200us  fused_add_32_kernel0
                    0.02%  18.529us        13  1.4250us  1.2480us  1.9520us  fused_multiply_18_kernel0
                    0.02%  18.496us        12  1.5410us  1.3760us  1.7280us  fused_negative_8_kernel0
                    0.02%  17.505us         1  17.505us  17.505us  17.505us  fused_concatenate_1_kernel0
                    0.02%  17.440us        12  1.4530us  1.1840us  1.6320us  fused_multiply_23_kernel0
                    0.01%  15.904us         8  1.9880us  1.7920us  2.0800us  fused_add_21_kernel0
                    0.01%  15.808us        12  1.3170us  1.1840us  1.6000us  fused_expand_dims_7_kernel0
                    0.01%  15.745us         8  1.9680us  1.7280us  2.1440us  fused_divide_5_kernel0
                    0.01%  15.008us         8  1.8760us  1.4400us  2.1120us  fused_sqrt_5_kernel0
                    0.01%  14.912us         8  1.8640us  1.3760us  2.2080us  fused_negative_5_kernel0
                    0.01%  14.880us         8  1.8600us  1.5680us  2.0480us  fused_multiply_16_kernel0
                    0.01%  14.560us         1  14.560us  14.560us  14.560us  fused_nn_softmax_kernel0
                    0.01%  14.400us         3  4.8000us  4.6720us  4.8640us  fused_multiply_kernel0
                    0.01%  13.248us         8  1.6560us  1.4720us  1.8240us  fused_add_22_kernel0
                    0.01%  12.512us         2  6.2560us  6.0800us  6.4320us  fused_multiply_27_kernel0
                    0.01%  11.809us         3  3.9360us  3.8720us  4.0330us  fused_add_kernel0
                    0.01%  10.848us         3  3.6160us  3.5840us  3.6480us  fused_nn_relu_kernel0
                    0.01%  10.593us         6  1.7650us  1.6330us  2.0800us  fused_add_28_kernel0
                    0.01%  9.9520us         6  1.6580us  1.4720us  2.1120us  fused_divide_7_kernel0
                    0.01%  9.8240us         3  3.2740us  3.2320us  3.2960us  fused_multiply_25_kernel0
                    0.01%  9.7920us         2  4.8960us  4.8960us  4.8960us  fused_add_37_kernel0
                    0.01%  9.7920us         6  1.6320us  1.4400us  2.1120us  fused_sqrt_7_kernel0
                    0.01%  9.3120us         2  4.6560us  4.6400us  4.6720us  fused_nn_relu_17_kernel0
                    0.01%  9.2810us         6  1.5460us  1.3760us  1.7920us  fused_add_29_kernel0
                    0.01%  9.1200us         6  1.5200us  1.3440us  1.8240us  fused_negative_7_kernel0
                    0.01%  8.5120us         6  1.4180us  1.2160us  1.6320us  fused_expand_dims_9_kernel0
                    0.01%  8.3200us         1  8.3200us  8.3200us  8.3200us  fused_multiply_17_kernel0
                    0.01%  8.3200us         6  1.3860us  1.1840us  1.5680us  fused_expand_dims_4_kernel0
                    0.01%  8.1610us         6  1.3600us  1.2480us  1.5680us  fused_expand_dims_kernel0
                    0.01%  7.9040us         6  1.3170us  1.2160us  1.6000us  fused_multiply_21_kernel0
                    0.01%  7.8720us         3  2.6240us  2.5920us  2.6560us  fused_add_35_kernel0
                    0.01%  7.3600us         3  2.4530us  2.4320us  2.4640us  fused_nn_relu_15_kernel0
                    0.01%  6.5280us         1  6.5280us  6.5280us  6.5280us  fused_multiply_19_kernel0
                    0.01%  6.4320us         1  6.4320us  6.4320us  6.4320us  fused_add_23_kernel0
                    0.01%  6.4320us         3  2.1440us  2.1120us  2.1760us  fused_divide_9_kernel0
                    0.01%  6.4000us         3  2.1330us  2.0800us  2.1760us  fused_sqrt_4_kernel0
                    0.01%  6.4000us         3  2.1330us  2.1120us  2.1440us  fused_divide_4_kernel0
                    0.01%  6.3680us         3  2.1220us  2.0480us  2.2080us  fused_add_33_kernel0
                    0.01%  6.3680us         3  2.1220us  2.1120us  2.1440us  fused_sqrt_9_kernel0
                    0.01%  6.2080us         1  6.2080us  6.2080us  6.2080us  fused_nn_softmax_kernel3
                    0.01%  6.1760us         3  2.0580us  1.6320us  2.3360us  fused_sqrt_kernel0
                    0.01%  6.1450us         3  2.0480us  2.0160us  2.1130us  fused_add_18_kernel0
                    0.01%  6.0800us         1  6.0800us  6.0800us  6.0800us  fused_nn_relu_11_kernel0
                    0.01%  5.9520us         3  1.9840us  1.5360us  2.2720us  fused_divide_kernel0
                    0.01%  5.7600us         3  1.9200us  1.6960us  2.0480us  fused_add_9_kernel0
                    0.01%  5.6320us         4  1.4080us  1.1840us  1.6320us  fused_expand_dims_10_kernel0
                    0.00%  5.5680us         3  1.8560us  1.7280us  2.0160us  fused_negative_kernel0
                    0.00%  5.4730us         3  1.8240us  1.7600us  1.8880us  fused_negative_9_kernel0
                    0.00%  5.3440us         3  1.7810us  1.7600us  1.7920us  fused_add_34_kernel0
                    0.00%  5.3120us         3  1.7700us  1.6000us  1.9520us  fused_multiply_9_kernel0
                    0.00%  5.2160us         3  1.7380us  1.6960us  1.7920us  fused_add_19_kernel0
                    0.00%  5.1520us         3  1.7170us  1.6960us  1.7280us  fused_multiply_14_kernel0
                    0.00%  5.1520us         3  1.7170us  1.6960us  1.7280us  fused_negative_4_kernel0
                    0.00%  5.1200us         1  5.1200us  5.1200us  5.1200us  fused_add_26_kernel0
                    0.00%  4.9600us         3  1.6530us  1.5040us  1.7280us  fused_add_10_kernel0
                    0.00%  4.9280us         3  1.6420us  1.6000us  1.6960us  fused_multiply_24_kernel0
                    0.00%  4.8320us         1  4.8320us  4.8320us  4.8320us  fused_nn_relu_12_kernel0
                    0.00%  4.2560us         2  2.1280us  2.1120us  2.1440us  fused_divide_10_kernel0
                    0.00%  4.2240us         2  2.1120us  2.1120us  2.1120us  fused_sqrt_10_kernel0
                    0.00%  4.1920us         2  2.0960us  2.0800us  2.1120us  fused_add_38_kernel0
                    0.00%  3.6160us         2  1.8080us  1.7920us  1.8240us  fused_add_39_kernel0
                    0.00%  3.5520us         1  3.5520us  3.5520us  3.5520us  fused_nn_softmax_kernel2
                    0.00%  3.5200us         2  1.7600us  1.7600us  1.7600us  fused_negative_10_kernel0
                    0.00%  3.2960us         2  1.6480us  1.6320us  1.6640us  fused_multiply_28_kernel0
                    0.00%  2.7520us         2  1.3760us  1.1840us  1.5680us  fused_expand_dims_2_kernel0
                    0.00%  2.4000us         1  2.4000us  2.4000us  2.4000us  fused_nn_bias_add_kernel0
                    0.00%  2.1120us         1  2.1120us  2.1120us  2.1120us  fused_divide_2_kernel0
                    0.00%  2.0800us         1  2.0800us  2.0800us  2.0800us  fused_sqrt_2_kernel0
                    0.00%  2.0480us         1  2.0480us  2.0480us  2.0480us  fused_add_13_kernel0
                    0.00%  2.0160us         1  2.0160us  2.0160us  2.0160us  fused_negative_2_kernel0
                    0.00%  1.9200us         1  1.9200us  1.9200us  1.9200us  fused_multiply_11_kernel0
                    0.00%  1.8880us         1  1.8880us  1.8880us  1.8880us  [CUDA memcpy DtoH]
                    0.00%  1.7600us         1  1.7600us  1.7600us  1.7600us  fused_add_14_kernel0
                    0.00%  1.7600us         1  1.7600us  1.7600us  1.7600us  fused_nn_batch_flatten_kernel0
      API calls:   79.45%  1.08195s         1  1.08195s  1.08195s  1.08195s  cuModuleLoadData
                   10.61%  144.45ms       585  246.93us  2.9970us  137.33ms  cudaMalloc
                    5.47%  74.558ms       585  127.45us  3.0280us  51.020ms  cudaFree
                    3.55%  48.290ms       568  85.017us  5.9030us  9.2029ms  cudaMemcpy
                    0.42%  5.7159ms         1  5.7159ms  5.7159ms  5.7159ms  cuModuleUnload
                    0.34%  4.5938ms      1187  3.8700us  3.0030us  54.167us  cuLaunchKernel
                    0.11%  1.5273ms      2896     527ns     310ns  10.611us  cudaSetDevice
                    0.03%  414.86us      1187     349ns     286ns  1.6550us  cudaGetDevice
                    0.01%  165.53us        97  1.7060us     172ns  70.960us  cuDeviceGetAttribute
                    0.01%  87.840us       207     424ns     260ns  1.9170us  cuModuleGetFunction
                    0.01%  70.749us         1  70.749us  70.749us  70.749us  cuDeviceTotalMem
                    0.00%  32.062us         1  32.062us  32.062us  32.062us  cuDeviceGetName
                    0.00%  4.7640us         1  4.7640us  4.7640us  4.7640us  cuDeviceGetPCIBusId
                    0.00%  2.5120us         3     837ns     468ns  1.0800us  cudaDeviceGetAttribute
                    0.00%  1.3530us         2     676ns     224ns  1.1290us  cuDeviceGetCount
                    0.00%     687ns         2     343ns     204ns     483ns  cuDeviceGet
                    0.00%     343ns         1     343ns     343ns     343ns  cuDeviceGetUuid
