==23774== NVPROF is profiling process 23774, command: python3 /home/wml/tvm/tutorials/relay_test_net.py
==23774== Profiling application: python3 /home/wml/tvm/tutorials/relay_test_net.py
==23774== Profiling result:
            Type  Time(%)      Time     Calls       Avg       Min       Max  Name
 GPU activities:   28.18%  31.438ms       567  55.446us     864ns  2.7312ms  [CUDA memcpy HtoD]
                    6.55%  7.3036ms        12  608.63us  606.00us  613.84us  fused_nn_conv2d_3_kernel0
                    4.95%  5.5196ms         1  5.5196ms  5.5196ms  5.5196ms  fused_nn_conv2d_8_kernel0
                    4.21%  4.6997ms         4  1.1749ms  1.1727ms  1.1775ms  fused_nn_conv2d_32_kernel0
                    4.21%  4.6979ms         4  1.1745ms  1.1727ms  1.1785ms  fused_nn_conv2d_31_kernel0
                    3.68%  4.1065ms         4  1.0266ms  729.71us  1.8829ms  fused_nn_conv2d_27_kernel0
                    3.23%  3.6017ms         4  900.42us  729.81us  1.3486ms  fused_nn_conv2d_30_kernel0
                    3.12%  3.4851ms         1  3.4851ms  3.4851ms  3.4851ms  fused_nn_conv2d_4_kernel0
                    2.49%  2.7836ms         2  1.3918ms  1.1388ms  1.6448ms  fused_nn_conv2d_23_kernel0
                    2.49%  2.7820ms         3  927.33us  554.57us  1.6588ms  fused_nn_conv2d_13_kernel0
                    2.15%  2.3979ms         2  1.1990ms  1.1987ms  1.1992ms  fused_nn_conv2d_37_kernel0
                    2.13%  2.3786ms         4  594.66us  301.83us  1.4520ms  fused_nn_conv2d_36_kernel0
                    1.80%  2.0049ms         2  1.0025ms  993.27us  1.0116ms  fused_nn_conv2d_26_kernel0
                    1.78%  1.9874ms         4  496.84us  486.09us  505.07us  fused_nn_conv2d_28_kernel0
                    1.77%  1.9793ms         1  1.9793ms  1.9793ms  1.9793ms  fused_nn_conv2d_10_kernel0
                    1.63%  1.8192ms         2  909.58us  893.58us  925.59us  fused_nn_conv2d_29_kernel0
                    1.26%  1.4107ms         2  705.34us  704.46us  706.22us  fused_nn_conv2d_37_kernel2
                    1.25%  1.3917ms         1  1.3917ms  1.3917ms  1.3917ms  fused_nn_dense_kernel0
                    1.12%  1.2449ms         2  622.43us  621.96us  622.89us  fused_nn_conv2d_22_kernel0
                    1.09%  1.2217ms         4  305.42us  298.18us  319.05us  fused_nn_conv2d_34_kernel0
                    1.07%  1.1887ms         2  594.35us  594.19us  594.51us  fused_nn_conv2d_25_kernel0
                    1.00%  1.1119ms         4  277.98us  275.27us  281.06us  fused_nn_conv2d_5_kernel0
                    0.72%  803.50us         3  267.83us  267.30us  268.33us  fused_nn_conv2d_6_kernel0
                    0.67%  744.94us         4  186.24us  183.75us  188.42us  fused_nn_conv2d_16_kernel2
                    0.65%  728.01us         1  728.01us  728.01us  728.01us  fused_nn_conv2d_21_kernel0
                    0.65%  727.82us         1  727.82us  727.82us  727.82us  fused_nn_conv2d_24_kernel0
                    0.63%  708.14us         3  236.05us  233.83us  239.11us  fused_nn_conv2d_15_kernel2
                    0.63%  703.24us         1  703.24us  703.24us  703.24us  fused_nn_conv2d_11_kernel0
                    0.55%  608.52us         4  152.13us  151.36us  152.77us  fused_nn_avg_pool2d_4_kernel0
                    0.54%  601.00us         1  601.00us  601.00us  601.00us  fused_nn_conv2d_kernel0
                    0.48%  532.59us         1  532.59us  532.59us  532.59us  fused_nn_conv2d_41_kernel0
                    0.42%  473.86us         1  473.86us  473.86us  473.86us  fused_nn_conv2d_20_kernel0
                    0.40%  446.25us         1  446.25us  446.25us  446.25us  fused_nn_conv2d_9_kernel0
                    0.39%  433.00us         1  433.00us  433.00us  433.00us  fused_nn_conv2d_40_kernel0
                    0.36%  404.71us         1  404.71us  404.71us  404.71us  fused_nn_conv2d_2_kernel0
                    0.35%  388.78us         2  194.39us  191.62us  197.16us  fused_nn_conv2d_7_kernel0
                    0.33%  370.79us         1  370.79us  370.79us  370.79us  fused_nn_conv2d_42_kernel0
                    0.30%  336.36us         1  336.36us  336.36us  336.36us  fused_nn_conv2d_33_kernel0
                    0.29%  326.15us         1  326.15us  326.15us  326.15us  fused_nn_conv2d_38_kernel0
                    0.29%  319.91us         1  319.91us  319.91us  319.91us  fused_add_6_kernel0
                    0.29%  318.76us         1  318.76us  318.76us  318.76us  fused_nn_relu_6_kernel0
                    0.29%  318.21us         1  318.21us  318.21us  318.21us  fused_multiply_6_kernel0
                    0.26%  294.34us         4  73.585us  73.218us  73.921us  fused_nn_conv2d_16_kernel3
                    0.26%  293.96us        26  11.306us  10.368us  12.096us  fused_multiply_1_kernel0
                    0.24%  265.93us         1  265.93us  265.93us  265.93us  fused_nn_conv2d_1_kernel0
                    0.23%  257.32us         1  257.32us  257.32us  257.32us  fused_nn_conv2d_12_kernel0
                    0.22%  244.81us         1  244.81us  244.81us  244.81us  fused_nn_conv2d_19_kernel0
                    0.21%  232.48us         1  232.48us  232.48us  232.48us  fused_nn_conv2d_39_kernel0
                    0.21%  231.33us         1  231.33us  231.33us  231.33us  fused_nn_avg_pool2d_3_kernel0
                    0.21%  230.60us        12  19.216us  18.337us  19.872us  fused_nn_relu_3_kernel0
                    0.21%  230.02us        12  19.168us  18.464us  19.617us  fused_add_3_kernel0
                    0.20%  223.11us         1  223.11us  223.11us  223.11us  fused_add_4_kernel0
                    0.20%  222.60us         1  222.60us  222.60us  222.60us  fused_nn_relu_4_kernel0
                    0.20%  222.28us        26  8.5490us  8.1610us  9.0880us  fused_add_1_kernel0
                    0.20%  220.96us         1  220.96us  220.96us  220.96us  fused_multiply_4_kernel0
                    0.20%  220.23us         3  73.409us  73.185us  73.537us  fused_nn_conv2d_15_kernel3
                    0.20%  219.56us         3  73.185us  73.025us  73.377us  fused_nn_conv2d_15_kernel1
                    0.19%  212.00us         4  53.001us  52.961us  53.057us  fused_concatenate_2_kernel0
                    0.19%  211.72us         1  211.72us  211.72us  211.72us  fused_nn_conv2d_35_kernel0
                    0.19%  209.28us         1  209.28us  209.28us  209.28us  fused_nn_conv2d_18_kernel0
                    0.19%  209.16us         1  209.16us  209.16us  209.16us  fused_nn_max_pool2d_1_kernel0
                    0.19%  208.55us        26  8.0210us  7.7440us  8.3840us  fused_nn_relu_1_kernel0
                    0.18%  205.35us        12  17.112us  16.353us  17.984us  fused_multiply_3_kernel0
                    0.18%  202.88us         1  202.88us  202.88us  202.88us  fused_nn_avg_pool2d_2_kernel0
                    0.18%  200.39us         7  28.627us  28.097us  29.249us  fused_nn_relu_10_kernel0
                    0.18%  200.03us         7  28.576us  28.096us  29.056us  fused_add_20_kernel0
                    0.18%  199.40us         4  49.849us  49.249us  50.401us  fused_nn_conv2d_16_kernel1
                    0.17%  186.18us         7  26.597us  26.144us  27.009us  fused_multiply_15_kernel0
                    0.15%  165.92us         2  82.962us  82.850us  83.074us  fused_concatenate_4_kernel0
                    0.15%  165.25us         1  165.25us  165.25us  165.25us  fused_nn_conv2d_14_kernel0
                    0.15%  163.72us         1  163.72us  163.72us  163.72us  fused_nn_relu_8_kernel0
                    0.15%  163.56us         1  163.56us  163.56us  163.56us  fused_add_8_kernel0
                    0.15%  162.92us         1  162.92us  162.92us  162.92us  fused_multiply_8_kernel0
                    0.14%  159.84us         1  159.84us  159.84us  159.84us  fused_add_7_kernel0
                    0.14%  159.43us         1  159.43us  159.43us  159.43us  fused_nn_relu_7_kernel0
                    0.14%  158.63us         1  158.63us  158.63us  158.63us  fused_multiply_7_kernel0
                    0.14%  156.23us         1  156.23us  156.23us  156.23us  fused_nn_avg_pool2d_1_kernel0
                    0.13%  149.51us         1  149.51us  149.51us  149.51us  fused_nn_max_pool2d_kernel0
                    0.11%  126.05us         3  42.017us  40.865us  42.753us  fused_nn_conv2d_15_kernel0
                    0.11%  117.70us        12  9.8080us  9.5050us  10.208us  fused_multiply_22_kernel0
                    0.10%  115.39us         1  115.39us  115.39us  115.39us  fused_nn_conv2d_17_kernel0
                    0.09%  104.10us         4  26.024us  25.120us  27.553us  fused_nn_conv2d_16_kernel0
                    0.09%  100.07us         1  100.07us  100.07us  100.07us  fused_nn_relu_5_kernel0
                    0.09%  99.393us         1  99.393us  99.393us  99.393us  fused_add_5_kernel0
                    0.09%  96.225us         1  96.225us  96.225us  96.225us  fused_multiply_5_kernel0
                    0.08%  88.546us        12  7.3780us  7.1680us  7.5520us  fused_add_30_kernel0
                    0.08%  84.481us        12  7.0400us  6.9120us  7.2000us  fused_nn_relu_14_kernel0
                    0.07%  76.416us        60  1.2730us  1.1840us  1.6960us  fused_expand_dims_3_kernel0
                    0.07%  74.145us         1  74.145us  74.145us  74.145us  fused_concatenate_5_kernel0
                    0.05%  59.137us        12  4.9280us  4.1920us  5.6320us  fused_multiply_26_kernel0
                    0.05%  58.848us         2  29.424us  29.408us  29.440us  fused_concatenate_kernel0
                    0.05%  57.601us         1  57.601us  57.601us  57.601us  fused_nn_max_pool2d_2_kernel0
                    0.05%  54.625us        30  1.8200us  1.6640us  2.1760us  fused_add_15_kernel0
                    0.05%  52.961us        30  1.7650us  1.4400us  2.1130us  fused_sqrt_3_kernel0
                    0.05%  51.712us        30  1.7230us  1.4400us  2.1440us  fused_divide_3_kernel0
                    0.04%  50.017us         1  50.017us  50.017us  50.017us  fused_concatenate_3_kernel0
                    0.04%  48.256us        12  4.0210us  3.8720us  4.2240us  fused_add_36_kernel0
                    0.04%  45.761us        30  1.5250us  1.3440us  2.0480us  fused_negative_3_kernel0
                    0.04%  45.570us        30  1.5190us  1.3440us  1.8560us  fused_add_16_kernel0
                    0.04%  44.866us        12  3.7380us  3.5520us  3.9680us  fused_nn_relu_16_kernel0
                    0.04%  44.770us         6  7.4610us  7.1680us  8.0640us  fused_multiply_20_kernel0
                    0.04%  44.096us         1  44.096us  44.096us  44.096us  fused_nn_max_pool2d_4_kernel0
                    0.04%  41.346us        30  1.3780us  1.1840us  1.9200us  fused_multiply_12_kernel0
                    0.04%  40.673us         1  40.673us  40.673us  40.673us  fused_nn_avg_pool2d_kernel0
                    0.03%  37.441us         3  12.480us  12.032us  12.801us  fused_multiply_13_kernel0
                    0.03%  36.769us         6  6.1280us  5.9200us  6.4330us  fused_add_27_kernel0
                    0.03%  35.392us         2  17.696us  17.472us  17.920us  fused_nn_conv2d_37_kernel1
                    0.03%  34.946us        26  1.3440us  1.1840us  1.6000us  fused_expand_dims_1_kernel0
                    0.03%  34.400us         6  5.7330us  5.5040us  6.0480us  fused_nn_relu_13_kernel0
                    0.03%  34.208us        26  1.3150us  1.2160us  1.6960us  fused_expand_dims_6_kernel0
                    0.03%  32.673us         1  32.673us  32.673us  32.673us  fused_nn_max_pool2d_3_kernel0
                    0.03%  32.416us         1  32.416us  32.416us  32.416us  fused_nn_softmax_kernel1
                    0.03%  30.946us         2  15.473us  15.361us  15.585us  fused_nn_conv2d_37_kernel3
                    0.03%  30.944us        24  1.2890us  1.1520us  1.6960us  fused_expand_dims_8_kernel0
                    0.03%  30.144us         3  10.048us  9.6960us  10.368us  fused_add_17_kernel0
                    0.03%  28.033us         1  28.033us  28.033us  28.033us  fused_nn_avg_pool2d_5_kernel0
                    0.02%  27.553us         3  9.1840us  8.5440us  9.8890us  fused_nn_relu_9_kernel0
                    0.02%  27.136us         1  27.136us  27.136us  27.136us  fused_nn_relu_2_kernel0
                    0.02%  26.657us         1  26.657us  26.657us  26.657us  fused_add_2_kernel0
                    0.02%  25.665us        16  1.6040us  1.1840us  5.2800us  fused_expand_dims_5_kernel0
                    0.02%  25.248us        13  1.9420us  1.4400us  2.2720us  fused_divide_1_kernel0
                    0.02%  25.120us        13  1.9320us  1.6960us  2.0800us  fused_add_24_kernel0
                    0.02%  24.897us        13  1.9150us  1.6000us  2.1120us  fused_add_11_kernel0
                    0.02%  24.641us        13  1.8950us  1.6640us  2.0810us  fused_negative_1_kernel0
                    0.02%  24.385us         1  24.385us  24.385us  24.385us  fused_multiply_2_kernel0
                    0.02%  24.384us        13  1.8750us  1.4400us  2.1440us  fused_sqrt_1_kernel0
                    0.02%  23.617us        13  1.8160us  1.5040us  2.2410us  fused_divide_6_kernel0
                    0.02%  23.328us        12  1.9440us  1.6960us  2.1120us  fused_add_31_kernel0
                    0.02%  22.976us        13  1.7670us  1.4400us  2.2400us  fused_sqrt_6_kernel0
                    0.02%  22.816us        13  1.7550us  1.4400us  1.9840us  fused_multiply_10_kernel0
                    0.02%  22.273us        12  1.8560us  1.5040us  2.1120us  fused_sqrt_8_kernel0
                    0.02%  21.760us        12  1.8130us  1.4720us  2.2080us  fused_divide_8_kernel0
                    0.02%  21.696us        13  1.6680us  1.3440us  1.8240us  fused_add_12_kernel0
                    0.02%  20.768us        13  1.5970us  1.3760us  1.9520us  fused_add_25_kernel0
                    0.02%  20.608us        13  1.5850us  1.3760us  2.0800us  fused_negative_6_kernel0
                    0.02%  20.001us        12  1.6660us  1.3440us  1.8240us  fused_negative_8_kernel0
                    0.02%  18.976us        13  1.4590us  1.2480us  1.9840us  fused_multiply_18_kernel0
                    0.02%  18.848us        12  1.5700us  1.3440us  1.8560us  fused_add_32_kernel0
                    0.02%  18.400us         1  18.400us  18.400us  18.400us  fused_concatenate_1_kernel0
                    0.02%  18.272us        12  1.5220us  1.4720us  1.6320us  fused_multiply_23_kernel0
                    0.01%  15.968us         8  1.9960us  1.5680us  2.1120us  fused_sqrt_5_kernel0
                    0.01%  15.552us         8  1.9440us  1.5360us  2.2080us  fused_divide_5_kernel0
                    0.01%  15.424us         8  1.9280us  1.4400us  2.1440us  fused_negative_5_kernel0
                    0.01%  15.360us        12  1.2800us  1.1840us  1.6000us  fused_expand_dims_7_kernel0
                    0.01%  15.233us         8  1.9040us  1.6640us  2.1120us  fused_add_21_kernel0
                    0.01%  14.721us         1  14.721us  14.721us  14.721us  fused_nn_softmax_kernel0
                    0.01%  14.146us         3  4.7150us  4.5450us  4.8650us  fused_multiply_kernel0
                    0.01%  13.922us         8  1.7400us  1.2160us  1.9200us  fused_multiply_16_kernel0
                    0.01%  13.824us         8  1.7280us  1.3440us  1.9200us  fused_add_22_kernel0
                    0.01%  12.352us         2  6.1760us  6.0800us  6.2720us  fused_multiply_27_kernel0
                    0.01%  11.584us         3  3.8610us  3.8400us  3.8720us  fused_add_kernel0
                    0.01%  11.040us         6  1.8400us  1.5040us  2.1760us  fused_divide_7_kernel0
                    0.01%  10.912us         3  3.6370us  3.6160us  3.6480us  fused_nn_relu_kernel0
                    0.01%  10.912us         6  1.8180us  1.6640us  2.0480us  fused_add_28_kernel0
                    0.01%  10.080us         6  1.6800us  1.4400us  2.1440us  fused_sqrt_7_kernel0
                    0.01%  9.9520us         2  4.9760us  4.9600us  4.9920us  fused_add_37_kernel0
                    0.01%  9.9200us         3  3.3060us  3.2320us  3.3600us  fused_multiply_25_kernel0
                    0.01%  9.3120us         6  1.5520us  1.3440us  1.7600us  fused_negative_7_kernel0
                    0.01%  9.1200us         2  4.5600us  4.5440us  4.5760us  fused_nn_relu_17_kernel0
                    0.01%  9.0890us         6  1.5140us  1.3440us  1.8560us  fused_add_29_kernel0
                    0.01%  8.6400us         6  1.4400us  1.2160us  1.5680us  fused_expand_dims_4_kernel0
                    0.01%  8.6400us         3  2.8800us  1.6320us  4.9280us  fused_sqrt_kernel0
                    0.01%  8.5440us         1  8.5440us  8.5440us  8.5440us  fused_multiply_17_kernel0
                    0.01%  8.4800us         6  1.4130us  1.2160us  1.6320us  fused_expand_dims_9_kernel0
                    0.01%  8.1930us         6  1.3650us  1.2480us  1.6000us  fused_expand_dims_kernel0
                    0.01%  8.0960us         6  1.3490us  1.2160us  1.6000us  fused_multiply_21_kernel0
                    0.01%  7.7760us         3  2.5920us  2.5600us  2.6240us  fused_add_35_kernel0
                    0.01%  7.3280us         3  2.4420us  2.4000us  2.4640us  fused_nn_relu_15_kernel0
                    0.01%  6.7530us         1  6.7530us  6.7530us  6.7530us  fused_add_23_kernel0
                    0.01%  6.4640us         3  2.1540us  2.1440us  2.1760us  fused_divide_9_kernel0
                    0.01%  6.4320us         3  2.1440us  2.0800us  2.2080us  fused_divide_4_kernel0
                    0.01%  6.4000us         1  6.4000us  6.4000us  6.4000us  fused_multiply_19_kernel0
                    0.01%  6.3680us         3  2.1220us  2.1120us  2.1440us  fused_sqrt_9_kernel0
                    0.01%  6.3370us         1  6.3370us  6.3370us  6.3370us  fused_nn_softmax_kernel3
                    0.01%  6.3360us         3  2.1120us  2.0800us  2.1760us  fused_add_33_kernel0
                    0.01%  6.2720us         3  2.0900us  2.0800us  2.1120us  fused_sqrt_4_kernel0
                    0.01%  6.0800us         1  6.0800us  6.0800us  6.0800us  fused_nn_relu_11_kernel0
                    0.01%  5.9840us         3  1.9940us  1.9840us  2.0160us  fused_add_18_kernel0
                    0.01%  5.8560us         3  1.9520us  1.6960us  2.1120us  fused_add_9_kernel0
                    0.01%  5.7600us         3  1.9200us  1.5680us  2.1120us  fused_divide_kernel0
                    0.01%  5.6960us         4  1.4240us  1.2480us  1.6000us  fused_expand_dims_10_kernel0
                    0.01%  5.6640us         3  1.8880us  1.6960us  2.0480us  fused_negative_kernel0
                    0.00%  5.4080us         3  1.8020us  1.7600us  1.8560us  fused_negative_9_kernel0
                    0.00%  5.4080us         3  1.8020us  1.7920us  1.8240us  fused_add_34_kernel0
                    0.00%  5.3450us         3  1.7810us  1.6000us  1.9840us  fused_multiply_9_kernel0
                    0.00%  5.2170us         3  1.7390us  1.6960us  1.7610us  fused_add_10_kernel0
                    0.00%  5.1840us         3  1.7280us  1.7280us  1.7280us  fused_add_19_kernel0
                    0.00%  5.1520us         3  1.7170us  1.6960us  1.7280us  fused_negative_4_kernel0
                    0.00%  5.0880us         1  5.0880us  5.0880us  5.0880us  fused_add_26_kernel0
                    0.00%  4.8970us         3  1.6320us  1.5680us  1.7280us  fused_multiply_14_kernel0
                    0.00%  4.8640us         3  1.6210us  1.6000us  1.6320us  fused_multiply_24_kernel0
                    0.00%  4.8320us         1  4.8320us  4.8320us  4.8320us  fused_nn_relu_12_kernel0
                    0.00%  4.4160us         2  2.2080us  2.1440us  2.2720us  fused_divide_10_kernel0
                    0.00%  4.2560us         2  2.1280us  2.1120us  2.1440us  fused_sqrt_10_kernel0
                    0.00%  4.1920us         2  2.0960us  2.0800us  2.1120us  fused_add_38_kernel0
                    0.00%  3.6480us         2  1.8240us  1.7920us  1.8560us  fused_add_39_kernel0
                    0.00%  3.5840us         2  1.7920us  1.7600us  1.8240us  fused_negative_10_kernel0
                    0.00%  3.5200us         1  3.5200us  3.5200us  3.5200us  fused_nn_softmax_kernel2
                    0.00%  3.2320us         2  1.6160us  1.6000us  1.6320us  fused_multiply_28_kernel0
                    0.00%  2.7850us         2  1.3920us  1.2170us  1.5680us  fused_expand_dims_2_kernel0
                    0.00%  2.2720us         1  2.2720us  2.2720us  2.2720us  fused_nn_bias_add_kernel0
                    0.00%  2.1450us         1  2.1450us  2.1450us  2.1450us  fused_divide_2_kernel0
                    0.00%  2.1120us         1  2.1120us  2.1120us  2.1120us  fused_sqrt_2_kernel0
                    0.00%  2.0480us         1  2.0480us  2.0480us  2.0480us  fused_add_13_kernel0
                    0.00%  2.0160us         1  2.0160us  2.0160us  2.0160us  fused_negative_2_kernel0
                    0.00%  1.8880us         1  1.8880us  1.8880us  1.8880us  fused_multiply_11_kernel0
                    0.00%  1.8560us         1  1.8560us  1.8560us  1.8560us  [CUDA memcpy DtoH]
                    0.00%  1.7600us         1  1.7600us  1.7600us  1.7600us  fused_add_14_kernel0
                    0.00%  1.7600us         1  1.7600us  1.7600us  1.7600us  fused_nn_batch_flatten_kernel0
      API calls:   79.21%  1.08091s         1  1.08091s  1.08091s  1.08091s  cuModuleLoadData
                   10.97%  149.68ms       585  255.87us  2.9510us  142.27ms  cudaMalloc
                    5.37%  73.218ms       585  125.16us  2.9780us  51.614ms  cudaFree
                    3.49%  47.656ms       568  83.901us  5.7140us  8.6364ms  cudaMemcpy
                    0.42%  5.7485ms         1  5.7485ms  5.7485ms  5.7485ms  cuModuleUnload
                    0.34%  4.6668ms      1187  3.9310us  3.0940us  58.073us  cuLaunchKernel
                    0.11%  1.4976ms      2896     517ns     316ns  10.223us  cudaSetDevice
                    0.03%  440.97us        97  4.5460us     445ns  172.35us  cuDeviceGetAttribute
                    0.03%  409.96us      1187     345ns     292ns  1.6390us  cudaGetDevice
                    0.01%  166.01us         1  166.01us  166.01us  166.01us  cuDeviceTotalMem
                    0.01%  93.055us       207     449ns     271ns  1.9990us  cuModuleGetFunction
                    0.00%  67.018us         1  67.018us  67.018us  67.018us  cuDeviceGetName
                    0.00%  11.194us         3  3.7310us  2.1370us  5.0750us  cudaDeviceGetAttribute
                    0.00%  4.9530us         1  4.9530us  4.9530us  4.9530us  cuDeviceGetPCIBusId
                    0.00%  2.5920us         2  1.2960us     625ns  1.9670us  cuDeviceGetCount
                    0.00%  1.6680us         2     834ns     480ns  1.1880us  cuDeviceGet
                    0.00%  1.2400us         1  1.2400us  1.2400us  1.2400us  cuDeviceGetUuid
