==24341== NVPROF is profiling process 24341, command: python3 /home/wml/tvm/tutorials/relay_test_net.py
==24341== Profiling application: python3 /home/wml/tvm/tutorials/relay_test_net.py
==24341== Profiling result:
            Type  Time(%)      Time     Calls       Avg       Min       Max  Name
 GPU activities:   27.59%  31.343ms       567  55.278us     864ns  2.6302ms  [CUDA memcpy HtoD]
                    8.00%  9.0844ms        12  757.04us  609.19us  1.7503ms  fused_nn_conv2d_3_kernel0
                    5.19%  5.8931ms         4  1.4733ms  1.1824ms  2.3175ms  fused_nn_conv2d_31_kernel0
                    4.88%  5.5503ms         1  5.5503ms  5.5503ms  5.5503ms  fused_nn_conv2d_8_kernel0
                    4.69%  5.3243ms         4  1.3311ms  1.1800ms  1.7722ms  fused_nn_conv2d_32_kernel0
                    2.97%  3.3735ms         1  3.3735ms  3.3735ms  3.3735ms  fused_nn_conv2d_4_kernel0
                    2.73%  3.0985ms         1  3.0985ms  3.0985ms  3.0985ms  fused_nn_conv2d_10_kernel0
                    2.66%  3.0191ms         4  754.78us  735.53us  787.88us  fused_nn_conv2d_30_kernel0
                    2.63%  2.9834ms         4  745.86us  739.98us  749.45us  fused_nn_conv2d_27_kernel0
                    2.10%  2.3908ms         2  1.1954ms  1.1907ms  1.2000ms  fused_nn_conv2d_37_kernel0
                    2.02%  2.2966ms         2  1.1483ms  595.82us  1.7008ms  fused_nn_conv2d_25_kernel0
                    1.78%  2.0235ms         2  1.0118ms  1.0028ms  1.0207ms  fused_nn_conv2d_26_kernel0
                    1.75%  1.9850ms         4  496.24us  490.41us  508.42us  fused_nn_conv2d_28_kernel0
                    1.63%  1.8553ms         4  463.81us  299.94us  934.06us  fused_nn_conv2d_34_kernel0
                    1.61%  1.8327ms         2  916.36us  916.17us  916.56us  fused_nn_conv2d_29_kernel0
                    1.53%  1.7401ms         4  435.01us  279.01us  891.40us  fused_nn_conv2d_5_kernel0
                    1.49%  1.6874ms         3  562.48us  548.55us  580.97us  fused_nn_conv2d_13_kernel0
                    1.24%  1.4130ms         2  706.52us  704.68us  708.36us  fused_nn_conv2d_37_kernel2
                    1.16%  1.3146ms        12  109.55us  18.113us  1.1059ms  fused_nn_relu_3_kernel0
                    1.13%  1.2869ms         4  321.72us  305.54us  333.12us  fused_nn_conv2d_36_kernel0
                    1.11%  1.2560ms         2  628.02us  628.01us  628.04us  fused_nn_conv2d_22_kernel0
                    0.94%  1.0628ms         2  531.38us  526.44us  536.33us  fused_nn_conv2d_23_kernel0
                    0.80%  910.54us         1  910.54us  910.54us  910.54us  fused_add_6_kernel0
                    0.71%  811.12us         3  270.37us  268.45us  272.07us  fused_nn_conv2d_6_kernel0
                    0.66%  753.58us         4  188.39us  185.25us  190.21us  fused_nn_conv2d_16_kernel2
                    0.65%  734.12us         1  734.12us  734.12us  734.12us  fused_nn_conv2d_21_kernel0
                    0.65%  733.93us         1  733.93us  733.93us  733.93us  fused_nn_conv2d_24_kernel0
                    0.63%  717.77us         3  239.26us  239.14us  239.33us  fused_nn_conv2d_15_kernel2
                    0.62%  702.25us         1  702.25us  702.25us  702.25us  fused_nn_conv2d_11_kernel0
                    0.55%  625.35us         1  625.35us  625.35us  625.35us  fused_nn_conv2d_kernel0
                    0.54%  612.39us         4  153.10us  152.51us  153.79us  fused_nn_avg_pool2d_4_kernel0
                    0.52%  591.59us         1  591.59us  591.59us  591.59us  fused_nn_conv2d_41_kernel0
                    0.42%  479.33us         1  479.33us  479.33us  479.33us  fused_nn_conv2d_20_kernel0
                    0.41%  460.26us         1  460.26us  460.26us  460.26us  fused_nn_conv2d_40_kernel0
                    0.36%  411.94us         1  411.94us  411.94us  411.94us  fused_nn_conv2d_9_kernel0
                    0.36%  407.59us         1  407.59us  407.59us  407.59us  fused_nn_conv2d_2_kernel0
                    0.34%  383.30us         2  191.65us  188.58us  194.72us  fused_nn_conv2d_7_kernel0
                    0.33%  374.05us         1  374.05us  374.05us  374.05us  fused_nn_conv2d_42_kernel0
                    0.30%  340.52us         1  340.52us  340.52us  340.52us  fused_nn_conv2d_33_kernel0
                    0.28%  319.08us         1  319.08us  319.08us  319.08us  fused_multiply_6_kernel0
                    0.28%  318.72us         1  318.72us  318.72us  318.72us  fused_nn_relu_6_kernel0
                    0.27%  309.51us         1  309.51us  309.51us  309.51us  fused_nn_conv2d_38_kernel0
                    0.27%  301.48us        26  11.595us  10.752us  12.192us  fused_multiply_1_kernel0
                    0.26%  294.24us         4  73.561us  73.057us  74.113us  fused_nn_conv2d_16_kernel3
                    0.23%  262.92us         1  262.92us  262.92us  262.92us  fused_nn_conv2d_12_kernel0
                    0.22%  252.93us         1  252.93us  252.93us  252.93us  fused_nn_conv2d_1_kernel0
                    0.22%  245.00us         1  245.00us  245.00us  245.00us  fused_nn_conv2d_19_kernel0
                    0.21%  235.94us         1  235.94us  235.94us  235.94us  fused_nn_conv2d_39_kernel0
                    0.21%  234.82us         1  234.82us  234.82us  234.82us  fused_nn_dense_kernel0
                    0.21%  233.83us        12  19.485us  18.753us  20.513us  fused_add_3_kernel0
                    0.20%  230.37us         1  230.37us  230.37us  230.37us  fused_nn_avg_pool2d_3_kernel0
                    0.20%  224.96us        26  8.6520us  8.2240us  8.9920us  fused_add_1_kernel0
                    0.20%  223.30us         1  223.30us  223.30us  223.30us  fused_add_4_kernel0
                    0.20%  222.76us         1  222.76us  222.76us  222.76us  fused_nn_relu_4_kernel0
                    0.19%  221.22us         3  73.739us  73.057us  74.465us  fused_nn_conv2d_15_kernel3
                    0.19%  221.15us         1  221.15us  221.15us  221.15us  fused_multiply_4_kernel0
                    0.19%  218.76us         3  72.918us  72.449us  73.345us  fused_nn_conv2d_15_kernel1
                    0.19%  212.36us         1  212.36us  212.36us  212.36us  fused_nn_max_pool2d_1_kernel0
                    0.19%  211.88us         4  52.969us  52.449us  53.633us  fused_concatenate_2_kernel0
                    0.19%  211.49us        26  8.1340us  7.8080us  8.4810us  fused_nn_relu_1_kernel0
                    0.18%  209.41us         1  209.41us  209.41us  209.41us  fused_nn_conv2d_35_kernel0
                    0.18%  208.87us         1  208.87us  208.87us  208.87us  fused_nn_conv2d_18_kernel0
                    0.18%  207.65us        12  17.304us  16.736us  18.176us  fused_multiply_3_kernel0
                    0.18%  207.01us         1  207.01us  207.01us  207.01us  fused_nn_avg_pool2d_2_kernel0
                    0.18%  202.41us         7  28.915us  28.289us  29.537us  fused_nn_relu_10_kernel0
                    0.18%  201.95us         7  28.850us  28.224us  29.216us  fused_add_20_kernel0
                    0.18%  200.23us         4  50.057us  50.017us  50.113us  fused_nn_conv2d_16_kernel1
                    0.16%  187.01us         7  26.716us  26.464us  27.265us  fused_multiply_15_kernel0
                    0.15%  167.75us         2  83.873us  83.298us  84.449us  fused_concatenate_4_kernel0
                    0.15%  165.12us         1  165.12us  165.12us  165.12us  fused_nn_conv2d_14_kernel0
                    0.14%  163.81us         1  163.81us  163.81us  163.81us  fused_nn_relu_8_kernel0
                    0.14%  163.71us         1  163.71us  163.71us  163.71us  fused_add_8_kernel0
                    0.14%  162.40us         1  162.40us  162.40us  162.40us  fused_multiply_8_kernel0
                    0.14%  159.62us         1  159.62us  159.62us  159.62us  fused_nn_relu_7_kernel0
                    0.14%  159.55us         1  159.55us  159.55us  159.55us  fused_add_7_kernel0
                    0.14%  158.50us         1  158.50us  158.50us  158.50us  fused_multiply_7_kernel0
                    0.14%  154.43us         1  154.43us  154.43us  154.43us  fused_nn_avg_pool2d_1_kernel0
                    0.13%  149.09us         1  149.09us  149.09us  149.09us  fused_nn_max_pool2d_kernel0
                    0.11%  126.43us         3  42.144us  41.409us  42.720us  fused_nn_conv2d_15_kernel0
                    0.10%  118.59us        12  9.8820us  9.6640us  10.368us  fused_multiply_22_kernel0
                    0.10%  112.71us         1  112.71us  112.71us  112.71us  fused_nn_conv2d_17_kernel0
                    0.09%  106.05us         4  26.512us  25.504us  27.424us  fused_nn_conv2d_16_kernel0
                    0.09%  100.19us         1  100.19us  100.19us  100.19us  fused_add_5_kernel0
                    0.09%  99.394us         1  99.394us  99.394us  99.394us  fused_nn_relu_5_kernel0
                    0.09%  96.609us         1  96.609us  96.609us  96.609us  fused_multiply_5_kernel0
                    0.08%  89.634us        12  7.4690us  7.1360us  7.7440us  fused_add_30_kernel0
                    0.07%  82.752us        12  6.8960us  6.7200us  7.2000us  fused_nn_relu_14_kernel0
                    0.07%  78.273us        60  1.3040us  1.1520us  1.6330us  fused_expand_dims_3_kernel0
                    0.07%  74.209us         1  74.209us  74.209us  74.209us  fused_concatenate_5_kernel0
                    0.05%  61.473us        30  2.0490us  1.6640us  3.3290us  fused_add_15_kernel0
                    0.05%  60.320us        12  5.0260us  4.2240us  5.7600us  fused_multiply_26_kernel0
                    0.05%  60.320us         2  30.160us  29.728us  30.592us  fused_concatenate_kernel0
                    0.05%  59.522us        30  1.9840us  1.5040us  2.2400us  fused_divide_3_kernel0
                    0.05%  58.817us        30  1.9600us  1.4400us  5.5360us  fused_sqrt_3_kernel0
                    0.05%  56.609us         1  56.609us  56.609us  56.609us  fused_nn_max_pool2d_2_kernel0
                    0.04%  50.561us         1  50.561us  50.561us  50.561us  fused_concatenate_3_kernel0
                    0.04%  49.378us        12  4.1140us  3.9680us  4.2880us  fused_add_36_kernel0
                    0.04%  48.578us        30  1.6190us  1.3760us  2.0480us  fused_negative_3_kernel0
                    0.04%  47.649us        30  1.5880us  1.3760us  1.8240us  fused_add_16_kernel0
                    0.04%  45.536us         1  45.536us  45.536us  45.536us  fused_nn_max_pool2d_4_kernel0
                    0.04%  45.376us        12  3.7810us  3.5840us  4.0320us  fused_nn_relu_16_kernel0
                    0.04%  45.282us         6  7.5470us  6.9450us  8.6080us  fused_multiply_20_kernel0
                    0.04%  43.328us        30  1.4440us  1.2160us  2.0160us  fused_multiply_12_kernel0
                    0.04%  40.800us         1  40.800us  40.800us  40.800us  fused_nn_avg_pool2d_kernel0
                    0.03%  37.728us         6  6.2880us  6.0480us  6.5280us  fused_add_27_kernel0
                    0.03%  37.184us         3  12.394us  12.128us  12.608us  fused_multiply_13_kernel0
                    0.03%  35.617us        26  1.3690us  1.1840us  1.6960us  fused_expand_dims_1_kernel0
                    0.03%  35.298us         6  5.8830us  5.5680us  6.1760us  fused_nn_relu_13_kernel0
                    0.03%  34.816us        26  1.3390us  1.2160us  1.6320us  fused_expand_dims_6_kernel0
                    0.03%  33.856us         2  16.928us  16.768us  17.088us  fused_nn_conv2d_37_kernel1
                    0.03%  32.896us         1  32.896us  32.896us  32.896us  fused_nn_softmax_kernel1
                    0.03%  32.480us         1  32.480us  32.480us  32.480us  fused_nn_max_pool2d_3_kernel0
                    0.03%  31.328us         2  15.664us  15.264us  16.064us  fused_nn_conv2d_37_kernel3
                    0.03%  30.816us        24  1.2840us  1.1840us  1.6320us  fused_expand_dims_8_kernel0
                    0.03%  29.058us         3  9.6860us  9.3760us  9.8890us  fused_add_17_kernel0
                    0.02%  27.680us         3  9.2260us  9.0240us  9.3440us  fused_nn_relu_9_kernel0
                    0.02%  27.392us         1  27.392us  27.392us  27.392us  fused_nn_avg_pool2d_5_kernel0
                    0.02%  27.296us         1  27.296us  27.296us  27.296us  fused_nn_relu_2_kernel0
                    0.02%  27.009us        13  2.0770us  1.5040us  2.2080us  fused_divide_1_kernel0
                    0.02%  26.913us         1  26.913us  26.913us  26.913us  fused_add_2_kernel0
                    0.02%  26.528us        13  2.0400us  1.9200us  2.1440us  fused_negative_1_kernel0
                    0.02%  25.856us        13  1.9880us  1.6640us  2.1120us  fused_add_11_kernel0
                    0.02%  25.408us        13  1.9540us  1.7280us  2.1120us  fused_add_24_kernel0
                    0.02%  25.248us        13  1.9420us  1.4720us  2.2080us  fused_sqrt_1_kernel0
                    0.02%  24.704us        13  1.9000us  1.5360us  2.2400us  fused_divide_6_kernel0
                    0.02%  24.482us        12  2.0400us  1.9530us  2.1440us  fused_sqrt_8_kernel0
                    0.02%  24.320us        13  1.8700us  1.4720us  2.0480us  fused_multiply_10_kernel0
                    0.02%  23.904us         1  23.904us  23.904us  23.904us  fused_multiply_2_kernel0
                    0.02%  23.136us        13  1.7790us  1.4720us  2.1440us  fused_sqrt_6_kernel0
                    0.02%  22.720us        13  1.7470us  1.6320us  1.9520us  fused_add_25_kernel0
                    0.02%  22.720us        13  1.7470us  1.6000us  2.2080us  fused_negative_6_kernel0
                    0.02%  22.624us        13  1.7400us  1.6000us  1.8560us  fused_add_12_kernel0
                    0.02%  22.466us        12  1.8720us  1.6960us  2.0800us  fused_add_31_kernel0
                    0.02%  22.240us        12  1.8530us  1.7600us  2.1440us  fused_divide_8_kernel0
                    0.02%  21.472us        16  1.3420us  1.1840us  1.6320us  fused_expand_dims_5_kernel0
                    0.02%  20.064us        13  1.5430us  1.2480us  2.0480us  fused_multiply_18_kernel0
                    0.02%  19.968us         8  2.4960us  1.4720us  5.8880us  fused_sqrt_5_kernel0
                    0.02%  18.752us        12  1.5620us  1.4400us  1.7600us  fused_negative_8_kernel0
                    0.02%  17.920us        12  1.4930us  1.3760us  1.7600us  fused_add_32_kernel0
                    0.02%  17.408us         1  17.408us  17.408us  17.408us  fused_concatenate_1_kernel0
                    0.01%  16.417us        12  1.3680us  1.2160us  1.6640us  fused_multiply_23_kernel0
                    0.01%  15.808us        12  1.3170us  1.2160us  1.6320us  fused_expand_dims_7_kernel0
                    0.01%  15.552us         8  1.9440us  1.3440us  2.0800us  fused_negative_5_kernel0
                    0.01%  15.008us         8  1.8760us  1.6320us  2.0800us  fused_add_21_kernel0
                    0.01%  14.976us         1  14.976us  14.976us  14.976us  fused_nn_softmax_kernel0
                    0.01%  14.816us         3  4.9380us  4.8960us  4.9600us  fused_multiply_kernel0
                    0.01%  14.560us         8  1.8200us  1.4720us  2.1760us  fused_divide_5_kernel0
                    0.01%  14.464us         8  1.8080us  1.2160us  1.9840us  fused_multiply_16_kernel0
                    0.01%  12.768us         8  1.5960us  1.3440us  1.7600us  fused_add_22_kernel0
                    0.01%  11.904us         2  5.9520us  5.8560us  6.0480us  fused_multiply_27_kernel0
                    0.01%  11.649us         3  3.8830us  3.8410us  3.9040us  fused_add_kernel0
                    0.01%  11.360us         6  1.8930us  1.6960us  2.0800us  fused_add_28_kernel0
                    0.01%  10.976us         6  1.8290us  1.5040us  2.1440us  fused_divide_7_kernel0
                    0.01%  10.976us         6  1.8290us  1.4720us  2.1440us  fused_sqrt_7_kernel0
                    0.01%  10.944us         3  3.6480us  3.5840us  3.6800us  fused_nn_relu_kernel0
                    0.01%  10.144us         2  5.0720us  4.9600us  5.1840us  fused_add_37_kernel0
                    0.01%  9.8880us         3  3.2960us  3.2000us  3.3600us  fused_multiply_25_kernel0
                    0.01%  9.6320us         6  1.6050us  1.3440us  1.8880us  fused_negative_7_kernel0
                    0.01%  9.3440us         6  1.5570us  1.3760us  1.7600us  fused_add_29_kernel0
                    0.01%  9.3440us         2  4.6720us  4.6400us  4.7040us  fused_nn_relu_17_kernel0
                    0.01%  8.7040us         1  8.7040us  8.7040us  8.7040us  fused_multiply_17_kernel0
                    0.01%  8.6720us         3  2.8900us  1.9840us  4.6080us  fused_sqrt_kernel0
                    0.01%  8.5120us         6  1.4180us  1.2160us  1.6320us  fused_expand_dims_9_kernel0
                    0.01%  8.3840us         6  1.3970us  1.1840us  1.6000us  fused_expand_dims_4_kernel0
                    0.01%  8.2560us         6  1.3760us  1.2480us  1.6000us  fused_expand_dims_kernel0
                    0.01%  8.2560us         6  1.3760us  1.2160us  1.6320us  fused_multiply_21_kernel0
                    0.01%  7.9360us         3  2.6450us  2.5920us  2.6880us  fused_add_35_kernel0
                    0.01%  7.4570us         3  2.4850us  2.4640us  2.4970us  fused_nn_relu_15_kernel0
                    0.01%  6.5920us         1  6.5920us  6.5920us  6.5920us  fused_add_23_kernel0
                    0.01%  6.5280us         3  2.1760us  2.1760us  2.1760us  fused_divide_9_kernel0
                    0.01%  6.4640us         1  6.4640us  6.4640us  6.4640us  fused_multiply_19_kernel0
                    0.01%  6.4000us         3  2.1330us  2.1120us  2.1440us  fused_sqrt_4_kernel0
                    0.01%  6.3680us         3  2.1220us  2.1120us  2.1440us  fused_sqrt_9_kernel0
                    0.01%  6.3680us         3  2.1220us  2.1120us  2.1440us  fused_divide_4_kernel0
                    0.01%  6.3040us         3  2.1010us  2.0800us  2.1120us  fused_add_33_kernel0
                    0.01%  6.2720us         1  6.2720us  6.2720us  6.2720us  fused_nn_softmax_kernel3
                    0.01%  6.2720us         1  6.2720us  6.2720us  6.2720us  fused_nn_relu_11_kernel0
                    0.01%  6.0490us         3  2.0160us  2.0160us  2.0170us  fused_add_18_kernel0
                    0.01%  5.8880us         3  1.9620us  1.5360us  2.2400us  fused_divide_kernel0
                    0.01%  5.7920us         4  1.4480us  1.2480us  1.6320us  fused_expand_dims_10_kernel0
                    0.01%  5.7920us         3  1.9300us  1.6960us  2.0480us  fused_add_9_kernel0
                    0.00%  5.5680us         3  1.8560us  1.7920us  1.9520us  fused_add_34_kernel0
                    0.00%  5.5680us         3  1.8560us  1.7280us  2.0160us  fused_negative_kernel0
                    0.00%  5.3760us         3  1.7920us  1.7600us  1.8560us  fused_negative_9_kernel0
                    0.00%  5.2480us         3  1.7490us  1.7280us  1.7600us  fused_add_19_kernel0
                    0.00%  5.2160us         1  5.2160us  5.2160us  5.2160us  fused_add_26_kernel0
                    0.00%  5.2160us         3  1.7380us  1.7280us  1.7600us  fused_negative_4_kernel0
                    0.00%  5.2160us         3  1.7380us  1.6000us  1.9200us  fused_multiply_9_kernel0
                    0.00%  5.1840us         3  1.7280us  1.7280us  1.7280us  fused_multiply_14_kernel0
                    0.00%  4.9280us         3  1.6420us  1.6320us  1.6640us  fused_multiply_24_kernel0
                    0.00%  4.8640us         3  1.6210us  1.4080us  1.7280us  fused_add_10_kernel0
                    0.00%  4.8640us         1  4.8640us  4.8640us  4.8640us  fused_nn_relu_12_kernel0
                    0.00%  4.4160us         2  2.2080us  2.1760us  2.2400us  fused_sqrt_10_kernel0
                    0.00%  4.3200us         2  2.1600us  2.1440us  2.1760us  fused_divide_10_kernel0
                    0.00%  4.2560us         2  2.1280us  2.1120us  2.1440us  fused_add_38_kernel0
                    0.00%  3.5840us         2  1.7920us  1.7920us  1.7920us  fused_negative_10_kernel0
                    0.00%  3.5840us         2  1.7920us  1.7920us  1.7920us  fused_add_39_kernel0
                    0.00%  3.5520us         1  3.5520us  3.5520us  3.5520us  fused_nn_softmax_kernel2
                    0.00%  3.2640us         2  1.6320us  1.6320us  1.6320us  fused_multiply_28_kernel0
                    0.00%  2.8160us         2  1.4080us  1.2160us  1.6000us  fused_expand_dims_2_kernel0
                    0.00%  2.2720us         1  2.2720us  2.2720us  2.2720us  fused_nn_bias_add_kernel0
                    0.00%  2.1440us         1  2.1440us  2.1440us  2.1440us  fused_divide_2_kernel0
                    0.00%  2.1120us         1  2.1120us  2.1120us  2.1120us  fused_sqrt_2_kernel0
                    0.00%  2.0800us         1  2.0800us  2.0800us  2.0800us  fused_add_13_kernel0
                    0.00%  2.0480us         1  2.0480us  2.0480us  2.0480us  fused_negative_2_kernel0
                    0.00%  1.9520us         1  1.9520us  1.9520us  1.9520us  fused_multiply_11_kernel0
                    0.00%  1.8880us         1  1.8880us  1.8880us  1.8880us  fused_nn_batch_flatten_kernel0
                    0.00%  1.8240us         1  1.8240us  1.8240us  1.8240us  [CUDA memcpy DtoH]
                    0.00%  1.7600us         1  1.7600us  1.7600us  1.7600us  fused_add_14_kernel0
      API calls:   79.29%  1.06768s         1  1.06768s  1.06768s  1.06768s  cuModuleLoadData
                   10.66%  143.51ms       585  245.32us  2.9040us  136.55ms  cudaMalloc
                    5.58%  75.165ms       585  128.49us  2.9900us  52.529ms  cudaFree
                    3.35%  45.100ms       568  79.401us  5.7750us  7.5526ms  cudaMemcpy
                    0.57%  7.6723ms         1  7.6723ms  7.6723ms  7.6723ms  cuModuleUnload
                    0.36%  4.9034ms      1187  4.1300us  3.1160us  53.867us  cuLaunchKernel
                    0.12%  1.5966ms      2896     551ns     330ns  9.0810us  cudaSetDevice
                    0.04%  528.78us      1187     445ns     356ns  2.3690us  cudaGetDevice
                    0.01%  169.43us        97  1.7460us     189ns  69.910us  cuDeviceGetAttribute
                    0.01%  101.97us       207     492ns     259ns  3.5740us  cuModuleGetFunction
                    0.01%  74.369us         1  74.369us  74.369us  74.369us  cuDeviceTotalMem
                    0.00%  36.466us         1  36.466us  36.466us  36.466us  cuDeviceGetPCIBusId
                    0.00%  33.805us         1  33.805us  33.805us  33.805us  cuDeviceGetName
                    0.00%  2.8220us         3     940ns     524ns  1.2180us  cudaDeviceGetAttribute
                    0.00%  1.4830us         2     741ns     265ns  1.2180us  cuDeviceGetCount
                    0.00%     827ns         2     413ns     228ns     599ns  cuDeviceGet
                    0.00%     385ns         1     385ns     385ns     385ns  cuDeviceGetUuid
