==24288== NVPROF is profiling process 24288, command: python3 /home/wml/tvm/tutorials/relay_test_net.py
==24288== Profiling application: python3 /home/wml/tvm/tutorials/relay_test_net.py
==24288== Profiling result:
            Type  Time(%)      Time     Calls       Avg       Min       Max  Name
 GPU activities:   31.61%  31.223ms       567  55.066us     832ns  2.6148ms  [CUDA memcpy HtoD]
                    6.71%  6.6283ms        12  552.36us  501.41us  1.0932ms  fused_nn_conv2d_3_kernel0
                    5.02%  4.9574ms         4  1.2394ms  964.30us  2.0582ms  fused_nn_conv2d_31_kernel0
                    4.59%  4.5382ms         1  4.5382ms  4.5382ms  4.5382ms  fused_nn_conv2d_8_kernel0
                    3.91%  3.8657ms         4  966.42us  966.13us  966.77us  fused_nn_conv2d_32_kernel0
                    3.63%  3.5892ms         4  897.31us  640.52us  1.6667ms  fused_nn_conv2d_30_kernel0
                    2.85%  2.8153ms         1  2.8153ms  2.8153ms  2.8153ms  fused_nn_conv2d_4_kernel0
                    2.52%  2.4843ms         3  828.09us  451.88us  1.5574ms  fused_nn_conv2d_13_kernel0
                    2.51%  2.4754ms         4  618.86us  609.16us  634.63us  fused_nn_conv2d_27_kernel0
                    2.41%  2.3758ms         2  1.1879ms  1.1871ms  1.1888ms  fused_nn_conv2d_37_kernel0
                    2.10%  2.0725ms         2  1.0362ms  734.31us  1.3382ms  fused_nn_conv2d_29_kernel0
                    1.69%  1.6722ms         1  1.6722ms  1.6722ms  1.6722ms  fused_nn_conv2d_10_kernel0
                    1.67%  1.6518ms         4  412.96us  406.82us  419.40us  fused_nn_conv2d_28_kernel0
                    1.65%  1.6344ms         2  817.18us  816.88us  817.48us  fused_nn_conv2d_26_kernel0
                    1.43%  1.4106ms         2  705.29us  704.17us  706.41us  fused_nn_conv2d_37_kernel2
                    1.08%  1.0676ms         4  266.91us  259.52us  272.61us  fused_nn_conv2d_34_kernel0
                    1.06%  1.0425ms         4  260.64us  253.76us  272.96us  fused_nn_conv2d_36_kernel0
                    1.04%  1.0225ms         2  511.24us  510.73us  511.75us  fused_nn_conv2d_22_kernel0
                    0.98%  971.21us         2  485.61us  484.26us  486.95us  fused_nn_conv2d_25_kernel0
                    0.94%  929.20us         4  232.30us  227.11us  236.10us  fused_nn_conv2d_5_kernel0
                    0.88%  874.06us         2  437.03us  434.92us  439.14us  fused_nn_conv2d_23_kernel0
                    0.71%  699.66us         2  349.83us  81.729us  617.93us  fused_concatenate_4_kernel0
                    0.70%  690.54us         3  230.18us  228.55us  232.61us  fused_nn_conv2d_6_kernel0
                    0.66%  652.71us         4  163.18us  159.94us  166.72us  fused_nn_conv2d_16_kernel2
                    0.65%  638.66us         3  212.89us  209.19us  214.79us  fused_nn_conv2d_15_kernel2
                    0.59%  584.14us         1  584.14us  584.14us  584.14us  fused_nn_conv2d_21_kernel0
                    0.59%  583.82us         1  583.82us  583.82us  583.82us  fused_nn_conv2d_24_kernel0
                    0.59%  579.05us         1  579.05us  579.05us  579.05us  fused_nn_conv2d_11_kernel0
                    0.54%  528.58us         4  132.15us  130.21us  133.19us  fused_nn_avg_pool2d_4_kernel0
                    0.50%  490.02us         1  490.02us  490.02us  490.02us  fused_nn_conv2d_kernel0
                    0.45%  441.38us         1  441.38us  441.38us  441.38us  fused_nn_conv2d_41_kernel0
                    0.43%  424.13us         1  424.13us  424.13us  424.13us  fused_nn_conv2d_40_kernel0
                    0.41%  408.33us         1  408.33us  408.33us  408.33us  fused_nn_conv2d_9_kernel0
                    0.39%  381.16us         1  381.16us  381.16us  381.16us  fused_nn_conv2d_20_kernel0
                    0.35%  344.29us         1  344.29us  344.29us  344.29us  fused_nn_conv2d_2_kernel0
                    0.33%  321.22us         1  321.22us  321.22us  321.22us  fused_add_6_kernel0
                    0.32%  320.45us         1  320.45us  320.45us  320.45us  fused_nn_relu_6_kernel0
                    0.32%  319.17us         2  159.59us  159.30us  159.87us  fused_nn_conv2d_7_kernel0
                    0.32%  318.56us         1  318.56us  318.56us  318.56us  fused_multiply_6_kernel0
                    0.31%  306.12us         1  306.12us  306.12us  306.12us  fused_nn_conv2d_42_kernel0
                    0.30%  294.47us         4  73.617us  73.409us  73.761us  fused_nn_conv2d_16_kernel3
                    0.28%  276.80us         1  276.80us  276.80us  276.80us  fused_nn_conv2d_33_kernel0
                    0.26%  260.87us        26  10.033us  9.1520us  10.944us  fused_multiply_1_kernel0
                    0.26%  254.88us         1  254.88us  254.88us  254.88us  fused_nn_conv2d_38_kernel0
                    0.24%  233.19us         1  233.19us  233.19us  233.19us  fused_nn_dense_kernel0
                    0.23%  223.62us         1  223.62us  223.62us  223.62us  fused_add_4_kernel0
                    0.23%  222.76us         1  222.76us  222.76us  222.76us  fused_nn_relu_4_kernel0
                    0.22%  220.64us         3  73.547us  73.249us  73.921us  fused_nn_conv2d_15_kernel3
                    0.22%  220.39us         1  220.39us  220.39us  220.39us  fused_multiply_4_kernel0
                    0.22%  218.76us         1  218.76us  218.76us  218.76us  fused_nn_conv2d_12_kernel0
                    0.22%  218.18us         3  72.726us  72.321us  72.961us  fused_nn_conv2d_15_kernel1
                    0.22%  217.48us        12  18.122us  17.536us  18.721us  fused_add_3_kernel0
                    0.22%  215.24us         1  215.24us  215.24us  215.24us  fused_nn_conv2d_19_kernel0
                    0.22%  214.69us        12  17.890us  16.577us  18.945us  fused_nn_relu_3_kernel0
                    0.21%  212.13us         1  212.13us  212.13us  212.13us  fused_nn_conv2d_1_kernel0
                    0.21%  206.50us         4  51.624us  51.456us  52.064us  fused_concatenate_2_kernel0
                    0.21%  206.34us         1  206.34us  206.34us  206.34us  fused_nn_max_pool2d_1_kernel0
                    0.20%  198.69us         4  49.672us  49.409us  49.952us  fused_nn_conv2d_16_kernel1
                    0.20%  198.34us         7  28.334us  27.969us  28.512us  fused_nn_relu_10_kernel0
                    0.20%  197.86us         1  197.86us  197.86us  197.86us  fused_nn_avg_pool2d_3_kernel0
                    0.20%  194.50us         7  27.785us  27.296us  28.353us  fused_add_20_kernel0
                    0.20%  193.67us         1  193.67us  193.67us  193.67us  fused_nn_conv2d_39_kernel0
                    0.19%  188.35us        12  15.696us  14.880us  16.928us  fused_multiply_3_kernel0
                    0.18%  182.70us        26  7.0260us  6.7200us  7.6800us  fused_add_1_kernel0
                    0.18%  178.63us         7  25.518us  25.152us  26.016us  fused_multiply_15_kernel0
                    0.18%  175.94us         1  175.94us  175.94us  175.94us  fused_nn_conv2d_35_kernel0
                    0.18%  175.87us         1  175.87us  175.87us  175.87us  fused_nn_avg_pool2d_2_kernel0
                    0.18%  175.20us         1  175.20us  175.20us  175.20us  fused_nn_conv2d_18_kernel0
                    0.17%  170.59us        26  6.5610us  6.3360us  6.8800us  fused_nn_relu_1_kernel0
                    0.17%  163.75us         1  163.75us  163.75us  163.75us  fused_add_8_kernel0
                    0.17%  163.36us         1  163.36us  163.36us  163.36us  fused_nn_relu_8_kernel0
                    0.16%  162.34us         1  162.34us  162.34us  162.34us  fused_multiply_8_kernel0
                    0.16%  159.33us         1  159.33us  159.33us  159.33us  fused_nn_relu_7_kernel0
                    0.16%  158.72us         1  158.72us  158.72us  158.72us  fused_multiply_7_kernel0
                    0.16%  158.59us         1  158.59us  158.59us  158.59us  fused_add_7_kernel0
                    0.15%  145.41us         1  145.41us  145.41us  145.41us  fused_nn_max_pool2d_kernel0
                    0.15%  145.06us         1  145.06us  145.06us  145.06us  fused_nn_conv2d_14_kernel0
                    0.13%  131.49us         1  131.49us  131.49us  131.49us  fused_nn_avg_pool2d_1_kernel0
                    0.12%  113.86us         3  37.953us  37.249us  38.337us  fused_nn_conv2d_15_kernel0
                    0.11%  104.58us        12  8.7140us  7.9680us  9.0240us  fused_multiply_22_kernel0
                    0.10%  98.625us         1  98.625us  98.625us  98.625us  fused_nn_relu_5_kernel0
                    0.10%  98.466us         1  98.466us  98.466us  98.466us  fused_add_5_kernel0
                    0.10%  97.601us         1  97.601us  97.601us  97.601us  fused_nn_conv2d_17_kernel0
                    0.10%  94.977us         1  94.977us  94.977us  94.977us  fused_multiply_5_kernel0
                    0.10%  94.945us         4  23.736us  22.240us  24.768us  fused_nn_conv2d_16_kernel0
                    0.07%  72.577us         1  72.577us  72.577us  72.577us  fused_concatenate_5_kernel0
                    0.07%  71.713us        12  5.9760us  5.7600us  6.2720us  fused_add_30_kernel0
                    0.07%  68.224us        12  5.6850us  5.5040us  5.9840us  fused_nn_relu_14_kernel0
                    0.07%  65.121us        60  1.0850us     992ns  1.4720us  fused_expand_dims_3_kernel0
                    0.06%  57.665us         1  57.665us  57.665us  57.665us  fused_nn_max_pool2d_2_kernel0
                    0.06%  57.216us         2  28.608us  28.544us  28.672us  fused_concatenate_kernel0
                    0.05%  52.032us        12  4.3360us  3.4240us  4.8640us  fused_multiply_26_kernel0
                    0.05%  49.248us        30  1.6410us  1.4400us  2.4000us  fused_add_15_kernel0
                    0.05%  49.152us        30  1.6380us  1.4400us  1.8560us  fused_sqrt_3_kernel0
                    0.05%  48.962us        30  1.6320us  1.2480us  1.8880us  fused_divide_3_kernel0
                    0.05%  48.481us         1  48.481us  48.481us  48.481us  fused_concatenate_3_kernel0
                    0.04%  42.752us        30  1.4250us  1.1200us  1.8240us  fused_negative_3_kernel0
                    0.04%  40.993us         1  40.993us  40.993us  40.993us  fused_nn_max_pool2d_4_kernel0
                    0.04%  39.904us        30  1.3300us  1.1520us  1.6320us  fused_add_16_kernel0
                    0.04%  39.712us        12  3.3090us  3.2000us  3.5200us  fused_add_36_kernel0
                    0.04%  37.952us         6  6.3250us  5.9520us  7.0080us  fused_multiply_20_kernel0
                    0.04%  36.896us        12  3.0740us  2.9120us  3.3920us  fused_nn_relu_16_kernel0
                    0.04%  36.768us        30  1.2250us     992ns  1.7600us  fused_multiply_12_kernel0
                    0.04%  35.585us         1  35.585us  35.585us  35.585us  fused_nn_avg_pool2d_kernel0
                    0.03%  33.408us         2  16.704us  16.128us  17.280us  fused_nn_conv2d_37_kernel1
                    0.03%  33.184us         3  11.061us  10.688us  11.424us  fused_multiply_13_kernel0
                    0.03%  32.480us         1  32.480us  32.480us  32.480us  fused_nn_max_pool2d_3_kernel0
                    0.03%  30.241us         6  5.0400us  4.8960us  5.2800us  fused_add_27_kernel0
                    0.03%  29.345us        26  1.1280us     960ns  1.3760us  fused_expand_dims_1_kernel0
                    0.03%  28.320us         2  14.160us  13.824us  14.496us  fused_nn_conv2d_37_kernel3
                    0.03%  28.289us         6  4.7140us  4.5760us  4.9600us  fused_nn_relu_13_kernel0
                    0.03%  28.256us        26  1.0860us     992ns  1.3760us  fused_expand_dims_6_kernel0
                    0.03%  27.008us         1  27.008us  27.008us  27.008us  fused_nn_relu_2_kernel0
                    0.03%  26.913us         1  26.913us  26.913us  26.913us  fused_nn_softmax_kernel1
                    0.03%  26.689us         1  26.689us  26.689us  26.689us  fused_add_2_kernel0
                    0.03%  25.824us        24  1.0760us     992ns  1.3760us  fused_expand_dims_8_kernel0
                    0.02%  24.449us         1  24.449us  24.449us  24.449us  fused_nn_avg_pool2d_5_kernel0
                    0.02%  24.320us         3  8.1060us  7.4560us  8.7040us  fused_add_17_kernel0
                    0.02%  23.329us         3  7.7760us  7.6480us  7.8720us  fused_nn_relu_9_kernel0
                    0.02%  22.816us         1  22.816us  22.816us  22.816us  fused_multiply_2_kernel0
                    0.02%  22.529us        13  1.7330us  1.4080us  1.8880us  fused_add_11_kernel0
                    0.02%  22.208us        13  1.7080us  1.4080us  1.8880us  fused_negative_1_kernel0
                    0.02%  21.920us        13  1.6860us  1.2800us  1.9520us  fused_divide_6_kernel0
                    0.02%  21.600us        13  1.6610us  1.2160us  1.8880us  fused_divide_1_kernel0
                    0.02%  21.568us        13  1.6590us  1.1840us  1.8560us  fused_sqrt_1_kernel0
                    0.02%  21.536us        13  1.6560us  1.4720us  1.8880us  fused_add_24_kernel0
                    0.02%  20.641us        12  1.7200us  1.5040us  1.8880us  fused_add_31_kernel0
                    0.02%  20.129us        13  1.5480us  1.2800us  1.6650us  fused_multiply_10_kernel0
                    0.02%  19.616us        13  1.5080us  1.3120us  1.8560us  fused_sqrt_6_kernel0
                    0.02%  18.560us        12  1.5460us  1.2480us  1.8560us  fused_divide_8_kernel0
                    0.02%  18.528us        16  1.1580us     992ns  1.4720us  fused_expand_dims_5_kernel0
                    0.02%  18.304us        13  1.4080us  1.1520us  1.5360us  fused_add_12_kernel0
                    0.02%  18.272us        13  1.4050us  1.2480us  1.9520us  fused_negative_6_kernel0
                    0.02%  17.857us        12  1.4880us  1.2160us  1.8250us  fused_sqrt_8_kernel0
                    0.02%  17.313us        13  1.3310us  1.1520us  1.6000us  fused_add_25_kernel0
                    0.02%  16.865us         1  16.865us  16.865us  16.865us  fused_concatenate_1_kernel0
                    0.02%  16.032us        12  1.3360us  1.1520us  1.5680us  fused_add_32_kernel0
                    0.02%  15.713us        12  1.3090us  1.1520us  1.5360us  fused_negative_8_kernel0
                    0.02%  15.617us        13  1.2010us  1.0240us  1.7920us  fused_multiply_18_kernel0
                    0.02%  15.424us        12  1.2850us     992ns  1.3760us  fused_multiply_23_kernel0
                    0.01%  13.920us         8  1.7400us  1.2480us  1.8880us  fused_negative_5_kernel0
                    0.01%  13.920us         8  1.7400us  1.5040us  1.8560us  fused_divide_5_kernel0
                    0.01%  13.761us         8  1.7200us  1.5040us  1.8880us  fused_add_21_kernel0
                    0.01%  13.344us         3  4.4480us  4.0640us  4.6400us  fused_multiply_kernel0
                    0.01%  13.312us        12  1.1090us     960ns  1.3440us  fused_expand_dims_7_kernel0
                    0.01%  13.280us         8  1.6600us  1.3440us  1.7920us  fused_sqrt_5_kernel0
                    0.01%  12.576us         1  12.576us  12.576us  12.576us  fused_nn_softmax_kernel0
                    0.01%  11.712us         8  1.4640us  1.1520us  1.5680us  fused_add_22_kernel0
                    0.01%  11.584us         8  1.4480us     992ns  1.6960us  fused_multiply_16_kernel0
                    0.01%  10.688us         2  5.3440us  5.2800us  5.4080us  fused_multiply_27_kernel0
                    0.01%  9.5360us         6  1.5890us  1.4400us  1.7920us  fused_add_28_kernel0
                    0.01%  9.5040us         3  3.1680us  3.1680us  3.1680us  fused_add_kernel0
                    0.01%  9.1840us         6  1.5300us  1.2800us  1.8240us  fused_divide_7_kernel0
                    0.01%  9.0560us         3  3.0180us  3.0080us  3.0400us  fused_nn_relu_kernel0
                    0.01%  8.5440us         6  1.4240us  1.2160us  1.8240us  fused_sqrt_7_kernel0
                    0.01%  8.2240us         3  2.7410us  2.6880us  2.7840us  fused_multiply_25_kernel0
                    0.01%  8.0960us         6  1.3490us  1.0240us  2.2720us  fused_expand_dims_kernel0
                    0.01%  8.0960us         2  4.0480us  4.0320us  4.0640us  fused_add_37_kernel0
                    0.01%  7.7120us         6  1.2850us  1.1840us  1.5040us  fused_negative_7_kernel0
                    0.01%  7.6160us         6  1.2690us  1.1200us  1.5360us  fused_add_29_kernel0
                    0.01%  7.6160us         2  3.8080us  3.8080us  3.8080us  fused_nn_relu_17_kernel0
                    0.01%  7.4560us         1  7.4560us  7.4560us  7.4560us  fused_multiply_17_kernel0
                    0.01%  7.4560us         3  2.4850us  1.4080us  4.2560us  fused_sqrt_kernel0
                    0.01%  7.1360us         6  1.1890us     992ns  1.3760us  fused_expand_dims_9_kernel0
                    0.01%  7.0400us         6  1.1730us     992ns  1.3760us  fused_expand_dims_4_kernel0
                    0.01%  7.0080us         6  1.1680us     992ns  1.3760us  fused_multiply_21_kernel0
                    0.01%  6.4960us         3  2.1650us  2.1440us  2.1760us  fused_add_35_kernel0
                    0.01%  6.0480us         3  2.0160us  2.0160us  2.0160us  fused_nn_relu_15_kernel0
                    0.01%  5.6640us         1  5.6640us  5.6640us  5.6640us  fused_multiply_19_kernel0
                    0.01%  5.6320us         3  1.8770us  1.8560us  1.9200us  fused_divide_4_kernel0
                    0.01%  5.6020us         3  1.8670us  1.8570us  1.8880us  fused_sqrt_9_kernel0
                    0.01%  5.6000us         3  1.8660us  1.8240us  1.9200us  fused_sqrt_4_kernel0
                    0.01%  5.6000us         3  1.8660us  1.8560us  1.8880us  fused_divide_9_kernel0
                    0.01%  5.5360us         3  1.8450us  1.6960us  1.9200us  fused_add_33_kernel0
                    0.01%  5.4400us         1  5.4400us  5.4400us  5.4400us  fused_add_23_kernel0
                    0.01%  5.3440us         3  1.7810us  1.7600us  1.8240us  fused_add_18_kernel0
                    0.01%  5.2160us         1  5.2160us  5.2160us  5.2160us  fused_nn_softmax_kernel3
                    0.01%  5.1200us         3  1.7060us  1.4080us  1.8560us  fused_divide_kernel0
                    0.01%  5.0880us         1  5.0880us  5.0880us  5.0880us  fused_nn_relu_11_kernel0
                    0.01%  5.0560us         3  1.6850us  1.5360us  1.7600us  fused_add_9_kernel0
                    0.00%  4.8000us         4  1.2000us  1.0240us  1.3760us  fused_expand_dims_10_kernel0
                    0.00%  4.7680us         3  1.5890us  1.4400us  1.7920us  fused_negative_kernel0
                    0.00%  4.6410us         3  1.5470us  1.5360us  1.5680us  fused_add_34_kernel0
                    0.00%  4.6400us         3  1.5460us  1.5040us  1.6000us  fused_negative_9_kernel0
                    0.00%  4.5760us         3  1.5250us  1.3760us  1.6320us  fused_multiply_9_kernel0
                    0.00%  4.5120us         3  1.5040us  1.3760us  1.6640us  fused_add_10_kernel0
                    0.00%  4.5120us         3  1.5040us  1.4720us  1.5360us  fused_negative_4_kernel0
                    0.00%  4.4160us         3  1.4720us  1.4720us  1.4720us  fused_add_19_kernel0
                    0.00%  4.3530us         3  1.4510us  1.3770us  1.5040us  fused_multiply_14_kernel0
                    0.00%  4.2560us         1  4.2560us  4.2560us  4.2560us  fused_add_26_kernel0
                    0.00%  4.2240us         3  1.4080us  1.3760us  1.4400us  fused_multiply_24_kernel0
                    0.00%  3.9360us         1  3.9360us  3.9360us  3.9360us  fused_nn_relu_12_kernel0
                    0.00%  3.7440us         2  1.8720us  1.8560us  1.8880us  fused_divide_10_kernel0
                    0.00%  3.6480us         2  1.8240us  1.8240us  1.8240us  fused_add_38_kernel0
                    0.00%  3.6480us         2  1.8240us  1.8240us  1.8240us  fused_sqrt_10_kernel0
                    0.00%  3.1680us         1  3.1680us  3.1680us  3.1680us  fused_nn_softmax_kernel2
                    0.00%  3.0720us         2  1.5360us  1.5360us  1.5360us  fused_negative_10_kernel0
                    0.00%  3.0720us         2  1.5360us  1.5360us  1.5360us  fused_add_39_kernel0
                    0.00%  2.8160us         2  1.4080us  1.4080us  1.4080us  fused_multiply_28_kernel0
                    0.00%  2.3360us         2  1.1680us     992ns  1.3440us  fused_expand_dims_2_kernel0
                    0.00%  2.1760us         1  2.1760us  2.1760us  2.1760us  fused_nn_bias_add_kernel0
                    0.00%  1.9200us         1  1.9200us  1.9200us  1.9200us  fused_sqrt_2_kernel0
                    0.00%  1.8880us         1  1.8880us  1.8880us  1.8880us  fused_negative_2_kernel0
                    0.00%  1.8560us         1  1.8560us  1.8560us  1.8560us  fused_divide_2_kernel0
                    0.00%  1.7920us         1  1.7920us  1.7920us  1.7920us  fused_add_13_kernel0
                    0.00%  1.7600us         1  1.7600us  1.7600us  1.7600us  [CUDA memcpy DtoH]
                    0.00%  1.6640us         1  1.6640us  1.6640us  1.6640us  fused_multiply_11_kernel0
                    0.00%  1.5360us         1  1.5360us  1.5360us  1.5360us  fused_nn_batch_flatten_kernel0
                    0.00%  1.5040us         1  1.5040us  1.5040us  1.5040us  fused_add_14_kernel0
      API calls:   80.68%  1.09342s         1  1.09342s  1.09342s  1.09342s  cuModuleLoadData
                   10.39%  140.81ms       585  240.71us  2.9950us  133.91ms  cudaMalloc
                    4.59%  62.164ms       585  106.26us  2.9980us  42.236ms  cudaFree
                    3.36%  45.542ms       568  80.179us  5.9210us  6.7609ms  cudaMemcpy
                    0.44%  5.9036ms         1  5.9036ms  5.9036ms  5.9036ms  cuModuleUnload
                    0.35%  4.7259ms      1187  3.9810us  3.0040us  53.773us  cuLaunchKernel
                    0.12%  1.6194ms      2896     559ns     350ns  10.943us  cudaSetDevice
                    0.03%  453.67us      1187     382ns     311ns  2.4390us  cudaGetDevice
                    0.02%  335.97us        97  3.4630us     437ns  135.93us  cuDeviceGetAttribute
                    0.01%  165.45us         1  165.45us  165.45us  165.45us  cuDeviceTotalMem
                    0.01%  89.522us       207     432ns     260ns  1.7230us  cuModuleGetFunction
                    0.00%  64.656us         1  64.656us  64.656us  64.656us  cuDeviceGetName
                    0.00%  6.9750us         3  2.3250us  1.2920us  2.8950us  cudaDeviceGetAttribute
                    0.00%  3.3230us         2  1.6610us     503ns  2.8200us  cuDeviceGetCount
                    0.00%  3.2280us         1  3.2280us  3.2280us  3.2280us  cuDeviceGetPCIBusId
                    0.00%  1.6080us         2     804ns     538ns  1.0700us  cuDeviceGet
                    0.00%     864ns         1     864ns     864ns     864ns  cuDeviceGetUuid
