==23992== NVPROF is profiling process 23992, command: python3 /home/wml/tvm/tutorials/relay_test_net.py
==23992== Profiling application: python3 /home/wml/tvm/tutorials/relay_test_net.py
==23992== Profiling result:
            Type  Time(%)      Time     Calls       Avg       Min       Max  Name
 GPU activities:   29.07%  31.278ms       567  55.163us     832ns  2.6318ms  [CUDA memcpy HtoD]
                    6.21%  6.6847ms        12  557.06us  555.59us  559.56us  fused_nn_conv2d_3_kernel0
                    5.55%  5.9718ms         4  1.4929ms  1.0743ms  2.1251ms  fused_nn_conv2d_32_kernel0
                    4.68%  5.0336ms         1  5.0336ms  5.0336ms  5.0336ms  fused_nn_conv2d_8_kernel0
                    4.05%  4.3540ms         4  1.0885ms  1.0759ms  1.1017ms  fused_nn_conv2d_31_kernel0
                    3.12%  3.3566ms         4  839.16us  677.29us  1.3188ms  fused_nn_conv2d_27_kernel0
                    2.85%  3.0709ms         1  3.0709ms  3.0709ms  3.0709ms  fused_nn_conv2d_4_kernel0
                    2.69%  2.8905ms         2  1.4452ms  907.41us  1.9831ms  fused_nn_conv2d_26_kernel0
                    2.67%  2.8762ms         1  2.8762ms  2.8762ms  2.8762ms  fused_nn_conv2d_10_kernel0
                    2.54%  2.7309ms         4  682.71us  667.53us  715.50us  fused_nn_conv2d_30_kernel0
                    2.21%  2.3780ms         2  1.1890ms  1.1850ms  1.1930ms  fused_nn_conv2d_37_kernel0
                    2.05%  2.2075ms         4  551.88us  278.47us  1.3620ms  fused_nn_conv2d_36_kernel0
                    1.91%  2.0523ms         2  1.0262ms  704.43us  1.3479ms  fused_nn_conv2d_37_kernel2
                    1.68%  1.8024ms         4  450.61us  444.33us  463.82us  fused_nn_conv2d_28_kernel0
                    1.55%  1.6630ms         2  831.52us  830.83us  832.21us  fused_nn_conv2d_29_kernel0
                    1.45%  1.5570ms         3  519.02us  502.12us  527.69us  fused_nn_conv2d_13_kernel0
                    1.23%  1.3263ms         1  1.3263ms  1.3263ms  1.3263ms  fused_nn_conv2d_19_kernel0
                    1.06%  1.1414ms         2  570.70us  570.41us  570.99us  fused_nn_conv2d_22_kernel0
                    1.06%  1.1399ms         4  284.97us  283.33us  286.92us  fused_nn_conv2d_34_kernel0
                    1.01%  1.0824ms         2  541.18us  540.84us  541.51us  fused_nn_conv2d_25_kernel0
                    0.96%  1.0358ms         4  258.94us  255.62us  262.53us  fused_nn_conv2d_5_kernel0
                    0.90%  967.25us         2  483.62us  483.40us  483.85us  fused_nn_conv2d_23_kernel0
                    0.78%  834.83us         1  834.83us  834.83us  834.83us  fused_add_6_kernel0
                    0.73%  789.23us         1  789.23us  789.23us  789.23us  fused_nn_avg_pool2d_3_kernel0
                    0.69%  741.39us         3  247.13us  245.51us  248.07us  fused_nn_conv2d_6_kernel0
                    0.66%  706.86us         4  176.72us  174.28us  179.08us  fused_nn_conv2d_16_kernel2
                    0.62%  671.59us         3  223.86us  221.96us  224.96us  fused_nn_conv2d_15_kernel2
                    0.60%  650.60us         1  650.60us  650.60us  650.60us  fused_nn_conv2d_24_kernel0
                    0.60%  650.22us         1  650.22us  650.22us  650.22us  fused_nn_conv2d_21_kernel0
                    0.60%  640.23us         1  640.23us  640.23us  640.23us  fused_nn_conv2d_11_kernel0
                    0.53%  568.68us         4  142.17us  141.48us  143.01us  fused_nn_avg_pool2d_4_kernel0
                    0.51%  547.56us         1  547.56us  547.56us  547.56us  fused_nn_conv2d_kernel0
                    0.45%  488.30us         1  488.30us  488.30us  488.30us  fused_nn_conv2d_41_kernel0
                    0.41%  437.26us         1  437.26us  437.26us  437.26us  fused_nn_conv2d_20_kernel0
                    0.39%  420.20us         1  420.20us  420.20us  420.20us  fused_nn_conv2d_9_kernel0
                    0.39%  417.29us         1  417.29us  417.29us  417.29us  fused_nn_conv2d_40_kernel0
                    0.34%  368.52us         1  368.52us  368.52us  368.52us  fused_nn_conv2d_2_kernel0
                    0.33%  358.44us         2  179.22us  177.09us  181.35us  fused_nn_conv2d_7_kernel0
                    0.32%  339.30us         1  339.30us  339.30us  339.30us  fused_nn_conv2d_42_kernel0
                    0.30%  319.65us         1  319.65us  319.65us  319.65us  fused_multiply_6_kernel0
                    0.30%  317.80us         1  317.80us  317.80us  317.80us  fused_nn_relu_6_kernel0
                    0.29%  307.33us         1  307.33us  307.33us  307.33us  fused_nn_conv2d_33_kernel0
                    0.27%  292.52us         4  73.129us  72.897us  73.409us  fused_nn_conv2d_16_kernel3
                    0.26%  284.90us         1  284.90us  284.90us  284.90us  fused_nn_conv2d_38_kernel0
                    0.26%  277.32us        26  10.666us  9.7600us  11.520us  fused_multiply_1_kernel0
                    0.25%  270.02us         1  270.02us  270.02us  270.02us  fused_nn_conv2d_1_kernel0
                    0.23%  243.04us         1  243.04us  243.04us  243.04us  fused_nn_conv2d_12_kernel0
                    0.22%  233.92us         1  233.92us  233.92us  233.92us  fused_nn_dense_kernel0
                    0.21%  223.91us        12  18.659us  18.017us  19.200us  fused_add_3_kernel0
                    0.21%  223.88us         1  223.88us  223.88us  223.88us  fused_add_4_kernel0
                    0.21%  223.24us         1  223.24us  223.24us  223.24us  fused_nn_relu_4_kernel0
                    0.21%  221.22us        12  18.434us  17.184us  19.584us  fused_nn_relu_3_kernel0
                    0.20%  220.29us         1  220.29us  220.29us  220.29us  fused_multiply_4_kernel0
                    0.20%  219.56us         3  73.185us  72.929us  73.377us  fused_nn_conv2d_15_kernel1
                    0.20%  219.40us         3  73.132us  72.930us  73.345us  fused_nn_conv2d_15_kernel3
                    0.20%  214.50us         1  214.50us  214.50us  214.50us  fused_nn_conv2d_39_kernel0
                    0.19%  209.80us         4  52.448us  51.809us  52.769us  fused_concatenate_2_kernel0
                    0.19%  208.48us         1  208.48us  208.48us  208.48us  fused_nn_max_pool2d_1_kernel0
                    0.19%  206.53us        26  7.9430us  7.5200us  8.7360us  fused_add_1_kernel0
                    0.19%  201.09us         7  28.727us  28.256us  29.280us  fused_nn_relu_10_kernel0
                    0.18%  197.86us         4  49.464us  48.865us  50.305us  fused_nn_conv2d_16_kernel1
                    0.18%  196.52us        12  16.376us  15.584us  17.600us  fused_multiply_3_kernel0
                    0.18%  194.72us         7  27.817us  27.489us  28.129us  fused_add_20_kernel0
                    0.18%  193.57us         1  193.57us  193.57us  193.57us  fused_nn_avg_pool2d_2_kernel0
                    0.18%  191.33us        26  7.3580us  7.0720us  7.7120us  fused_nn_relu_1_kernel0
                    0.18%  189.86us         1  189.86us  189.86us  189.86us  fused_nn_conv2d_18_kernel0
                    0.18%  189.16us         1  189.16us  189.16us  189.16us  fused_nn_conv2d_35_kernel0
                    0.17%  181.79us         7  25.970us  25.537us  26.497us  fused_multiply_15_kernel0
                    0.15%  164.80us         2  82.401us  82.210us  82.593us  fused_concatenate_4_kernel0
                    0.15%  163.94us         1  163.94us  163.94us  163.94us  fused_nn_relu_8_kernel0
                    0.15%  163.65us         1  163.65us  163.65us  163.65us  fused_add_8_kernel0
                    0.15%  162.40us         1  162.40us  162.40us  162.40us  fused_multiply_8_kernel0
                    0.15%  159.49us         1  159.49us  159.49us  159.49us  fused_nn_relu_7_kernel0
                    0.15%  159.46us         1  159.46us  159.46us  159.46us  fused_add_7_kernel0
                    0.15%  158.92us         1  158.92us  158.92us  158.92us  fused_multiply_7_kernel0
                    0.14%  152.29us         1  152.29us  152.29us  152.29us  fused_nn_conv2d_14_kernel0
                    0.14%  146.88us         1  146.88us  146.88us  146.88us  fused_nn_max_pool2d_kernel0
                    0.13%  145.09us         1  145.09us  145.09us  145.09us  fused_nn_avg_pool2d_1_kernel0
                    0.11%  117.57us         3  39.190us  38.720us  39.489us  fused_nn_conv2d_15_kernel0
                    0.10%  111.30us        12  9.2740us  8.9280us  9.8880us  fused_multiply_22_kernel0
                    0.10%  111.11us         1  111.11us  111.11us  111.11us  fused_nn_conv2d_17_kernel0
                    0.09%  100.03us         4  25.008us  24.417us  25.728us  fused_nn_conv2d_16_kernel0
                    0.09%  98.817us         1  98.817us  98.817us  98.817us  fused_nn_relu_5_kernel0
                    0.09%  98.786us         1  98.786us  98.786us  98.786us  fused_add_5_kernel0
                    0.09%  96.002us         1  96.002us  96.002us  96.002us  fused_multiply_5_kernel0
                    0.08%  82.049us        12  6.8370us  6.7200us  7.0080us  fused_add_30_kernel0
                    0.07%  78.048us        12  6.5040us  6.3360us  6.6240us  fused_nn_relu_14_kernel0
                    0.07%  72.545us         1  72.545us  72.545us  72.545us  fused_concatenate_5_kernel0
                    0.07%  71.810us        60  1.1960us  1.0880us  1.5360us  fused_expand_dims_3_kernel0
                    0.05%  58.178us         2  29.089us  28.833us  29.345us  fused_concatenate_kernel0
                    0.05%  57.281us         1  57.281us  57.281us  57.281us  fused_nn_max_pool2d_2_kernel0
                    0.05%  55.168us        12  4.5970us  3.8080us  4.9920us  fused_multiply_26_kernel0
                    0.05%  52.514us        30  1.7500us  1.5360us  2.1760us  fused_add_15_kernel0
                    0.05%  49.664us        30  1.6550us  1.3440us  1.9840us  fused_sqrt_3_kernel0
                    0.05%  49.536us        30  1.6510us  1.3440us  2.0800us  fused_divide_3_kernel0
                    0.05%  49.345us         1  49.345us  49.345us  49.345us  fused_concatenate_3_kernel0
                    0.04%  44.352us        12  3.6960us  3.5520us  3.9040us  fused_add_36_kernel0
                    0.04%  43.712us        30  1.4570us  1.2480us  1.9520us  fused_negative_3_kernel0
                    0.04%  43.681us        30  1.4560us  1.2480us  1.7280us  fused_add_16_kernel0
                    0.04%  42.785us         1  42.785us  42.785us  42.785us  fused_nn_max_pool2d_4_kernel0
                    0.04%  41.411us         6  6.9010us  6.4650us  7.7770us  fused_multiply_20_kernel0
                    0.04%  41.152us        12  3.4290us  3.2640us  3.6480us  fused_nn_relu_16_kernel0
                    0.04%  39.233us        30  1.3070us  1.0880us  1.8560us  fused_multiply_12_kernel0
                    0.04%  37.921us         1  37.921us  37.921us  37.921us  fused_nn_avg_pool2d_kernel0
                    0.03%  34.912us         3  11.637us  11.136us  11.968us  fused_multiply_13_kernel0
                    0.03%  33.856us         2  16.928us  16.832us  17.024us  fused_nn_conv2d_37_kernel1
                    0.03%  33.632us         6  5.6050us  5.3440us  5.8560us  fused_add_27_kernel0
                    0.03%  32.481us        26  1.2490us  1.0880us  1.5680us  fused_expand_dims_1_kernel0
                    0.03%  32.353us         1  32.353us  32.353us  32.353us  fused_nn_max_pool2d_3_kernel0
                    0.03%  32.065us         6  5.3440us  5.2480us  5.5360us  fused_nn_relu_13_kernel0
                    0.03%  31.456us        26  1.2090us  1.0880us  1.5360us  fused_expand_dims_6_kernel0
                    0.03%  30.080us         1  30.080us  30.080us  30.080us  fused_nn_softmax_kernel1
                    0.03%  28.961us         2  14.480us  14.273us  14.688us  fused_nn_conv2d_37_kernel3
                    0.03%  28.129us        24  1.1720us  1.0880us  1.5040us  fused_expand_dims_8_kernel0
                    0.03%  27.842us         3  9.2800us  9.1850us  9.3450us  fused_add_17_kernel0
                    0.03%  27.489us         1  27.489us  27.489us  27.489us  fused_nn_relu_2_kernel0
                    0.02%  26.720us         1  26.720us  26.720us  26.720us  fused_add_2_kernel0
                    0.02%  25.760us         1  25.760us  25.760us  25.760us  fused_nn_avg_pool2d_5_kernel0
                    0.02%  25.568us         3  8.5220us  8.0960us  9.0560us  fused_nn_relu_9_kernel0
                    0.02%  24.320us        13  1.8700us  1.6320us  2.0160us  fused_divide_1_kernel0
                    0.02%  24.096us        12  2.0080us  1.9840us  2.0480us  fused_divide_8_kernel0
                    0.02%  24.000us        13  1.8460us  1.6000us  2.1120us  fused_divide_6_kernel0
                    0.02%  23.808us        13  1.8310us  1.5360us  2.0160us  fused_add_11_kernel0
                    0.02%  23.426us        13  1.8020us  1.5040us  1.9840us  fused_negative_1_kernel0
                    0.02%  23.393us         1  23.393us  23.393us  23.393us  fused_multiply_2_kernel0
                    0.02%  23.073us        13  1.7740us  1.5360us  2.0160us  fused_add_24_kernel0
                    0.02%  22.944us        13  1.7640us  1.3440us  1.9840us  fused_sqrt_1_kernel0
                    0.02%  22.401us        12  1.8660us  1.6320us  2.0800us  fused_sqrt_8_kernel0
                    0.02%  22.336us        12  1.8610us  1.7600us  2.0160us  fused_add_31_kernel0
                    0.02%  21.888us        13  1.6830us  1.3760us  1.8240us  fused_multiply_10_kernel0
                    0.02%  21.665us        13  1.6660us  1.3440us  2.1440us  fused_sqrt_6_kernel0
                    0.02%  19.744us        13  1.5180us  1.2800us  2.1120us  fused_negative_6_kernel0
                    0.02%  19.520us        13  1.5010us  1.2800us  1.8240us  fused_add_25_kernel0
                    0.02%  19.200us        16  1.2000us  1.0880us  1.4720us  fused_expand_dims_5_kernel0
                    0.02%  19.168us        13  1.4740us  1.2160us  1.7280us  fused_add_12_kernel0
                    0.02%  18.880us        12  1.5730us  1.5040us  1.6640us  fused_negative_8_kernel0
                    0.02%  17.921us        12  1.4930us  1.2800us  1.6640us  fused_add_32_kernel0
                    0.02%  17.600us        13  1.3530us  1.1200us  1.9520us  fused_multiply_18_kernel0
                    0.02%  17.184us         1  17.184us  17.184us  17.184us  fused_concatenate_1_kernel0
                    0.01%  16.000us        12  1.3330us  1.0560us  3.2320us  fused_expand_dims_7_kernel0
                    0.01%  15.168us        12  1.2640us  1.1200us  1.5680us  fused_multiply_23_kernel0
                    0.01%  14.560us         8  1.8200us  1.3440us  1.9840us  fused_negative_5_kernel0
                    0.01%  14.305us         8  1.7880us  1.5360us  1.9840us  fused_add_21_kernel0
                    0.01%  14.240us         8  1.7800us  1.4720us  2.0800us  fused_divide_5_kernel0
                    0.01%  14.050us         3  4.6830us  4.5770us  4.8640us  fused_multiply_kernel0
                    0.01%  14.018us         8  1.7520us  1.3440us  1.9840us  fused_sqrt_5_kernel0
                    0.01%  13.569us         1  13.569us  13.569us  13.569us  fused_nn_softmax_kernel0
                    0.01%  12.544us         8  1.5680us  1.2480us  1.6320us  fused_add_22_kernel0
                    0.01%  12.513us         8  1.5640us  1.1520us  1.7600us  fused_multiply_16_kernel0
                    0.01%  11.968us         2  5.9840us  5.9200us  6.0480us  fused_multiply_27_kernel0
                    0.01%  11.520us         6  1.9200us  1.7600us  2.0160us  fused_add_28_kernel0
                    0.01%  10.880us         6  1.8130us  1.6640us  2.0160us  fused_divide_7_kernel0
                    0.01%  10.784us         3  3.5940us  3.5520us  3.6480us  fused_add_kernel0
                    0.01%  10.016us         3  3.3380us  3.3280us  3.3600us  fused_nn_relu_kernel0
                    0.01%  9.3440us         6  1.5570us  1.3440us  1.9840us  fused_sqrt_7_kernel0
                    0.01%  9.1850us         2  4.5920us  4.5770us  4.6080us  fused_add_37_kernel0
                    0.01%  9.1840us         3  3.0610us  3.0080us  3.1360us  fused_multiply_25_kernel0
                    0.01%  9.0880us         3  3.0290us  1.9520us  5.1840us  fused_sqrt_4_kernel0
                    0.01%  8.6080us         6  1.4340us  1.2480us  1.6640us  fused_add_29_kernel0
                    0.01%  8.5120us         2  4.2560us  4.2240us  4.2880us  fused_nn_relu_17_kernel0
                    0.01%  8.3520us         6  1.3920us  1.2480us  1.6640us  fused_negative_7_kernel0
                    0.01%  8.2560us         6  1.3760us  1.2480us  1.5040us  fused_multiply_21_kernel0
                    0.01%  8.0640us         1  8.0640us  8.0640us  8.0640us  fused_multiply_17_kernel0
                    0.01%  8.0320us         3  2.6770us  1.5040us  4.6080us  fused_sqrt_kernel0
                    0.01%  7.8720us         6  1.3120us  1.1200us  1.5040us  fused_expand_dims_9_kernel0
                    0.01%  7.7760us         6  1.2960us  1.0880us  1.5040us  fused_expand_dims_4_kernel0
                    0.01%  7.6160us         6  1.2690us  1.1520us  1.5040us  fused_expand_dims_kernel0
                    0.01%  7.2640us         3  2.4210us  2.4000us  2.4320us  fused_add_35_kernel0
                    0.01%  6.7200us         3  2.2400us  2.2080us  2.2720us  fused_nn_relu_15_kernel0
                    0.01%  6.1120us         1  6.1120us  6.1120us  6.1120us  fused_multiply_19_kernel0
                    0.01%  6.0800us         3  2.0260us  2.0160us  2.0480us  fused_divide_9_kernel0
                    0.01%  6.0170us         3  2.0050us  1.9520us  2.0810us  fused_add_33_kernel0
                    0.01%  5.9840us         3  1.9940us  1.9840us  2.0160us  fused_divide_4_kernel0
                    0.01%  5.9520us         3  1.9840us  1.9520us  2.0160us  fused_sqrt_9_kernel0
                    0.01%  5.9200us         1  5.9200us  5.9200us  5.9200us  fused_add_23_kernel0
                    0.01%  5.7920us         1  5.7920us  5.7920us  5.7920us  fused_nn_relu_11_kernel0
                    0.01%  5.7280us         3  1.9090us  1.8880us  1.9200us  fused_add_18_kernel0
                    0.01%  5.6960us         3  1.8980us  1.6960us  2.0160us  fused_divide_kernel0
                    0.01%  5.5680us         1  5.5680us  5.5680us  5.5680us  fused_nn_softmax_kernel3
                    0.01%  5.4720us         3  1.8240us  1.5680us  1.9840us  fused_add_9_kernel0
                    0.00%  5.2160us         4  1.3040us  1.1200us  1.5040us  fused_expand_dims_10_kernel0
                    0.00%  5.1200us         3  1.7060us  1.6320us  1.8560us  fused_negative_kernel0
                    0.00%  5.0560us         3  1.6850us  1.6320us  1.7600us  fused_multiply_14_kernel0
                    0.00%  5.0240us         3  1.6740us  1.6640us  1.6960us  fused_add_34_kernel0
                    0.00%  4.9920us         3  1.6640us  1.6640us  1.6640us  fused_negative_9_kernel0
                    0.00%  4.9920us         3  1.6640us  1.6320us  1.6960us  fused_add_19_kernel0
                    0.00%  4.8960us         3  1.6320us  1.6000us  1.6640us  fused_negative_4_kernel0
                    0.00%  4.8960us         3  1.6320us  1.4720us  1.7600us  fused_multiply_9_kernel0
                    0.00%  4.6720us         1  4.6720us  4.6720us  4.6720us  fused_add_26_kernel0
                    0.00%  4.6080us         3  1.5360us  1.3120us  1.6960us  fused_add_10_kernel0
                    0.00%  4.5120us         3  1.5040us  1.5040us  1.5040us  fused_multiply_24_kernel0
                    0.00%  4.3200us         1  4.3200us  4.3200us  4.3200us  fused_nn_relu_12_kernel0
                    0.00%  4.0320us         2  2.0160us  2.0160us  2.0160us  fused_divide_10_kernel0
                    0.00%  3.9680us         2  1.9840us  1.9840us  1.9840us  fused_sqrt_10_kernel0
                    0.00%  3.9040us         2  1.9520us  1.9520us  1.9520us  fused_add_38_kernel0
                    0.00%  3.4880us         1  3.4880us  3.4880us  3.4880us  fused_nn_softmax_kernel2
                    0.00%  3.3280us         2  1.6640us  1.6640us  1.6640us  fused_negative_10_kernel0
                    0.00%  3.3280us         2  1.6640us  1.6640us  1.6640us  fused_add_39_kernel0
                    0.00%  3.0400us         2  1.5200us  1.5040us  1.5360us  fused_multiply_28_kernel0
                    0.00%  2.5920us         2  1.2960us  1.1200us  1.4720us  fused_expand_dims_2_kernel0
                    0.00%  2.2080us         1  2.2080us  2.2080us  2.2080us  fused_nn_bias_add_kernel0
                    0.00%  1.9520us         1  1.9520us  1.9520us  1.9520us  fused_sqrt_2_kernel0
                    0.00%  1.9520us         1  1.9520us  1.9520us  1.9520us  fused_negative_2_kernel0
                    0.00%  1.9520us         1  1.9520us  1.9520us  1.9520us  fused_divide_2_kernel0
                    0.00%  1.9200us         1  1.9200us  1.9200us  1.9200us  fused_add_13_kernel0
                    0.00%  1.8240us         1  1.8240us  1.8240us  1.8240us  [CUDA memcpy DtoH]
                    0.00%  1.7920us         1  1.7920us  1.7920us  1.7920us  fused_multiply_11_kernel0
                    0.00%  1.7600us         1  1.7600us  1.7600us  1.7600us  fused_nn_batch_flatten_kernel0
                    0.00%  1.7280us         1  1.7280us  1.7280us  1.7280us  fused_add_14_kernel0
      API calls:   79.96%  1.07334s         1  1.07334s  1.07334s  1.07334s  cuModuleLoadData
                   10.41%  139.79ms       585  238.96us  2.8510us  132.58ms  cudaMalloc
                    5.05%  67.781ms       585  115.86us  3.0690us  46.653ms  cudaFree
                    3.56%  47.721ms       568  84.016us  5.7690us  8.8086ms  cudaMemcpy
                    0.45%  5.9924ms         1  5.9924ms  5.9924ms  5.9924ms  cuModuleUnload
                    0.35%  4.7312ms      1187  3.9850us  3.1140us  54.809us  cuLaunchKernel
                    0.11%  1.4758ms      2896     509ns     326ns  10.464us  cudaSetDevice
                    0.03%  442.96us         1  442.96us  442.96us  442.96us  cuDeviceTotalMem
                    0.03%  422.84us      1187     356ns     290ns  1.7440us  cudaGetDevice
                    0.03%  383.27us        97  3.9510us     479ns  149.90us  cuDeviceGetAttribute
                    0.01%  104.73us       207     505ns     263ns  4.4220us  cuModuleGetFunction
                    0.01%  84.598us         1  84.598us  84.598us  84.598us  cuDeviceGetName
                    0.00%  7.0660us         3  2.3550us  1.3950us  3.0210us  cudaDeviceGetAttribute
                    0.00%  4.6590us         1  4.6590us  4.6590us  4.6590us  cuDeviceGetPCIBusId
                    0.00%  2.9600us         2  1.4800us     783ns  2.1770us  cuDeviceGetCount
                    0.00%  2.0030us         2  1.0010us     742ns  1.2610us  cuDeviceGet
                    0.00%  1.0170us         1  1.0170us  1.0170us  1.0170us  cuDeviceGetUuid
