==23893== NVPROF is profiling process 23893, command: python3 /home/wml/tvm/tutorials/relay_test_net.py
==23893== Profiling application: python3 /home/wml/tvm/tutorials/relay_test_net.py
==23893== Profiling result:
            Type  Time(%)      Time     Calls       Avg       Min       Max  Name
 GPU activities:   28.21%  31.278ms       567  55.163us     864ns  2.6206ms  [CUDA memcpy HtoD]
                    8.60%  9.5324ms        12  794.37us  604.68us  1.7391ms  fused_nn_conv2d_3_kernel0
                    4.95%  5.4898ms         1  5.4898ms  5.4898ms  5.4898ms  fused_nn_conv2d_8_kernel0
                    4.79%  5.3089ms         4  1.3272ms  1.1733ms  1.7831ms  fused_nn_conv2d_31_kernel0
                    4.29%  4.7572ms         4  1.1893ms  1.1777ms  1.2009ms  fused_nn_conv2d_32_kernel0
                    3.78%  4.1943ms         4  1.0486ms  729.97us  1.9016ms  fused_nn_conv2d_30_kernel0
                    3.14%  3.4837ms         1  3.4837ms  3.4837ms  3.4837ms  fused_nn_conv2d_4_kernel0
                    2.68%  2.9709ms         4  742.72us  736.04us  757.77us  fused_nn_conv2d_27_kernel0
                    2.35%  2.6096ms         2  1.3048ms  1.0123ms  1.5973ms  fused_nn_conv2d_26_kernel0
                    2.19%  2.4307ms         2  1.2153ms  911.73us  1.5190ms  fused_nn_conv2d_29_kernel0
                    2.15%  2.3824ms         2  1.1912ms  1.1909ms  1.1915ms  fused_nn_conv2d_37_kernel0
                    1.79%  1.9868ms         1  1.9868ms  1.9868ms  1.9868ms  fused_nn_conv2d_10_kernel0
                    1.77%  1.9593ms         4  489.82us  483.43us  495.02us  fused_nn_conv2d_28_kernel0
                    1.50%  1.6638ms         3  554.59us  535.56us  577.74us  fused_nn_conv2d_13_kernel0
                    1.27%  1.4112ms         2  705.58us  705.45us  705.71us  fused_nn_conv2d_37_kernel2
                    1.18%  1.3121ms         7  187.45us  28.128us  1.1394ms  fused_nn_relu_10_kernel0
                    1.13%  1.2524ms         4  313.10us  311.27us  315.05us  fused_nn_conv2d_36_kernel0
                    1.13%  1.2475ms         2  623.76us  623.44us  624.08us  fused_nn_conv2d_22_kernel0
                    1.11%  1.2317ms         4  307.93us  304.97us  310.31us  fused_nn_conv2d_34_kernel0
                    1.07%  1.1898ms         2  594.91us  594.38us  595.44us  fused_nn_conv2d_25_kernel0
                    1.01%  1.1243ms         4  281.07us  271.30us  287.43us  fused_nn_conv2d_5_kernel0
                    0.95%  1.0524ms         2  526.19us  525.39us  526.99us  fused_nn_conv2d_23_kernel0
                    0.72%  802.99us         3  267.66us  266.92us  269.06us  fused_nn_conv2d_6_kernel0
                    0.68%  758.61us         4  189.65us  188.61us  191.36us  fused_nn_conv2d_16_kernel2
                    0.66%  729.16us         1  729.16us  729.16us  729.16us  fused_nn_conv2d_21_kernel0
                    0.66%  727.63us         1  727.63us  727.63us  727.63us  fused_nn_conv2d_24_kernel0
                    0.65%  716.24us         3  238.75us  234.72us  241.76us  fused_nn_conv2d_15_kernel2
                    0.63%  701.04us         1  701.04us  701.04us  701.04us  fused_nn_conv2d_11_kernel0
                    0.55%  605.80us         4  151.45us  150.12us  152.32us  fused_nn_avg_pool2d_4_kernel0
                    0.54%  601.03us         1  601.03us  601.03us  601.03us  fused_nn_conv2d_kernel0
                    0.49%  542.09us         1  542.09us  542.09us  542.09us  fused_nn_conv2d_41_kernel0
                    0.42%  465.32us         1  465.32us  465.32us  465.32us  fused_nn_conv2d_20_kernel0
                    0.39%  429.77us         1  429.77us  429.77us  429.77us  fused_nn_conv2d_9_kernel0
                    0.38%  426.47us         1  426.47us  426.47us  426.47us  fused_nn_conv2d_40_kernel0
                    0.36%  402.70us         1  402.70us  402.70us  402.70us  fused_nn_conv2d_2_kernel0
                    0.34%  379.97us         2  189.99us  188.61us  191.36us  fused_nn_conv2d_7_kernel0
                    0.33%  371.17us         1  371.17us  371.17us  371.17us  fused_nn_conv2d_42_kernel0
                    0.30%  336.71us         1  336.71us  336.71us  336.71us  fused_nn_conv2d_33_kernel0
                    0.29%  320.20us         1  320.20us  320.20us  320.20us  fused_add_6_kernel0
                    0.29%  319.21us         1  319.21us  319.21us  319.21us  fused_nn_relu_6_kernel0
                    0.29%  318.60us         1  318.60us  318.60us  318.60us  fused_multiply_6_kernel0
                    0.29%  317.96us         1  317.96us  317.96us  317.96us  fused_nn_conv2d_38_kernel0
                    0.27%  299.17us        26  11.506us  10.432us  13.504us  fused_multiply_1_kernel0
                    0.27%  294.31us         4  73.577us  73.025us  74.177us  fused_nn_conv2d_16_kernel3
                    0.23%  259.52us         1  259.52us  259.52us  259.52us  fused_nn_conv2d_12_kernel0
                    0.22%  247.78us         1  247.78us  247.78us  247.78us  fused_nn_conv2d_1_kernel0
                    0.22%  242.02us         1  242.02us  242.02us  242.02us  fused_nn_conv2d_19_kernel0
                    0.21%  234.18us         1  234.18us  234.18us  234.18us  fused_nn_dense_kernel0
                    0.21%  233.41us         1  233.41us  233.41us  233.41us  fused_nn_conv2d_39_kernel0
                    0.21%  231.30us        12  19.274us  18.369us  20.128us  fused_add_3_kernel0
                    0.21%  230.95us         1  230.95us  230.95us  230.95us  fused_nn_avg_pool2d_3_kernel0
                    0.21%  227.91us        12  18.992us  18.176us  19.776us  fused_nn_relu_3_kernel0
                    0.20%  223.04us         1  223.04us  223.04us  223.04us  fused_nn_relu_4_kernel0
                    0.20%  222.98us         1  222.98us  222.98us  222.98us  fused_add_4_kernel0
                    0.20%  221.70us        26  8.5260us  8.1920us  9.3120us  fused_add_1_kernel0
                    0.20%  220.74us         3  73.580us  73.026us  74.242us  fused_nn_conv2d_15_kernel3
                    0.20%  220.45us         1  220.45us  220.45us  220.45us  fused_multiply_4_kernel0
                    0.20%  219.72us         3  73.238us  72.769us  73.665us  fused_nn_conv2d_15_kernel1
                    0.19%  212.58us         4  53.145us  52.545us  53.569us  fused_concatenate_2_kernel0
                    0.19%  210.98us         1  210.98us  210.98us  210.98us  fused_nn_max_pool2d_1_kernel0
                    0.19%  209.64us         1  209.64us  209.64us  209.64us  fused_nn_conv2d_35_kernel0
                    0.19%  209.22us        26  8.0460us  7.7130us  8.6400us  fused_nn_relu_1_kernel0
                    0.19%  205.99us        12  17.165us  16.384us  18.433us  fused_multiply_3_kernel0
                    0.18%  204.36us         1  204.36us  204.36us  204.36us  fused_nn_avg_pool2d_2_kernel0
                    0.18%  201.67us         1  201.67us  201.67us  201.67us  fused_nn_conv2d_18_kernel0
                    0.18%  201.32us         7  28.759us  28.033us  29.537us  fused_add_20_kernel0
                    0.18%  198.44us         4  49.608us  48.929us  50.081us  fused_nn_conv2d_16_kernel1
                    0.17%  189.51us         7  27.072us  26.657us  27.873us  fused_multiply_15_kernel0
                    0.15%  167.43us         2  83.714us  83.298us  84.130us  fused_concatenate_4_kernel0
                    0.15%  163.84us         1  163.84us  163.84us  163.84us  fused_add_8_kernel0
                    0.15%  163.55us         1  163.55us  163.55us  163.55us  fused_nn_relu_8_kernel0
                    0.15%  162.88us         1  162.88us  162.88us  162.88us  fused_multiply_8_kernel0
                    0.15%  162.44us         1  162.44us  162.44us  162.44us  fused_nn_conv2d_14_kernel0
                    0.14%  159.40us         1  159.40us  159.40us  159.40us  fused_nn_relu_7_kernel0
                    0.14%  158.92us         1  158.92us  158.92us  158.92us  fused_multiply_7_kernel0
                    0.14%  158.88us         1  158.88us  158.88us  158.88us  fused_add_7_kernel0
                    0.14%  153.70us         1  153.70us  153.70us  153.70us  fused_nn_avg_pool2d_1_kernel0
                    0.14%  150.56us         1  150.56us  150.56us  150.56us  fused_nn_max_pool2d_kernel0
                    0.11%  123.59us         3  41.195us  40.705us  41.473us  fused_nn_conv2d_15_kernel0
                    0.11%  119.17us        12  9.9300us  9.3450us  10.368us  fused_multiply_22_kernel0
                    0.10%  114.21us         1  114.21us  114.21us  114.21us  fused_nn_conv2d_17_kernel0
                    0.09%  100.83us         4  25.208us  24.097us  25.728us  fused_nn_conv2d_16_kernel0
                    0.09%  99.650us         1  99.650us  99.650us  99.650us  fused_add_5_kernel0
                    0.09%  99.009us         1  99.009us  99.009us  99.009us  fused_nn_relu_5_kernel0
                    0.09%  96.546us         1  96.546us  96.546us  96.546us  fused_multiply_5_kernel0
                    0.08%  87.458us        12  7.2880us  7.0080us  8.0000us  fused_add_30_kernel0
                    0.08%  83.360us        12  6.9460us  6.7200us  7.1680us  fused_nn_relu_14_kernel0
                    0.07%  77.667us        60  1.2940us  1.1840us  1.6960us  fused_expand_dims_3_kernel0
                    0.07%  73.921us         1  73.921us  73.921us  73.921us  fused_concatenate_5_kernel0
                    0.05%  59.968us         2  29.984us  29.984us  29.984us  fused_concatenate_kernel0
                    0.05%  59.296us        12  4.9410us  4.1280us  5.5680us  fused_multiply_26_kernel0
                    0.05%  57.441us         1  57.441us  57.441us  57.441us  fused_nn_max_pool2d_2_kernel0
                    0.05%  55.744us        30  1.8580us  1.6640us  2.1760us  fused_add_15_kernel0
                    0.05%  54.048us        30  1.8010us  1.4720us  2.1760us  fused_divide_3_kernel0
                    0.05%  52.801us        30  1.7600us  1.4400us  2.1760us  fused_sqrt_3_kernel0
                    0.05%  50.753us         1  50.753us  50.753us  50.753us  fused_concatenate_3_kernel0
                    0.04%  47.968us        12  3.9970us  3.8400us  4.1920us  fused_add_36_kernel0
                    0.04%  46.816us        30  1.5600us  1.3440us  2.0480us  fused_negative_3_kernel0
                    0.04%  46.720us        30  1.5570us  1.3760us  1.8240us  fused_add_16_kernel0
                    0.04%  44.930us        12  3.7440us  3.6160us  3.9680us  fused_nn_relu_16_kernel0
                    0.04%  44.929us         1  44.929us  44.929us  44.929us  fused_nn_max_pool2d_4_kernel0
                    0.04%  44.512us         6  7.4180us  7.0080us  7.9360us  fused_multiply_20_kernel0
                    0.04%  42.112us        30  1.4030us  1.1840us  2.0800us  fused_multiply_12_kernel0
                    0.04%  40.000us        26  1.5380us  1.2160us  5.6640us  fused_expand_dims_1_kernel0
                    0.04%  38.881us         1  38.881us  38.881us  38.881us  fused_nn_avg_pool2d_kernel0
                    0.03%  37.120us         3  12.373us  12.096us  12.544us  fused_multiply_13_kernel0
                    0.03%  36.672us         6  6.1120us  5.9200us  6.4960us  fused_add_27_kernel0
                    0.03%  35.073us         2  17.536us  17.120us  17.953us  fused_nn_conv2d_37_kernel1
                    0.03%  34.113us         6  5.6850us  5.5040us  6.0480us  fused_nn_relu_13_kernel0
                    0.03%  33.793us        26  1.2990us  1.2160us  1.6320us  fused_expand_dims_6_kernel0
                    0.03%  33.313us         1  33.313us  33.313us  33.313us  fused_nn_max_pool2d_3_kernel0
                    0.03%  32.609us         1  32.609us  32.609us  32.609us  fused_nn_softmax_kernel1
                    0.03%  30.945us        24  1.2890us  1.1840us  1.6000us  fused_expand_dims_8_kernel0
                    0.03%  30.496us         2  15.248us  15.072us  15.424us  fused_nn_conv2d_37_kernel3
                    0.03%  29.696us         3  9.8980us  9.6960us  10.112us  fused_add_17_kernel0
                    0.03%  28.481us        13  2.1900us  1.6960us  4.8330us  fused_sqrt_1_kernel0
                    0.02%  27.553us         1  27.553us  27.553us  27.553us  fused_nn_relu_2_kernel0
                    0.02%  27.488us         1  27.488us  27.488us  27.488us  fused_nn_avg_pool2d_5_kernel0
                    0.02%  27.232us         3  9.0770us  8.7360us  9.5360us  fused_nn_relu_9_kernel0
                    0.02%  26.912us         1  26.912us  26.912us  26.912us  fused_add_2_kernel0
                    0.02%  26.528us        13  2.0400us  1.9840us  2.1120us  fused_add_11_kernel0
                    0.02%  25.120us        13  1.9320us  1.6960us  2.2080us  fused_add_24_kernel0
                    0.02%  24.576us        13  1.8900us  1.4720us  2.2080us  fused_divide_1_kernel0
                    0.02%  24.064us         1  24.064us  24.064us  24.064us  fused_multiply_2_kernel0
                    0.02%  23.968us        13  1.8430us  1.6320us  2.0160us  fused_negative_1_kernel0
                    0.02%  23.521us        12  1.9600us  1.6960us  2.2080us  fused_divide_8_kernel0
                    0.02%  23.202us        13  1.7840us  1.4720us  1.9520us  fused_multiply_10_kernel0
                    0.02%  23.136us        12  1.9280us  1.4720us  2.1120us  fused_sqrt_8_kernel0
                    0.02%  23.009us        13  1.7690us  1.5040us  2.2720us  fused_divide_6_kernel0
                    0.02%  22.624us        12  1.8850us  1.6960us  2.1120us  fused_add_31_kernel0
                    0.02%  22.048us        13  1.6960us  1.4400us  2.1120us  fused_sqrt_6_kernel0
                    0.02%  21.889us        16  1.3680us  1.1840us  1.6000us  fused_expand_dims_5_kernel0
                    0.02%  21.120us        13  1.6240us  1.3440us  1.7920us  fused_add_12_kernel0
                    0.02%  20.608us        13  1.5850us  1.3760us  2.1440us  fused_negative_6_kernel0
                    0.02%  20.384us        13  1.5680us  1.3760us  1.9840us  fused_add_25_kernel0
                    0.02%  20.353us        12  1.6960us  1.3760us  1.7920us  fused_negative_8_kernel0
                    0.02%  19.425us        12  1.6180us  1.4720us  1.7920us  fused_add_32_kernel0
                    0.02%  18.625us        13  1.4320us  1.2160us  2.0480us  fused_multiply_18_kernel0
                    0.02%  18.240us         1  18.240us  18.240us  18.240us  fused_concatenate_1_kernel0
                    0.01%  16.352us        12  1.3620us  1.2160us  1.6640us  fused_multiply_23_kernel0
                    0.01%  15.648us         8  1.9560us  1.6640us  2.3040us  fused_add_21_kernel0
                    0.01%  15.552us         8  1.9440us  1.4400us  2.2400us  fused_sqrt_5_kernel0
                    0.01%  15.488us         8  1.9360us  1.5680us  2.2400us  fused_divide_5_kernel0
                    0.01%  15.456us         8  1.9320us  1.6000us  2.1440us  fused_negative_5_kernel0
                    0.01%  14.976us        12  1.2480us  1.1520us  1.6000us  fused_expand_dims_7_kernel0
                    0.01%  14.752us         1  14.752us  14.752us  14.752us  fused_nn_softmax_kernel0
                    0.01%  14.657us         3  4.8850us  4.8320us  4.9280us  fused_multiply_kernel0
                    0.01%  14.208us         8  1.7760us  1.2160us  1.9520us  fused_multiply_16_kernel0
                    0.01%  14.016us         8  1.7520us  1.6960us  1.7920us  fused_add_22_kernel0
                    0.01%  12.544us         2  6.2720us  6.0800us  6.4640us  fused_multiply_27_kernel0
                    0.01%  11.584us         3  3.8610us  3.8400us  3.8720us  fused_add_kernel0
                    0.01%  11.040us         6  1.8400us  1.6640us  2.0480us  fused_add_28_kernel0
                    0.01%  10.944us         3  3.6480us  3.6160us  3.6800us  fused_nn_relu_kernel0
                    0.01%  10.656us         6  1.7760us  1.4720us  2.1120us  fused_sqrt_7_kernel0
                    0.01%  10.176us         6  1.6960us  1.4720us  2.1440us  fused_divide_7_kernel0
                    0.01%  9.8880us         2  4.9440us  4.9280us  4.9600us  fused_add_37_kernel0
                    0.01%  9.5050us         3  3.1680us  3.1360us  3.2010us  fused_multiply_25_kernel0
                    0.01%  9.2160us         2  4.6080us  4.6080us  4.6080us  fused_nn_relu_17_kernel0
                    0.01%  8.9600us         6  1.4930us  1.3440us  1.7600us  fused_add_29_kernel0
                    0.01%  8.7360us         3  2.9120us  1.6320us  5.0240us  fused_sqrt_kernel0
                    0.01%  8.5760us         6  1.4290us  1.3120us  1.7280us  fused_negative_7_kernel0
                    0.01%  8.5120us         6  1.4180us  1.2480us  1.6000us  fused_expand_dims_4_kernel0
                    0.01%  8.4810us         6  1.4130us  1.2160us  1.6320us  fused_expand_dims_9_kernel0
                    0.01%  8.2240us         1  8.2240us  8.2240us  8.2240us  fused_multiply_17_kernel0
                    0.01%  8.1610us         6  1.3600us  1.2480us  1.5680us  fused_expand_dims_kernel0
                    0.01%  8.0000us         6  1.3330us  1.1840us  1.5680us  fused_multiply_21_kernel0
                    0.01%  7.7760us         3  2.5920us  2.5920us  2.5920us  fused_add_35_kernel0
                    0.01%  7.3290us         3  2.4430us  2.4000us  2.4650us  fused_nn_relu_15_kernel0
                    0.01%  6.6880us         3  2.2290us  2.1440us  2.3040us  fused_divide_9_kernel0
                    0.01%  6.4960us         1  6.4960us  6.4960us  6.4960us  fused_multiply_19_kernel0
                    0.01%  6.4960us         1  6.4960us  6.4960us  6.4960us  fused_add_23_kernel0
                    0.01%  6.3680us         3  2.1220us  2.1120us  2.1440us  fused_sqrt_9_kernel0
                    0.01%  6.3040us         1  6.3040us  6.3040us  6.3040us  fused_nn_relu_11_kernel0
                    0.01%  6.3040us         3  2.1010us  2.0800us  2.1120us  fused_divide_4_kernel0
                    0.01%  6.2720us         3  2.0900us  2.0480us  2.1120us  fused_add_33_kernel0
                    0.01%  6.2400us         3  2.0800us  2.0800us  2.0800us  fused_sqrt_4_kernel0
                    0.01%  6.0160us         3  2.0050us  1.9840us  2.0160us  fused_add_18_kernel0
                    0.01%  5.8880us         1  5.8880us  5.8880us  5.8880us  fused_nn_softmax_kernel3
                    0.01%  5.7920us         3  1.9300us  1.5360us  2.1440us  fused_divide_kernel0
                    0.01%  5.7600us         3  1.9200us  1.7280us  2.0800us  fused_negative_kernel0
                    0.01%  5.7280us         4  1.4320us  1.2480us  1.6320us  fused_expand_dims_10_kernel0
                    0.01%  5.6960us         3  1.8980us  1.6640us  2.0160us  fused_add_9_kernel0
                    0.00%  5.4080us         3  1.8020us  1.7920us  1.8240us  fused_add_34_kernel0
                    0.00%  5.3760us         3  1.7920us  1.7280us  1.8880us  fused_multiply_14_kernel0
                    0.00%  5.3450us         3  1.7810us  1.7600us  1.7930us  fused_negative_4_kernel0
                    0.00%  5.3120us         3  1.7700us  1.7600us  1.7920us  fused_negative_9_kernel0
                    0.00%  5.1840us         3  1.7280us  1.5680us  1.9200us  fused_multiply_9_kernel0
                    0.00%  5.1520us         3  1.7170us  1.6960us  1.7280us  fused_add_19_kernel0
                    0.00%  5.0890us         1  5.0890us  5.0890us  5.0890us  fused_add_26_kernel0
                    0.00%  4.8960us         3  1.6320us  1.3760us  1.8240us  fused_add_10_kernel0
                    0.00%  4.8960us         3  1.6320us  1.6000us  1.6640us  fused_multiply_24_kernel0
                    0.00%  4.7680us         1  4.7680us  4.7680us  4.7680us  fused_nn_relu_12_kernel0
                    0.00%  4.3850us         2  2.1920us  2.1760us  2.2090us  fused_add_38_kernel0
                    0.00%  4.3200us         2  2.1600us  2.1120us  2.2080us  fused_sqrt_10_kernel0
                    0.00%  4.2880us         2  2.1440us  2.1440us  2.1440us  fused_divide_10_kernel0
                    0.00%  3.6480us         2  1.8240us  1.7920us  1.8560us  fused_add_39_kernel0
                    0.00%  3.5520us         2  1.7760us  1.7600us  1.7920us  fused_negative_10_kernel0
                    0.00%  3.5520us         1  3.5520us  3.5520us  3.5520us  fused_nn_softmax_kernel2
                    0.00%  3.2960us         2  1.6480us  1.6320us  1.6640us  fused_multiply_28_kernel0
                    0.00%  2.7840us         2  1.3920us  1.2160us  1.5680us  fused_expand_dims_2_kernel0
                    0.00%  2.3040us         1  2.3040us  2.3040us  2.3040us  fused_nn_bias_add_kernel0
                    0.00%  2.1120us         1  2.1120us  2.1120us  2.1120us  fused_sqrt_2_kernel0
                    0.00%  2.1120us         1  2.1120us  2.1120us  2.1120us  fused_divide_2_kernel0
                    0.00%  2.0480us         1  2.0480us  2.0480us  2.0480us  fused_negative_2_kernel0
                    0.00%  2.0160us         1  2.0160us  2.0160us  2.0160us  fused_add_13_kernel0
                    0.00%  1.8880us         1  1.8880us  1.8880us  1.8880us  fused_multiply_11_kernel0
                    0.00%  1.8560us         1  1.8560us  1.8560us  1.8560us  [CUDA memcpy DtoH]
                    0.00%  1.7920us         1  1.7920us  1.7920us  1.7920us  fused_nn_batch_flatten_kernel0
                    0.00%  1.7280us         1  1.7280us  1.7280us  1.7280us  fused_add_14_kernel0
      API calls:   79.74%  1.06848s         1  1.06848s  1.06848s  1.06848s  cuModuleLoadData
                   10.36%  138.88ms       585  237.41us  2.9610us  131.98ms  cudaMalloc
                    5.50%  73.655ms       585  125.91us  2.9290us  51.491ms  cudaFree
                    3.35%  44.899ms       568  79.048us  5.7400us  7.4571ms  cudaMemcpy
                    0.54%  7.1737ms         1  7.1737ms  7.1737ms  7.1737ms  cuModuleUnload
                    0.34%  4.5740ms      1187  3.8530us  3.0100us  54.533us  cuLaunchKernel
                    0.11%  1.4948ms      2896     516ns     312ns  11.105us  cudaSetDevice
                    0.03%  419.63us      1187     353ns     290ns  1.9730us  cudaGetDevice
                    0.01%  185.99us        97  1.9170us     222ns  76.427us  cuDeviceGetAttribute
                    0.01%  97.403us       207     470ns     252ns  3.7770us  cuModuleGetFunction
                    0.01%  85.608us         1  85.608us  85.608us  85.608us  cuDeviceTotalMem
                    0.00%  46.823us         1  46.823us  46.823us  46.823us  cuDeviceGetName
                    0.00%  4.3430us         1  4.3430us  4.3430us  4.3430us  cuDeviceGetPCIBusId
                    0.00%  3.4920us         3  1.1640us     586ns  1.6370us  cudaDeviceGetAttribute
                    0.00%  2.1200us         2  1.0600us     707ns  1.4130us  cuDeviceGetCount
                    0.00%     914ns         2     457ns     277ns     637ns  cuDeviceGet
                    0.00%     424ns         1     424ns     424ns     424ns  cuDeviceGetUuid
