==3422== NVPROF is profiling process 3422, command: python3 /home/wml/tvm/tutorials/relay_test_net.py
==3422== Profiling application: python3 /home/wml/tvm/tutorials/relay_test_net.py
==3422== Profiling result:
            Type  Time(%)      Time     Calls       Avg       Min       Max  Name
 GPU activities:   35.10%  5.8182ms       191  30.461us     928ns  1.3491ms  [CUDA memcpy HtoD]
                   17.91%  2.9681ms         5  593.62us  589.01us  598.51us  fused_nn_conv2d_4_kernel0
                    5.05%  837.20us         1  837.20us  837.20us  837.20us  fused_nn_conv2d_kernel0
                    2.39%  396.04us         1  396.04us  396.04us  396.04us  fused_nn_conv2d_2_kernel0
                    2.33%  386.79us         1  386.79us  386.79us  386.79us  fused_nn_conv2d_8_kernel0
                    1.93%  320.23us         1  320.23us  320.23us  320.23us  fused_nn_conv2d_12_kernel0
                    1.77%  293.16us         1  293.16us  293.16us  293.16us  fused_nn_conv2d_6_kernel0
                    1.69%  280.90us         3  93.634us  93.538us  93.762us  fused_nn_relu_6_kernel0
                    1.68%  279.01us         3  93.004us  92.674us  93.474us  fused_add_6_kernel0
                    1.68%  278.99us         3  92.995us  92.227us  93.443us  fused_multiply_6_kernel0
                    1.60%  265.77us        11  24.160us  23.328us  25.056us  fused_nn_relu_2_kernel0
                    1.60%  265.67us        11  24.151us  23.777us  24.512us  fused_add_2_kernel0
                    1.50%  249.00us        11  22.636us  20.736us  24.640us  fused_multiply_2_kernel0
                    1.24%  204.87us         1  204.87us  204.87us  204.87us  fused_nn_conv2d_16_kernel0
                    1.20%  198.31us         1  198.31us  198.31us  198.31us  fused_nn_conv2d_10_kernel0
                    1.14%  188.42us         2  94.211us  94.147us  94.275us  fused_add_9_kernel0
                    1.13%  187.91us         2  93.954us  93.858us  94.050us  fused_nn_relu_9_kernel0
                    1.13%  187.62us         2  93.810us  93.314us  94.306us  fused_multiply_9_kernel0
                    1.12%  185.80us         1  185.80us  185.80us  185.80us  fused_add_8_kernel0
                    1.12%  185.35us         1  185.35us  185.35us  185.35us  fused_nn_relu_8_kernel0
                    1.11%  184.61us         1  184.61us  184.61us  184.61us  fused_multiply_8_kernel0
                    1.06%  175.52us         5  35.104us  34.273us  36.193us  fused_nn_conv2d_5_kernel0
                    0.98%  163.01us         1  163.01us  163.01us  163.01us  fused_nn_conv2d_14_kernel0
                    0.86%  142.05us         3  47.350us  47.137us  47.521us  fused_nn_relu_4_kernel0
                    0.86%  142.05us         1  142.05us  142.05us  142.05us  fused_nn_conv2d_15_kernel0
                    0.85%  141.25us         3  47.084us  46.593us  47.745us  fused_add_4_kernel0
                    0.84%  138.82us         3  46.273us  44.769us  47.425us  fused_multiply_4_kernel0
                    0.75%  123.55us         1  123.55us  123.55us  123.55us  fused_nn_dense_kernel0
                    0.72%  119.43us         1  119.43us  119.43us  119.43us  fused_nn_conv2d_18_kernel0
                    0.70%  116.13us         1  116.13us  116.13us  116.13us  fused_nn_conv2d_13_kernel0
                    0.64%  106.69us         1  106.69us  106.69us  106.69us  fused_nn_conv2d_17_kernel0
                    0.51%  84.962us         1  84.962us  84.962us  84.962us  fused_nn_conv2d_11_kernel0
                    0.36%  60.194us         1  60.194us  60.194us  60.194us  fused_nn_conv2d_9_kernel0
                    0.30%  50.529us         1  50.529us  50.529us  50.529us  fused_nn_conv2d_7_kernel0
                    0.29%  48.417us         1  48.417us  48.417us  48.417us  fused_nn_relu_7_kernel0
                    0.29%  47.873us         1  47.873us  47.873us  47.873us  fused_add_7_kernel0
                    0.27%  45.346us         1  45.346us  45.346us  45.346us  fused_multiply_7_kernel0
                    0.23%  37.920us        24  1.5800us  1.2800us  1.8560us  fused_multiply_14_kernel0
                    0.20%  32.801us         1  32.801us  32.801us  32.801us  fused_nn_softmax_kernel1
                    0.18%  30.209us        24  1.2580us  1.1840us  1.6640us  fused_expand_dims_4_kernel0
                    0.18%  30.017us         1  30.017us  30.017us  30.017us  fused_nn_conv2d_3_kernel0
                    0.16%  27.202us         3  9.0670us  7.7450us  10.400us  fused_multiply_kernel0
                    0.16%  27.201us         1  27.201us  27.201us  27.201us  fused_nn_conv2d_1_kernel0
                    0.15%  24.512us         1  24.512us  24.512us  24.512us  fused_nn_relu_5_kernel0
                    0.15%  24.065us         1  24.065us  24.065us  24.065us  fused_add_5_kernel0
                    0.14%  23.072us         3  7.6900us  7.4560us  8.1280us  fused_add_kernel0
                    0.13%  22.080us         1  22.080us  22.080us  22.080us  fused_multiply_5_kernel0
                    0.13%  21.760us        12  1.8130us  1.6960us  2.3040us  fused_add_18_kernel0
                    0.13%  21.440us        12  1.7860us  1.5040us  2.2080us  fused_negative_4_kernel0
                    0.13%  21.280us         3  7.0930us  6.8800us  7.3600us  fused_nn_relu_kernel0
                    0.12%  19.809us        12  1.6500us  1.4720us  2.2080us  fused_sqrt_4_kernel0
                    0.12%  19.744us         1  19.744us  19.744us  19.744us  fused_nn_softmax_kernel0
                    0.12%  19.072us        12  1.5890us  1.5040us  2.2400us  fused_divide_4_kernel0
                    0.11%  18.304us        12  1.5250us  1.4080us  1.9200us  fused_add_19_kernel0
                    0.07%  12.225us         8  1.5280us  1.2160us  1.8570us  fused_multiply_13_kernel0
                    0.07%  12.192us         8  1.5240us  1.3440us  1.7920us  fused_multiply_12_kernel0
                    0.06%  10.176us         4  2.5440us  1.2480us  6.0480us  fused_expand_dims_kernel0
                    0.06%  10.144us         1  10.144us  10.144us  10.144us  fused_multiply_3_kernel0
                    0.06%  10.113us         8  1.2640us  1.1840us  1.6640us  fused_expand_dims_2_kernel0
                    0.06%  10.080us         8  1.2600us  1.1840us  1.6640us  fused_expand_dims_3_kernel0
                    0.05%  9.0240us         6  1.5040us  1.2800us  1.9520us  fused_multiply_15_kernel0
                    0.05%  8.4800us         1  8.4800us  8.4800us  8.4800us  fused_nn_global_avg_pool2d_kernel0
                    0.05%  7.9360us         6  1.3220us  1.2480us  1.6960us  fused_expand_dims_5_kernel0
                    0.05%  7.9040us         1  7.9040us  7.9040us  7.9040us  fused_add_3_kernel0
                    0.05%  7.8720us         4  1.9680us  1.3760us  2.9760us  fused_multiply_10_kernel0
                    0.05%  7.4880us         4  1.8720us  1.6640us  2.1120us  fused_negative_2_kernel0
                    0.04%  7.3920us         1  7.3920us  7.3920us  7.3920us  fused_nn_relu_3_kernel0
                    0.04%  7.3280us         4  1.8320us  1.6640us  2.1760us  fused_add_14_kernel0
                    0.04%  7.2960us         4  1.8240us  1.6640us  2.1440us  fused_add_16_kernel0
                    0.04%  7.0720us         4  1.7680us  1.5040us  2.2080us  fused_divide_3_kernel0
                    0.04%  7.0080us         4  1.7520us  1.4720us  2.3040us  fused_sqrt_3_kernel0
                    0.04%  6.9130us         4  1.7280us  1.3450us  2.1760us  fused_negative_3_kernel0
                    0.04%  6.7840us         4  1.6960us  1.4400us  2.1760us  fused_sqrt_2_kernel0
                    0.04%  6.5280us         4  1.6320us  1.4400us  2.1760us  fused_divide_2_kernel0
                    0.04%  6.2400us         4  1.5600us  1.3760us  1.7920us  fused_add_15_kernel0
                    0.04%  6.1120us         4  1.5280us  1.3440us  1.7920us  fused_multiply_11_kernel0
                    0.04%  6.1120us         4  1.5280us  1.3760us  1.8880us  fused_add_17_kernel0
                    0.04%  5.9840us         1  5.9840us  5.9840us  5.9840us  fused_nn_softmax_kernel3
                    0.03%  5.7600us         3  1.9200us  1.5040us  2.2080us  fused_sqrt_5_kernel0
                    0.03%  5.5040us         3  1.8340us  1.5040us  2.1760us  fused_add_20_kernel0
                    0.03%  5.3440us         3  1.7810us  1.5040us  2.2720us  fused_divide_5_kernel0
                    0.03%  5.2480us         4  1.3120us  1.1840us  1.6320us  fused_expand_dims_1_kernel0
                    0.03%  5.1200us         3  1.7060us  1.5040us  2.0800us  fused_add_21_kernel0
                    0.03%  5.0890us         1  5.0890us  5.0890us  5.0890us  fused_add_1_kernel0
                    0.03%  5.0880us         3  1.6960us  1.4080us  2.0160us  fused_negative_5_kernel0
                    0.03%  5.0560us         1  5.0560us  5.0560us  5.0560us  fused_multiply_1_kernel0
                    0.03%  4.6080us         1  4.6080us  4.6080us  4.6080us  fused_nn_relu_1_kernel0
                    0.03%  4.1920us         2  2.0960us  1.9200us  2.2720us  fused_sqrt_kernel0
                    0.02%  4.1280us         2  2.0640us  1.9840us  2.1440us  fused_sqrt_1_kernel0
                    0.02%  4.0320us         2  2.0160us  1.9200us  2.1120us  fused_negative_1_kernel0
                    0.02%  4.0000us         2  2.0000us  1.8880us  2.1120us  fused_add_12_kernel0
                    0.02%  3.7440us         2  1.8720us  1.6640us  2.0800us  fused_negative_kernel0
                    0.02%  3.7440us         2  1.8720us  1.6640us  2.0800us  fused_add_10_kernel0
                    0.02%  3.7120us         1  3.7120us  3.7120us  3.7120us  fused_nn_softmax_kernel2
                    0.02%  3.6800us         2  1.8400us  1.5040us  2.1760us  fused_divide_kernel0
                    0.02%  3.6800us         2  1.8400us  1.4720us  2.2080us  fused_divide_1_kernel0
                    0.02%  3.2320us         2  1.6160us  1.4080us  1.8240us  fused_add_11_kernel0
                    0.02%  3.1680us         2  1.5840us  1.3440us  1.8240us  fused_add_13_kernel0
                    0.01%  1.6970us         1  1.6970us  1.6970us  1.6970us  fused_nn_batch_flatten_kernel0
                    0.01%  1.5680us         1  1.5680us  1.5680us  1.5680us  [CUDA memcpy DtoH]
      API calls:   68.50%  329.46ms         1  329.46ms  329.46ms  329.46ms  cuModuleLoadData
                   26.84%  129.09ms       201  642.23us  2.7280us  127.66ms  cudaMalloc
                    3.37%  16.204ms       192  84.396us  6.2280us  8.3499ms  cudaMemcpy
                    0.42%  2.0390ms         1  2.0390ms  2.0390ms  2.0390ms  cuModuleUnload
                    0.39%  1.8819ms       201  9.3620us  2.6850us  172.30us  cudaFree
                    0.29%  1.3913ms       358  3.8860us  3.1990us  20.840us  cuLaunchKernel
                    0.10%  496.77us       950     522ns     314ns  9.4680us  cudaSetDevice
                    0.03%  150.00us        97  1.5460us     157ns  62.645us  cuDeviceGetAttribute
                    0.03%  127.80us       358     356ns     300ns  1.6190us  cudaGetDevice
                    0.01%  63.203us         1  63.203us  63.203us  63.203us  cuDeviceTotalMem
                    0.01%  39.533us         1  39.533us  39.533us  39.533us  cuDeviceGetName
                    0.01%  34.236us        98     349ns     269ns  1.5560us  cuModuleGetFunction
                    0.00%  4.0960us         1  4.0960us  4.0960us  4.0960us  cuDeviceGetPCIBusId
                    0.00%  2.1750us         3     725ns     445ns     869ns  cudaDeviceGetAttribute
                    0.00%  1.0460us         2     523ns     185ns     861ns  cuDeviceGetCount
                    0.00%     660ns         2     330ns     154ns     506ns  cuDeviceGet
                    0.00%     331ns         1     331ns     331ns     331ns  cuDeviceGetUuid
