==3276== NVPROF is profiling process 3276, command: python3 /home/wml/tvm/tutorials/relay_test_net.py
==3276== Profiling application: python3 /home/wml/tvm/tutorials/relay_test_net.py
==3276== Profiling result:
            Type  Time(%)      Time     Calls       Avg       Min       Max  Name
 GPU activities:   34.88%  5.7131ms       191  29.911us     864ns  1.3407ms  [CUDA memcpy HtoD]
                   17.69%  2.8970ms         5  579.40us  566.49us  591.01us  fused_nn_conv2d_4_kernel0
                    5.10%  834.85us         1  834.85us  834.85us  834.85us  fused_nn_conv2d_kernel0
                    2.46%  402.30us         1  402.30us  402.30us  402.30us  fused_nn_conv2d_2_kernel0
                    2.27%  371.55us         1  371.55us  371.55us  371.55us  fused_nn_conv2d_8_kernel0
                    1.97%  322.11us         1  322.11us  322.11us  322.11us  fused_nn_conv2d_12_kernel0
                    1.78%  291.68us         1  291.68us  291.68us  291.68us  fused_nn_conv2d_6_kernel0
                    1.71%  280.13us         3  93.376us  93.024us  94.080us  fused_add_6_kernel0
                    1.71%  279.39us         3  93.130us  92.991us  93.407us  fused_nn_relu_6_kernel0
                    1.69%  277.31us         3  92.437us  91.456us  93.024us  fused_multiply_6_kernel0
                    1.64%  268.57us        11  24.415us  23.616us  25.184us  fused_add_2_kernel0
                    1.62%  265.41us        11  24.127us  23.712us  24.768us  fused_nn_relu_2_kernel0
                    1.52%  248.93us        11  22.629us  20.896us  24.704us  fused_multiply_2_kernel0
                    1.27%  207.81us         1  207.81us  207.81us  207.81us  fused_nn_conv2d_16_kernel0
                    1.14%  187.23us         2  93.615us  93.535us  93.696us  fused_add_9_kernel0
                    1.14%  186.66us         2  93.328us  93.056us  93.600us  fused_nn_relu_9_kernel0
                    1.13%  185.76us         1  185.76us  185.76us  185.76us  fused_add_8_kernel0
                    1.13%  185.70us         1  185.70us  185.70us  185.70us  fused_nn_relu_8_kernel0
                    1.13%  185.54us         2  92.767us  92.319us  93.216us  fused_multiply_9_kernel0
                    1.13%  184.67us         1  184.67us  184.67us  184.67us  fused_nn_conv2d_10_kernel0
                    1.13%  184.51us         1  184.51us  184.51us  184.51us  fused_multiply_8_kernel0
                    1.08%  177.12us         5  35.423us  34.975us  36.704us  fused_nn_conv2d_5_kernel0
                    1.03%  168.74us         1  168.74us  168.74us  168.74us  fused_nn_conv2d_14_kernel0
                    0.88%  144.58us         1  144.58us  144.58us  144.58us  fused_nn_conv2d_15_kernel0
                    0.87%  142.02us         3  47.338us  46.624us  47.904us  fused_add_4_kernel0
                    0.86%  141.54us         3  47.178us  46.720us  47.776us  fused_nn_relu_4_kernel0
                    0.85%  138.56us         3  46.186us  45.408us  46.847us  fused_multiply_4_kernel0
                    0.76%  123.68us         1  123.68us  123.68us  123.68us  fused_nn_dense_kernel0
                    0.75%  123.20us         1  123.20us  123.20us  123.20us  fused_nn_conv2d_18_kernel0
                    0.70%  115.10us         1  115.10us  115.10us  115.10us  fused_nn_conv2d_13_kernel0
                    0.65%  106.53us         1  106.53us  106.53us  106.53us  fused_nn_conv2d_17_kernel0
                    0.51%  84.128us         1  84.128us  84.128us  84.128us  fused_nn_conv2d_11_kernel0
                    0.37%  60.224us         1  60.224us  60.224us  60.224us  fused_nn_conv2d_9_kernel0
                    0.31%  49.984us         1  49.984us  49.984us  49.984us  fused_nn_conv2d_7_kernel0
                    0.29%  47.232us         1  47.232us  47.232us  47.232us  fused_add_7_kernel0
                    0.29%  46.943us         1  46.943us  46.943us  46.943us  fused_nn_relu_7_kernel0
                    0.28%  45.504us         1  45.504us  45.504us  45.504us  fused_multiply_7_kernel0
                    0.22%  36.800us        24  1.5330us  1.2480us  1.8880us  fused_multiply_14_kernel0
                    0.20%  32.896us         1  32.896us  32.896us  32.896us  fused_nn_softmax_kernel1
                    0.18%  30.048us        24  1.2520us  1.2160us  1.6960us  fused_expand_dims_4_kernel0
                    0.18%  29.664us         1  29.664us  29.664us  29.664us  fused_nn_conv2d_3_kernel0
                    0.16%  27.007us         3  9.0020us  7.5520us  9.9200us  fused_multiply_kernel0
                    0.16%  26.912us         1  26.912us  26.912us  26.912us  fused_nn_conv2d_1_kernel0
                    0.15%  24.704us         1  24.704us  24.704us  24.704us  fused_add_5_kernel0
                    0.15%  24.031us         1  24.031us  24.031us  24.031us  fused_nn_relu_5_kernel0
                    0.14%  23.744us        12  1.9780us  1.6960us  2.2080us  fused_add_18_kernel0
                    0.14%  22.816us         3  7.6050us  7.3920us  8.0000us  fused_add_kernel0
                    0.13%  21.888us         1  21.888us  21.888us  21.888us  fused_multiply_5_kernel0
                    0.13%  21.568us        12  1.7970us  1.5040us  2.1440us  fused_negative_4_kernel0
                    0.13%  21.216us         3  7.0720us  6.8480us  7.5200us  fused_nn_relu_kernel0
                    0.13%  20.671us        12  1.7220us  1.5040us  2.2080us  fused_divide_4_kernel0
                    0.12%  20.192us         1  20.192us  20.192us  20.192us  fused_nn_softmax_kernel0
                    0.12%  19.264us        12  1.6050us  1.4720us  2.3040us  fused_sqrt_4_kernel0
                    0.11%  18.368us        12  1.5300us  1.3760us  2.0160us  fused_add_19_kernel0
                    0.08%  12.320us         8  1.5400us  1.2160us  1.9200us  fused_multiply_13_kernel0
                    0.07%  12.064us         8  1.5080us  1.3440us  1.7920us  fused_multiply_12_kernel0
                    0.06%  10.272us         1  10.272us  10.272us  10.272us  fused_multiply_3_kernel0
                    0.06%  10.208us         8  1.2760us  1.1840us  1.7280us  fused_expand_dims_2_kernel0
                    0.06%  10.208us         8  1.2760us  1.1840us  1.6640us  fused_expand_dims_3_kernel0
                    0.05%  8.9920us         6  1.4980us  1.2480us  1.9200us  fused_multiply_15_kernel0
                    0.05%  8.2560us         1  8.2560us  8.2560us  8.2560us  fused_nn_global_avg_pool2d_kernel0
                    0.05%  7.9030us         1  7.9030us  7.9030us  7.9030us  fused_add_3_kernel0
                    0.05%  7.8720us         6  1.3120us  1.2160us  1.6640us  fused_expand_dims_5_kernel0
                    0.05%  7.8400us         4  1.9600us  1.6960us  2.2080us  fused_add_14_kernel0
                    0.05%  7.6160us         4  1.9040us  1.7600us  2.1120us  fused_negative_2_kernel0
                    0.05%  7.5520us         1  7.5520us  7.5520us  7.5520us  fused_nn_relu_3_kernel0
                    0.04%  7.3600us         4  1.8400us  1.6000us  2.2400us  fused_sqrt_3_kernel0
                    0.04%  7.3280us         4  1.8320us  1.6960us  2.1760us  fused_add_16_kernel0
                    0.04%  7.1680us         4  1.7920us  1.3760us  2.1760us  fused_negative_3_kernel0
                    0.04%  6.8790us         4  1.7190us  1.5040us  2.2080us  fused_divide_3_kernel0
                    0.04%  6.6560us         4  1.6640us  1.4080us  1.7920us  fused_multiply_10_kernel0
                    0.04%  6.6560us         4  1.6640us  1.4720us  2.1760us  fused_divide_2_kernel0
                    0.04%  6.5280us         4  1.6320us  1.4400us  2.1760us  fused_sqrt_2_kernel0
                    0.04%  6.1760us         4  1.5440us  1.3760us  1.8880us  fused_add_17_kernel0
                    0.04%  6.1120us         4  1.5280us  1.3440us  1.7920us  fused_multiply_11_kernel0
                    0.04%  5.9520us         4  1.4880us  1.3440us  1.8880us  fused_add_15_kernel0
                    0.04%  5.9200us         1  5.9200us  5.9200us  5.9200us  fused_nn_softmax_kernel3
                    0.03%  5.6960us         4  1.4240us  1.1840us  1.6640us  fused_expand_dims_1_kernel0
                    0.03%  5.6640us         3  1.8880us  1.5040us  2.2080us  fused_sqrt_5_kernel0
                    0.03%  5.5680us         3  1.8560us  1.5040us  2.3360us  fused_add_20_kernel0
                    0.03%  5.3760us         4  1.3440us  1.2480us  1.6320us  fused_expand_dims_kernel0
                    0.03%  5.3440us         3  1.7810us  1.5360us  2.2400us  fused_divide_5_kernel0
                    0.03%  5.0240us         3  1.6740us  1.4400us  2.0480us  fused_add_21_kernel0
                    0.03%  5.0240us         1  5.0240us  5.0240us  5.0240us  fused_multiply_1_kernel0
                    0.03%  4.9280us         1  4.9280us  4.9280us  4.9280us  fused_add_1_kernel0
                    0.03%  4.8320us         3  1.6100us  1.4080us  1.8560us  fused_negative_5_kernel0
                    0.03%  4.7680us         1  4.7680us  4.7680us  4.7680us  fused_nn_relu_1_kernel0
                    0.02%  4.0000us         2  2.0000us  1.9200us  2.0800us  fused_add_10_kernel0
                    0.02%  3.9680us         2  1.9840us  1.7920us  2.1760us  fused_add_12_kernel0
                    0.02%  3.9040us         2  1.9520us  1.7280us  2.1760us  fused_negative_1_kernel0
                    0.02%  3.8400us         2  1.9200us  1.6960us  2.1440us  fused_sqrt_kernel0
                    0.02%  3.8080us         2  1.9040us  1.7280us  2.0800us  fused_negative_kernel0
                    0.02%  3.8080us         2  1.9040us  1.5360us  2.2720us  fused_divide_kernel0
                    0.02%  3.7120us         2  1.8560us  1.4720us  2.2400us  fused_divide_1_kernel0
                    0.02%  3.6800us         2  1.8400us  1.4400us  2.2400us  fused_sqrt_1_kernel0
                    0.02%  3.5840us         2  1.7920us  1.7600us  1.8240us  fused_add_11_kernel0
                    0.02%  3.5200us         1  3.5200us  3.5200us  3.5200us  fused_nn_softmax_kernel2
                    0.02%  3.1360us         2  1.5680us  1.3440us  1.7920us  fused_add_13_kernel0
                    0.01%  1.6640us         1  1.6640us  1.6640us  1.6640us  fused_nn_batch_flatten_kernel0
                    0.01%  1.6320us         1  1.6320us  1.6320us  1.6320us  [CUDA memcpy DtoH]
      API calls:   67.81%  329.17ms         1  329.17ms  329.17ms  329.17ms  cuModuleLoadData
                   27.17%  131.91ms       201  656.25us  1.9030us  130.48ms  cudaMalloc
                    3.21%  15.588ms       192  81.188us  5.9390us  8.3072ms  cudaMemcpy
                    1.00%  4.8772ms         1  4.8772ms  4.8772ms  4.8772ms  cuModuleUnload
                    0.33%  1.6191ms       201  8.0550us  2.6400us  166.52us  cudaFree
                    0.28%  1.3586ms       358  3.7940us  3.1800us  21.289us  cuLaunchKernel
                    0.09%  454.21us       950     478ns     313ns  9.3000us  cudaSetDevice
                    0.04%  184.40us        97  1.9010us     212ns  76.823us  cuDeviceGetAttribute
                    0.02%  119.55us       358     333ns     288ns  1.6690us  cudaGetDevice
                    0.02%  81.291us         1  81.291us  81.291us  81.291us  cuDeviceTotalMem
                    0.01%  48.110us         1  48.110us  48.110us  48.110us  cuDeviceGetName
                    0.01%  32.993us        98     336ns     254ns     821ns  cuModuleGetFunction
                    0.00%  3.7440us         3  1.2480us     678ns  1.9100us  cudaDeviceGetAttribute
                    0.00%  3.2430us         1  3.2430us  3.2430us  3.2430us  cuDeviceGetPCIBusId
                    0.00%  1.4390us         2     719ns     239ns  1.2000us  cuDeviceGetCount
                    0.00%     827ns         2     413ns     248ns     579ns  cuDeviceGet
                    0.00%     428ns         1     428ns     428ns     428ns  cuDeviceGetUuid
