==3974== NVPROF is profiling process 3974, command: python3 /home/wml/tvm/tutorials/relay_test_net.py
==3974== Profiling application: python3 /home/wml/tvm/tutorials/relay_test_net.py
==3974== Profiling result:
            Type  Time(%)      Time     Calls       Avg       Min       Max  Name
 GPU activities:   34.70%  5.7027ms       191  29.857us     863ns  1.3378ms  [CUDA memcpy HtoD]
                   18.03%  2.9630ms         5  592.61us  584.85us  603.04us  fused_nn_conv2d_4_kernel0
                    5.08%  835.59us         1  835.59us  835.59us  835.59us  fused_nn_conv2d_kernel0
                    2.42%  398.19us         1  398.19us  398.19us  398.19us  fused_nn_conv2d_2_kernel0
                    2.34%  383.74us         1  383.74us  383.74us  383.74us  fused_nn_conv2d_8_kernel0
                    1.93%  317.48us         1  317.48us  317.48us  317.48us  fused_nn_conv2d_12_kernel0
                    1.71%  281.62us         1  281.62us  281.62us  281.62us  fused_nn_conv2d_6_kernel0
                    1.71%  280.28us         3  93.426us  93.267us  93.618us  fused_add_6_kernel0
                    1.70%  279.96us         3  93.319us  92.851us  93.713us  fused_nn_relu_6_kernel0
                    1.68%  275.80us         3  91.934us  91.284us  92.467us  fused_multiply_6_kernel0
                    1.64%  269.31us        11  24.483us  24.035us  25.027us  fused_nn_relu_2_kernel0
                    1.63%  267.17us        11  24.288us  23.876us  24.643us  fused_add_2_kernel0
                    1.50%  246.43us        11  22.402us  20.296us  24.323us  fused_multiply_2_kernel0
                    1.22%  199.93us         1  199.93us  199.93us  199.93us  fused_nn_conv2d_16_kernel0
                    1.16%  190.21us         1  190.21us  190.21us  190.21us  fused_nn_conv2d_10_kernel0
                    1.14%  187.81us         2  93.905us  93.298us  94.513us  fused_add_9_kernel0
                    1.14%  186.63us         2  93.314us  92.915us  93.713us  fused_multiply_9_kernel0
                    1.14%  186.53us         2  93.266us  92.691us  93.842us  fused_nn_relu_9_kernel0
                    1.13%  185.99us         1  185.99us  185.99us  185.99us  fused_add_8_kernel0
                    1.13%  185.45us         1  185.45us  185.45us  185.45us  fused_nn_relu_8_kernel0
                    1.12%  184.49us         1  184.49us  184.49us  184.49us  fused_multiply_8_kernel0
                    1.08%  176.72us         5  35.344us  34.903us  35.830us  fused_nn_conv2d_5_kernel0
                    1.04%  170.14us         1  170.14us  170.14us  170.14us  fused_nn_conv2d_14_kernel0
                    0.88%  145.05us         1  145.05us  145.05us  145.05us  fused_nn_conv2d_15_kernel0
                    0.87%  143.19us         3  47.730us  47.112us  48.232us  fused_add_4_kernel0
                    0.87%  142.87us         3  47.624us  46.953us  48.678us  fused_nn_relu_4_kernel0
                    0.85%  139.48us         3  46.494us  46.122us  46.729us  fused_multiply_4_kernel0
                    0.75%  124.05us         1  124.05us  124.05us  124.05us  fused_nn_conv2d_18_kernel0
                    0.75%  123.98us         1  123.98us  123.98us  123.98us  fused_nn_dense_kernel0
                    0.70%  114.94us         1  114.94us  114.94us  114.94us  fused_nn_conv2d_13_kernel0
                    0.66%  108.23us         1  108.23us  108.23us  108.23us  fused_nn_conv2d_17_kernel0
                    0.51%  84.349us         1  84.349us  84.349us  84.349us  fused_nn_conv2d_11_kernel0
                    0.37%  60.058us         1  60.058us  60.058us  60.058us  fused_nn_conv2d_9_kernel0
                    0.31%  50.340us         1  50.340us  50.340us  50.340us  fused_nn_conv2d_7_kernel0
                    0.29%  48.391us         1  48.391us  48.391us  48.391us  fused_add_7_kernel0
                    0.29%  48.199us         1  48.199us  48.199us  48.199us  fused_nn_relu_7_kernel0
                    0.27%  44.844us         1  44.844us  44.844us  44.844us  fused_multiply_7_kernel0
                    0.23%  37.238us        24  1.5510us  1.2460us  1.8540us  fused_multiply_14_kernel0
                    0.20%  32.730us         1  32.730us  32.730us  32.730us  fused_nn_softmax_kernel1
                    0.18%  30.013us        24  1.2500us  1.2140us  1.6940us  fused_expand_dims_4_kernel0
                    0.18%  29.789us         1  29.789us  29.789us  29.789us  fused_nn_conv2d_3_kernel0
                    0.16%  27.104us         1  27.104us  27.104us  27.104us  fused_nn_conv2d_1_kernel0
                    0.16%  26.912us         3  8.9700us  7.5430us  10.100us  fused_multiply_kernel0
                    0.15%  24.707us         1  24.707us  24.707us  24.707us  fused_nn_relu_5_kernel0
                    0.15%  24.451us         1  24.451us  24.451us  24.451us  fused_add_5_kernel0
                    0.14%  22.852us         3  7.6170us  7.4150us  7.9580us  fused_add_kernel0
                    0.14%  22.246us         1  22.246us  22.246us  22.246us  fused_multiply_5_kernel0
                    0.13%  22.023us        12  1.8350us  1.7250us  2.2060us  fused_add_18_kernel0
                    0.13%  21.543us        12  1.7950us  1.5660us  2.2380us  fused_negative_4_kernel0
                    0.13%  21.191us         3  7.0630us  6.8400us  7.4160us  fused_nn_relu_kernel0
                    0.13%  20.678us        12  1.7230us  1.5020us  2.2050us  fused_sqrt_4_kernel0
                    0.12%  19.848us         1  19.848us  19.848us  19.848us  fused_nn_softmax_kernel0
                    0.12%  19.242us        12  1.6030us  1.5020us  2.3650us  fused_divide_4_kernel0
                    0.11%  18.507us        12  1.5420us  1.4380us  2.1100us  fused_add_19_kernel0
                    0.07%  12.305us         8  1.5380us  1.3740us  1.9180us  fused_multiply_12_kernel0
                    0.07%  12.210us         8  1.5260us  1.2460us  1.8220us  fused_multiply_13_kernel0
                    0.06%  10.228us         8  1.2780us  1.2140us  1.6620us  fused_expand_dims_3_kernel0
                    0.06%  10.069us         8  1.2580us  1.1820us  1.6620us  fused_expand_dims_2_kernel0
                    0.06%  10.068us         1  10.068us  10.068us  10.068us  fused_multiply_3_kernel0
                    0.05%  8.7580us         1  8.7580us  8.7580us  8.7580us  fused_nn_global_avg_pool2d_kernel0
                    0.05%  8.6940us         6  1.4490us  1.2460us  1.8860us  fused_multiply_15_kernel0
                    0.05%  8.1510us         4  2.0370us  1.9180us  2.1410us  fused_negative_2_kernel0
                    0.05%  8.1500us         6  1.3580us  1.2140us  1.7580us  fused_expand_dims_5_kernel0
                    0.05%  7.8630us         1  7.8630us  7.8630us  7.8630us  fused_add_3_kernel0
                    0.05%  7.7350us         4  1.9330us  1.5980us  2.1730us  fused_sqrt_2_kernel0
                    0.05%  7.5750us         1  7.5750us  7.5750us  7.5750us  fused_nn_relu_3_kernel0
                    0.04%  7.2550us         4  1.8130us  1.6620us  2.1730us  fused_add_14_kernel0
                    0.04%  7.2240us         4  1.8060us  1.6940us  2.1420us  fused_add_16_kernel0
                    0.04%  6.9030us         4  1.7250us  1.5020us  2.2050us  fused_divide_3_kernel0
                    0.04%  6.8400us         4  1.7100us  1.5020us  1.8540us  fused_multiply_10_kernel0
                    0.04%  6.8100us         4  1.7020us  1.3430us  2.0780us  fused_negative_3_kernel0
                    0.04%  6.8070us         4  1.7010us  1.4380us  2.1730us  fused_sqrt_3_kernel0
                    0.04%  6.6160us         4  1.6540us  1.4700us  2.1730us  fused_divide_2_kernel0
                    0.04%  6.3600us         4  1.5900us  1.5020us  1.7580us  fused_multiply_11_kernel0
                    0.04%  6.2000us         4  1.5500us  1.3420us  1.8220us  fused_add_15_kernel0
                    0.04%  6.1680us         4  1.5420us  1.3740us  1.9500us  fused_add_17_kernel0
                    0.04%  5.9130us         1  5.9130us  5.9130us  5.9130us  fused_nn_softmax_kernel3
                    0.03%  5.4970us         3  1.8320us  1.4390us  2.1730us  fused_add_20_kernel0
                    0.03%  5.4320us         4  1.3580us  1.2460us  1.6300us  fused_expand_dims_kernel0
                    0.03%  5.3060us         3  1.7680us  1.5340us  2.2370us  fused_divide_5_kernel0
                    0.03%  5.2740us         4  1.3180us  1.1830us  1.6300us  fused_expand_dims_1_kernel0
                    0.03%  5.0510us         3  1.6830us  1.5020us  2.0460us  fused_add_21_kernel0
                    0.03%  5.0500us         3  1.6830us  1.3420us  2.2060us  fused_sqrt_5_kernel0
                    0.03%  4.9230us         1  4.9230us  4.9230us  4.9230us  fused_multiply_1_kernel0
                    0.03%  4.9220us         1  4.9220us  4.9220us  4.9220us  fused_add_1_kernel0
                    0.03%  4.9220us         3  1.6400us  1.5340us  1.8220us  fused_negative_5_kernel0
                    0.03%  4.6670us         1  4.6670us  4.6670us  4.6670us  fused_nn_relu_1_kernel0
                    0.02%  3.9960us         2  1.9980us  1.7900us  2.2060us  fused_negative_kernel0
                    0.02%  3.8360us         2  1.9180us  1.6620us  2.1740us  fused_sqrt_kernel0
                    0.02%  3.7720us         2  1.8860us  1.6940us  2.0780us  fused_add_12_kernel0
                    0.02%  3.7710us         2  1.8850us  1.6940us  2.0770us  fused_add_10_kernel0
                    0.02%  3.7710us         2  1.8850us  1.6620us  2.1090us  fused_negative_1_kernel0
                    0.02%  3.7070us         2  1.8530us  1.5340us  2.1730us  fused_divide_kernel0
                    0.02%  3.6760us         1  3.6760us  3.6760us  3.6760us  fused_nn_softmax_kernel2
                    0.02%  3.6760us         2  1.8380us  1.5340us  2.1420us  fused_sqrt_1_kernel0
                    0.02%  3.6750us         2  1.8370us  1.5020us  2.1730us  fused_divide_1_kernel0
                    0.02%  3.2600us         2  1.6300us  1.4060us  1.8540us  fused_add_11_kernel0
                    0.02%  3.1320us         2  1.5660us  1.3430us  1.7890us  fused_add_13_kernel0
                    0.01%  1.6620us         1  1.6620us  1.6620us  1.6620us  fused_nn_batch_flatten_kernel0
                    0.01%  1.6300us         1  1.6300us  1.6300us  1.6300us  [CUDA memcpy DtoH]
      API calls:   66.47%  329.04ms         1  329.04ms  329.04ms  329.04ms  cuModuleLoadData
                   29.14%  144.26ms       201  717.71us  2.7080us  142.83ms  cudaMalloc
                    3.15%  15.578ms       192  81.137us  5.7980us  8.3375ms  cudaMemcpy
                    0.41%  2.0380ms         1  2.0380ms  2.0380ms  2.0380ms  cuModuleUnload
                    0.33%  1.6242ms       201  8.0800us  2.7510us  166.18us  cudaFree
                    0.28%  1.3905ms       358  3.8830us  3.2040us  28.012us  cuLaunchKernel
                    0.10%  480.08us       950     505ns     315ns  9.9570us  cudaSetDevice
                    0.06%  312.62us        97  3.2220us     217ns  181.38us  cuDeviceGetAttribute
                    0.02%  122.48us       358     342ns     291ns  1.7890us  cudaGetDevice
                    0.02%  86.203us         1  86.203us  86.203us  86.203us  cuDeviceTotalMem
                    0.01%  49.139us         1  49.139us  49.139us  49.139us  cuDeviceGetName
                    0.01%  33.719us        98     344ns     255ns  1.5200us  cuModuleGetFunction
                    0.00%  3.9470us         1  3.9470us  3.9470us  3.9470us  cuDeviceGetPCIBusId
                    0.00%  3.2040us         3  1.0680us     635ns  1.3540us  cudaDeviceGetAttribute
                    0.00%  1.5690us         2     784ns     249ns  1.3200us  cuDeviceGetCount
                    0.00%     872ns         2     436ns     237ns     635ns  cuDeviceGet
                    0.00%     448ns         1     448ns     448ns     448ns  cuDeviceGetUuid
