==3902== NVPROF is profiling process 3902, command: python3 /home/wml/tvm/tutorials/relay_test_net.py
==3902== Profiling application: python3 /home/wml/tvm/tutorials/relay_test_net.py
==3902== Profiling result:
            Type  Time(%)      Time     Calls       Avg       Min       Max  Name
 GPU activities:   34.55%  5.7168ms       191  29.930us     864ns  1.3488ms  [CUDA memcpy HtoD]
                   18.29%  3.0256ms         5  605.13us  583.08us  622.55us  fused_nn_conv2d_4_kernel0
                    5.19%  859.50us         1  859.50us  859.50us  859.50us  fused_nn_conv2d_kernel0
                    2.38%  394.28us         1  394.28us  394.28us  394.28us  fused_nn_conv2d_2_kernel0
                    2.29%  378.85us         1  378.85us  378.85us  378.85us  fused_nn_conv2d_8_kernel0
                    1.94%  321.12us         1  321.12us  321.12us  321.12us  fused_nn_conv2d_12_kernel0
                    1.75%  289.87us         1  289.87us  289.87us  289.87us  fused_nn_conv2d_6_kernel0
                    1.70%  280.52us         3  93.508us  93.166us  93.967us  fused_nn_relu_6_kernel0
                    1.69%  280.05us         3  93.348us  92.270us  94.448us  fused_add_6_kernel0
                    1.68%  278.12us         3  92.707us  92.238us  93.294us  fused_multiply_6_kernel0
                    1.63%  269.64us        11  24.512us  23.852us  25.389us  fused_nn_relu_2_kernel0
                    1.62%  268.30us        11  24.390us  23.500us  25.485us  fused_add_2_kernel0
                    1.50%  247.68us        11  22.515us  20.618us  24.140us  fused_multiply_2_kernel0
                    1.23%  203.65us         1  203.65us  203.65us  203.65us  fused_nn_conv2d_16_kernel0
                    1.14%  188.64us         2  94.319us  94.063us  94.576us  fused_nn_relu_9_kernel0
                    1.14%  187.81us         2  93.903us  93.423us  94.383us  fused_add_9_kernel0
                    1.13%  186.81us         2  93.406us  93.262us  93.551us  fused_multiply_9_kernel0
                    1.12%  186.05us         1  186.05us  186.05us  186.05us  fused_add_8_kernel0
                    1.12%  185.60us         1  185.60us  185.60us  185.60us  fused_nn_conv2d_10_kernel0
                    1.12%  185.31us         1  185.31us  185.31us  185.31us  fused_nn_relu_8_kernel0
                    1.11%  184.44us         1  184.44us  184.44us  184.44us  fused_multiply_8_kernel0
                    1.06%  175.39us         5  35.077us  34.289us  35.762us  fused_nn_conv2d_5_kernel0
                    1.03%  169.85us         1  169.85us  169.85us  169.85us  fused_nn_conv2d_14_kernel0
                    0.87%  143.91us         3  47.971us  47.544us  48.344us  fused_nn_relu_4_kernel0
                    0.86%  142.92us         3  47.640us  47.224us  47.864us  fused_add_4_kernel0
                    0.85%  141.16us         1  141.16us  141.16us  141.16us  fused_nn_conv2d_15_kernel0
                    0.84%  139.30us         3  46.434us  45.463us  47.448us  fused_multiply_4_kernel0
                    0.75%  123.45us         1  123.45us  123.45us  123.45us  fused_nn_dense_kernel0
                    0.75%  123.29us         1  123.29us  123.29us  123.29us  fused_nn_conv2d_18_kernel0
                    0.70%  115.00us         1  115.00us  115.00us  115.00us  fused_nn_conv2d_13_kernel0
                    0.64%  106.33us         1  106.33us  106.33us  106.33us  fused_nn_conv2d_17_kernel0
                    0.52%  85.451us         1  85.451us  85.451us  85.451us  fused_nn_conv2d_11_kernel0
                    0.36%  60.222us         1  60.222us  60.222us  60.222us  fused_nn_conv2d_9_kernel0
                    0.30%  49.593us         1  49.593us  49.593us  49.593us  fused_nn_conv2d_7_kernel0
                    0.29%  48.568us         1  48.568us  48.568us  48.568us  fused_add_7_kernel0
                    0.29%  47.768us         1  47.768us  47.768us  47.768us  fused_nn_relu_7_kernel0
                    0.28%  46.647us         1  46.647us  46.647us  46.647us  fused_multiply_7_kernel0
                    0.23%  37.679us        24  1.5690us  1.2490us  1.8570us  fused_multiply_14_kernel0
                    0.20%  32.977us         1  32.977us  32.977us  32.977us  fused_nn_softmax_kernel1
                    0.18%  30.287us         1  30.287us  30.287us  30.287us  fused_nn_conv2d_3_kernel0
                    0.18%  29.677us        24  1.2360us  1.1840us  1.6650us  fused_expand_dims_4_kernel0
                    0.16%  27.214us         3  9.0710us  7.3320us  9.9890us  fused_multiply_kernel0
                    0.16%  27.150us         1  27.150us  27.150us  27.150us  fused_nn_conv2d_1_kernel0
                    0.15%  24.781us         1  24.781us  24.781us  24.781us  fused_add_5_kernel0
                    0.15%  24.716us         1  24.716us  24.716us  24.716us  fused_nn_relu_5_kernel0
                    0.14%  22.860us        12  1.9050us  1.8250us  2.2410us  fused_add_18_kernel0
                    0.14%  22.732us         3  7.5770us  7.3320us  7.9080us  fused_add_kernel0
                    0.13%  22.187us         1  22.187us  22.187us  22.187us  fused_multiply_5_kernel0
                    0.13%  22.154us        12  1.8460us  1.4410us  2.2410us  fused_negative_4_kernel0
                    0.13%  21.388us         3  7.1290us  6.8520us  7.6840us  fused_nn_relu_kernel0
                    0.12%  20.330us        12  1.6940us  1.5040us  2.2090us  fused_sqrt_4_kernel0
                    0.12%  19.882us         1  19.882us  19.882us  19.882us  fused_nn_softmax_kernel0
                    0.12%  19.049us        12  1.5870us  1.5040us  2.2090us  fused_divide_4_kernel0
                    0.11%  18.696us        12  1.5580us  1.4400us  1.9850us  fused_add_19_kernel0
                    0.07%  12.392us         8  1.5490us  1.3450us  1.8570us  fused_multiply_12_kernel0
                    0.07%  12.039us         8  1.5040us  1.2170us  1.8250us  fused_multiply_13_kernel0
                    0.06%  10.150us         8  1.2680us  1.1840us  1.6640us  fused_expand_dims_2_kernel0
                    0.06%  10.150us         8  1.2680us  1.1850us  1.6650us  fused_expand_dims_3_kernel0
                    0.06%  10.117us         1  10.117us  10.117us  10.117us  fused_multiply_3_kernel0
                    0.06%  9.6050us         1  9.6050us  9.6050us  9.6050us  fused_nn_global_avg_pool2d_kernel0
                    0.05%  8.9010us         6  1.4830us  1.2490us  1.9210us  fused_multiply_15_kernel0
                    0.05%  8.1320us         4  2.0330us  1.4400us  3.1700us  fused_multiply_10_kernel0
                    0.05%  8.0360us         1  8.0360us  8.0360us  8.0360us  fused_add_3_kernel0
                    0.05%  7.9720us         6  1.3280us  1.2480us  1.7290us  fused_expand_dims_5_kernel0
                    0.05%  7.8440us         4  1.9610us  1.6330us  2.2410us  fused_negative_3_kernel0
                    0.05%  7.6520us         4  1.9130us  1.7930us  2.1130us  fused_add_14_kernel0
                    0.05%  7.4920us         4  1.8730us  1.6650us  2.1450us  fused_negative_2_kernel0
                    0.04%  7.3960us         1  7.3960us  7.3960us  7.3960us  fused_nn_relu_3_kernel0
                    0.04%  7.2680us         4  1.8170us  1.6970us  2.1130us  fused_add_16_kernel0
                    0.04%  7.2680us         4  1.8170us  1.6650us  2.2410us  fused_divide_3_kernel0
                    0.04%  6.8510us         4  1.7120us  1.4730us  2.1770us  fused_sqrt_3_kernel0
                    0.04%  6.5960us         4  1.6490us  1.4730us  2.1770us  fused_divide_2_kernel0
                    0.04%  6.5320us         4  1.6330us  1.4410us  2.1450us  fused_sqrt_2_kernel0
                    0.04%  6.5000us         4  1.6250us  1.5050us  1.8570us  fused_add_17_kernel0
                    0.04%  6.2430us         1  6.2430us  6.2430us  6.2430us  fused_nn_softmax_kernel3
                    0.04%  6.1470us         4  1.5360us  1.3770us  1.7930us  fused_multiply_11_kernel0
                    0.04%  5.9550us         4  1.4880us  1.3440us  1.8250us  fused_add_15_kernel0
                    0.03%  5.7630us         3  1.9210us  1.6650us  2.2410us  fused_add_20_kernel0
                    0.03%  5.4740us         4  1.3680us  1.2480us  1.6650us  fused_expand_dims_kernel0
                    0.03%  5.3480us         3  1.7820us  1.5370us  2.2740us  fused_divide_5_kernel0
                    0.03%  5.3470us         4  1.3360us  1.2160us  1.6970us  fused_expand_dims_1_kernel0
                    0.03%  5.0910us         3  1.6970us  1.4410us  2.1450us  fused_add_21_kernel0
                    0.03%  5.0910us         3  1.6970us  1.5050us  1.8570us  fused_negative_5_kernel0
                    0.03%  5.0910us         3  1.6970us  1.3450us  2.2410us  fused_sqrt_5_kernel0
                    0.03%  4.9630us         1  4.9630us  4.9630us  4.9630us  fused_multiply_1_kernel0
                    0.03%  4.9300us         1  4.9300us  4.9300us  4.9300us  fused_add_1_kernel0
                    0.03%  4.8020us         1  4.8020us  4.8020us  4.8020us  fused_nn_relu_1_kernel0
                    0.03%  4.3220us         2  2.1610us  1.9850us  2.3370us  fused_sqrt_1_kernel0
                    0.02%  4.0340us         2  2.0170us  1.8890us  2.1450us  fused_divide_1_kernel0
                    0.02%  3.9060us         2  1.9530us  1.6650us  2.2410us  fused_negative_kernel0
                    0.02%  3.8100us         2  1.9050us  1.6330us  2.1770us  fused_sqrt_kernel0
                    0.02%  3.8100us         2  1.9050us  1.6970us  2.1130us  fused_add_10_kernel0
                    0.02%  3.7780us         2  1.8890us  1.6970us  2.0810us  fused_add_12_kernel0
                    0.02%  3.7460us         2  1.8730us  1.5690us  2.1770us  fused_divide_kernel0
                    0.02%  3.7460us         2  1.8730us  1.6650us  2.0810us  fused_negative_1_kernel0
                    0.02%  3.6820us         1  3.6820us  3.6820us  3.6820us  fused_nn_softmax_kernel2
                    0.02%  3.2980us         2  1.6490us  1.3770us  1.9210us  fused_add_11_kernel0
                    0.02%  3.1700us         2  1.5850us  1.3450us  1.8250us  fused_add_13_kernel0
                    0.01%  1.7610us         1  1.7610us  1.7610us  1.7610us  fused_nn_batch_flatten_kernel0
                    0.01%  1.6330us         1  1.6330us  1.6330us  1.6330us  [CUDA memcpy DtoH]
      API calls:   68.67%  335.14ms         1  335.14ms  335.14ms  335.14ms  cuModuleLoadData
                   26.81%  130.86ms       201  651.04us  2.7420us  129.42ms  cudaMalloc
                    3.22%  15.709ms       192  81.815us  6.3760us  8.3588ms  cudaMemcpy
                    0.43%  2.1207ms         1  2.1207ms  2.1207ms  2.1207ms  cuModuleUnload
                    0.34%  1.6644ms       201  8.2800us  2.7130us  167.37us  cudaFree
                    0.30%  1.4527ms       358  4.0570us  3.3780us  21.175us  cuLaunchKernel
                    0.10%  482.24us       950     507ns     316ns  12.091us  cudaSetDevice
                    0.05%  255.20us        97  2.6300us     323ns  104.47us  cuDeviceGetAttribute
                    0.03%  125.07us       358     349ns     288ns  1.7140us  cudaGetDevice
                    0.02%  119.00us         1  119.00us  119.00us  119.00us  cuDeviceTotalMem
                    0.01%  56.912us         1  56.912us  56.912us  56.912us  cuDeviceGetName
                    0.01%  37.220us        98     379ns     313ns  1.0980us  cuModuleGetFunction
                    0.00%  5.0010us         3  1.6670us  1.0260us  2.2350us  cudaDeviceGetAttribute
                    0.00%  4.3150us         1  4.3150us  4.3150us  4.3150us  cuDeviceGetPCIBusId
                    0.00%  3.1190us         2  1.5590us  1.5360us  1.5830us  cuDeviceGetCount
                    0.00%  1.4790us         2     739ns     665ns     814ns  cuDeviceGet
                    0.00%     700ns         1     700ns     700ns     700ns  cuDeviceGetUuid
