==3692== NVPROF is profiling process 3692, command: python3 /home/wml/tvm/tutorials/relay_test_net.py
==3692== Profiling application: python3 /home/wml/tvm/tutorials/relay_test_net.py
==3692== Profiling result:
            Type  Time(%)      Time     Calls       Avg       Min       Max  Name
 GPU activities:   34.63%  5.7095ms       191  29.892us     863ns  1.3398ms  [CUDA memcpy HtoD]
                   18.04%  2.9742ms         5  594.84us  576.03us  619.73us  fused_nn_conv2d_4_kernel0
                    5.22%  860.16us         1  860.16us  860.16us  860.16us  fused_nn_conv2d_kernel0
                    2.50%  412.20us         1  412.20us  412.20us  412.20us  fused_nn_conv2d_2_kernel0
                    2.24%  368.76us         1  368.76us  368.76us  368.76us  fused_nn_conv2d_8_kernel0
                    1.94%  319.95us         1  319.95us  319.95us  319.95us  fused_nn_conv2d_12_kernel0
                    1.71%  282.63us         1  282.63us  282.63us  282.63us  fused_nn_conv2d_6_kernel0
                    1.70%  279.59us         3  93.196us  93.047us  93.334us  fused_add_6_kernel0
                    1.69%  279.04us         3  93.014us  92.439us  93.399us  fused_nn_relu_6_kernel0
                    1.68%  277.32us         3  92.439us  91.447us  93.015us  fused_multiply_6_kernel0
                    1.63%  268.20us        11  24.381us  23.765us  25.204us  fused_nn_relu_2_kernel0
                    1.60%  264.08us        11  24.006us  23.413us  24.885us  fused_add_2_kernel0
                    1.51%  249.65us        11  22.695us  20.567us  24.309us  fused_multiply_2_kernel0
                    1.29%  213.15us         1  213.15us  213.15us  213.15us  fused_nn_conv2d_16_kernel0
                    1.17%  192.14us         1  192.14us  192.14us  192.14us  fused_nn_conv2d_10_kernel0
                    1.14%  188.08us         2  94.038us  93.686us  94.390us  fused_add_9_kernel0
                    1.13%  186.92us         2  93.462us  93.238us  93.686us  fused_nn_relu_9_kernel0
                    1.13%  185.74us         1  185.74us  185.74us  185.74us  fused_add_8_kernel0
                    1.13%  185.71us         2  92.855us  92.855us  92.855us  fused_multiply_9_kernel0
                    1.13%  185.52us         1  185.52us  185.52us  185.52us  fused_nn_relu_8_kernel0
                    1.12%  184.65us         1  184.65us  184.65us  184.65us  fused_multiply_8_kernel0
                    1.06%  174.00us         5  34.800us  33.969us  36.048us  fused_nn_conv2d_5_kernel0
                    1.05%  173.65us         1  173.65us  173.65us  173.65us  fused_nn_conv2d_14_kernel0
                    0.87%  143.14us         1  143.14us  143.14us  143.14us  fused_nn_conv2d_15_kernel0
                    0.86%  142.24us         3  47.413us  47.083us  48.011us  fused_add_4_kernel0
                    0.86%  141.92us         3  47.307us  46.699us  48.139us  fused_nn_relu_4_kernel0
                    0.84%  138.21us         3  46.070us  44.716us  47.499us  fused_multiply_4_kernel0
                    0.75%  123.98us         1  123.98us  123.98us  123.98us  fused_nn_dense_kernel0
                    0.73%  120.30us         1  120.30us  120.30us  120.30us  fused_nn_conv2d_18_kernel0
                    0.70%  114.70us         1  114.70us  114.70us  114.70us  fused_nn_conv2d_13_kernel0
                    0.65%  106.93us         1  106.93us  106.93us  106.93us  fused_nn_conv2d_17_kernel0
                    0.52%  85.050us         1  85.050us  85.050us  85.050us  fused_nn_conv2d_11_kernel0
                    0.36%  59.557us         1  59.557us  59.557us  59.557us  fused_nn_conv2d_9_kernel0
                    0.31%  50.730us         1  50.730us  50.730us  50.730us  fused_nn_conv2d_7_kernel0
                    0.30%  49.002us         1  49.002us  49.002us  49.002us  fused_add_7_kernel0
                    0.29%  48.139us         1  48.139us  48.139us  48.139us  fused_nn_relu_7_kernel0
                    0.28%  45.708us         1  45.708us  45.708us  45.708us  fused_multiply_7_kernel0
                    0.23%  37.519us        24  1.5630us  1.2470us  2.0150us  fused_multiply_14_kernel0
                    0.20%  33.041us         1  33.041us  33.041us  33.041us  fused_nn_softmax_kernel1
                    0.18%  30.162us        24  1.2560us  1.2150us  1.6640us  fused_expand_dims_4_kernel0
                    0.18%  29.651us         1  29.651us  29.651us  29.651us  fused_nn_conv2d_3_kernel0
                    0.17%  27.380us         1  27.380us  27.380us  27.380us  fused_nn_conv2d_1_kernel0
                    0.17%  27.284us         3  9.0940us  7.7730us  10.043us  fused_multiply_kernel0
                    0.15%  24.885us         1  24.885us  24.885us  24.885us  fused_add_5_kernel0
                    0.15%  24.566us         1  24.566us  24.566us  24.566us  fused_nn_relu_5_kernel0
                    0.14%  22.646us         3  7.5480us  7.3250us  7.9320us  fused_add_kernel0
                    0.13%  22.039us         1  22.039us  22.039us  22.039us  fused_multiply_5_kernel0
                    0.13%  21.434us        12  1.7860us  1.6950us  2.2070us  fused_add_18_kernel0
                    0.13%  21.175us        12  1.7640us  1.3760us  2.1110us  fused_negative_4_kernel0
                    0.13%  21.142us         3  7.0470us  6.8130us  7.4210us  fused_nn_relu_kernel0
                    0.12%  20.056us        12  1.6710us  1.4710us  2.2070us  fused_sqrt_4_kernel0
                    0.12%  19.959us         1  19.959us  19.959us  19.959us  fused_nn_softmax_kernel0
                    0.12%  19.350us        12  1.6120us  1.5350us  2.2070us  fused_divide_4_kernel0
                    0.11%  18.232us        12  1.5190us  1.4070us  1.8870us  fused_add_19_kernel0
                    0.07%  12.218us         8  1.5270us  1.2150us  1.8550us  fused_multiply_13_kernel0
                    0.07%  12.189us         8  1.5230us  1.3430us  1.8230us  fused_multiply_12_kernel0
                    0.06%  10.234us         8  1.2790us  1.1830us  1.6640us  fused_expand_dims_3_kernel0
                    0.06%  10.107us         8  1.2630us  1.1830us  1.6630us  fused_expand_dims_2_kernel0
                    0.06%  9.8520us         1  9.8520us  9.8520us  9.8520us  fused_multiply_3_kernel0
                    0.05%  8.8590us         6  1.4760us  1.2470us  1.8560us  fused_multiply_15_kernel0
                    0.05%  8.1580us         4  2.0390us  1.4070us  3.2310us  fused_multiply_10_kernel0
                    0.05%  8.0600us         1  8.0600us  8.0600us  8.0600us  fused_add_3_kernel0
                    0.05%  7.9650us         6  1.3270us  1.2160us  1.7590us  fused_expand_dims_5_kernel0
                    0.05%  7.9650us         1  7.9650us  7.9650us  7.9650us  fused_nn_global_avg_pool2d_kernel0
                    0.05%  7.6780us         4  1.9190us  1.6960us  2.1440us  fused_add_16_kernel0
                    0.05%  7.5800us         4  1.8950us  1.5670us  2.2390us  fused_negative_3_kernel0
                    0.05%  7.5160us         4  1.8790us  1.7590us  2.2070us  fused_divide_3_kernel0
                    0.05%  7.4530us         1  7.4530us  7.4530us  7.4530us  fused_nn_relu_3_kernel0
                    0.04%  7.3570us         4  1.8390us  1.4710us  2.1750us  fused_sqrt_3_kernel0
                    0.04%  7.2600us         4  1.8150us  1.6630us  2.1750us  fused_add_14_kernel0
                    0.04%  7.0400us         4  1.7600us  1.6000us  2.1120us  fused_negative_2_kernel0
                    0.04%  6.8120us         4  1.7030us  1.4390us  2.1750us  fused_sqrt_2_kernel0
                    0.04%  6.6840us         4  1.6710us  1.5030us  2.1750us  fused_divide_2_kernel0
                    0.04%  6.1740us         4  1.5430us  1.3750us  1.8550us  fused_add_15_kernel0
                    0.04%  6.1090us         4  1.5270us  1.3430us  1.7910us  fused_multiply_11_kernel0
                    0.04%  6.0770us         4  1.5190us  1.3750us  1.8550us  fused_add_17_kernel0
                    0.04%  6.0130us         1  6.0130us  6.0130us  6.0130us  fused_nn_softmax_kernel3
                    0.03%  5.6930us         4  1.4230us  1.2470us  1.7270us  fused_expand_dims_kernel0
                    0.03%  5.4050us         3  1.8010us  1.4070us  2.3030us  fused_add_20_kernel0
                    0.03%  5.3090us         3  1.7690us  1.5350us  2.2390us  fused_divide_5_kernel0
                    0.03%  5.2150us         4  1.3030us  1.1520us  1.6640us  fused_expand_dims_1_kernel0
                    0.03%  5.2130us         3  1.7370us  1.4710us  2.2710us  fused_sqrt_5_kernel0
                    0.03%  5.0860us         1  5.0860us  5.0860us  5.0860us  fused_add_1_kernel0
                    0.03%  5.0530us         3  1.6840us  1.4390us  2.0470us  fused_add_21_kernel0
                    0.03%  4.9580us         1  4.9580us  4.9580us  4.9580us  fused_multiply_1_kernel0
                    0.03%  4.8290us         3  1.6090us  1.4710us  1.8230us  fused_negative_5_kernel0
                    0.03%  4.6700us         1  4.6700us  4.6700us  4.6700us  fused_nn_relu_1_kernel0
                    0.02%  4.0300us         2  2.0150us  1.7590us  2.2710us  fused_divide_kernel0
                    0.02%  3.9980us         2  1.9990us  1.8550us  2.1430us  fused_sqrt_kernel0
                    0.02%  3.9660us         2  1.9830us  1.8870us  2.0790us  fused_add_10_kernel0
                    0.02%  3.8710us         2  1.9350us  1.7270us  2.1440us  fused_sqrt_1_kernel0
                    0.02%  3.7750us         2  1.8870us  1.6960us  2.0790us  fused_negative_kernel0
                    0.02%  3.7430us         2  1.8710us  1.6640us  2.0790us  fused_negative_1_kernel0
                    0.02%  3.7100us         2  1.8550us  1.6310us  2.0790us  fused_add_12_kernel0
                    0.02%  3.6780us         2  1.8390us  1.4710us  2.2070us  fused_divide_1_kernel0
                    0.02%  3.6460us         1  3.6460us  3.6460us  3.6460us  fused_nn_softmax_kernel2
                    0.02%  3.2310us         2  1.6150us  1.4080us  1.8230us  fused_add_11_kernel0
                    0.02%  3.1350us         2  1.5670us  1.3440us  1.7910us  fused_add_13_kernel0
                    0.01%  1.6630us         1  1.6630us  1.6630us  1.6630us  fused_nn_batch_flatten_kernel0
                    0.01%  1.5990us         1  1.5990us  1.5990us  1.5990us  [CUDA memcpy DtoH]
      API calls:   66.92%  328.72ms         1  328.72ms  328.72ms  328.72ms  cuModuleLoadData
                   28.63%  140.62ms       201  699.61us  1.8310us  139.20ms  cudaMalloc
                    3.17%  15.597ms       192  81.233us  5.7410us  8.3777ms  cudaMemcpy
                    0.44%  2.1534ms         1  2.1534ms  2.1534ms  2.1534ms  cuModuleUnload
                    0.35%  1.7035ms       201  8.4750us  2.7040us  186.88us  cudaFree
                    0.28%  1.3722ms       358  3.8330us  3.2260us  21.763us  cuLaunchKernel
                    0.10%  496.12us       950     522ns     323ns  8.6640us  cudaSetDevice
                    0.06%  293.05us        97  3.0210us     186ns  172.85us  cuDeviceGetAttribute
                    0.03%  124.87us       358     348ns     294ns  1.7070us  cudaGetDevice
                    0.02%  74.318us         1  74.318us  74.318us  74.318us  cuDeviceTotalMem
                    0.01%  45.637us         1  45.637us  45.637us  45.637us  cuDeviceGetName
                    0.01%  32.868us        98     335ns     275ns     822ns  cuModuleGetFunction
                    0.00%  3.6790us         1  3.6790us  3.6790us  3.6790us  cuDeviceGetPCIBusId
                    0.00%  2.6130us         3     871ns     563ns  1.0400us  cudaDeviceGetAttribute
                    0.00%  1.2620us         2     631ns     257ns  1.0050us  cuDeviceGetCount
                    0.00%     770ns         2     385ns     231ns     539ns  cuDeviceGet
                    0.00%     399ns         1     399ns     399ns     399ns  cuDeviceGetUuid
