==3762== NVPROF is profiling process 3762, command: python3 /home/wml/tvm/tutorials/relay_test_net.py
==3762== Profiling application: python3 /home/wml/tvm/tutorials/relay_test_net.py
==3762== Profiling result:
            Type  Time(%)      Time     Calls       Avg       Min       Max  Name
 GPU activities:   34.54%  5.7584ms       191  30.148us     868ns  1.3587ms  [CUDA memcpy HtoD]
                   18.03%  3.0059ms         5  601.18us  590.91us  614.76us  fused_nn_conv2d_4_kernel0
                    5.21%  868.34us         1  868.34us  868.34us  868.34us  fused_nn_conv2d_kernel0
                    2.56%  427.39us         1  427.39us  427.39us  427.39us  fused_nn_conv2d_2_kernel0
                    2.37%  395.40us         1  395.40us  395.40us  395.40us  fused_nn_conv2d_8_kernel0
                    1.94%  323.31us         1  323.31us  323.31us  323.31us  fused_nn_conv2d_12_kernel0
                    1.77%  294.57us         1  294.57us  294.57us  294.57us  fused_nn_conv2d_6_kernel0
                    1.69%  282.10us         3  94.032us  93.861us  94.118us  fused_add_6_kernel0
                    1.69%  280.94us         3  93.646us  93.218us  94.022us  fused_nn_relu_6_kernel0
                    1.67%  278.40us         3  92.800us  91.997us  93.378us  fused_multiply_6_kernel0
                    1.62%  270.24us        11  24.567us  24.204us  24.976us  fused_add_2_kernel0
                    1.62%  269.82us        11  24.528us  23.915us  25.586us  fused_nn_relu_2_kernel0
                    1.51%  251.98us        11  22.907us  20.347us  25.522us  fused_multiply_2_kernel0
                    1.25%  208.55us         1  208.55us  208.55us  208.55us  fused_nn_conv2d_16_kernel0
                    1.17%  195.24us         1  195.24us  195.24us  195.24us  fused_nn_conv2d_10_kernel0
                    1.13%  188.40us         2  94.198us  94.118us  94.279us  fused_nn_relu_9_kernel0
                    1.13%  188.36us         2  94.181us  93.603us  94.760us  fused_add_9_kernel0
                    1.12%  187.40us         2  93.700us  93.443us  93.958us  fused_multiply_9_kernel0
                    1.12%  186.79us         1  186.79us  186.79us  186.79us  fused_nn_relu_8_kernel0
                    1.12%  186.50us         1  186.50us  186.50us  186.50us  fused_add_8_kernel0
                    1.11%  185.05us         1  185.05us  185.05us  185.05us  fused_multiply_8_kernel0
                    1.07%  178.05us         5  35.609us  35.165us  36.098us  fused_nn_conv2d_5_kernel0
                    0.98%  162.65us         1  162.65us  162.65us  162.65us  fused_nn_conv2d_14_kernel0
                    0.87%  144.68us         1  144.68us  144.68us  144.68us  fused_nn_conv2d_15_kernel0
                    0.86%  143.30us         3  47.766us  47.220us  48.120us  fused_add_4_kernel0
                    0.85%  141.14us         3  47.048us  46.834us  47.316us  fused_nn_relu_4_kernel0
                    0.84%  139.44us         3  46.480us  45.195us  47.251us  fused_multiply_4_kernel0
                    0.75%  124.21us         1  124.21us  124.21us  124.21us  fused_nn_dense_kernel0
                    0.74%  122.57us         1  122.57us  122.57us  122.57us  fused_nn_conv2d_18_kernel0
                    0.70%  116.68us         1  116.68us  116.68us  116.68us  fused_nn_conv2d_13_kernel0
                    0.65%  108.39us         1  108.39us  108.39us  108.39us  fused_nn_conv2d_17_kernel0
                    0.51%  84.892us         1  84.892us  84.892us  84.892us  fused_nn_conv2d_11_kernel0
                    0.36%  60.302us         1  60.302us  60.302us  60.302us  fused_nn_conv2d_9_kernel0
                    0.30%  50.274us         1  50.274us  50.274us  50.274us  fused_nn_conv2d_7_kernel0
                    0.29%  48.377us         1  48.377us  48.377us  48.377us  fused_add_7_kernel0
                    0.29%  47.734us         1  47.734us  47.734us  47.734us  fused_nn_relu_7_kernel0
                    0.27%  45.387us         1  45.387us  45.387us  45.387us  fused_multiply_7_kernel0
                    0.23%  37.994us        24  1.5830us  1.2860us  1.8650us  fused_multiply_14_kernel0
                    0.20%  33.045us         1  33.045us  33.045us  33.045us  fused_nn_softmax_kernel1
                    0.18%  30.312us         1  30.312us  30.312us  30.312us  fused_nn_conv2d_3_kernel0
                    0.18%  29.829us        24  1.2420us  1.1890us  1.6710us  fused_expand_dims_4_kernel0
                    0.17%  27.933us         3  9.3110us  7.8110us  10.254us  fused_multiply_kernel0
                    0.17%  27.869us         1  27.869us  27.869us  27.869us  fused_nn_conv2d_1_kernel0
                    0.15%  25.426us         1  25.426us  25.426us  25.426us  fused_add_5_kernel0
                    0.15%  24.911us         1  24.911us  24.911us  24.911us  fused_nn_relu_5_kernel0
                    0.14%  23.112us         3  7.7040us  7.4570us  8.1330us  fused_add_kernel0
                    0.13%  22.083us         1  22.083us  22.083us  22.083us  fused_multiply_5_kernel0
                    0.13%  21.666us        12  1.8050us  1.5430us  2.2500us  fused_negative_4_kernel0
                    0.13%  21.536us         3  7.1780us  6.9750us  7.5860us  fused_nn_relu_kernel0
                    0.13%  21.378us        12  1.7810us  1.7040us  2.1860us  fused_add_18_kernel0
                    0.12%  19.897us         1  19.897us  19.897us  19.897us  fused_nn_softmax_kernel0
                    0.12%  19.252us        12  1.6040us  1.5420us  2.2820us  fused_divide_4_kernel0
                    0.11%  18.711us        12  1.5590us  1.4790us  2.2180us  fused_sqrt_4_kernel0
                    0.11%  18.644us        12  1.5530us  1.4470us  1.9610us  fused_add_19_kernel0
                    0.08%  13.436us         8  1.6790us  1.2220us  1.9280us  fused_multiply_13_kernel0
                    0.08%  12.828us         8  1.6030us  1.5110us  1.8010us  fused_multiply_12_kernel0
                    0.07%  11.958us         4  2.9890us  1.4780us  7.5220us  fused_divide_2_kernel0
                    0.07%  11.315us         8  1.4140us  1.1890us  1.7360us  fused_expand_dims_3_kernel0
                    0.06%  10.737us         8  1.3420us  1.1900us  1.6720us  fused_expand_dims_2_kernel0
                    0.06%  10.158us         1  10.158us  10.158us  10.158us  fused_multiply_3_kernel0
                    0.06%  9.7410us         4  2.4350us  1.4470us  5.2080us  fused_sqrt_2_kernel0
                    0.05%  8.7450us         6  1.4570us  1.2540us  1.9290us  fused_multiply_15_kernel0
                    0.05%  8.7430us         1  8.7430us  8.7430us  8.7430us  fused_nn_global_avg_pool2d_kernel0
                    0.05%  8.4550us         4  2.1130us  1.8970us  2.2180us  fused_sqrt_3_kernel0
                    0.05%  8.0690us         4  2.0170us  1.9610us  2.1860us  fused_add_16_kernel0
                    0.05%  8.0360us         1  8.0360us  8.0360us  8.0360us  fused_add_3_kernel0
                    0.05%  7.7790us         4  1.9440us  1.8000us  2.3150us  fused_divide_3_kernel0
                    0.05%  7.7470us         6  1.2910us  1.1890us  1.7030us  fused_expand_dims_5_kernel0
                    0.05%  7.5210us         1  7.5210us  7.5210us  7.5210us  fused_nn_relu_3_kernel0
                    0.05%  7.5210us         4  1.8800us  1.7040us  2.1210us  fused_add_14_kernel0
                    0.04%  7.4560us         4  1.8640us  1.5750us  2.1210us  fused_negative_3_kernel0
                    0.04%  7.2330us         4  1.8080us  1.6390us  2.1860us  fused_negative_2_kernel0
                    0.04%  6.6520us         4  1.6630us  1.3820us  1.8320us  fused_multiply_10_kernel0
                    0.04%  6.4920us         4  1.6230us  1.4140us  1.8960us  fused_add_17_kernel0
                    0.04%  6.4600us         4  1.6150us  1.4780us  1.7680us  fused_multiply_11_kernel0
                    0.04%  6.2030us         4  1.5500us  1.3820us  1.8640us  fused_add_15_kernel0
                    0.04%  6.0430us         1  6.0430us  6.0430us  6.0430us  fused_nn_softmax_kernel3
                    0.03%  5.7850us         3  1.9280us  1.6070us  2.2820us  fused_sqrt_5_kernel0
                    0.03%  5.4650us         3  1.8210us  1.3830us  2.1860us  fused_add_20_kernel0
                    0.03%  5.4640us         4  1.3660us  1.2540us  1.6390us  fused_expand_dims_kernel0
                    0.03%  5.3680us         3  1.7890us  1.5430us  2.2500us  fused_divide_5_kernel0
                    0.03%  5.1430us         4  1.2850us  1.1570us  1.6390us  fused_expand_dims_1_kernel0
                    0.03%  5.0790us         3  1.6930us  1.4780us  2.0580us  fused_add_21_kernel0
                    0.03%  4.9510us         1  4.9510us  4.9510us  4.9510us  fused_add_1_kernel0
                    0.03%  4.9510us         3  1.6500us  1.4470us  1.9610us  fused_negative_5_kernel0
                    0.03%  4.9500us         1  4.9500us  4.9500us  4.9500us  fused_multiply_1_kernel0
                    0.03%  4.7570us         1  4.7570us  4.7570us  4.7570us  fused_nn_relu_1_kernel0
                    0.03%  4.2110us         2  2.1050us  2.0890us  2.1220us  fused_negative_kernel0
                    0.02%  4.0830us         2  2.0410us  1.9290us  2.1540us  fused_negative_1_kernel0
                    0.02%  4.0820us         2  2.0410us  1.7030us  2.3790us  fused_sqrt_kernel0
                    0.02%  3.9860us         2  1.9930us  1.8330us  2.1530us  fused_sqrt_1_kernel0
                    0.02%  3.9850us         2  1.9920us  1.7030us  2.2820us  fused_divide_kernel0
                    0.02%  3.8900us         2  1.9450us  1.6720us  2.2180us  fused_divide_1_kernel0
                    0.02%  3.7930us         2  1.8960us  1.7030us  2.0900us  fused_add_10_kernel0
                    0.02%  3.7930us         2  1.8960us  1.6720us  2.1210us  fused_add_12_kernel0
                    0.02%  3.6970us         1  3.6970us  3.6970us  3.6970us  fused_nn_softmax_kernel2
                    0.02%  3.4720us         2  1.7360us  1.5430us  1.9290us  fused_add_11_kernel0
                    0.02%  3.1510us         2  1.5750us  1.3510us  1.8000us  fused_add_13_kernel0
                    0.01%  1.6720us         1  1.6720us  1.6720us  1.6720us  fused_nn_batch_flatten_kernel0
                    0.01%  1.6070us         1  1.6070us  1.6070us  1.6070us  [CUDA memcpy DtoH]
      API calls:   67.62%  329.67ms         1  329.67ms  329.67ms  329.67ms  cuModuleLoadData
                   27.86%  135.81ms       201  675.68us  1.7970us  134.40ms  cudaMalloc
                    3.27%  15.928ms       192  82.959us  6.3860us  8.4973ms  cudaMemcpy
                    0.44%  2.1466ms         1  2.1466ms  2.1466ms  2.1466ms  cuModuleUnload
                    0.33%  1.6119ms       201  8.0190us  2.6580us  166.37us  cudaFree
                    0.28%  1.3682ms       358  3.8210us  3.1900us  28.417us  cuLaunchKernel
                    0.10%  506.32us       950     532ns     319ns  11.776us  cudaSetDevice
                    0.04%  198.01us        97  2.0410us     232ns  81.976us  cuDeviceGetAttribute
                    0.03%  128.39us       358     358ns     298ns  1.6870us  cudaGetDevice
                    0.02%  87.794us         1  87.794us  87.794us  87.794us  cuDeviceTotalMem
                    0.01%  48.228us         1  48.228us  48.228us  48.228us  cuDeviceGetName
                    0.01%  40.947us        98     417ns     274ns  1.6900us  cuModuleGetFunction
                    0.00%  4.7810us         1  4.7810us  4.7810us  4.7810us  cuDeviceGetPCIBusId
                    0.00%  3.4320us         3  1.1440us     647ns  1.4780us  cudaDeviceGetAttribute
                    0.00%  2.2540us         2  1.1270us     308ns  1.9460us  cuDeviceGetCount
                    0.00%     987ns         2     493ns     275ns     712ns  cuDeviceGet
                    0.00%     528ns         1     528ns     528ns     528ns  cuDeviceGetUuid
