==3489== NVPROF is profiling process 3489, command: python3 /home/wml/tvm/tutorials/relay_test_net.py
==3489== Profiling application: python3 /home/wml/tvm/tutorials/relay_test_net.py
==3489== Profiling result:
            Type  Time(%)      Time     Calls       Avg       Min       Max  Name
 GPU activities:   34.64%  5.7019ms       191  29.853us     861ns  1.3407ms  [CUDA memcpy HtoD]
                   18.05%  2.9719ms         5  594.37us  576.09us  609.66us  fused_nn_conv2d_4_kernel0
                    5.24%  862.96us         1  862.96us  862.96us  862.96us  fused_nn_conv2d_kernel0
                    2.40%  395.37us         1  395.37us  395.37us  395.37us  fused_nn_conv2d_2_kernel0
                    2.38%  392.18us         1  392.18us  392.18us  392.18us  fused_nn_conv2d_8_kernel0
                    1.95%  320.92us         1  320.92us  320.92us  320.92us  fused_nn_conv2d_12_kernel0
                    1.70%  279.81us         3  93.270us  92.579us  93.856us  fused_add_6_kernel0
                    1.70%  279.17us         3  93.057us  92.898us  93.313us  fused_nn_relu_6_kernel0
                    1.68%  277.13us         3  92.377us  91.463us  93.154us  fused_multiply_6_kernel0
                    1.68%  276.75us         1  276.75us  276.75us  276.75us  fused_nn_conv2d_6_kernel0
                    1.63%  267.75us        11  24.340us  23.807us  25.499us  fused_add_2_kernel0
                    1.61%  265.33us        11  24.120us  23.615us  24.892us  fused_nn_relu_2_kernel0
                    1.50%  247.74us        11  22.521us  20.488us  24.700us  fused_multiply_2_kernel0
                    1.29%  211.77us         1  211.77us  211.77us  211.77us  fused_nn_conv2d_16_kernel0
                    1.17%  192.24us         1  192.24us  192.24us  192.24us  fused_nn_conv2d_10_kernel0
                    1.14%  187.01us         2  93.504us  93.504us  93.505us  fused_nn_relu_9_kernel0
                    1.13%  186.44us         2  93.217us  93.153us  93.282us  fused_add_9_kernel0
                    1.13%  185.83us         2  92.914us  92.069us  93.760us  fused_multiply_9_kernel0
                    1.13%  185.57us         1  185.57us  185.57us  185.57us  fused_add_8_kernel0
                    1.12%  185.10us         1  185.10us  185.10us  185.10us  fused_nn_relu_8_kernel0
                    1.12%  184.46us         1  184.46us  184.46us  184.46us  fused_multiply_8_kernel0
                    1.06%  174.47us         5  34.893us  34.115us  36.572us  fused_nn_conv2d_5_kernel0
                    0.97%  159.34us         1  159.34us  159.34us  159.34us  fused_nn_conv2d_14_kernel0
                    0.88%  144.82us         1  144.82us  144.82us  144.82us  fused_nn_conv2d_15_kernel0
                    0.86%  141.50us         3  47.167us  46.784us  47.614us  fused_nn_relu_4_kernel0
                    0.86%  141.50us         3  47.167us  47.040us  47.358us  fused_add_4_kernel0
                    0.84%  138.02us         3  46.007us  44.966us  46.688us  fused_multiply_4_kernel0
                    0.75%  123.41us         1  123.41us  123.41us  123.41us  fused_nn_dense_kernel0
                    0.74%  121.11us         1  121.11us  121.11us  121.11us  fused_nn_conv2d_18_kernel0
                    0.70%  115.43us         1  115.43us  115.43us  115.43us  fused_nn_conv2d_13_kernel0
                    0.65%  106.30us         1  106.30us  106.30us  106.30us  fused_nn_conv2d_17_kernel0
                    0.52%  85.080us         1  85.080us  85.080us  85.080us  fused_nn_conv2d_11_kernel0
                    0.36%  59.230us         1  59.230us  59.230us  59.230us  fused_nn_conv2d_9_kernel0
                    0.31%  51.029us         1  51.029us  51.029us  51.029us  fused_nn_conv2d_7_kernel0
                    0.29%  47.997us         1  47.997us  47.997us  47.997us  fused_nn_relu_7_kernel0
                    0.29%  47.710us         1  47.710us  47.710us  47.710us  fused_add_7_kernel0
                    0.27%  45.029us         1  45.029us  45.029us  45.029us  fused_multiply_7_kernel0
                    0.23%  38.235us        24  1.5930us  1.2450us  1.8510us  fused_multiply_14_kernel0
                    0.20%  32.583us         1  32.583us  32.583us  32.583us  fused_nn_softmax_kernel1
                    0.18%  29.811us        24  1.2420us  1.2120us  1.6920us  fused_expand_dims_4_kernel0
                    0.18%  29.232us         1  29.232us  29.232us  29.232us  fused_nn_conv2d_3_kernel0
                    0.17%  27.573us         1  27.573us  27.573us  27.573us  fused_nn_conv2d_1_kernel0
                    0.17%  27.478us         3  9.1590us  7.6910us  10.308us  fused_multiply_kernel0
                    0.15%  24.637us         1  24.637us  24.637us  24.637us  fused_add_5_kernel0
                    0.15%  24.604us         1  24.604us  24.604us  24.604us  fused_nn_relu_5_kernel0
                    0.14%  22.851us         3  7.6170us  7.4040us  8.0430us  fused_add_kernel0
                    0.14%  22.403us         1  22.403us  22.403us  22.403us  fused_multiply_5_kernel0
                    0.14%  22.402us        12  1.8660us  1.7230us  2.2660us  fused_add_18_kernel0
                    0.13%  21.159us        12  1.7630us  1.4360us  2.2020us  fused_negative_4_kernel0
                    0.13%  21.096us         3  7.0320us  6.8300us  7.4040us  fused_nn_relu_kernel0
                    0.12%  20.361us        12  1.6960us  1.5000us  2.2340us  fused_divide_4_kernel0
                    0.12%  19.754us         1  19.754us  19.754us  19.754us  fused_nn_softmax_kernel0
                    0.11%  18.734us        12  1.5610us  1.4680us  2.1700us  fused_sqrt_4_kernel0
                    0.11%  18.126us        12  1.5100us  1.4360us  1.8830us  fused_add_19_kernel0
                    0.07%  12.126us         8  1.5150us  1.2450us  1.8190us  fused_multiply_13_kernel0
                    0.07%  11.808us         8  1.4760us  1.3400us  1.8190us  fused_multiply_12_kernel0
                    0.07%  10.787us         1  10.787us  10.787us  10.787us  fused_multiply_3_kernel0
                    0.06%  10.211us         8  1.2760us  1.2120us  1.6600us  fused_expand_dims_3_kernel0
                    0.06%  10.117us         8  1.2640us  1.1810us  1.6270us  fused_expand_dims_2_kernel0
                    0.05%  8.7120us         6  1.4520us  1.2440us  1.8830us  fused_multiply_15_kernel0
                    0.05%  8.2670us         6  1.3770us  1.2130us  1.6920us  fused_expand_dims_5_kernel0
                    0.05%  8.1690us         1  8.1690us  8.1690us  8.1690us  fused_nn_global_avg_pool2d_kernel0
                    0.05%  7.9780us         4  1.9940us  1.9150us  2.1700us  fused_add_14_kernel0
                    0.05%  7.8510us         1  7.8510us  7.8510us  7.8510us  fused_add_3_kernel0
                    0.05%  7.7550us         4  1.9380us  1.8190us  2.1380us  fused_add_16_kernel0
                    0.05%  7.5310us         4  1.8820us  1.6590us  2.1380us  fused_negative_3_kernel0
                    0.05%  7.4360us         4  1.8590us  1.7230us  2.2020us  fused_divide_2_kernel0
                    0.05%  7.4350us         4  1.8580us  1.7550us  2.1700us  fused_divide_3_kernel0
                    0.04%  7.3400us         4  1.8350us  1.7230us  2.1700us  fused_sqrt_2_kernel0
                    0.04%  7.3080us         1  7.3080us  7.3080us  7.3080us  fused_nn_relu_3_kernel0
                    0.04%  7.1820us         4  1.7950us  1.6600us  2.0750us  fused_negative_2_kernel0
                    0.04%  6.6700us         4  1.6670us  1.5320us  1.7870us  fused_add_15_kernel0
                    0.04%  6.6060us         4  1.6510us  1.4360us  2.2020us  fused_sqrt_3_kernel0
                    0.04%  6.5750us         4  1.6430us  1.3730us  1.7880us  fused_multiply_10_kernel0
                    0.04%  6.2540us         4  1.5630us  1.4040us  1.8510us  fused_add_17_kernel0
                    0.04%  6.0950us         4  1.5230us  1.3400us  1.7870us  fused_multiply_11_kernel0
                    0.04%  5.9680us         1  5.9680us  5.9680us  5.9680us  fused_nn_softmax_kernel3
                    0.03%  5.6170us         3  1.8720us  1.7230us  2.1700us  fused_add_20_kernel0
                    0.03%  5.4890us         3  1.8290us  1.5320us  2.2970us  fused_divide_5_kernel0
                    0.03%  5.3940us         4  1.3480us  1.2440us  1.6280us  fused_expand_dims_kernel0
                    0.03%  5.2650us         3  1.7550us  1.5640us  2.0100us  fused_add_21_kernel0
                    0.03%  5.2330us         4  1.3080us  1.1800us  1.6280us  fused_expand_dims_1_kernel0
                    0.03%  5.1700us         3  1.7230us  1.4680us  2.2020us  fused_sqrt_5_kernel0
                    0.03%  4.9150us         1  4.9150us  4.9150us  4.9150us  fused_add_1_kernel0
                    0.03%  4.8830us         1  4.8830us  4.8830us  4.8830us  fused_multiply_1_kernel0
                    0.03%  4.8180us         3  1.6060us  1.4360us  1.8500us  fused_negative_5_kernel0
                    0.03%  4.6270us         1  4.6270us  4.6270us  4.6270us  fused_nn_relu_1_kernel0
                    0.03%  4.2120us         2  2.1060us  2.1060us  2.1060us  fused_add_10_kernel0
                    0.02%  3.9890us         2  1.9940us  1.8510us  2.1380us  fused_negative_kernel0
                    0.02%  3.9570us         2  1.9780us  1.6910us  2.2660us  fused_sqrt_kernel0
                    0.02%  3.8930us         2  1.9460us  1.8190us  2.0740us  fused_negative_1_kernel0
                    0.02%  3.8290us         2  1.9140us  1.6910us  2.1380us  fused_sqrt_1_kernel0
                    0.02%  3.7980us         2  1.8990us  1.6600us  2.1380us  fused_add_12_kernel0
                    0.02%  3.7660us         1  3.7660us  3.7660us  3.7660us  fused_nn_softmax_kernel2
                    0.02%  3.7650us         2  1.8820us  1.5310us  2.2340us  fused_divide_kernel0
                    0.02%  3.6060us         2  1.8030us  1.4360us  2.1700us  fused_divide_1_kernel0
                    0.02%  3.2550us         2  1.6270us  1.4040us  1.8510us  fused_add_11_kernel0
                    0.02%  3.0960us         2  1.5480us  1.3410us  1.7550us  fused_add_13_kernel0
                    0.01%  1.6920us         1  1.6920us  1.6920us  1.6920us  fused_nn_batch_flatten_kernel0
                    0.01%  1.5950us         1  1.5950us  1.5950us  1.5950us  [CUDA memcpy DtoH]
      API calls:   66.80%  328.86ms         1  328.86ms  328.86ms  328.86ms  cuModuleLoadData
                   28.28%  139.24ms       201  692.76us  2.7670us  137.82ms  cudaMalloc
                    3.18%  15.646ms       192  81.491us  5.9200us  8.3873ms  cudaMemcpy
                    0.64%  3.1590ms         1  3.1590ms  3.1590ms  3.1590ms  cuModuleUnload
                    0.59%  2.9241ms       201  14.547us  2.7200us  1.3851ms  cudaFree
                    0.28%  1.3587ms       358  3.7950us  3.1400us  28.734us  cuLaunchKernel
                    0.10%  481.07us       950     506ns     311ns  9.8800us  cudaSetDevice
                    0.06%  315.11us        97  3.2480us     220ns  184.69us  cuDeviceGetAttribute
                    0.03%  127.68us       358     356ns     296ns  1.8210us  cudaGetDevice
                    0.02%  85.035us         1  85.035us  85.035us  85.035us  cuDeviceTotalMem
                    0.01%  47.962us         1  47.962us  47.962us  47.962us  cuDeviceGetName
                    0.01%  37.422us        98     381ns     262ns  1.7140us  cuModuleGetFunction
                    0.00%  4.6370us         1  4.6370us  4.6370us  4.6370us  cuDeviceGetPCIBusId
                    0.00%  3.2120us         3  1.0700us     642ns  1.3020us  cudaDeviceGetAttribute
                    0.00%  1.2390us         2     619ns     288ns     951ns  cuDeviceGetCount
                    0.00%     941ns         2     470ns     264ns     677ns  cuDeviceGet
                    0.00%     445ns         1     445ns     445ns     445ns  cuDeviceGetUuid
