==3625== NVPROF is profiling process 3625, command: python3 /home/wml/tvm/tutorials/relay_test_net.py
==3625== Profiling application: python3 /home/wml/tvm/tutorials/relay_test_net.py
==3625== Profiling result:
            Type  Time(%)      Time     Calls       Avg       Min       Max  Name
 GPU activities:   34.65%  5.7132ms       191  29.911us     863ns  1.3423ms  [CUDA memcpy HtoD]
                   17.96%  2.9613ms         5  592.26us  579.57us  601.90us  fused_nn_conv2d_4_kernel0
                    5.20%  857.99us         1  857.99us  857.99us  857.99us  fused_nn_conv2d_kernel0
                    2.49%  411.12us         1  411.12us  411.12us  411.12us  fused_nn_conv2d_2_kernel0
                    2.38%  391.67us         1  391.67us  391.67us  391.67us  fused_nn_conv2d_8_kernel0
                    1.95%  321.37us         1  321.37us  321.37us  321.37us  fused_nn_conv2d_12_kernel0
                    1.76%  290.67us         1  290.67us  290.67us  290.67us  fused_nn_conv2d_6_kernel0
                    1.70%  280.30us         3  93.434us  92.912us  93.839us  fused_add_6_kernel0
                    1.69%  279.12us         3  93.039us  92.560us  93.583us  fused_nn_relu_6_kernel0
                    1.68%  276.43us         3  92.144us  91.153us  92.688us  fused_multiply_6_kernel0
                    1.63%  269.14us        11  24.467us  23.924us  25.843us  fused_add_2_kernel0
                    1.61%  265.37us        11  24.124us  23.924us  24.532us  fused_nn_relu_2_kernel0
                    1.50%  247.59us        11  22.507us  20.150us  24.563us  fused_multiply_2_kernel0
                    1.20%  197.66us         1  197.66us  197.66us  197.66us  fused_nn_conv2d_16_kernel0
                    1.14%  188.03us         2  94.015us  93.871us  94.160us  fused_add_9_kernel0
                    1.13%  186.56us         2  93.280us  92.976us  93.584us  fused_nn_relu_9_kernel0
                    1.13%  186.43us         2  93.215us  92.592us  93.839us  fused_multiply_9_kernel0
                    1.13%  185.63us         1  185.63us  185.63us  185.63us  fused_add_8_kernel0
                    1.12%  184.93us         1  184.93us  184.93us  184.93us  fused_nn_relu_8_kernel0
                    1.12%  184.23us         1  184.23us  184.23us  184.23us  fused_multiply_8_kernel0
                    1.11%  183.59us         1  183.59us  183.59us  183.59us  fused_nn_conv2d_10_kernel0
                    1.06%  175.40us         5  35.079us  34.862us  35.278us  fused_nn_conv2d_5_kernel0
                    1.04%  171.40us         1  171.40us  171.40us  171.40us  fused_nn_conv2d_14_kernel0
                    0.87%  144.18us         1  144.18us  144.18us  144.18us  fused_nn_conv2d_15_kernel0
                    0.86%  142.49us         3  47.495us  47.240us  47.879us  fused_add_4_kernel0
                    0.86%  141.62us         3  47.207us  47.079us  47.335us  fused_nn_relu_4_kernel0
                    0.85%  139.42us         3  46.472us  45.321us  47.207us  fused_multiply_4_kernel0
                    0.76%  125.09us         1  125.09us  125.09us  125.09us  fused_nn_conv2d_18_kernel0
                    0.75%  123.81us         1  123.81us  123.81us  123.81us  fused_nn_dense_kernel0
                    0.70%  115.11us         1  115.11us  115.11us  115.11us  fused_nn_conv2d_13_kernel0
                    0.65%  107.91us         1  107.91us  107.91us  107.91us  fused_nn_conv2d_17_kernel0
                    0.51%  84.180us         1  84.180us  84.180us  84.180us  fused_nn_conv2d_11_kernel0
                    0.36%  59.778us         1  59.778us  59.778us  59.778us  fused_nn_conv2d_9_kernel0
                    0.31%  50.342us         1  50.342us  50.342us  50.342us  fused_nn_conv2d_7_kernel0
                    0.29%  47.783us         1  47.783us  47.783us  47.783us  fused_add_7_kernel0
                    0.29%  47.623us         1  47.623us  47.623us  47.623us  fused_nn_relu_7_kernel0
                    0.27%  45.129us         1  45.129us  45.129us  45.129us  fused_multiply_7_kernel0
                    0.22%  37.035us        24  1.5430us  1.2790us  1.8870us  fused_multiply_14_kernel0
                    0.20%  32.751us         1  32.751us  32.751us  32.751us  fused_nn_softmax_kernel1
                    0.18%  30.095us        24  1.2530us  1.2150us  1.6950us  fused_expand_dims_4_kernel0
                    0.18%  29.681us         1  29.681us  29.681us  29.681us  fused_nn_conv2d_3_kernel0
                    0.17%  27.442us         3  9.1470us  7.9320us  10.011us  fused_multiply_kernel0
                    0.17%  27.345us         1  27.345us  27.345us  27.345us  fused_nn_conv2d_1_kernel0
                    0.15%  24.723us         1  24.723us  24.723us  24.723us  fused_add_5_kernel0
                    0.15%  24.340us         1  24.340us  24.340us  24.340us  fused_nn_relu_5_kernel0
                    0.14%  22.741us         3  7.5800us  7.3880us  7.9000us  fused_add_kernel0
                    0.14%  22.580us         1  22.580us  22.580us  22.580us  fused_multiply_5_kernel0
                    0.13%  21.495us        12  1.7910us  1.6950us  2.1750us  fused_add_18_kernel0
                    0.13%  21.334us        12  1.7770us  1.4070us  2.2070us  fused_negative_4_kernel0
                    0.13%  21.301us         3  7.1000us  6.8760us  7.5480us  fused_nn_relu_kernel0
                    0.12%  19.894us         1  19.894us  19.894us  19.894us  fused_nn_softmax_kernel0
                    0.12%  19.031us        12  1.5850us  1.5030us  2.2060us  fused_divide_4_kernel0
                    0.11%  18.649us        12  1.5540us  1.4710us  2.2070us  fused_sqrt_4_kernel0
                    0.11%  18.261us        12  1.5210us  1.4070us  2.0150us  fused_add_19_kernel0
                    0.09%  15.064us         8  1.8830us  1.1830us  6.2370us  fused_expand_dims_2_kernel0
                    0.07%  12.218us         8  1.5270us  1.3440us  1.8230us  fused_multiply_12_kernel0
                    0.07%  11.994us         8  1.4990us  1.2470us  1.8550us  fused_multiply_13_kernel0
                    0.06%  10.363us         1  10.363us  10.363us  10.363us  fused_multiply_3_kernel0
                    0.06%  10.107us         8  1.2630us  1.1840us  1.6630us  fused_expand_dims_3_kernel0
                    0.05%  8.6680us         6  1.4440us  1.2470us  1.8870us  fused_multiply_15_kernel0
                    0.05%  8.4110us         1  8.4110us  8.4110us  8.4110us  fused_nn_global_avg_pool2d_kernel0
                    0.05%  7.9630us         1  7.9630us  7.9630us  7.9630us  fused_add_3_kernel0
                    0.05%  7.8030us         6  1.3000us  1.1830us  1.6630us  fused_expand_dims_5_kernel0
                    0.05%  7.7710us         4  1.9420us  1.8230us  2.2060us  fused_add_14_kernel0
                    0.05%  7.5800us         1  7.5800us  7.5800us  7.5800us  fused_nn_relu_3_kernel0
                    0.05%  7.4850us         4  1.8710us  1.2470us  3.3270us  fused_expand_dims_kernel0
                    0.04%  7.2910us         4  1.8220us  1.6950us  2.1740us  fused_add_16_kernel0
                    0.04%  7.1960us         4  1.7990us  1.6630us  2.1110us  fused_negative_2_kernel0
                    0.04%  6.8440us         4  1.7110us  1.3750us  2.1110us  fused_negative_3_kernel0
                    0.04%  6.8120us         4  1.7030us  1.5030us  1.7910us  fused_multiply_10_kernel0
                    0.04%  6.7160us         4  1.6790us  1.4710us  2.2070us  fused_divide_3_kernel0
                    0.04%  6.6530us         4  1.6630us  1.4710us  2.1750us  fused_divide_2_kernel0
                    0.04%  6.6200us         4  1.6550us  1.4710us  2.1750us  fused_sqrt_2_kernel0
                    0.04%  6.5570us         4  1.6390us  1.4390us  2.2070us  fused_sqrt_3_kernel0
                    0.04%  6.3640us         4  1.5910us  1.5030us  1.7910us  fused_multiply_11_kernel0
                    0.04%  6.1410us         1  6.1410us  6.1410us  6.1410us  fused_nn_softmax_kernel3
                    0.04%  6.1410us         4  1.5350us  1.3430us  1.8870us  fused_add_17_kernel0
                    0.04%  5.9170us         4  1.4790us  1.3750us  1.7910us  fused_add_15_kernel0
                    0.03%  5.4050us         3  1.8010us  1.5030us  2.1750us  fused_add_20_kernel0
                    0.03%  5.4050us         3  1.8010us  1.5350us  2.2390us  fused_divide_5_kernel0
                    0.03%  5.2460us         4  1.3110us  1.1830us  1.6640us  fused_expand_dims_1_kernel0
                    0.03%  5.1810us         3  1.7270us  1.4710us  2.2070us  fused_sqrt_5_kernel0
                    0.03%  5.0530us         1  5.0530us  5.0530us  5.0530us  fused_multiply_1_kernel0
                    0.03%  5.0220us         3  1.6740us  1.4390us  2.0790us  fused_add_21_kernel0
                    0.03%  4.9900us         3  1.6630us  1.5670us  1.8560us  fused_negative_5_kernel0
                    0.03%  4.9890us         1  4.9890us  4.9890us  4.9890us  fused_add_1_kernel0
                    0.03%  4.6690us         1  4.6690us  4.6690us  4.6690us  fused_nn_relu_1_kernel0
                    0.02%  3.9670us         2  1.9830us  1.7920us  2.1750us  fused_divide_1_kernel0
                    0.02%  3.9020us         2  1.9510us  1.6950us  2.2070us  fused_negative_kernel0
                    0.02%  3.9020us         2  1.9510us  1.7270us  2.1750us  fused_divide_kernel0
                    0.02%  3.8700us         2  1.9350us  1.6950us  2.1750us  fused_add_12_kernel0
                    0.02%  3.8060us         2  1.9030us  1.6950us  2.1110us  fused_add_10_kernel0
                    0.02%  3.7750us         2  1.8870us  1.6320us  2.1430us  fused_sqrt_kernel0
                    0.02%  3.7750us         2  1.8870us  1.6960us  2.0790us  fused_negative_1_kernel0
                    0.02%  3.7740us         2  1.8870us  1.5990us  2.1750us  fused_sqrt_1_kernel0
                    0.02%  3.5820us         1  3.5820us  3.5820us  3.5820us  fused_nn_softmax_kernel2
                    0.02%  3.4220us         2  1.7110us  1.5990us  1.8230us  fused_add_13_kernel0
                    0.02%  3.2310us         2  1.6150us  1.3760us  1.8550us  fused_add_11_kernel0
                    0.01%  1.6630us         1  1.6630us  1.6630us  1.6630us  [CUDA memcpy DtoH]
                    0.01%  1.6630us         1  1.6630us  1.6630us  1.6630us  fused_nn_batch_flatten_kernel0
      API calls:   67.34%  328.26ms         1  328.26ms  328.26ms  328.26ms  cuModuleLoadData
                   28.18%  137.37ms       201  683.44us  2.7430us  135.95ms  cudaMalloc
                    3.21%  15.638ms       192  81.448us  5.7730us  8.3827ms  cudaMemcpy
                    0.43%  2.0998ms         1  2.0998ms  2.0998ms  2.0998ms  cuModuleUnload
                    0.34%  1.6468ms       201  8.1930us  2.7120us  168.09us  cudaFree
                    0.28%  1.3786ms       358  3.8500us  3.1980us  28.506us  cuLaunchKernel
                    0.09%  459.78us       950     483ns     313ns  11.116us  cudaSetDevice
                    0.07%  320.38us        97  3.3020us     229ns  184.69us  cuDeviceGetAttribute
                    0.03%  122.95us       358     343ns     296ns  1.6870us  cudaGetDevice
                    0.02%  88.735us         1  88.735us  88.735us  88.735us  cuDeviceTotalMem
                    0.01%  51.308us         1  51.308us  51.308us  51.308us  cuDeviceGetName
                    0.01%  32.984us        98     336ns     265ns  1.0190us  cuModuleGetFunction
                    0.00%  3.7000us         1  3.7000us  3.7000us  3.7000us  cuDeviceGetPCIBusId
                    0.00%  3.2300us         3  1.0760us     634ns  1.3360us  cudaDeviceGetAttribute
                    0.00%  1.5660us         2     783ns     295ns  1.2710us  cuDeviceGetCount
                    0.00%  1.1050us         2     552ns     234ns     871ns  cuDeviceGet
                    0.00%     454ns         1     454ns     454ns     454ns  cuDeviceGetUuid
