==3558== NVPROF is profiling process 3558, command: python3 /home/wml/tvm/tutorials/relay_test_net.py
==3558== Profiling application: python3 /home/wml/tvm/tutorials/relay_test_net.py
==3558== Profiling result:
            Type  Time(%)      Time     Calls       Avg       Min       Max  Name
 GPU activities:   34.69%  5.7155ms       191  29.924us     863ns  1.3406ms  [CUDA memcpy HtoD]
                   18.21%  3.0002ms         5  600.04us  582.97us  613.38us  fused_nn_conv2d_4_kernel0
                    5.10%  839.58us         1  839.58us  839.58us  839.58us  fused_nn_conv2d_kernel0
                    2.45%  404.03us         1  404.03us  404.03us  404.03us  fused_nn_conv2d_2_kernel0
                    2.24%  368.76us         1  368.76us  368.76us  368.76us  fused_nn_conv2d_8_kernel0
                    1.94%  319.65us         1  319.65us  319.65us  319.65us  fused_nn_conv2d_12_kernel0
                    1.71%  281.45us         3  93.815us  93.197us  94.285us  fused_nn_relu_6_kernel0
                    1.70%  280.84us         3  93.613us  93.230us  93.965us  fused_add_6_kernel0
                    1.69%  278.89us         1  278.89us  278.89us  278.89us  fused_nn_conv2d_6_kernel0
                    1.68%  277.55us         3  92.515us  92.078us  93.229us  fused_multiply_6_kernel0
                    1.62%  266.83us        11  24.257us  23.818us  25.353us  fused_nn_relu_2_kernel0
                    1.61%  265.08us        11  24.097us  23.755us  24.618us  fused_add_2_kernel0
                    1.50%  247.65us        11  22.513us  20.462us  24.331us  fused_multiply_2_kernel0
                    1.22%  201.39us         1  201.39us  201.39us  201.39us  fused_nn_conv2d_16_kernel0
                    1.19%  195.31us         1  195.31us  195.31us  195.31us  fused_nn_conv2d_10_kernel0
                    1.13%  186.04us         2  93.021us  92.910us  93.133us  fused_multiply_9_kernel0
                    1.13%  185.88us         1  185.88us  185.88us  185.88us  fused_nn_relu_8_kernel0
                    1.13%  185.85us         2  92.925us  92.621us  93.229us  fused_nn_relu_9_kernel0
                    1.13%  185.79us         1  185.79us  185.79us  185.79us  fused_add_8_kernel0
                    1.13%  185.76us         2  92.877us  92.686us  93.069us  fused_add_9_kernel0
                    1.12%  184.48us         1  184.48us  184.48us  184.48us  fused_multiply_8_kernel0
                    1.06%  175.33us         5  35.066us  34.465us  35.680us  fused_nn_conv2d_5_kernel0
                    1.06%  175.17us         1  175.17us  175.17us  175.17us  fused_nn_conv2d_14_kernel0
                    0.87%  142.75us         3  47.584us  47.190us  47.990us  fused_add_4_kernel0
                    0.86%  142.05us         3  47.349us  46.679us  47.765us  fused_nn_relu_4_kernel0
                    0.86%  141.60us         1  141.60us  141.60us  141.60us  fused_nn_conv2d_15_kernel0
                    0.84%  138.63us         3  46.209us  44.824us  47.318us  fused_multiply_4_kernel0
                    0.75%  123.22us         1  123.22us  123.22us  123.22us  fused_nn_dense_kernel0
                    0.71%  116.70us         1  116.70us  116.70us  116.70us  fused_nn_conv2d_18_kernel0
                    0.69%  113.76us         1  113.76us  113.76us  113.76us  fused_nn_conv2d_13_kernel0
                    0.65%  107.39us         1  107.39us  107.39us  107.39us  fused_nn_conv2d_17_kernel0
                    0.51%  83.989us         1  83.989us  83.989us  83.989us  fused_nn_conv2d_11_kernel0
                    0.37%  60.458us         1  60.458us  60.458us  60.458us  fused_nn_conv2d_9_kernel0
                    0.30%  50.132us         1  50.132us  50.132us  50.132us  fused_nn_conv2d_7_kernel0
                    0.29%  47.957us         1  47.957us  47.957us  47.957us  fused_nn_relu_7_kernel0
                    0.29%  47.190us         1  47.190us  47.190us  47.190us  fused_add_7_kernel0
                    0.28%  45.367us         1  45.367us  45.367us  45.367us  fused_multiply_7_kernel0
                    0.22%  36.958us        24  1.5390us  1.2790us  1.8540us  fused_multiply_14_kernel0
                    0.20%  32.355us         1  32.355us  32.355us  32.355us  fused_nn_softmax_kernel1
                    0.18%  30.019us        24  1.2500us  1.2140us  1.6620us  fused_expand_dims_4_kernel0
                    0.18%  29.606us         1  29.606us  29.606us  29.606us  fused_nn_conv2d_3_kernel0
                    0.17%  28.135us         3  9.3780us  7.8970us  10.230us  fused_multiply_kernel0
                    0.16%  27.144us         1  27.144us  27.144us  27.144us  fused_nn_conv2d_1_kernel0
                    0.15%  24.906us         1  24.906us  24.906us  24.906us  fused_add_5_kernel0
                    0.15%  24.298us         1  24.298us  24.298us  24.298us  fused_nn_relu_5_kernel0
                    0.14%  22.829us         3  7.6090us  7.4820us  7.8650us  fused_add_kernel0
                    0.13%  22.060us         1  22.060us  22.060us  22.060us  fused_multiply_5_kernel0
                    0.13%  21.230us        12  1.7690us  1.6940us  2.2060us  fused_add_18_kernel0
                    0.13%  21.070us         3  7.0230us  6.8420us  7.2900us  fused_nn_relu_kernel0
                    0.13%  20.943us        12  1.7450us  1.4070us  2.2700us  fused_negative_4_kernel0
                    0.12%  19.599us         1  19.599us  19.599us  19.599us  fused_nn_softmax_kernel0
                    0.12%  19.085us        12  1.5900us  1.5020us  2.2060us  fused_divide_4_kernel0
                    0.11%  18.575us        12  1.5470us  1.4700us  2.1740us  fused_sqrt_4_kernel0
                    0.11%  18.161us        12  1.5130us  1.4070us  1.9500us  fused_add_19_kernel0
                    0.10%  15.665us         8  1.9580us  1.1830us  6.2990us  fused_expand_dims_2_kernel0
                    0.08%  12.947us         8  1.6180us  1.5020us  1.8550us  fused_multiply_12_kernel0
                    0.07%  12.275us         8  1.5340us  1.2470us  1.7900us  fused_multiply_13_kernel0
                    0.06%  10.519us         1  10.519us  10.519us  10.519us  fused_multiply_3_kernel0
                    0.06%  10.134us         4  2.5330us  1.2140us  6.0100us  fused_expand_dims_kernel0
                    0.06%  10.103us         8  1.2620us  1.1830us  1.6310us  fused_expand_dims_3_kernel0
                    0.06%  9.1130us         6  1.5180us  1.2470us  1.9830us  fused_multiply_15_kernel0
                    0.05%  8.2490us         1  8.2490us  8.2490us  8.2490us  fused_add_3_kernel0
                    0.05%  7.8970us         1  7.8970us  7.8970us  7.8970us  fused_nn_global_avg_pool2d_kernel0
                    0.05%  7.8640us         6  1.3100us  1.2150us  1.6620us  fused_expand_dims_5_kernel0
                    0.05%  7.8640us         4  1.9660us  1.8540us  2.2700us  fused_sqrt_2_kernel0
                    0.05%  7.7680us         4  1.9420us  1.4070us  2.9090us  fused_multiply_10_kernel0
                    0.04%  7.3860us         1  7.3860us  7.3860us  7.3860us  fused_nn_relu_3_kernel0
                    0.04%  7.2250us         4  1.8060us  1.6940us  2.1420us  fused_add_16_kernel0
                    0.04%  7.1940us         4  1.7980us  1.6620us  2.2060us  fused_add_14_kernel0
                    0.04%  7.1930us         4  1.7980us  1.6300us  2.1100us  fused_negative_2_kernel0
                    0.04%  7.1930us         4  1.7980us  1.4700us  2.1740us  fused_sqrt_3_kernel0
                    0.04%  7.0660us         4  1.7660us  1.5030us  2.1750us  fused_negative_3_kernel0
                    0.04%  6.7150us         4  1.6780us  1.5030us  2.2060us  fused_divide_3_kernel0
                    0.04%  6.6820us         4  1.6700us  1.4710us  2.2060us  fused_divide_2_kernel0
                    0.04%  6.2670us         4  1.5660us  1.3750us  1.7900us  fused_multiply_11_kernel0
                    0.04%  6.2360us         4  1.5590us  1.3430us  1.8230us  fused_add_15_kernel0
                    0.04%  6.0740us         4  1.5180us  1.3740us  1.9180us  fused_add_17_kernel0
                    0.04%  5.9140us         1  5.9140us  5.9140us  5.9140us  fused_nn_softmax_kernel3
                    0.03%  5.5950us         3  1.8650us  1.5020us  2.5900us  fused_sqrt_5_kernel0
                    0.03%  5.3060us         3  1.7680us  1.5020us  2.2380us  fused_divide_5_kernel0
                    0.03%  5.2430us         4  1.3100us  1.1510us  1.6300us  fused_expand_dims_1_kernel0
                    0.03%  5.2430us         3  1.7470us  1.4070us  2.1740us  fused_add_20_kernel0
                    0.03%  5.0830us         1  5.0830us  5.0830us  5.0830us  fused_add_1_kernel0
                    0.03%  5.0190us         1  5.0190us  5.0190us  5.0190us  fused_multiply_1_kernel0
                    0.03%  4.9860us         3  1.6620us  1.4380us  2.0140us  fused_add_21_kernel0
                    0.03%  4.9250us         3  1.6410us  1.5030us  1.8550us  fused_negative_5_kernel0
                    0.03%  4.5720us         1  4.5720us  4.5720us  4.5720us  fused_nn_relu_1_kernel0
                    0.03%  4.3480us         2  2.1740us  2.1420us  2.2060us  fused_divide_1_kernel0
                    0.02%  4.0290us         2  2.0140us  1.8870us  2.1420us  fused_sqrt_kernel0
                    0.02%  3.9950us         2  1.9970us  1.7260us  2.2690us  fused_sqrt_1_kernel0
                    0.02%  3.9340us         2  1.9670us  1.8230us  2.1110us  fused_add_10_kernel0
                    0.02%  3.8680us         2  1.9340us  1.7260us  2.1420us  fused_negative_1_kernel0
                    0.02%  3.7720us         2  1.8860us  1.6940us  2.0780us  fused_negative_kernel0
                    0.02%  3.7400us         2  1.8700us  1.6620us  2.0780us  fused_add_12_kernel0
                    0.02%  3.6770us         2  1.8380us  1.5030us  2.1740us  fused_divide_kernel0
                    0.02%  3.5480us         1  3.5480us  3.5480us  3.5480us  fused_nn_softmax_kernel2
                    0.02%  3.3900us         2  1.6950us  1.5350us  1.8550us  fused_add_13_kernel0
                    0.02%  3.3240us         2  1.6620us  1.4060us  1.9180us  fused_add_11_kernel0
                    0.01%  1.6620us         1  1.6620us  1.6620us  1.6620us  fused_nn_batch_flatten_kernel0
                    0.01%  1.6310us         1  1.6310us  1.6310us  1.6310us  [CUDA memcpy DtoH]
      API calls:   68.54%  329.27ms         1  329.27ms  329.27ms  329.27ms  cuModuleLoadData
                   26.77%  128.61ms       201  639.88us  1.9310us  127.17ms  cudaMalloc
                    3.24%  15.543ms       192  80.953us  5.8240us  8.3017ms  cudaMemcpy
                    0.61%  2.9126ms         1  2.9126ms  2.9126ms  2.9126ms  cuModuleUnload
                    0.35%  1.6814ms       201  8.3650us  2.7880us  165.32us  cudaFree
                    0.29%  1.4074ms       358  3.9310us  3.2490us  21.082us  cuLaunchKernel
                    0.10%  492.68us       950     518ns     333ns  10.383us  cudaSetDevice
                    0.04%  195.97us        97  2.0200us     230ns  80.792us  cuDeviceGetAttribute
                    0.03%  132.68us       358     370ns     293ns  2.0880us  cudaGetDevice
                    0.02%  86.343us         1  86.343us  86.343us  86.343us  cuDeviceTotalMem
                    0.01%  42.398us        98     432ns     282ns  1.8520us  cuModuleGetFunction
                    0.01%  36.721us         1  36.721us  36.721us  36.721us  cuDeviceGetName
                    0.00%  4.7000us         1  4.7000us  4.7000us  4.7000us  cuDeviceGetPCIBusId
                    0.00%  3.2400us         3  1.0800us     661ns  1.3470us  cudaDeviceGetAttribute
                    0.00%  1.4310us         2     715ns     278ns  1.1530us  cuDeviceGetCount
                    0.00%     837ns         2     418ns     266ns     571ns  cuDeviceGet
                    0.00%     553ns         1     553ns     553ns     553ns  cuDeviceGetUuid
