==3829== NVPROF is profiling process 3829, command: python3 /home/wml/tvm/tutorials/relay_test_net.py
==3829== Profiling application: python3 /home/wml/tvm/tutorials/relay_test_net.py
==3829== Profiling result:
            Type  Time(%)      Time     Calls       Avg       Min       Max  Name
 GPU activities:   34.69%  5.7090ms       191  29.890us     864ns  1.3436ms  [CUDA memcpy HtoD]
                   18.07%  2.9746ms         5  594.91us  583.12us  609.92us  fused_nn_conv2d_4_kernel0
                    5.06%  832.11us         1  832.11us  832.11us  832.11us  fused_nn_conv2d_kernel0
                    2.48%  408.68us         1  408.68us  408.68us  408.68us  fused_nn_conv2d_2_kernel0
                    2.27%  373.71us         1  373.71us  373.71us  373.71us  fused_nn_conv2d_8_kernel0
                    1.98%  325.49us         1  325.49us  325.49us  325.49us  fused_nn_conv2d_12_kernel0
                    1.75%  288.76us         1  288.76us  288.76us  288.76us  fused_nn_conv2d_6_kernel0
                    1.72%  282.87us         3  94.289us  93.532us  95.197us  fused_add_6_kernel0
                    1.71%  281.52us         3  93.841us  93.468us  94.332us  fused_nn_relu_6_kernel0
                    1.69%  277.46us         3  92.485us  92.122us  93.083us  fused_multiply_6_kernel0
                    1.63%  268.97us        11  24.452us  23.919us  24.880us  fused_nn_relu_2_kernel0
                    1.63%  268.30us        11  24.391us  23.535us  25.168us  fused_add_2_kernel0
                    1.50%  247.33us        11  22.484us  20.493us  24.464us  fused_multiply_2_kernel0
                    1.21%  198.85us         1  198.85us  198.85us  198.85us  fused_nn_conv2d_16_kernel0
                    1.16%  190.59us         1  190.59us  190.59us  190.59us  fused_nn_conv2d_10_kernel0
                    1.14%  188.09us         2  94.044us  93.852us  94.236us  fused_add_9_kernel0
                    1.14%  187.86us         2  93.932us  93.564us  94.300us  fused_nn_relu_9_kernel0
                    1.13%  185.98us         2  92.987us  92.283us  93.692us  fused_multiply_9_kernel0
                    1.13%  185.59us         1  185.59us  185.59us  185.59us  fused_nn_relu_8_kernel0
                    1.13%  185.40us         1  185.40us  185.40us  185.40us  fused_add_8_kernel0
                    1.12%  184.15us         1  184.15us  184.15us  184.15us  fused_multiply_8_kernel0
                    1.07%  176.05us         5  35.209us  34.262us  35.766us  fused_nn_conv2d_5_kernel0
                    0.99%  163.46us         1  163.46us  163.46us  163.46us  fused_nn_conv2d_14_kernel0
                    0.88%  144.16us         3  48.051us  47.870us  48.159us  fused_add_4_kernel0
                    0.87%  142.75us         3  47.582us  47.006us  48.223us  fused_nn_relu_4_kernel0
                    0.86%  142.27us         1  142.27us  142.27us  142.27us  fused_nn_conv2d_15_kernel0
                    0.84%  137.94us         3  45.981us  44.861us  46.910us  fused_multiply_4_kernel0
                    0.75%  123.60us         1  123.60us  123.60us  123.60us  fused_nn_dense_kernel0
                    0.74%  122.45us         1  122.45us  122.45us  122.45us  fused_nn_conv2d_18_kernel0
                    0.70%  115.34us         1  115.34us  115.34us  115.34us  fused_nn_conv2d_13_kernel0
                    0.65%  107.53us         1  107.53us  107.53us  107.53us  fused_nn_conv2d_17_kernel0
                    0.51%  83.477us         1  83.477us  83.477us  83.477us  fused_nn_conv2d_11_kernel0
                    0.37%  60.967us         1  60.967us  60.967us  60.967us  fused_nn_conv2d_9_kernel0
                    0.31%  50.848us         1  50.848us  50.848us  50.848us  fused_nn_conv2d_7_kernel0
                    0.29%  48.383us         1  48.383us  48.383us  48.383us  fused_add_7_kernel0
                    0.29%  48.127us         1  48.127us  48.127us  48.127us  fused_nn_relu_7_kernel0
                    0.28%  46.014us         1  46.014us  46.014us  46.014us  fused_multiply_7_kernel0
                    0.23%  37.304us        24  1.5540us  1.2490us  1.8570us  fused_multiply_14_kernel0
                    0.20%  32.757us         1  32.757us  32.757us  32.757us  fused_nn_softmax_kernel1
                    0.18%  30.105us        24  1.2540us  1.2170us  1.6660us  fused_expand_dims_4_kernel0
                    0.18%  30.003us         1  30.003us  30.003us  30.003us  fused_nn_conv2d_3_kernel0
                    0.17%  27.570us         1  27.570us  27.570us  27.570us  fused_nn_conv2d_1_kernel0
                    0.16%  26.897us         3  8.9650us  7.3650us  10.054us  fused_multiply_kernel0
                    0.15%  25.392us         1  25.392us  25.392us  25.392us  fused_nn_relu_5_kernel0
                    0.15%  24.528us         1  24.528us  24.528us  24.528us  fused_add_5_kernel0
                    0.14%  23.279us         3  7.7590us  7.4930us  8.0690us  fused_add_kernel0
                    0.14%  22.254us         1  22.254us  22.254us  22.254us  fused_multiply_5_kernel0
                    0.13%  21.517us        12  1.7930us  1.6970us  2.2090us  fused_add_18_kernel0
                    0.13%  21.421us        12  1.7850us  1.4730us  2.2090us  fused_negative_4_kernel0
                    0.13%  21.198us         3  7.0660us  6.8520us  7.3330us  fused_nn_relu_kernel0
                    0.12%  20.173us         1  20.173us  20.173us  20.173us  fused_nn_softmax_kernel0
                    0.12%  19.148us        12  1.5950us  1.5050us  2.2410us  fused_divide_4_kernel0
                    0.11%  18.796us        12  1.5660us  1.4730us  2.2090us  fused_sqrt_4_kernel0
                    0.11%  18.540us        12  1.5450us  1.4080us  2.0180us  fused_add_19_kernel0
                    0.08%  12.711us         8  1.5880us  1.3440us  1.8570us  fused_multiply_12_kernel0
                    0.07%  12.201us         8  1.5250us  1.2490us  1.8260us  fused_multiply_13_kernel0
                    0.06%  10.309us         8  1.2880us  1.1840us  1.6330us  fused_expand_dims_2_kernel0
                    0.06%  10.151us         1  10.151us  10.151us  10.151us  fused_multiply_3_kernel0
                    0.06%  10.087us         8  1.2600us  1.1850us  1.6650us  fused_expand_dims_3_kernel0
                    0.05%  8.8690us         6  1.4780us  1.2800us  1.9220us  fused_multiply_15_kernel0
                    0.05%  8.0370us         1  8.0370us  8.0370us  8.0370us  fused_add_3_kernel0
                    0.05%  7.9420us         6  1.3230us  1.2170us  1.6970us  fused_expand_dims_5_kernel0
                    0.05%  7.9410us         1  7.9410us  7.9410us  7.9410us  fused_nn_global_avg_pool2d_kernel0
                    0.05%  7.5250us         4  1.8810us  1.6650us  2.1770us  fused_add_16_kernel0
                    0.05%  7.4930us         1  7.4930us  7.4930us  7.4930us  fused_nn_relu_3_kernel0
                    0.04%  7.1400us         4  1.7850us  1.6330us  2.2090us  fused_add_14_kernel0
                    0.04%  7.1400us         4  1.7850us  1.6330us  2.1130us  fused_negative_2_kernel0
                    0.04%  7.1400us         4  1.7850us  1.4730us  2.1770us  fused_sqrt_3_kernel0
                    0.04%  7.0770us         4  1.7690us  1.4410us  2.2090us  fused_sqrt_2_kernel0
                    0.04%  6.8830us         4  1.7200us  1.3760us  2.1770us  fused_negative_3_kernel0
                    0.04%  6.7880us         4  1.6970us  1.5050us  2.2090us  fused_divide_3_kernel0
                    0.04%  6.6290us         4  1.6570us  1.3770us  1.7930us  fused_multiply_10_kernel0
                    0.04%  6.5640us         4  1.6410us  1.4730us  2.1450us  fused_divide_2_kernel0
                    0.04%  6.1480us         4  1.5370us  1.3770us  1.7930us  fused_multiply_11_kernel0
                    0.04%  6.1160us         1  6.1160us  6.1160us  6.1160us  fused_nn_softmax_kernel3
                    0.04%  6.1160us         4  1.5290us  1.3770us  1.9210us  fused_add_17_kernel0
                    0.04%  5.8910us         4  1.4720us  1.3450us  1.7930us  fused_add_15_kernel0
                    0.03%  5.7310us         3  1.9100us  1.5050us  2.2090us  fused_add_20_kernel0
                    0.03%  5.5400us         4  1.3850us  1.2490us  1.7290us  fused_expand_dims_kernel0
                    0.03%  5.4750us         4  1.3680us  1.1840us  1.6330us  fused_expand_dims_1_kernel0
                    0.03%  5.3800us         3  1.7930us  1.3450us  2.2420us  fused_sqrt_5_kernel0
                    0.03%  5.3480us         3  1.7820us  1.5370us  2.2740us  fused_divide_5_kernel0
                    0.03%  4.9960us         3  1.6650us  1.4730us  1.9860us  fused_add_21_kernel0
                    0.03%  4.9640us         1  4.9640us  4.9640us  4.9640us  fused_multiply_1_kernel0
                    0.03%  4.9630us         3  1.6540us  1.4730us  1.9530us  fused_negative_5_kernel0
                    0.03%  4.8990us         1  4.8990us  4.8990us  4.8990us  fused_add_1_kernel0
                    0.03%  4.6110us         1  4.6110us  4.6110us  4.6110us  fused_nn_relu_1_kernel0
                    0.02%  4.0340us         2  2.0170us  1.6970us  2.3370us  fused_negative_kernel0
                    0.02%  3.7790us         2  1.8890us  1.6330us  2.1460us  fused_sqrt_kernel0
                    0.02%  3.7780us         2  1.8890us  1.6650us  2.1130us  fused_add_10_kernel0
                    0.02%  3.7470us         2  1.8730us  1.6330us  2.1140us  fused_negative_1_kernel0
                    0.02%  3.7460us         2  1.8730us  1.6650us  2.0810us  fused_add_12_kernel0
                    0.02%  3.7150us         2  1.8570us  1.5690us  2.1460us  fused_divide_kernel0
                    0.02%  3.6830us         2  1.8410us  1.5050us  2.1780us  fused_divide_1_kernel0
                    0.02%  3.6190us         2  1.8090us  1.4410us  2.1780us  fused_sqrt_1_kernel0
                    0.02%  3.5860us         1  3.5860us  3.5860us  3.5860us  fused_nn_softmax_kernel2
                    0.02%  3.3310us         2  1.6650us  1.5370us  1.7940us  fused_add_11_kernel0
                    0.02%  3.1700us         2  1.5850us  1.3770us  1.7930us  fused_add_13_kernel0
                    0.01%  1.6650us         1  1.6650us  1.6650us  1.6650us  fused_nn_batch_flatten_kernel0
                    0.01%  1.6010us         1  1.6010us  1.6010us  1.6010us  [CUDA memcpy DtoH]
      API calls:   66.38%  328.80ms         1  328.80ms  328.80ms  328.80ms  cuModuleLoadData
                   28.91%  143.18ms       201  712.35us  2.6880us  141.77ms  cudaMalloc
                    3.17%  15.682ms       192  81.675us  6.2080us  8.3427ms  cudaMemcpy
                    0.71%  3.5283ms         1  3.5283ms  3.5283ms  3.5283ms  cuModuleUnload
                    0.34%  1.6709ms       201  8.3120us  2.7560us  165.76us  cudaFree
                    0.28%  1.3750ms       358  3.8400us  3.1960us  28.813us  cuLaunchKernel
                    0.10%  503.88us       950     530ns     315ns  11.883us  cudaSetDevice
                    0.06%  311.65us        97  3.2120us     193ns  185.10us  cuDeviceGetAttribute
                    0.02%  123.14us       358     343ns     290ns  1.5660us  cudaGetDevice
                    0.02%  76.352us         1  76.352us  76.352us  76.352us  cuDeviceTotalMem
                    0.01%  45.917us         1  45.917us  45.917us  45.917us  cuDeviceGetName
                    0.01%  35.181us        98     358ns     268ns  1.7570us  cuModuleGetFunction
                    0.00%  4.4290us         1  4.4290us  4.4290us  4.4290us  cuDeviceGetPCIBusId
                    0.00%  2.9460us         3     982ns     631ns  1.1780us  cudaDeviceGetAttribute
                    0.00%  1.2480us         2     624ns     246ns  1.0020us  cuDeviceGetCount
                    0.00%     737ns         2     368ns     201ns     536ns  cuDeviceGet
                    0.00%     449ns         1     449ns     449ns     449ns  cuDeviceGetUuid
