==3104== NVPROF is profiling process 3104, command: python3 /home/wml/tvm/tutorials/relay_test_net.py
==3104== Profiling application: python3 /home/wml/tvm/tutorials/relay_test_net.py
==3104== Profiling result:
            Type  Time(%)      Time     Calls       Avg       Min       Max  Name
 GPU activities:   34.72%  5.7078ms       191  29.883us     864ns  1.3395ms  [CUDA memcpy HtoD]
                   17.83%  2.9309ms         5  586.17us  569.28us  595.84us  fused_nn_conv2d_4_kernel0
                    5.08%  835.87us         1  835.87us  835.87us  835.87us  fused_nn_conv2d_kernel0
                    2.48%  407.42us         1  407.42us  407.42us  407.42us  fused_nn_conv2d_2_kernel0
                    2.26%  372.06us         1  372.06us  372.06us  372.06us  fused_nn_conv2d_8_kernel0
                    1.97%  323.74us         1  323.74us  323.74us  323.74us  fused_nn_conv2d_12_kernel0
                    1.78%  292.42us         1  292.42us  292.42us  292.42us  fused_nn_conv2d_6_kernel0
                    1.72%  283.23us         3  94.410us  94.016us  94.879us  fused_add_6_kernel0
                    1.70%  279.74us         3  93.247us  92.959us  93.503us  fused_nn_relu_6_kernel0
                    1.68%  276.38us         3  92.127us  91.008us  92.928us  fused_multiply_6_kernel0
                    1.62%  266.40us        11  24.218us  23.968us  24.704us  fused_add_2_kernel0
                    1.62%  266.30us        11  24.209us  23.776us  25.664us  fused_nn_relu_2_kernel0
                    1.51%  248.64us        11  22.603us  20.864us  24.384us  fused_multiply_2_kernel0
                    1.23%  201.63us         1  201.63us  201.63us  201.63us  fused_nn_conv2d_16_kernel0
                    1.16%  190.37us         1  190.37us  190.37us  190.37us  fused_nn_conv2d_10_kernel0
                    1.14%  187.10us         2  93.552us  93.408us  93.696us  fused_nn_relu_9_kernel0
                    1.14%  186.94us         2  93.471us  93.376us  93.567us  fused_add_9_kernel0
                    1.13%  185.76us         2  92.879us  92.095us  93.664us  fused_multiply_9_kernel0
                    1.13%  185.63us         1  185.63us  185.63us  185.63us  fused_add_8_kernel0
                    1.12%  184.64us         1  184.64us  184.64us  184.64us  fused_nn_relu_8_kernel0
                    1.12%  183.90us         1  183.90us  183.90us  183.90us  fused_multiply_8_kernel0
                    1.06%  174.88us         1  174.88us  174.88us  174.88us  fused_nn_conv2d_14_kernel0
                    1.05%  173.41us         5  34.681us  33.856us  35.327us  fused_nn_conv2d_5_kernel0
                    0.87%  142.94us         3  47.648us  46.944us  48.256us  fused_add_4_kernel0
                    0.87%  142.78us         1  142.78us  142.78us  142.78us  fused_nn_conv2d_15_kernel0
                    0.87%  142.30us         3  47.434us  47.008us  47.904us  fused_nn_relu_4_kernel0
                    0.85%  139.49us         3  46.495us  45.184us  47.199us  fused_multiply_4_kernel0
                    0.76%  124.42us         1  124.42us  124.42us  124.42us  fused_nn_conv2d_18_kernel0
                    0.75%  123.94us         1  123.94us  123.94us  123.94us  fused_nn_dense_kernel0
                    0.70%  115.23us         1  115.23us  115.23us  115.23us  fused_nn_conv2d_13_kernel0
                    0.65%  106.50us         1  106.50us  106.50us  106.50us  fused_nn_conv2d_17_kernel0
                    0.51%  84.256us         1  84.256us  84.256us  84.256us  fused_nn_conv2d_11_kernel0
                    0.37%  60.320us         1  60.320us  60.320us  60.320us  fused_nn_conv2d_9_kernel0
                    0.32%  52.288us         1  52.288us  52.288us  52.288us  fused_nn_conv2d_7_kernel0
                    0.30%  48.640us         1  48.640us  48.640us  48.640us  fused_add_7_kernel0
                    0.29%  47.615us         1  47.615us  47.615us  47.615us  fused_nn_relu_7_kernel0
                    0.28%  45.408us         1  45.408us  45.408us  45.408us  fused_multiply_7_kernel0
                    0.23%  38.400us        24  1.6000us  1.2480us  2.2720us  fused_multiply_14_kernel0
                    0.20%  32.800us         1  32.800us  32.800us  32.800us  fused_nn_softmax_kernel1
                    0.18%  30.048us        24  1.2520us  1.2160us  1.6640us  fused_expand_dims_4_kernel0
                    0.18%  29.728us         1  29.728us  29.728us  29.728us  fused_nn_conv2d_3_kernel0
                    0.17%  27.392us         1  27.392us  27.392us  27.392us  fused_nn_conv2d_1_kernel0
                    0.17%  27.328us        12  2.2770us  1.7280us  7.2640us  fused_negative_4_kernel0
                    0.17%  27.168us         3  9.0560us  7.4880us  10.144us  fused_multiply_kernel0
                    0.15%  24.992us         1  24.992us  24.992us  24.992us  fused_add_5_kernel0
                    0.15%  24.287us         1  24.287us  24.287us  24.287us  fused_nn_relu_5_kernel0
                    0.14%  23.296us        12  1.9410us  1.4400us  5.9840us  fused_add_19_kernel0
                    0.14%  22.944us         1  22.944us  22.944us  22.944us  fused_multiply_5_kernel0
                    0.14%  22.816us         3  7.6050us  7.3600us  8.0320us  fused_add_kernel0
                    0.13%  21.472us        12  1.7890us  1.7280us  2.1760us  fused_sqrt_4_kernel0
                    0.13%  21.280us        12  1.7730us  1.6960us  2.1760us  fused_add_18_kernel0
                    0.13%  21.248us         3  7.0820us  6.9120us  7.3920us  fused_nn_relu_kernel0
                    0.13%  21.184us        12  1.7650us  1.5040us  2.2080us  fused_divide_4_kernel0
                    0.12%  19.744us         1  19.744us  19.744us  19.744us  fused_nn_softmax_kernel0
                    0.08%  12.992us         8  1.6240us  1.2160us  1.8880us  fused_multiply_13_kernel0
                    0.07%  12.224us         8  1.5280us  1.3440us  1.7920us  fused_multiply_12_kernel0
                    0.07%  10.848us         8  1.3560us  1.1840us  1.6640us  fused_expand_dims_3_kernel0
                    0.06%  10.175us         1  10.175us  10.175us  10.175us  fused_multiply_3_kernel0
                    0.06%  10.080us         8  1.2600us  1.1840us  1.6640us  fused_expand_dims_2_kernel0
                    0.05%  8.7680us         6  1.4610us  1.2480us  1.9200us  fused_multiply_15_kernel0
                    0.05%  8.2560us         1  8.2560us  8.2560us  8.2560us  fused_nn_global_avg_pool2d_kernel0
                    0.05%  8.0320us         4  2.0080us  1.7280us  2.1760us  fused_sqrt_3_kernel0
                    0.05%  7.9360us         6  1.3220us  1.2160us  1.6960us  fused_expand_dims_5_kernel0
                    0.05%  7.9040us         1  7.9040us  7.9040us  7.9040us  fused_add_3_kernel0
                    0.05%  7.8080us         4  1.9520us  1.6640us  2.1760us  fused_negative_2_kernel0
                    0.05%  7.6480us         4  1.9120us  1.6640us  2.2080us  fused_add_14_kernel0
                    0.05%  7.5840us         4  1.8960us  1.2480us  3.4880us  fused_expand_dims_kernel0
                    0.05%  7.5520us         1  7.5520us  7.5520us  7.5520us  fused_nn_relu_3_kernel0
                    0.05%  7.4560us         4  1.8640us  1.7280us  2.2080us  fused_divide_3_kernel0
                    0.04%  7.2960us         4  1.8240us  1.4720us  2.0800us  fused_negative_3_kernel0
                    0.04%  7.2000us         4  1.8000us  1.6640us  2.1120us  fused_add_16_kernel0
                    0.04%  7.1680us         4  1.7920us  1.4720us  2.1760us  fused_divide_2_kernel0
                    0.04%  6.6240us         4  1.6560us  1.4080us  1.7920us  fused_multiply_10_kernel0
                    0.04%  6.5600us         4  1.6400us  1.4400us  2.1760us  fused_sqrt_2_kernel0
                    0.04%  6.2080us         4  1.5520us  1.4720us  1.7920us  fused_multiply_11_kernel0
                    0.04%  6.1440us         4  1.5360us  1.3760us  1.8880us  fused_add_17_kernel0
                    0.04%  5.9200us         1  5.9200us  5.9200us  5.9200us  fused_nn_softmax_kernel3
                    0.04%  5.9200us         4  1.4800us  1.3120us  1.8560us  fused_add_15_kernel0
                    0.03%  5.4400us         3  1.8130us  1.4720us  2.1440us  fused_add_20_kernel0
                    0.03%  5.3760us         3  1.7920us  1.5360us  2.3040us  fused_divide_5_kernel0
                    0.03%  5.2160us         4  1.3040us  1.1840us  1.6640us  fused_expand_dims_1_kernel0
                    0.03%  5.0560us         3  1.6850us  1.4080us  2.0160us  fused_negative_5_kernel0
                    0.03%  5.0240us         3  1.6740us  1.4720us  1.9840us  fused_add_21_kernel0
                    0.03%  5.0240us         3  1.6740us  1.3440us  2.2080us  fused_sqrt_5_kernel0
                    0.03%  4.9600us         1  4.9600us  4.9600us  4.9600us  fused_multiply_1_kernel0
                    0.03%  4.8960us         1  4.8960us  4.8960us  4.8960us  fused_add_1_kernel0
                    0.03%  4.6400us         1  4.6400us  4.6400us  4.6400us  fused_nn_relu_1_kernel0
                    0.02%  3.9360us         2  1.9680us  1.6960us  2.2400us  fused_negative_1_kernel0
                    0.02%  3.9040us         2  1.9520us  1.5360us  2.3680us  fused_divide_kernel0
                    0.02%  3.8400us         2  1.9200us  1.6960us  2.1440us  fused_sqrt_1_kernel0
                    0.02%  3.8080us         2  1.9040us  1.6960us  2.1120us  fused_negative_kernel0
                    0.02%  3.7760us         2  1.8880us  1.6320us  2.1440us  fused_sqrt_kernel0
                    0.02%  3.7760us         2  1.8880us  1.6960us  2.0800us  fused_add_10_kernel0
                    0.02%  3.7440us         2  1.8720us  1.6640us  2.0800us  fused_add_12_kernel0
                    0.02%  3.7120us         2  1.8560us  1.5040us  2.2080us  fused_divide_1_kernel0
                    0.02%  3.6160us         1  3.6160us  3.6160us  3.6160us  fused_nn_softmax_kernel2
                    0.02%  3.4880us         2  1.7440us  1.6000us  1.8880us  fused_add_13_kernel0
                    0.02%  3.2000us         2  1.6000us  1.3760us  1.8240us  fused_add_11_kernel0
                    0.01%  1.7280us         1  1.7280us  1.7280us  1.7280us  [CUDA memcpy DtoH]
                    0.01%  1.6640us         1  1.6640us  1.6640us  1.6640us  fused_nn_batch_flatten_kernel0
      API calls:   64.26%  330.78ms         1  330.78ms  330.78ms  330.78ms  cuModuleLoadData
                   31.52%  162.24ms       201  807.17us  1.9790us  160.78ms  cudaMalloc
                    3.03%  15.617ms       192  81.339us  6.1070us  8.3220ms  cudaMemcpy
                    0.42%  2.1752ms         1  2.1752ms  2.1752ms  2.1752ms  cuModuleUnload
                    0.32%  1.6477ms       201  8.1970us  2.6190us  164.77us  cudaFree
                    0.28%  1.4516ms       358  4.0540us  3.4710us  21.654us  cuLaunchKernel
                    0.09%  460.19us       950     484ns     319ns  9.5800us  cudaSetDevice
                    0.03%  146.01us        97  1.5050us     162ns  61.116us  cuDeviceGetAttribute
                    0.03%  131.03us       358     366ns     308ns  1.9200us  cudaGetDevice
                    0.01%  63.027us         1  63.027us  63.027us  63.027us  cuDeviceTotalMem
                    0.01%  33.793us        98     344ns     275ns  1.5820us  cuModuleGetFunction
                    0.00%  25.706us         1  25.706us  25.706us  25.706us  cuDeviceGetName
                    0.00%  4.2640us         1  4.2640us  4.2640us  4.2640us  cuDeviceGetPCIBusId
                    0.00%  2.3540us         3     784ns     485ns  1.0410us  cudaDeviceGetAttribute
                    0.00%  1.0290us         2     514ns     224ns     805ns  cuDeviceGetCount
                    0.00%     658ns         2     329ns     167ns     491ns  cuDeviceGet
                    0.00%     335ns         1     335ns     335ns     335ns  cuDeviceGetUuid
