==3343== NVPROF is profiling process 3343, command: python3 /home/wml/tvm/tutorials/relay_test_net.py
==3343== Profiling application: python3 /home/wml/tvm/tutorials/relay_test_net.py
==3343== Profiling result:
            Type  Time(%)      Time     Calls       Avg       Min       Max  Name
 GPU activities:   34.70%  5.7282ms       191  29.990us     864ns  1.3582ms  [CUDA memcpy HtoD]
                   18.01%  2.9729ms         5  594.57us  574.29us  624.37us  fused_nn_conv2d_4_kernel0
                    5.22%  861.01us         1  861.01us  861.01us  861.01us  fused_nn_conv2d_kernel0
                    2.40%  396.57us         1  396.57us  396.57us  396.57us  fused_nn_conv2d_2_kernel0
                    2.29%  378.80us         1  378.80us  378.80us  378.80us  fused_nn_conv2d_8_kernel0
                    1.96%  323.85us         1  323.85us  323.85us  323.85us  fused_nn_conv2d_12_kernel0
                    1.77%  291.66us         1  291.66us  291.66us  291.66us  fused_nn_conv2d_6_kernel0
                    1.70%  279.88us         3  93.293us  92.941us  93.837us  fused_add_6_kernel0
                    1.70%  279.85us         3  93.282us  92.972us  93.709us  fused_nn_relu_6_kernel0
                    1.67%  276.33us         3  92.108us  91.181us  92.620us  fused_multiply_6_kernel0
                    1.62%  266.82us        11  24.256us  23.876us  24.515us  fused_add_2_kernel0
                    1.62%  266.82us        11  24.256us  23.715us  25.028us  fused_nn_relu_2_kernel0
                    1.50%  247.04us        11  22.458us  20.739us  24.291us  fused_multiply_2_kernel0
                    1.24%  205.15us         1  205.15us  205.15us  205.15us  fused_nn_conv2d_16_kernel0
                    1.20%  197.98us         1  197.98us  197.98us  197.98us  fused_nn_conv2d_10_kernel0
                    1.13%  186.75us         2  93.372us  93.229us  93.516us  fused_nn_relu_9_kernel0
                    1.13%  186.71us         2  93.356us  93.164us  93.549us  fused_add_9_kernel0
                    1.12%  185.53us         1  185.53us  185.53us  185.53us  fused_nn_relu_8_kernel0
                    1.12%  185.40us         2  92.700us  92.204us  93.196us  fused_multiply_9_kernel0
                    1.12%  185.31us         1  185.31us  185.31us  185.31us  fused_add_8_kernel0
                    1.12%  184.25us         1  184.25us  184.25us  184.25us  fused_multiply_8_kernel0
                    1.05%  173.82us         5  34.763us  33.988us  35.749us  fused_nn_conv2d_5_kernel0
                    1.04%  171.93us         1  171.93us  171.93us  171.93us  fused_nn_conv2d_14_kernel0
                    0.87%  143.16us         1  143.16us  143.16us  143.16us  fused_nn_conv2d_15_kernel0
                    0.86%  142.77us         3  47.590us  47.270us  48.038us  fused_add_4_kernel0
                    0.85%  141.14us         3  47.046us  46.374us  48.102us  fused_nn_relu_4_kernel0
                    0.85%  140.24us         3  46.747us  44.966us  48.038us  fused_multiply_4_kernel0
                    0.75%  123.31us         1  123.31us  123.31us  123.31us  fused_nn_dense_kernel0
                    0.74%  122.71us         1  122.71us  122.71us  122.71us  fused_nn_conv2d_18_kernel0
                    0.70%  115.66us         1  115.66us  115.66us  115.66us  fused_nn_conv2d_13_kernel0
                    0.65%  107.21us         1  107.21us  107.21us  107.21us  fused_nn_conv2d_17_kernel0
                    0.52%  85.515us         1  85.515us  85.515us  85.515us  fused_nn_conv2d_11_kernel0
                    0.36%  59.848us         1  59.848us  59.848us  59.848us  fused_nn_conv2d_9_kernel0
                    0.31%  50.983us         1  50.983us  50.983us  50.983us  fused_nn_conv2d_7_kernel0
                    0.30%  49.062us         1  49.062us  49.062us  49.062us  fused_add_7_kernel0
                    0.29%  48.038us         1  48.038us  48.038us  48.038us  fused_nn_relu_7_kernel0
                    0.28%  45.446us         1  45.446us  45.446us  45.446us  fused_multiply_7_kernel0
                    0.23%  37.545us        24  1.5640us  1.2490us  1.8570us  fused_multiply_14_kernel0
                    0.20%  32.964us         1  32.964us  32.964us  32.964us  fused_nn_softmax_kernel1
                    0.19%  30.786us        24  1.2820us  1.2160us  1.6640us  fused_expand_dims_4_kernel0
                    0.18%  29.092us         1  29.092us  29.092us  29.092us  fused_nn_conv2d_3_kernel0
                    0.17%  27.684us         1  27.684us  27.684us  27.684us  fused_nn_conv2d_1_kernel0
                    0.16%  27.171us         3  9.0570us  7.8090us  10.177us  fused_multiply_kernel0
                    0.15%  24.611us         1  24.611us  24.611us  24.611us  fused_nn_relu_5_kernel0
                    0.15%  24.515us         1  24.515us  24.515us  24.515us  fused_add_5_kernel0
                    0.14%  22.659us         1  22.659us  22.659us  22.659us  fused_multiply_5_kernel0
                    0.14%  22.659us         3  7.5530us  7.2650us  7.8410us  fused_add_kernel0
                    0.13%  21.475us        12  1.7890us  1.6960us  2.2400us  fused_add_18_kernel0
                    0.13%  21.475us        12  1.7890us  1.4080us  2.4330us  fused_negative_4_kernel0
                    0.13%  21.187us         3  7.0620us  6.8490us  7.4570us  fused_nn_relu_kernel0
                    0.12%  19.843us         1  19.843us  19.843us  19.843us  fused_nn_softmax_kernel0
                    0.12%  19.076us        12  1.5890us  1.5040us  2.3040us  fused_divide_4_kernel0
                    0.11%  18.594us        12  1.5490us  1.4720us  2.2090us  fused_sqrt_4_kernel0
                    0.11%  18.306us        12  1.5250us  1.4080us  1.9520us  fused_add_19_kernel0
                    0.07%  12.098us         8  1.5120us  1.3440us  1.7920us  fused_multiply_12_kernel0
                    0.07%  12.034us         8  1.5040us  1.2480us  1.8250us  fused_multiply_13_kernel0
                    0.06%  10.146us         8  1.2680us  1.1840us  1.6640us  fused_expand_dims_3_kernel0
                    0.06%  10.145us         8  1.2680us  1.1840us  1.6640us  fused_expand_dims_2_kernel0
                    0.06%  9.9860us         1  9.9860us  9.9860us  9.9860us  fused_multiply_3_kernel0
                    0.06%  9.1530us         6  1.5250us  1.2480us  1.9200us  fused_multiply_15_kernel0
                    0.05%  8.3530us         1  8.3530us  8.3530us  8.3530us  fused_nn_global_avg_pool2d_kernel0
                    0.05%  8.0330us         1  8.0330us  8.0330us  8.0330us  fused_add_3_kernel0
                    0.05%  8.0010us         4  2.0000us  1.7600us  2.1450us  fused_add_16_kernel0
                    0.05%  7.9050us         6  1.3170us  1.2160us  1.6650us  fused_expand_dims_5_kernel0
                    0.05%  7.6490us         4  1.9120us  1.7280us  2.1760us  fused_sqrt_2_kernel0
                    0.05%  7.6160us         4  1.9040us  1.5040us  2.2400us  fused_divide_3_kernel0
                    0.05%  7.5850us         1  7.5850us  7.5850us  7.5850us  fused_nn_relu_3_kernel0
                    0.05%  7.5210us         4  1.8800us  1.7920us  2.1120us  fused_add_14_kernel0
                    0.04%  7.2010us         4  1.8000us  1.6320us  2.1130us  fused_negative_2_kernel0
                    0.04%  7.1690us         4  1.7920us  1.6320us  2.2090us  fused_divide_2_kernel0
                    0.04%  7.1040us         4  1.7760us  1.3760us  2.3040us  fused_negative_3_kernel0
                    0.04%  6.6580us         4  1.6640us  1.4720us  2.2090us  fused_sqrt_3_kernel0
                    0.04%  6.5280us         4  1.6320us  1.4080us  1.7600us  fused_multiply_10_kernel0
                    0.04%  6.4020us         4  1.6000us  1.3450us  1.8890us  fused_add_17_kernel0
                    0.04%  6.2090us         4  1.5520us  1.3760us  1.8240us  fused_add_15_kernel0
                    0.04%  6.0810us         4  1.5200us  1.3440us  1.7610us  fused_multiply_11_kernel0
                    0.04%  6.0170us         1  6.0170us  6.0170us  6.0170us  fused_nn_softmax_kernel3
                    0.03%  5.6960us         3  1.8980us  1.7280us  2.2400us  fused_divide_5_kernel0
                    0.03%  5.4730us         4  1.3680us  1.1840us  1.6320us  fused_expand_dims_1_kernel0
                    0.03%  5.3460us         4  1.3360us  1.2170us  1.6330us  fused_expand_dims_kernel0
                    0.03%  5.3440us         3  1.7810us  1.4400us  2.1760us  fused_add_20_kernel0
                    0.03%  5.1840us         3  1.7280us  1.4720us  2.2080us  fused_sqrt_5_kernel0
                    0.03%  5.0570us         1  5.0570us  5.0570us  5.0570us  fused_multiply_1_kernel0
                    0.03%  4.9610us         1  4.9610us  4.9610us  4.9610us  fused_add_1_kernel0
                    0.03%  4.9600us         3  1.6530us  1.4400us  2.0160us  fused_add_21_kernel0
                    0.03%  4.9310us         3  1.6430us  1.5050us  1.8570us  fused_negative_5_kernel0
                    0.03%  4.6410us         1  4.6410us  4.6410us  4.6410us  fused_nn_relu_1_kernel0
                    0.03%  4.1930us         2  2.0960us  1.8890us  2.3040us  fused_divide_1_kernel0
                    0.02%  4.0320us         2  2.0160us  1.8880us  2.1440us  fused_negative_1_kernel0
                    0.02%  3.9680us         2  1.9840us  1.8240us  2.1440us  fused_sqrt_kernel0
                    0.02%  3.9380us         2  1.9690us  1.8570us  2.0810us  fused_negative_kernel0
                    0.02%  3.9040us         2  1.9520us  1.7280us  2.1760us  fused_sqrt_1_kernel0
                    0.02%  3.8720us         2  1.9360us  1.7920us  2.0800us  fused_add_10_kernel0
                    0.02%  3.7440us         2  1.8720us  1.6640us  2.0800us  fused_add_12_kernel0
                    0.02%  3.7120us         2  1.8560us  1.5360us  2.1760us  fused_divide_kernel0
                    0.02%  3.5850us         1  3.5850us  3.5850us  3.5850us  fused_nn_softmax_kernel2
                    0.02%  3.1690us         2  1.5840us  1.4080us  1.7610us  fused_add_11_kernel0
                    0.02%  3.1680us         2  1.5840us  1.3440us  1.8240us  fused_add_13_kernel0
                    0.01%  1.6640us         1  1.6640us  1.6640us  1.6640us  fused_nn_batch_flatten_kernel0
                    0.01%  1.6320us         1  1.6320us  1.6320us  1.6320us  [CUDA memcpy DtoH]
      API calls:   65.98%  329.49ms         1  329.49ms  329.49ms  329.49ms  cuModuleLoadData
                   29.37%  146.66ms       201  729.68us  1.8840us  145.24ms  cudaMalloc
                    3.14%  15.663ms       192  81.579us  6.1440us  8.3556ms  cudaMemcpy
                    0.68%  3.4148ms         1  3.4148ms  3.4148ms  3.4148ms  cuModuleUnload
                    0.33%  1.6303ms       201  8.1100us  2.7240us  167.66us  cudaFree
                    0.29%  1.4309ms       358  3.9960us  3.3260us  30.342us  cuLaunchKernel
                    0.10%  487.82us       950     513ns     313ns  9.3740us  cudaSetDevice
                    0.06%  296.40us        97  3.0550us     191ns  179.00us  cuDeviceGetAttribute
                    0.03%  130.87us       358     365ns     317ns  1.5890us  cudaGetDevice
                    0.02%  76.489us         1  76.489us  76.489us  76.489us  cuDeviceTotalMem
                    0.01%  46.494us         1  46.494us  46.494us  46.494us  cuDeviceGetName
                    0.01%  34.109us        98     348ns     279ns  1.0700us  cuModuleGetFunction
                    0.00%  4.9660us         1  4.9660us  4.9660us  4.9660us  cuDeviceGetPCIBusId
                    0.00%  2.8610us         3     953ns     580ns  1.1520us  cudaDeviceGetAttribute
                    0.00%  1.4540us         2     727ns     251ns  1.2030us  cuDeviceGetCount
                    0.00%     928ns         2     464ns     201ns     727ns  cuDeviceGet
                    0.00%     400ns         1     400ns     400ns     400ns  cuDeviceGetUuid
