==5647== NVPROF is profiling process 5647, command: python3 /home/wml/tvm/tutorials/relay_test_net.py
==5647== Profiling application: python3 /home/wml/tvm/tutorials/relay_test_net.py
==5647== Profiling result:
            Type  Time(%)      Time     Calls       Avg       Min       Max  Name
 GPU activities:   33.99%  5.7259ms       191  29.978us     864ns  1.3475ms  [CUDA memcpy HtoD]
                   17.65%  2.9740ms         5  594.80us  580.07us  616.36us  fused_nn_conv2d_4_kernel0
                    5.10%  860.01us         1  860.01us  860.01us  860.01us  fused_nn_conv2d_kernel0
                    2.72%  457.76us         3  152.59us  99.648us  256.48us  fused_multiply_6_kernel0
                    2.46%  414.28us         1  414.28us  414.28us  414.28us  fused_nn_conv2d_2_kernel0
                    2.35%  396.19us         1  396.19us  396.19us  396.19us  fused_nn_conv2d_8_kernel0
                    1.91%  321.73us         1  321.73us  321.73us  321.73us  fused_nn_conv2d_12_kernel0
                    1.82%  306.31us         3  102.10us  101.76us  102.34us  fused_nn_relu_6_kernel0
                    1.81%  304.83us         3  101.61us  101.25us  101.83us  fused_add_6_kernel0
                    1.70%  286.50us         1  286.50us  286.50us  286.50us  fused_nn_conv2d_6_kernel0
                    1.60%  270.18us        11  24.561us  23.873us  25.376us  fused_nn_relu_2_kernel0
                    1.58%  265.44us        11  24.131us  23.617us  24.768us  fused_add_2_kernel0
                    1.47%  247.55us        11  22.504us  20.672us  24.768us  fused_multiply_2_kernel0
                    1.27%  213.38us         1  213.38us  213.38us  213.38us  fused_nn_conv2d_16_kernel0
                    1.14%  191.84us         1  191.84us  191.84us  191.84us  fused_nn_conv2d_10_kernel0
                    1.11%  187.81us         2  93.905us  93.889us  93.921us  fused_add_9_kernel0
                    1.11%  187.55us         2  93.776us  93.760us  93.792us  fused_nn_relu_9_kernel0
                    1.11%  186.69us         2  93.344us  92.673us  94.016us  fused_multiply_9_kernel0
                    1.10%  185.19us         1  185.19us  185.19us  185.19us  fused_add_8_kernel0
                    1.10%  184.80us         1  184.80us  184.80us  184.80us  fused_nn_relu_8_kernel0
                    1.09%  183.87us         1  183.87us  183.87us  183.87us  fused_multiply_8_kernel0
                    1.04%  175.07us         5  35.014us  34.432us  35.841us  fused_nn_conv2d_5_kernel0
                    1.02%  172.67us         1  172.67us  172.67us  172.67us  fused_nn_conv2d_14_kernel0
                    0.89%  150.75us         3  50.251us  46.912us  52.641us  fused_nn_relu_4_kernel0
                    0.89%  149.34us         3  49.781us  47.616us  50.944us  fused_add_4_kernel0
                    0.86%  144.39us         3  48.128us  44.897us  50.561us  fused_multiply_4_kernel0
                    0.85%  142.43us         1  142.43us  142.43us  142.43us  fused_nn_conv2d_15_kernel0
                    0.76%  127.39us         1  127.39us  127.39us  127.39us  fused_nn_conv2d_18_kernel0
                    0.74%  124.03us         1  124.03us  124.03us  124.03us  fused_nn_conv2d_13_kernel0
                    0.74%  123.94us         1  123.94us  123.94us  123.94us  fused_nn_dense_kernel0
                    0.64%  107.04us         1  107.04us  107.04us  107.04us  fused_nn_conv2d_17_kernel0
                    0.52%  86.912us         1  86.912us  86.912us  86.912us  fused_nn_conv2d_11_kernel0
                    0.40%  67.104us         1  67.104us  67.104us  67.104us  fused_nn_conv2d_9_kernel0
                    0.30%  50.337us         1  50.337us  50.337us  50.337us  fused_nn_conv2d_7_kernel0
                    0.28%  47.936us         1  47.936us  47.936us  47.936us  fused_add_7_kernel0
                    0.28%  47.841us         1  47.841us  47.841us  47.841us  fused_nn_relu_7_kernel0
                    0.27%  45.856us         1  45.856us  45.856us  45.856us  fused_multiply_7_kernel0
                    0.22%  37.409us        24  1.5580us  1.2800us  1.8570us  fused_multiply_14_kernel0
                    0.19%  32.832us         1  32.832us  32.832us  32.832us  fused_nn_softmax_kernel1
                    0.18%  30.720us         1  30.720us  30.720us  30.720us  fused_nn_conv2d_3_kernel0
                    0.18%  29.952us        24  1.2480us  1.2160us  1.6640us  fused_expand_dims_4_kernel0
                    0.16%  27.584us         1  27.584us  27.584us  27.584us  fused_nn_conv2d_1_kernel0
                    0.16%  27.488us         3  9.1620us  7.5840us  10.048us  fused_multiply_kernel0
                    0.16%  26.529us         1  26.529us  26.529us  26.529us  fused_nn_relu_5_kernel0
                    0.15%  25.984us         1  25.984us  25.984us  25.984us  fused_add_5_kernel0
                    0.14%  22.944us         1  22.944us  22.944us  22.944us  fused_multiply_5_kernel0
                    0.14%  22.816us         3  7.6050us  7.2960us  8.0320us  fused_add_kernel0
                    0.13%  21.536us        12  1.7940us  1.3760us  2.2400us  fused_negative_4_kernel0
                    0.13%  21.408us        12  1.7840us  1.6960us  2.2080us  fused_add_18_kernel0
                    0.13%  21.152us         3  7.0500us  6.8480us  7.4240us  fused_nn_relu_kernel0
                    0.12%  19.808us         1  19.808us  19.808us  19.808us  fused_nn_softmax_kernel0
                    0.11%  19.328us        12  1.6100us  1.5040us  2.2080us  fused_divide_4_kernel0
                    0.11%  18.912us        12  1.5760us  1.4720us  2.1760us  fused_sqrt_4_kernel0
                    0.11%  18.528us        12  1.5440us  1.4080us  2.1440us  fused_add_19_kernel0
                    0.09%  15.904us         8  1.9880us  1.6640us  2.3360us  fused_expand_dims_2_kernel0
                    0.09%  15.744us         8  1.9680us  1.7920us  2.1120us  fused_multiply_12_kernel0
                    0.08%  13.504us         8  1.6880us  1.2160us  2.0800us  fused_multiply_13_kernel0
                    0.07%  12.224us         8  1.5280us  1.1840us  2.0480us  fused_expand_dims_3_kernel0
                    0.07%  11.936us         6  1.9890us  1.2160us  5.2800us  fused_expand_dims_5_kernel0
                    0.06%  9.9520us         1  9.9520us  9.9520us  9.9520us  fused_multiply_3_kernel0
                    0.05%  8.9280us         6  1.4880us  1.2800us  1.9200us  fused_multiply_15_kernel0
                    0.05%  8.2240us         4  2.0560us  1.8880us  2.2400us  fused_sqrt_2_kernel0
                    0.05%  8.2240us         1  8.2240us  8.2240us  8.2240us  fused_nn_global_avg_pool2d_kernel0
                    0.05%  8.1920us         4  2.0480us  1.9520us  2.1440us  fused_add_14_kernel0
                    0.05%  8.1280us         4  2.0320us  1.9520us  2.1760us  fused_negative_2_kernel0
                    0.05%  7.9360us         1  7.9360us  7.9360us  7.9360us  fused_add_3_kernel0
                    0.05%  7.9360us         4  1.9840us  1.2800us  3.4880us  fused_expand_dims_kernel0
                    0.05%  7.9040us         4  1.9760us  1.9520us  2.0160us  fused_add_15_kernel0
                    0.05%  7.8080us         4  1.9520us  1.6640us  2.1760us  fused_divide_2_kernel0
                    0.05%  7.6480us         4  1.9120us  1.4720us  2.3680us  fused_divide_3_kernel0
                    0.04%  7.5520us         1  7.5520us  7.5520us  7.5520us  fused_nn_relu_3_kernel0
                    0.04%  7.5520us         4  1.8880us  1.7280us  2.1120us  fused_add_16_kernel0
                    0.04%  7.5200us         4  1.8800us  1.3760us  2.3680us  fused_negative_3_kernel0
                    0.04%  7.1040us         4  1.7760us  1.4400us  2.1760us  fused_sqrt_3_kernel0
                    0.04%  6.7840us         4  1.6960us  1.4080us  1.9840us  fused_add_17_kernel0
                    0.04%  6.7200us         4  1.6800us  1.5040us  1.7920us  fused_multiply_10_kernel0
                    0.04%  6.1440us         4  1.5360us  1.3440us  1.7600us  fused_multiply_11_kernel0
                    0.04%  5.9200us         1  5.9200us  5.9200us  5.9200us  fused_nn_softmax_kernel3
                    0.03%  5.5680us         3  1.8560us  1.5680us  2.2400us  fused_add_20_kernel0
                    0.03%  5.4400us         3  1.8130us  1.5040us  2.3360us  fused_sqrt_5_kernel0
                    0.03%  5.4080us         3  1.8020us  1.5040us  2.2720us  fused_divide_5_kernel0
                    0.03%  5.3120us         4  1.3280us  1.1840us  1.6640us  fused_expand_dims_1_kernel0
                    0.03%  5.0880us         3  1.6960us  1.5360us  2.0160us  fused_add_21_kernel0
                    0.03%  4.9600us         1  4.9600us  4.9600us  4.9600us  fused_add_1_kernel0
                    0.03%  4.9280us         3  1.6420us  1.4080us  1.8880us  fused_negative_5_kernel0
                    0.03%  4.8960us         1  4.8960us  4.8960us  4.8960us  fused_multiply_1_kernel0
                    0.03%  4.7680us         1  4.7680us  4.7680us  4.7680us  fused_nn_relu_1_kernel0
                    0.02%  4.0960us         2  2.0480us  1.9200us  2.1760us  fused_divide_kernel0
                    0.02%  4.0320us         2  2.0160us  1.9520us  2.0800us  fused_add_12_kernel0
                    0.02%  3.9680us         2  1.9840us  1.8880us  2.0800us  fused_add_10_kernel0
                    0.02%  3.8400us         2  1.9200us  1.6320us  2.2080us  fused_sqrt_kernel0
                    0.02%  3.8080us         2  1.9040us  1.6640us  2.1440us  fused_negative_kernel0
                    0.02%  3.7760us         1  3.7760us  3.7760us  3.7760us  fused_nn_softmax_kernel2
                    0.02%  3.7760us         2  1.8880us  1.6960us  2.0800us  fused_negative_1_kernel0
                    0.02%  3.7120us         2  1.8560us  1.5680us  2.1440us  fused_sqrt_1_kernel0
                    0.02%  3.6480us         2  1.8240us  1.4720us  2.1760us  fused_divide_1_kernel0
                    0.02%  3.3600us         2  1.6800us  1.5360us  1.8240us  fused_add_13_kernel0
                    0.02%  3.1680us         2  1.5840us  1.3760us  1.7920us  fused_add_11_kernel0
                    0.01%  1.9840us         1  1.9840us  1.9840us  1.9840us  [CUDA memcpy DtoH]
                    0.01%  1.6960us         1  1.6960us  1.6960us  1.6960us  fused_nn_batch_flatten_kernel0
      API calls:   68.39%  332.20ms         1  332.20ms  332.20ms  332.20ms  cuModuleLoadData
                   26.91%  130.72ms       201  650.34us  2.8070us  129.17ms  cudaMalloc
                    3.29%  15.977ms       192  83.212us  6.1050us  8.6212ms  cudaMemcpy
                    0.48%  2.3251ms         1  2.3251ms  2.3251ms  2.3251ms  cuModuleUnload
                    0.35%  1.6843ms       201  8.3790us  2.7280us  167.65us  cudaFree
                    0.30%  1.4636ms       358  4.0880us  3.2540us  22.540us  cuLaunchKernel
                    0.10%  494.47us       950     520ns     314ns  10.977us  cudaSetDevice
                    0.08%  406.96us        97  4.1950us     548ns  162.63us  cuDeviceGetAttribute
                    0.04%  190.58us         1  190.58us  190.58us  190.58us  cuDeviceTotalMem
                    0.03%  130.05us       358     363ns     292ns  1.9620us  cudaGetDevice
                    0.02%  74.236us         1  74.236us  74.236us  74.236us  cuDeviceGetName
                    0.01%  32.747us        98     334ns     253ns     825ns  cuModuleGetFunction
                    0.00%  7.9840us         3  2.6610us  1.4510us  3.3880us  cudaDeviceGetAttribute
                    0.00%  3.5310us         1  3.5310us  3.5310us  3.5310us  cuDeviceGetPCIBusId
                    0.00%  3.3010us         2  1.6500us     715ns  2.5860us  cuDeviceGetCount
                    0.00%  1.8980us         2     949ns     576ns  1.3220us  cuDeviceGet
                    0.00%  1.0230us         1  1.0230us  1.0230us  1.0230us  cuDeviceGetUuid
