==5975== NVPROF is profiling process 5975, command: python3 /home/wml/tvm/tutorials/relay_test_net.py
==5975== Profiling application: python3 /home/wml/tvm/tutorials/relay_test_net.py
==5975== Profiling result:
            Type  Time(%)      Time     Calls       Avg       Min       Max  Name
 GPU activities:   34.75%  5.7154ms       191  29.923us     864ns  1.3518ms  [CUDA memcpy HtoD]
                   17.85%  2.9365ms         5  587.29us  570.47us  599.69us  fused_nn_conv2d_4_kernel0
                    5.21%  857.76us         1  857.76us  857.76us  857.76us  fused_nn_conv2d_kernel0
                    2.43%  399.41us         1  399.41us  399.41us  399.41us  fused_nn_conv2d_2_kernel0
                    2.24%  368.69us         1  368.69us  368.69us  368.69us  fused_nn_conv2d_8_kernel0
                    1.99%  326.96us         1  326.96us  326.96us  326.96us  fused_nn_conv2d_12_kernel0
                    1.75%  288.24us         1  288.24us  288.24us  288.24us  fused_nn_conv2d_6_kernel0
                    1.71%  281.17us         3  93.724us  93.372us  94.364us  fused_add_6_kernel0
                    1.70%  279.96us         3  93.318us  93.052us  93.500us  fused_nn_relu_6_kernel0
                    1.69%  277.30us         3  92.433us  91.452us  93.724us  fused_multiply_6_kernel0
                    1.63%  267.76us        11  24.342us  24.063us  24.639us  fused_nn_relu_2_kernel0
                    1.62%  266.20us        11  24.199us  23.615us  24.831us  fused_add_2_kernel0
                    1.53%  250.87us        11  22.806us  21.087us  25.471us  fused_multiply_2_kernel0
                    1.25%  205.69us         1  205.69us  205.69us  205.69us  fused_nn_conv2d_16_kernel0
                    1.16%  191.42us         1  191.42us  191.42us  191.42us  fused_nn_conv2d_10_kernel0
                    1.14%  187.54us         2  93.772us  93.372us  94.172us  fused_add_9_kernel0
                    1.14%  187.10us         2  93.548us  93.468us  93.628us  fused_nn_relu_9_kernel0
                    1.13%  185.46us         1  185.46us  185.46us  185.46us  fused_add_8_kernel0
                    1.13%  185.34us         2  92.668us  92.188us  93.148us  fused_multiply_9_kernel0
                    1.12%  184.79us         1  184.79us  184.79us  184.79us  fused_nn_relu_8_kernel0
                    1.12%  184.41us         1  184.41us  184.41us  184.41us  fused_multiply_8_kernel0
                    1.06%  173.78us         5  34.756us  34.207us  35.774us  fused_nn_conv2d_5_kernel0
                    1.05%  173.15us         1  173.15us  173.15us  173.15us  fused_nn_conv2d_14_kernel0
                    0.87%  142.49us         1  142.49us  142.49us  142.49us  fused_nn_conv2d_15_kernel0
                    0.87%  142.43us         3  47.475us  47.006us  47.870us  fused_nn_relu_4_kernel0
                    0.86%  142.20us         3  47.400us  46.846us  47.998us  fused_add_4_kernel0
                    0.84%  138.68us         3  46.227us  44.926us  47.102us  fused_multiply_4_kernel0
                    0.76%  124.22us         1  124.22us  124.22us  124.22us  fused_nn_conv2d_18_kernel0
                    0.75%  123.96us         1  123.96us  123.96us  123.96us  fused_nn_dense_kernel0
                    0.69%  114.27us         1  114.27us  114.27us  114.27us  fused_nn_conv2d_13_kernel0
                    0.66%  108.16us         1  108.16us  108.16us  108.16us  fused_nn_conv2d_17_kernel0
                    0.51%  84.637us         1  84.637us  84.637us  84.637us  fused_nn_conv2d_11_kernel0
                    0.37%  61.149us         1  61.149us  61.149us  61.149us  fused_nn_conv2d_9_kernel0
                    0.30%  49.885us         1  49.885us  49.885us  49.885us  fused_nn_conv2d_7_kernel0
                    0.29%  47.806us         1  47.806us  47.806us  47.806us  fused_nn_relu_7_kernel0
                    0.29%  47.710us         1  47.710us  47.710us  47.710us  fused_add_7_kernel0
                    0.28%  45.535us         1  45.535us  45.535us  45.535us  fused_multiply_7_kernel0
                    0.23%  37.662us        24  1.5690us  1.2480us  1.8560us  fused_multiply_14_kernel0
                    0.20%  32.767us         1  32.767us  32.767us  32.767us  fused_nn_softmax_kernel1
                    0.18%  30.143us         1  30.143us  30.143us  30.143us  fused_nn_conv2d_3_kernel0
                    0.18%  29.887us        24  1.2450us  1.1840us  1.6640us  fused_expand_dims_4_kernel0
                    0.16%  27.070us         3  9.0230us  7.4230us  10.112us  fused_multiply_kernel0
                    0.16%  26.879us         1  26.879us  26.879us  26.879us  fused_nn_conv2d_1_kernel0
                    0.15%  24.831us         1  24.831us  24.831us  24.831us  fused_add_5_kernel0
                    0.15%  24.511us         1  24.511us  24.511us  24.511us  fused_nn_relu_5_kernel0
                    0.14%  22.847us        12  1.9030us  1.4080us  2.2390us  fused_negative_4_kernel0
                    0.14%  22.719us         3  7.5730us  7.3270us  8.0000us  fused_add_kernel0
                    0.13%  22.079us         1  22.079us  22.079us  22.079us  fused_multiply_5_kernel0
                    0.13%  21.536us        12  1.7940us  1.6960us  2.2720us  fused_add_18_kernel0
                    0.13%  21.278us         3  7.0920us  6.8790us  7.4870us  fused_nn_relu_kernel0
                    0.12%  19.743us         1  19.743us  19.743us  19.743us  fused_nn_softmax_kernel0
                    0.12%  19.070us        12  1.5890us  1.5030us  2.2080us  fused_divide_4_kernel0
                    0.11%  18.560us        12  1.5460us  1.4720us  2.2080us  fused_sqrt_4_kernel0
                    0.11%  18.495us        12  1.5410us  1.4400us  1.9840us  fused_add_19_kernel0
                    0.07%  12.288us         8  1.5360us  1.3440us  1.8240us  fused_multiply_12_kernel0
                    0.07%  12.032us         8  1.5040us  1.2160us  1.8240us  fused_multiply_13_kernel0
                    0.06%  10.207us         8  1.2750us  1.2160us  1.6320us  fused_expand_dims_3_kernel0
                    0.06%  10.144us         8  1.2680us  1.1840us  1.6640us  fused_expand_dims_2_kernel0
                    0.06%  9.9510us         1  9.9510us  9.9510us  9.9510us  fused_multiply_3_kernel0
                    0.05%  8.7360us         6  1.4560us  1.2480us  1.9200us  fused_multiply_15_kernel0
                    0.05%  8.4160us         1  8.4160us  8.4160us  8.4160us  fused_nn_global_avg_pool2d_kernel0
                    0.05%  8.0000us         1  8.0000us  8.0000us  8.0000us  fused_add_3_kernel0
                    0.05%  7.9680us         6  1.3280us  1.2160us  1.6640us  fused_expand_dims_5_kernel0
                    0.05%  7.6150us         1  7.6150us  7.6150us  7.6150us  fused_nn_relu_3_kernel0
                    0.05%  7.4870us         4  1.8710us  1.7280us  2.1430us  fused_sqrt_2_kernel0
                    0.04%  7.3920us         4  1.8480us  1.6320us  2.1440us  fused_negative_2_kernel0
                    0.04%  7.2640us         4  1.8160us  1.6640us  2.1760us  fused_add_16_kernel0
                    0.04%  7.1040us         4  1.7760us  1.6320us  2.1120us  fused_add_14_kernel0
                    0.04%  7.0400us         4  1.7600us  1.5360us  2.2080us  fused_divide_3_kernel0
                    0.04%  7.0390us         4  1.7590us  1.6000us  2.1750us  fused_sqrt_3_kernel0
                    0.04%  6.9760us         4  1.7440us  1.3760us  2.2080us  fused_negative_3_kernel0
                    0.04%  6.9440us         4  1.7360us  1.6320us  1.9520us  fused_add_17_kernel0
                    0.04%  6.6560us         4  1.6640us  1.4720us  2.1760us  fused_divide_2_kernel0
                    0.04%  6.5920us         4  1.6480us  1.3760us  1.7920us  fused_multiply_10_kernel0
                    0.04%  6.3040us         4  1.5760us  1.5040us  1.7920us  fused_multiply_11_kernel0
                    0.04%  6.0160us         1  6.0160us  6.0160us  6.0160us  fused_nn_softmax_kernel3
                    0.04%  6.0150us         4  1.5030us  1.3750us  1.8560us  fused_add_15_kernel0
                    0.03%  5.4400us         3  1.8130us  1.5360us  2.2400us  fused_divide_5_kernel0
                    0.03%  5.4080us         3  1.8020us  1.4400us  2.2400us  fused_add_20_kernel0
                    0.03%  5.4070us         4  1.3510us  1.2480us  1.6320us  fused_expand_dims_kernel0
                    0.03%  5.2480us         4  1.3120us  1.1840us  1.6640us  fused_expand_dims_1_kernel0
                    0.03%  5.1520us         3  1.7170us  1.4400us  2.0800us  fused_add_21_kernel0
                    0.03%  5.0240us         3  1.6740us  1.3440us  2.1760us  fused_sqrt_5_kernel0
                    0.03%  4.9280us         1  4.9280us  4.9280us  4.9280us  fused_add_1_kernel0
                    0.03%  4.9270us         1  4.9270us  4.9270us  4.9270us  fused_multiply_1_kernel0
                    0.03%  4.7670us         3  1.5890us  1.4080us  1.8550us  fused_negative_5_kernel0
                    0.03%  4.6720us         1  4.6720us  4.6720us  4.6720us  fused_nn_relu_1_kernel0
                    0.03%  4.2870us         2  2.1430us  2.1120us  2.1750us  fused_negative_1_kernel0
                    0.03%  4.1600us         2  2.0800us  1.9840us  2.1760us  fused_negative_kernel0
                    0.02%  4.0640us         2  2.0320us  1.9840us  2.0800us  fused_add_12_kernel0
                    0.02%  3.9360us         2  1.9680us  1.7600us  2.1760us  fused_divide_1_kernel0
                    0.02%  3.8400us         2  1.9200us  1.6960us  2.1440us  fused_sqrt_kernel0
                    0.02%  3.8400us         2  1.9200us  1.6640us  2.1760us  fused_divide_kernel0
                    0.02%  3.8080us         2  1.9040us  1.6960us  2.1120us  fused_add_10_kernel0
                    0.02%  3.8080us         1  3.8080us  3.8080us  3.8080us  fused_nn_softmax_kernel2
                    0.02%  3.6790us         2  1.8390us  1.4720us  2.2070us  fused_sqrt_1_kernel0
                    0.02%  3.3600us         2  1.6800us  1.5680us  1.7920us  fused_add_11_kernel0
                    0.02%  3.1680us         2  1.5840us  1.3440us  1.8240us  fused_add_13_kernel0
                    0.01%  1.6960us         1  1.6960us  1.6960us  1.6960us  fused_nn_batch_flatten_kernel0
                    0.01%  1.6000us         1  1.6000us  1.6000us  1.6000us  [CUDA memcpy DtoH]
      API calls:   66.70%  327.48ms         1  327.48ms  327.48ms  327.48ms  cuModuleLoadData
                   27.81%  136.56ms       201  679.38us  2.8310us  135.10ms  cudaMalloc
                    3.17%  15.561ms       192  81.047us  5.8410us  8.2919ms  cudaMemcpy
                    1.39%  6.8434ms         1  6.8434ms  6.8434ms  6.8434ms  cuModuleUnload
                    0.39%  1.8903ms       201  9.4040us  2.7450us  174.48us  cudaFree
                    0.29%  1.4269ms       358  3.9850us  3.2850us  23.907us  cuLaunchKernel
                    0.10%  491.80us       950     517ns     316ns  9.9900us  cudaSetDevice
                    0.07%  360.47us        97  3.7160us     161ns  209.07us  cuDeviceGetAttribute
                    0.03%  124.92us       358     348ns     301ns  1.0000us  cudaGetDevice
                    0.02%  121.00us         1  121.00us  121.00us  121.00us  cuDeviceTotalMem
                    0.01%  64.315us         1  64.315us  64.315us  64.315us  cuDeviceGetName
                    0.01%  33.910us        98     346ns     248ns  1.6450us  cuModuleGetFunction
                    0.00%  5.2080us         1  5.2080us  5.2080us  5.2080us  cuDeviceGetPCIBusId
                    0.00%  2.3130us         3     771ns     493ns     947ns  cudaDeviceGetAttribute
                    0.00%  2.0110us         2  1.0050us     392ns  1.6190us  cuDeviceGetCount
                    0.00%  1.2050us         2     602ns     375ns     830ns  cuDeviceGet
                    0.00%     286ns         1     286ns     286ns     286ns  cuDeviceGetUuid
