==5701== NVPROF is profiling process 5701, command: python3 /home/wml/tvm/tutorials/relay_test_net.py
==5701== Profiling application: python3 /home/wml/tvm/tutorials/relay_test_net.py
==5701== Profiling result:
            Type  Time(%)      Time     Calls       Avg       Min       Max  Name
 GPU activities:   35.56%  5.7302ms       191  30.001us     863ns  1.3488ms  [CUDA memcpy HtoD]
                   17.28%  2.7848ms         5  556.96us  550.83us  561.74us  fused_nn_conv2d_4_kernel0
                    5.11%  822.60us         1  822.60us  822.60us  822.60us  fused_nn_conv2d_kernel0
                    2.30%  370.29us         1  370.29us  370.29us  370.29us  fused_nn_conv2d_2_kernel0
                    2.29%  369.21us         1  369.21us  369.21us  369.21us  fused_nn_conv2d_8_kernel0
                    1.90%  306.62us         1  306.62us  306.62us  306.62us  fused_nn_conv2d_12_kernel0
                    1.74%  280.31us         3  93.437us  92.734us  93.949us  fused_add_6_kernel0
                    1.73%  279.22us         3  93.074us  92.925us  93.309us  fused_nn_relu_6_kernel0
                    1.71%  275.45us         3  91.816us  90.622us  92.478us  fused_multiply_6_kernel0
                    1.66%  266.81us        11  24.255us  23.776us  25.279us  fused_nn_relu_2_kernel0
                    1.63%  262.33us        11  23.848us  23.455us  24.671us  fused_add_2_kernel0
                    1.62%  260.98us         1  260.98us  260.98us  260.98us  fused_nn_conv2d_6_kernel0
                    1.50%  242.39us        11  22.035us  20.223us  23.871us  fused_multiply_2_kernel0
                    1.18%  189.85us         1  189.85us  189.85us  189.85us  fused_nn_conv2d_16_kernel0
                    1.16%  186.39us         2  93.197us  93.021us  93.373us  fused_nn_relu_9_kernel0
                    1.15%  186.04us         2  93.021us  92.861us  93.181us  fused_add_9_kernel0
                    1.15%  185.40us         2  92.701us  92.189us  93.213us  fused_multiply_9_kernel0
                    1.15%  184.95us         1  184.95us  184.95us  184.95us  fused_nn_relu_8_kernel0
                    1.15%  184.76us         1  184.76us  184.76us  184.76us  fused_add_8_kernel0
                    1.14%  184.19us         1  184.19us  184.19us  184.19us  fused_multiply_8_kernel0
                    1.14%  184.09us         1  184.09us  184.09us  184.09us  fused_nn_conv2d_10_kernel0
                    1.06%  170.40us         5  34.079us  33.151us  35.679us  fused_nn_conv2d_5_kernel0
                    1.03%  165.28us         1  165.28us  165.28us  165.28us  fused_nn_conv2d_14_kernel0
                    0.88%  141.92us         3  47.305us  47.103us  47.423us  fused_nn_relu_4_kernel0
                    0.88%  141.37us         3  47.124us  46.463us  47.902us  fused_add_4_kernel0
                    0.88%  141.34us         1  141.34us  141.34us  141.34us  fused_nn_conv2d_15_kernel0
                    0.85%  136.70us         3  45.566us  44.127us  46.398us  fused_multiply_4_kernel0
                    0.77%  123.68us         1  123.68us  123.68us  123.68us  fused_nn_dense_kernel0
                    0.76%  121.76us         1  121.76us  121.76us  121.76us  fused_nn_conv2d_18_kernel0
                    0.71%  114.21us         1  114.21us  114.21us  114.21us  fused_nn_conv2d_13_kernel0
                    0.66%  106.49us         1  106.49us  106.49us  106.49us  fused_nn_conv2d_17_kernel0
                    0.51%  82.525us         1  82.525us  82.525us  82.525us  fused_nn_conv2d_11_kernel0
                    0.37%  60.222us         1  60.222us  60.222us  60.222us  fused_nn_conv2d_9_kernel0
                    0.31%  49.406us         1  49.406us  49.406us  49.406us  fused_nn_conv2d_7_kernel0
                    0.30%  47.838us         1  47.838us  47.838us  47.838us  fused_nn_relu_7_kernel0
                    0.30%  47.551us         1  47.551us  47.551us  47.551us  fused_add_7_kernel0
                    0.28%  45.374us         1  45.374us  45.374us  45.374us  fused_multiply_7_kernel0
                    0.22%  35.072us        24  1.4610us  1.1840us  1.7920us  fused_multiply_14_kernel0
                    0.19%  31.167us         1  31.167us  31.167us  31.167us  fused_nn_softmax_kernel1
                    0.18%  29.119us         1  29.119us  29.119us  29.119us  fused_nn_conv2d_3_kernel0
                    0.18%  28.478us        24  1.1860us  1.1200us  1.5990us  fused_expand_dims_4_kernel0
                    0.16%  26.336us         3  8.7780us  7.1040us  9.8240us  fused_multiply_kernel0
                    0.16%  26.175us         1  26.175us  26.175us  26.175us  fused_nn_conv2d_1_kernel0
                    0.15%  24.767us         1  24.767us  24.767us  24.767us  fused_nn_relu_5_kernel0
                    0.15%  24.703us         1  24.703us  24.703us  24.703us  fused_add_5_kernel0
                    0.14%  22.495us        12  1.8740us  1.6960us  2.1760us  fused_divide_4_kernel0
                    0.14%  22.464us        12  1.8720us  1.6320us  2.1440us  fused_add_18_kernel0
                    0.14%  22.143us         1  22.143us  22.143us  22.143us  fused_multiply_5_kernel0
                    0.13%  21.565us         3  7.1880us  7.0070us  7.4870us  fused_add_kernel0
                    0.13%  21.088us        12  1.7570us  1.4080us  2.1440us  fused_negative_4_kernel0
                    0.13%  20.224us         3  6.7410us  6.4640us  7.1040us  fused_nn_relu_kernel0
                    0.12%  19.232us         1  19.232us  19.232us  19.232us  fused_nn_softmax_kernel0
                    0.12%  19.008us        12  1.5840us  1.3760us  2.1120us  fused_sqrt_4_kernel0
                    0.11%  17.375us        12  1.4470us  1.3440us  1.9520us  fused_add_19_kernel0
                    0.07%  11.647us         8  1.4550us  1.3120us  1.7280us  fused_multiply_12_kernel0
                    0.07%  11.424us         8  1.4280us  1.1520us  1.7280us  fused_multiply_13_kernel0
                    0.06%  10.144us         8  1.2680us  1.1200us  1.5680us  fused_expand_dims_2_kernel0
                    0.06%  9.9840us         8  1.2480us  1.1200us  1.6000us  fused_expand_dims_3_kernel0
                    0.06%  9.9190us         1  9.9190us  9.9190us  9.9190us  fused_multiply_3_kernel0
                    0.05%  8.3520us         6  1.3920us  1.1520us  1.8240us  fused_multiply_15_kernel0
                    0.05%  8.0320us         4  2.0080us  1.3440us  3.2640us  fused_multiply_10_kernel0
                    0.05%  7.9360us         1  7.9360us  7.9360us  7.9360us  fused_nn_global_avg_pool2d_kernel0
                    0.05%  7.5200us         1  7.5200us  7.5200us  7.5200us  fused_add_3_kernel0
                    0.05%  7.4560us         6  1.2420us  1.1520us  1.6320us  fused_expand_dims_5_kernel0
                    0.04%  7.2000us         4  1.8000us  1.6000us  2.0800us  fused_add_16_kernel0
                    0.04%  7.0400us         4  1.7600us  1.4400us  2.1120us  fused_divide_3_kernel0
                    0.04%  6.9760us         1  6.9760us  6.9760us  6.9760us  fused_nn_relu_3_kernel0
                    0.04%  6.9120us         4  1.7280us  1.6000us  2.0160us  fused_add_14_kernel0
                    0.04%  6.8150us         4  1.7030us  1.5680us  2.0480us  fused_negative_2_kernel0
                    0.04%  6.7840us         4  1.6960us  1.3120us  2.1120us  fused_negative_3_kernel0
                    0.04%  6.4640us         4  1.6160us  1.4080us  2.0800us  fused_divide_2_kernel0
                    0.04%  6.4320us         4  1.6080us  1.4080us  2.1120us  fused_sqrt_3_kernel0
                    0.04%  6.2720us         4  1.5680us  1.4720us  1.7280us  fused_add_15_kernel0
                    0.04%  6.2720us         4  1.5680us  1.3760us  2.0800us  fused_sqrt_2_kernel0
                    0.04%  5.8240us         4  1.4560us  1.2800us  1.6960us  fused_multiply_11_kernel0
                    0.04%  5.7920us         4  1.4480us  1.2800us  1.8240us  fused_add_17_kernel0
                    0.04%  5.7590us         1  5.7590us  5.7590us  5.7590us  fused_nn_softmax_kernel3
                    0.03%  5.2160us         4  1.3040us  1.1840us  1.6320us  fused_expand_dims_kernel0
                    0.03%  5.2140us         3  1.7380us  1.3760us  2.1110us  fused_add_20_kernel0
                    0.03%  5.1840us         4  1.2960us  1.1200us  1.6640us  fused_expand_dims_1_kernel0
                    0.03%  5.0880us         3  1.6960us  1.4400us  2.1760us  fused_divide_5_kernel0
                    0.03%  5.0240us         3  1.6740us  1.4080us  2.0480us  fused_add_21_kernel0
                    0.03%  4.8960us         3  1.6320us  1.3760us  2.1120us  fused_sqrt_5_kernel0
                    0.03%  4.8320us         1  4.8320us  4.8320us  4.8320us  fused_add_1_kernel0
                    0.03%  4.7360us         3  1.5780us  1.4720us  1.7600us  fused_negative_5_kernel0
                    0.03%  4.6720us         1  4.6720us  4.6720us  4.6720us  fused_multiply_1_kernel0
                    0.03%  4.5120us         1  4.5120us  4.5120us  4.5120us  fused_nn_relu_1_kernel0
                    0.03%  4.0640us         2  2.0320us  1.9200us  2.1440us  fused_divide_1_kernel0
                    0.02%  3.7120us         2  1.8560us  1.6320us  2.0800us  fused_negative_kernel0
                    0.02%  3.6800us         2  1.8400us  1.6320us  2.0480us  fused_add_12_kernel0
                    0.02%  3.6480us         2  1.8240us  1.6000us  2.0480us  fused_negative_1_kernel0
                    0.02%  3.6470us         2  1.8230us  1.5680us  2.0790us  fused_sqrt_kernel0
                    0.02%  3.6160us         2  1.8080us  1.6000us  2.0160us  fused_add_10_kernel0
                    0.02%  3.5520us         2  1.7760us  1.4400us  2.1120us  fused_divide_kernel0
                    0.02%  3.5190us         2  1.7590us  1.4080us  2.1110us  fused_sqrt_1_kernel0
                    0.02%  3.4880us         1  3.4880us  3.4880us  3.4880us  fused_nn_softmax_kernel2
                    0.02%  3.2630us         2  1.6310us  1.5680us  1.6950us  fused_add_13_kernel0
                    0.02%  3.1680us         2  1.5840us  1.3440us  1.8240us  fused_add_11_kernel0
                    0.01%  1.6000us         1  1.6000us  1.6000us  1.6000us  fused_nn_batch_flatten_kernel0
                    0.01%  1.5680us         1  1.5680us  1.5680us  1.5680us  [CUDA memcpy DtoH]
      API calls:   68.35%  326.95ms         1  326.95ms  326.95ms  326.95ms  cuModuleLoadData
                   26.79%  128.15ms       201  637.58us  1.7660us  126.74ms  cudaMalloc
                    3.18%  15.203ms       192  79.182us  5.8550us  7.9216ms  cudaMemcpy
                    0.82%  3.9232ms         1  3.9232ms  3.9232ms  3.9232ms  cuModuleUnload
                    0.35%  1.6792ms       201  8.3540us  2.7030us  156.83us  cudaFree
                    0.30%  1.4283ms       358  3.9890us  3.2680us  22.506us  cuLaunchKernel
                    0.10%  482.00us       950     507ns     312ns  10.454us  cudaSetDevice
                    0.04%  195.90us        97  2.0190us     228ns  80.690us  cuDeviceGetAttribute
                    0.03%  126.55us       358     353ns     290ns  1.7150us  cudaGetDevice
                    0.02%  85.512us         1  85.512us  85.512us  85.512us  cuDeviceTotalMem
                    0.01%  45.131us         1  45.131us  45.131us  45.131us  cuDeviceGetName
                    0.01%  36.748us        98     374ns     266ns  1.5660us  cuModuleGetFunction
                    0.00%  5.2720us         1  5.2720us  5.2720us  5.2720us  cuDeviceGetPCIBusId
                    0.00%  3.4530us         3  1.1510us     721ns  1.4370us  cudaDeviceGetAttribute
                    0.00%  1.4840us         2     742ns     293ns  1.1910us  cuDeviceGetCount
                    0.00%     890ns         2     445ns     254ns     636ns  cuDeviceGet
                    0.00%     441ns         1     441ns     441ns     441ns  cuDeviceGetUuid
