==5780== NVPROF is profiling process 5780, command: python3 /home/wml/tvm/tutorials/relay_test_net.py
==5780== Profiling application: python3 /home/wml/tvm/tutorials/relay_test_net.py
==5780== Profiling result:
            Type  Time(%)      Time     Calls       Avg       Min       Max  Name
 GPU activities:   34.72%  5.7193ms       191  29.944us     864ns  1.3547ms  [CUDA memcpy HtoD]
                   17.90%  2.9490ms         5  589.81us  575.13us  607.41us  fused_nn_conv2d_4_kernel0
                    5.27%  868.20us         1  868.20us  868.20us  868.20us  fused_nn_conv2d_kernel0
                    2.48%  408.29us         1  408.29us  408.29us  408.29us  fused_nn_conv2d_2_kernel0
                    2.26%  372.94us         1  372.94us  372.94us  372.94us  fused_nn_conv2d_8_kernel0
                    1.91%  315.27us         1  315.27us  315.27us  315.27us  fused_nn_conv2d_12_kernel0
                    1.72%  283.63us         1  283.63us  283.63us  283.63us  fused_nn_conv2d_6_kernel0
                    1.71%  281.42us         3  93.806us  93.369us  94.617us  fused_add_6_kernel0
                    1.71%  281.23us         3  93.743us  93.562us  94.042us  fused_nn_relu_6_kernel0
                    1.68%  277.04us         3  92.345us  91.417us  93.114us  fused_multiply_6_kernel0
                    1.63%  268.05us        11  24.367us  23.967us  25.310us  fused_nn_relu_2_kernel0
                    1.62%  267.15us        11  24.286us  23.423us  24.895us  fused_add_2_kernel0
                    1.49%  245.87us        11  22.351us  20.094us  24.319us  fused_multiply_2_kernel0
                    1.25%  205.23us         1  205.23us  205.23us  205.23us  fused_nn_conv2d_16_kernel0
                    1.19%  195.99us         1  195.99us  195.99us  195.99us  fused_nn_conv2d_10_kernel0
                    1.15%  188.98us         2  94.489us  94.393us  94.585us  fused_add_9_kernel0
                    1.14%  187.70us         2  93.850us  93.754us  93.946us  fused_nn_relu_9_kernel0
                    1.13%  186.32us         2  93.161us  93.146us  93.177us  fused_multiply_9_kernel0
                    1.12%  185.20us         1  185.20us  185.20us  185.20us  fused_add_8_kernel0
                    1.12%  185.01us         1  185.01us  185.01us  185.01us  fused_nn_relu_8_kernel0
                    1.12%  184.34us         1  184.34us  184.34us  184.34us  fused_multiply_8_kernel0
                    1.07%  175.54us         5  35.108us  34.717us  36.093us  fused_nn_conv2d_5_kernel0
                    0.99%  163.16us         1  163.16us  163.16us  163.16us  fused_nn_conv2d_14_kernel0
                    0.88%  145.43us         1  145.43us  145.43us  145.43us  fused_nn_conv2d_15_kernel0
                    0.87%  143.90us         3  47.965us  47.741us  48.285us  fused_nn_relu_4_kernel0
                    0.87%  142.52us         3  47.506us  46.909us  47.900us  fused_add_4_kernel0
                    0.84%  138.65us         3  46.215us  45.181us  47.260us  fused_multiply_4_kernel0
                    0.75%  123.38us         1  123.38us  123.38us  123.38us  fused_nn_dense_kernel0
                    0.73%  119.58us         1  119.58us  119.58us  119.58us  fused_nn_conv2d_18_kernel0
                    0.70%  116.06us         1  116.06us  116.06us  116.06us  fused_nn_conv2d_13_kernel0
                    0.66%  108.82us         1  108.82us  108.82us  108.82us  fused_nn_conv2d_17_kernel0
                    0.51%  84.570us         1  84.570us  84.570us  84.570us  fused_nn_conv2d_11_kernel0
                    0.37%  60.603us         1  60.603us  60.603us  60.603us  fused_nn_conv2d_9_kernel0
                    0.31%  50.844us         1  50.844us  50.844us  50.844us  fused_nn_conv2d_7_kernel0
                    0.29%  48.188us         1  48.188us  48.188us  48.188us  fused_add_7_kernel0
                    0.29%  47.645us         1  47.645us  47.645us  47.645us  fused_nn_relu_7_kernel0
                    0.28%  45.725us         1  45.725us  45.725us  45.725us  fused_multiply_7_kernel0
                    0.22%  36.669us        24  1.5270us  1.2790us  1.8880us  fused_multiply_14_kernel0
                    0.20%  32.830us         1  32.830us  32.830us  32.830us  fused_nn_softmax_kernel1
                    0.18%  30.144us        24  1.2560us  1.2160us  1.6960us  fused_expand_dims_4_kernel0
                    0.18%  29.310us         1  29.310us  29.310us  29.310us  fused_nn_conv2d_3_kernel0
                    0.17%  27.551us         3  9.1830us  7.2960us  10.400us  fused_multiply_kernel0
                    0.17%  27.198us         1  27.198us  27.198us  27.198us  fused_nn_conv2d_1_kernel0
                    0.15%  25.343us         1  25.343us  25.343us  25.343us  fused_nn_relu_5_kernel0
                    0.15%  24.606us         1  24.606us  24.606us  24.606us  fused_add_5_kernel0
                    0.14%  22.750us         3  7.5830us  7.3590us  8.0310us  fused_add_kernel0
                    0.14%  22.495us         1  22.495us  22.495us  22.495us  fused_multiply_5_kernel0
                    0.13%  21.471us        12  1.7890us  1.4080us  2.2720us  fused_negative_4_kernel0
                    0.13%  21.439us         3  7.1460us  6.8480us  7.5520us  fused_nn_relu_kernel0
                    0.13%  21.439us        12  1.7860us  1.6960us  2.1750us  fused_add_18_kernel0
                    0.13%  20.606us        12  1.7170us  1.6320us  2.2400us  fused_divide_4_kernel0
                    0.12%  19.742us         1  19.742us  19.742us  19.742us  fused_nn_softmax_kernel0
                    0.11%  18.879us        12  1.5730us  1.4720us  2.3040us  fused_sqrt_4_kernel0
                    0.11%  18.335us        12  1.5270us  1.4080us  1.9200us  fused_add_19_kernel0
                    0.07%  12.030us         8  1.5030us  1.3430us  1.8880us  fused_multiply_12_kernel0
                    0.07%  11.934us         8  1.4910us  1.2150us  1.8230us  fused_multiply_13_kernel0
                    0.06%  10.431us         8  1.3030us  1.1840us  1.6320us  fused_expand_dims_3_kernel0
                    0.06%  10.080us         8  1.2600us  1.1840us  1.6640us  fused_expand_dims_2_kernel0
                    0.06%  9.9200us         1  9.9200us  9.9200us  9.9200us  fused_multiply_3_kernel0
                    0.05%  8.7670us         6  1.4610us  1.2480us  1.9520us  fused_multiply_15_kernel0
                    0.05%  8.4790us         1  8.4790us  8.4790us  8.4790us  fused_nn_global_avg_pool2d_kernel0
                    0.05%  8.0320us         1  8.0320us  8.0320us  8.0320us  fused_add_3_kernel0
                    0.05%  7.9350us         6  1.3220us  1.2160us  1.7270us  fused_expand_dims_5_kernel0
                    0.05%  7.7430us         4  1.9350us  1.7600us  2.1440us  fused_negative_2_kernel0
                    0.05%  7.7430us         4  1.9350us  1.6640us  2.1760us  fused_sqrt_2_kernel0
                    0.05%  7.6480us         4  1.9120us  1.7280us  2.1760us  fused_divide_2_kernel0
                    0.05%  7.5840us         4  1.8960us  1.6320us  2.1120us  fused_negative_3_kernel0
                    0.05%  7.4550us         1  7.4550us  7.4550us  7.4550us  fused_nn_relu_3_kernel0
                    0.04%  7.2320us         4  1.8080us  1.6640us  2.1760us  fused_add_16_kernel0
                    0.04%  7.1680us         4  1.7920us  1.6640us  2.1120us  fused_add_14_kernel0
                    0.04%  6.6550us         4  1.6630us  1.4080us  1.8560us  fused_multiply_10_kernel0
                    0.04%  6.6240us         4  1.6560us  1.4720us  2.2080us  fused_sqrt_3_kernel0
                    0.04%  6.5600us         4  1.6400us  1.4400us  2.1760us  fused_divide_3_kernel0
                    0.04%  6.5280us         4  1.6320us  1.3760us  1.8560us  fused_add_15_kernel0
                    0.04%  6.2070us         4  1.5510us  1.3750us  1.7920us  fused_multiply_11_kernel0
                    0.04%  6.0790us         1  6.0790us  6.0790us  6.0790us  fused_nn_softmax_kernel3
                    0.04%  6.0150us         4  1.5030us  1.3440us  1.8560us  fused_add_17_kernel0
                    0.03%  5.6320us         4  1.4080us  1.2480us  1.6960us  fused_expand_dims_kernel0
                    0.03%  5.4390us         4  1.3590us  1.1840us  1.6320us  fused_expand_dims_1_kernel0
                    0.03%  5.3440us         3  1.7810us  1.4400us  2.1760us  fused_add_20_kernel0
                    0.03%  5.3430us         3  1.7810us  1.5350us  2.2400us  fused_divide_5_kernel0
                    0.03%  5.1520us         3  1.7170us  1.3760us  2.3040us  fused_sqrt_5_kernel0
                    0.03%  5.0880us         1  5.0880us  5.0880us  5.0880us  fused_multiply_1_kernel0
                    0.03%  5.0560us         3  1.6850us  1.5040us  1.9840us  fused_add_21_kernel0
                    0.03%  5.0240us         1  5.0240us  5.0240us  5.0240us  fused_add_1_kernel0
                    0.03%  4.8320us         3  1.6100us  1.4080us  1.8880us  fused_negative_5_kernel0
                    0.03%  4.6070us         1  4.6070us  4.6070us  4.6070us  fused_nn_relu_1_kernel0
                    0.03%  4.1280us         2  2.0640us  1.8880us  2.2400us  fused_divide_1_kernel0
                    0.02%  4.0640us         2  2.0320us  1.9200us  2.1440us  fused_sqrt_kernel0
                    0.02%  4.0640us         2  2.0320us  1.7600us  2.3040us  fused_divide_kernel0
                    0.02%  3.9680us         2  1.9840us  1.8880us  2.0800us  fused_negative_1_kernel0
                    0.02%  3.8720us         2  1.9360us  1.7920us  2.0800us  fused_negative_kernel0
                    0.02%  3.7760us         2  1.8880us  1.6960us  2.0800us  fused_add_10_kernel0
                    0.02%  3.7750us         2  1.8870us  1.6960us  2.0790us  fused_add_12_kernel0
                    0.02%  3.7440us         1  3.7440us  3.7440us  3.7440us  fused_nn_softmax_kernel2
                    0.02%  3.7120us         2  1.8560us  1.5360us  2.1760us  fused_sqrt_1_kernel0
                    0.02%  3.6480us         2  1.8240us  1.8240us  1.8240us  fused_add_13_kernel0
                    0.02%  3.2000us         2  1.6000us  1.4080us  1.7920us  fused_add_11_kernel0
                    0.01%  1.6960us         1  1.6960us  1.6960us  1.6960us  fused_nn_batch_flatten_kernel0
                    0.01%  1.6320us         1  1.6320us  1.6320us  1.6320us  [CUDA memcpy DtoH]
      API calls:   67.82%  319.92ms         1  319.92ms  319.92ms  319.92ms  cuModuleLoadData
                   27.12%  127.91ms       201  636.37us  2.7250us  126.48ms  cudaMalloc
                    3.32%  15.645ms       192  81.486us  5.7790us  8.3393ms  cudaMemcpy
                    0.76%  3.6017ms         1  3.6017ms  3.6017ms  3.6017ms  cuModuleUnload
                    0.40%  1.8857ms       201  9.3810us  2.7180us  171.55us  cudaFree
                    0.30%  1.4016ms       358  3.9150us  3.2590us  22.460us  cuLaunchKernel
                    0.10%  479.55us       950     504ns     316ns  9.6650us  cudaSetDevice
                    0.09%  406.03us        97  4.1850us     541ns  163.71us  cuDeviceGetAttribute
                    0.04%  195.53us         1  195.53us  195.53us  195.53us  cuDeviceTotalMem
                    0.03%  128.70us       358     359ns     293ns  1.7380us  cudaGetDevice
                    0.02%  91.649us         1  91.649us  91.649us  91.649us  cuDeviceGetName
                    0.01%  33.938us        98     346ns     262ns  1.2440us  cuModuleGetFunction
                    0.00%  7.6390us         3  2.5460us  1.4750us  3.1360us  cudaDeviceGetAttribute
                    0.00%  4.0070us         1  4.0070us  4.0070us  4.0070us  cuDeviceGetPCIBusId
                    0.00%  3.6410us         2  1.8200us     750ns  2.8910us  cuDeviceGetCount
                    0.00%  1.8800us         2     940ns     569ns  1.3110us  cuDeviceGet
                    0.00%  1.0910us         1  1.0910us  1.0910us  1.0910us  cuDeviceGetUuid
