==6126== NVPROF is profiling process 6126, command: python3 /home/wml/tvm/tutorials/relay_test_net.py
==6126== Profiling application: python3 /home/wml/tvm/tutorials/relay_test_net.py
==6126== Profiling result:
            Type  Time(%)      Time     Calls       Avg       Min       Max  Name
 GPU activities:   37.86%  5.7040ms       191  29.863us     832ns  1.3400ms  [CUDA memcpy HtoD]
                   15.63%  2.3554ms         5  471.07us  460.98us  481.07us  fused_nn_conv2d_4_kernel0
                    4.36%  656.52us         1  656.52us  656.52us  656.52us  fused_nn_conv2d_kernel0
                    2.14%  322.10us         1  322.10us  322.10us  322.10us  fused_nn_conv2d_2_kernel0
                    2.05%  308.22us         1  308.22us  308.22us  308.22us  fused_nn_conv2d_8_kernel0
                    1.85%  279.35us         3  93.117us  92.861us  93.437us  fused_nn_relu_6_kernel0
                    1.85%  278.55us         3  92.850us  92.669us  92.989us  fused_add_6_kernel0
                    1.82%  273.88us         3  91.293us  90.461us  91.997us  fused_multiply_6_kernel0
                    1.75%  263.67us        11  23.970us  23.583us  24.287us  fused_nn_relu_2_kernel0
                    1.74%  261.75us         1  261.75us  261.75us  261.75us  fused_nn_conv2d_12_kernel0
                    1.73%  259.99us        11  23.635us  23.359us  24.128us  fused_add_2_kernel0
                    1.54%  231.74us        11  21.067us  18.400us  23.456us  fused_multiply_2_kernel0
                    1.48%  222.87us         1  222.87us  222.87us  222.87us  fused_nn_conv2d_6_kernel0
                    1.24%  186.68us         1  186.68us  186.68us  186.68us  fused_add_8_kernel0
                    1.24%  186.17us         2  93.085us  92.669us  93.501us  fused_add_9_kernel0
                    1.24%  186.11us         2  93.053us  92.829us  93.277us  fused_nn_relu_9_kernel0
                    1.23%  184.63us         1  184.63us  184.63us  184.63us  fused_nn_relu_8_kernel0
                    1.22%  184.06us         1  184.06us  184.06us  184.06us  fused_multiply_8_kernel0
                    1.22%  183.90us         2  91.949us  91.389us  92.509us  fused_multiply_9_kernel0
                    1.13%  170.17us         1  170.17us  170.17us  170.17us  fused_nn_conv2d_16_kernel0
                    1.07%  161.92us         5  32.383us  31.295us  33.247us  fused_nn_conv2d_5_kernel0
                    1.07%  160.67us         1  160.67us  160.67us  160.67us  fused_nn_conv2d_10_kernel0
                    0.94%  140.89us         3  46.963us  46.814us  47.167us  fused_nn_relu_4_kernel0
                    0.93%  139.84us         3  46.612us  46.303us  46.911us  fused_add_4_kernel0
                    0.91%  136.86us         1  136.86us  136.86us  136.86us  fused_nn_conv2d_15_kernel0
                    0.90%  134.85us         3  44.948us  42.847us  46.303us  fused_multiply_4_kernel0
                    0.87%  130.94us         1  130.94us  130.94us  130.94us  fused_nn_conv2d_14_kernel0
                    0.82%  123.29us         1  123.29us  123.29us  123.29us  fused_nn_dense_kernel0
                    0.74%  110.81us         1  110.81us  110.81us  110.81us  fused_nn_conv2d_13_kernel0
                    0.72%  108.13us         1  108.13us  108.13us  108.13us  fused_nn_conv2d_18_kernel0
                    0.69%  104.67us         1  104.67us  104.67us  104.67us  fused_nn_conv2d_17_kernel0
                    0.52%  78.173us         1  78.173us  78.173us  78.173us  fused_nn_conv2d_11_kernel0
                    0.37%  56.383us         1  56.383us  56.383us  56.383us  fused_nn_conv2d_9_kernel0
                    0.32%  47.807us         1  47.807us  47.807us  47.807us  fused_nn_relu_7_kernel0
                    0.32%  47.486us         1  47.486us  47.486us  47.486us  fused_add_7_kernel0
                    0.31%  46.014us         1  46.014us  46.014us  46.014us  fused_nn_conv2d_7_kernel0
                    0.29%  43.679us         1  43.679us  43.679us  43.679us  fused_multiply_7_kernel0
                    0.20%  30.142us        24  1.2550us     992ns  1.5350us  fused_multiply_14_kernel0
                    0.18%  26.431us         1  26.431us  26.431us  26.431us  fused_nn_conv2d_3_kernel0
                    0.17%  26.080us         1  26.080us  26.080us  26.080us  fused_nn_softmax_kernel1
                    0.17%  24.927us         1  24.927us  24.927us  24.927us  fused_add_5_kernel0
                    0.16%  24.608us         1  24.608us  24.608us  24.608us  fused_nn_relu_5_kernel0
                    0.16%  23.487us        24     978ns     959ns  1.3760us  fused_expand_dims_4_kernel0
                    0.15%  22.944us         3  7.6480us  5.7600us  8.8640us  fused_multiply_kernel0
                    0.15%  22.271us         1  22.271us  22.271us  22.271us  fused_nn_conv2d_1_kernel0
                    0.14%  20.416us         1  20.416us  20.416us  20.416us  fused_multiply_5_kernel0
                    0.12%  18.752us        12  1.5620us  1.4400us  1.9520us  fused_add_18_kernel0
                    0.12%  18.303us        12  1.5250us  1.1200us  1.9840us  fused_negative_4_kernel0
                    0.12%  17.758us         3  5.9190us  5.6950us  6.3030us  fused_add_kernel0
                    0.11%  17.247us         1  17.247us  17.247us  17.247us  fused_nn_softmax_kernel0
                    0.11%  16.607us         3  5.5350us  5.3760us  5.8240us  fused_nn_relu_kernel0
                    0.10%  15.360us        12  1.2800us  1.1840us  1.8240us  fused_divide_4_kernel0
                    0.10%  15.200us        12  1.2660us  1.1840us  1.8240us  fused_sqrt_4_kernel0
                    0.10%  15.104us        12  1.2580us  1.1520us  1.6640us  fused_add_19_kernel0
                    0.07%  10.431us         8  1.3030us     959ns  1.5360us  fused_multiply_13_kernel0
                    0.07%  10.304us         8  1.2880us  1.1520us  1.5040us  fused_multiply_12_kernel0
                    0.06%  9.2160us         1  9.2160us  9.2160us  9.2160us  fused_multiply_3_kernel0
                    0.06%  9.0870us         8  1.1350us     928ns  1.4080us  fused_expand_dims_3_kernel0
                    0.05%  8.2560us         8  1.0320us     928ns  1.3440us  fused_expand_dims_2_kernel0
                    0.05%  7.6800us         2  3.8400us  1.6320us  6.0480us  fused_add_11_kernel0
                    0.05%  7.4880us         6  1.2480us  1.0240us  1.6000us  fused_multiply_15_kernel0
                    0.04%  6.6240us         1  6.6240us  6.6240us  6.6240us  fused_nn_global_avg_pool2d_kernel0
                    0.04%  6.5280us         4  1.6320us  1.5360us  1.8560us  fused_divide_3_kernel0
                    0.04%  6.3030us         4  1.5750us  1.4400us  1.8240us  fused_add_16_kernel0
                    0.04%  6.3030us         4  1.5750us  1.4080us  1.7600us  fused_negative_2_kernel0
                    0.04%  6.2720us         1  6.2720us  6.2720us  6.2720us  fused_add_3_kernel0
                    0.04%  6.2720us         6  1.0450us     928ns  1.3760us  fused_expand_dims_5_kernel0
                    0.04%  6.2080us         4  1.5520us  1.3760us  1.8240us  fused_add_14_kernel0
                    0.04%  6.1120us         4  1.5280us  1.1520us  1.9840us  fused_negative_3_kernel0
                    0.04%  5.8880us         1  5.8880us  5.8880us  5.8880us  fused_nn_relu_3_kernel0
                    0.04%  5.8870us         4  1.4710us  1.1510us  1.7920us  fused_sqrt_3_kernel0
                    0.04%  5.4720us         4  1.3680us  1.1200us  1.4720us  fused_multiply_10_kernel0
                    0.04%  5.4080us         4  1.3520us  1.1840us  1.8240us  fused_divide_2_kernel0
                    0.04%  5.3120us         4  1.3280us  1.1520us  1.7920us  fused_sqrt_2_kernel0
                    0.03%  5.1200us         4  1.2800us  1.0880us  1.4720us  fused_multiply_11_kernel0
                    0.03%  5.0240us         4  1.2560us  1.0880us  1.6000us  fused_add_15_kernel0
                    0.03%  5.0240us         4  1.2560us  1.1200us  1.6000us  fused_add_17_kernel0
                    0.03%  4.7680us         1  4.7680us  4.7680us  4.7680us  fused_nn_softmax_kernel3
                    0.03%  4.4800us         3  1.4930us  1.1520us  1.8560us  fused_add_20_kernel0
                    0.03%  4.3840us         4  1.0960us     960ns  1.3440us  fused_expand_dims_1_kernel0
                    0.03%  4.3520us         4  1.0880us     992ns  1.3440us  fused_expand_dims_kernel0
                    0.03%  4.3510us         3  1.4500us  1.2160us  1.8550us  fused_sqrt_5_kernel0
                    0.03%  4.2880us         3  1.4290us  1.2160us  1.8560us  fused_divide_5_kernel0
                    0.03%  4.1280us         3  1.3760us  1.2480us  1.5360us  fused_negative_5_kernel0
                    0.03%  4.0320us         3  1.3440us  1.1520us  1.6640us  fused_add_21_kernel0
                    0.03%  3.9360us         1  3.9360us  3.9360us  3.9360us  fused_add_1_kernel0
                    0.03%  3.9030us         1  3.9030us  3.9030us  3.9030us  fused_multiply_1_kernel0
                    0.03%  3.8400us         2  1.9200us  1.4080us  2.4320us  fused_negative_1_kernel0
                    0.02%  3.6800us         1  3.6800us  3.6800us  3.6800us  fused_nn_relu_1_kernel0
                    0.02%  3.3600us         2  1.6800us  1.5360us  1.8240us  fused_divide_1_kernel0
                    0.02%  3.3270us         2  1.6630us  1.5360us  1.7910us  fused_add_12_kernel0
                    0.02%  3.2620us         2  1.6310us  1.3750us  1.8870us  fused_sqrt_kernel0
                    0.02%  3.2320us         2  1.6160us  1.3760us  1.8560us  fused_negative_kernel0
                    0.02%  3.1360us         2  1.5680us  1.3760us  1.7600us  fused_add_10_kernel0
                    0.02%  3.1350us         1  3.1350us  3.1350us  3.1350us  fused_nn_softmax_kernel2
                    0.02%  3.1040us         2  1.5520us  1.3120us  1.7920us  fused_sqrt_1_kernel0
                    0.02%  3.0080us         2  1.5040us  1.2160us  1.7920us  fused_divide_kernel0
                    0.02%  2.6880us         2  1.3440us  1.1520us  1.5360us  fused_add_13_kernel0
                    0.01%  1.4720us         1  1.4720us  1.4720us  1.4720us  [CUDA memcpy DtoH]
                    0.01%  1.3760us         1  1.3760us  1.3760us  1.3760us  fused_nn_batch_flatten_kernel0
      API calls:   66.13%  328.16ms         1  328.16ms  328.16ms  328.16ms  cuModuleLoadData
                   29.79%  147.84ms       201  735.52us  2.7410us  146.39ms  cudaMalloc
                    2.84%  14.101ms       192  73.444us  5.9030us  6.8496ms  cudaMemcpy
                    0.44%  2.2034ms         1  2.2034ms  2.2034ms  2.2034ms  cuModuleUnload
                    0.31%  1.5363ms       201  7.6430us  2.6980us  138.41us  cudaFree
                    0.29%  1.4349ms       358  4.0070us  3.3100us  23.578us  cuLaunchKernel
                    0.10%  508.58us       950     535ns     322ns  8.7230us  cudaSetDevice
                    0.03%  143.98us        97  1.4840us     151ns  61.078us  cuDeviceGetAttribute
                    0.03%  127.13us       358     355ns     310ns  1.6490us  cudaGetDevice
                    0.01%  61.808us         1  61.808us  61.808us  61.808us  cuDeviceTotalMem
                    0.01%  40.669us         1  40.669us  40.669us  40.669us  cuDeviceGetName
                    0.01%  34.089us        98     347ns     266ns  1.2760us  cuModuleGetFunction
                    0.00%  4.2430us         1  4.2430us  4.2430us  4.2430us  cuDeviceGetPCIBusId
                    0.00%  2.1540us         3     718ns     434ns     860ns  cudaDeviceGetAttribute
                    0.00%  1.1790us         2     589ns     200ns     979ns  cuDeviceGetCount
                    0.00%     709ns         2     354ns     193ns     516ns  cuDeviceGet
                    0.00%     271ns         1     271ns     271ns     271ns  cuDeviceGetUuid
