==5739== NVPROF is profiling process 5739, command: python3 /home/wml/tvm/tutorials/relay_test_net.py
==5739== Profiling application: python3 /home/wml/tvm/tutorials/relay_test_net.py
==5739== Profiling result:
            Type  Time(%)      Time     Calls       Avg       Min       Max  Name
 GPU activities:   34.72%  5.7202ms       191  29.948us     864ns  1.3426ms  [CUDA memcpy HtoD]
                   18.10%  2.9810ms         5  596.20us  585.46us  611.67us  fused_nn_conv2d_4_kernel0
                    5.07%  835.84us         1  835.84us  835.84us  835.84us  fused_nn_conv2d_kernel0
                    2.46%  405.57us         1  405.57us  405.57us  405.57us  fused_nn_conv2d_2_kernel0
                    2.22%  365.64us         1  365.64us  365.64us  365.64us  fused_nn_conv2d_8_kernel0
                    1.95%  321.26us         1  321.26us  321.26us  321.26us  fused_nn_conv2d_12_kernel0
                    1.71%  281.71us         1  281.71us  281.71us  281.71us  fused_nn_conv2d_6_kernel0
                    1.70%  279.88us         3  93.294us  93.145us  93.465us  fused_add_6_kernel0
                    1.70%  279.69us         3  93.230us  92.633us  94.073us  fused_nn_relu_6_kernel0
                    1.68%  276.14us         3  92.046us  90.873us  92.729us  fused_multiply_6_kernel0
                    1.63%  268.11us        11  24.373us  23.839us  25.150us  fused_nn_relu_2_kernel0
                    1.61%  265.29us        11  24.117us  23.775us  24.606us  fused_add_2_kernel0
                    1.51%  248.53us        11  22.593us  20.831us  24.606us  fused_multiply_2_kernel0
                    1.23%  202.48us         1  202.48us  202.48us  202.48us  fused_nn_conv2d_16_kernel0
                    1.14%  187.70us         2  93.849us  93.561us  94.137us  fused_nn_relu_9_kernel0
                    1.14%  187.28us         2  93.641us  93.337us  93.945us  fused_add_9_kernel0
                    1.13%  186.16us         1  186.16us  186.16us  186.16us  fused_nn_conv2d_10_kernel0
                    1.13%  185.55us         1  185.55us  185.55us  185.55us  fused_add_8_kernel0
                    1.13%  185.49us         2  92.745us  91.802us  93.689us  fused_multiply_9_kernel0
                    1.12%  185.17us         1  185.17us  185.17us  185.17us  fused_nn_relu_8_kernel0
                    1.12%  184.40us         1  184.40us  184.40us  184.40us  fused_multiply_8_kernel0
                    1.05%  173.46us         1  173.46us  173.46us  173.46us  fused_nn_conv2d_14_kernel0
                    1.05%  173.24us         5  34.647us  33.854us  35.997us  fused_nn_conv2d_5_kernel0
                    0.87%  143.16us         3  47.719us  47.036us  48.189us  fused_add_4_kernel0
                    0.87%  142.84us         1  142.84us  142.84us  142.84us  fused_nn_conv2d_15_kernel0
                    0.87%  142.65us         3  47.548us  47.165us  48.029us  fused_nn_relu_4_kernel0
                    0.85%  140.31us         3  46.770us  45.980us  47.261us  fused_multiply_4_kernel0
                    0.75%  123.64us         1  123.64us  123.64us  123.64us  fused_nn_dense_kernel0
                    0.75%  123.13us         1  123.13us  123.13us  123.13us  fused_nn_conv2d_18_kernel0
                    0.70%  115.32us         1  115.32us  115.32us  115.32us  fused_nn_conv2d_13_kernel0
                    0.65%  107.38us         1  107.38us  107.38us  107.38us  fused_nn_conv2d_17_kernel0
                    0.51%  83.930us         1  83.930us  83.930us  83.930us  fused_nn_conv2d_11_kernel0
                    0.36%  59.579us         1  59.579us  59.579us  59.579us  fused_nn_conv2d_9_kernel0
                    0.31%  51.228us         1  51.228us  51.228us  51.228us  fused_nn_conv2d_7_kernel0
                    0.30%  49.404us         1  49.404us  49.404us  49.404us  fused_add_7_kernel0
                    0.29%  48.413us         1  48.413us  48.413us  48.413us  fused_nn_relu_7_kernel0
                    0.28%  45.629us         1  45.629us  45.629us  45.629us  fused_multiply_7_kernel0
                    0.23%  37.434us        24  1.5590us  1.2790us  1.8560us  fused_multiply_14_kernel0
                    0.20%  33.149us         1  33.149us  33.149us  33.149us  fused_nn_softmax_kernel1
                    0.18%  29.983us        24  1.2490us  1.1840us  1.6950us  fused_expand_dims_4_kernel0
                    0.18%  28.990us         1  28.990us  28.990us  28.990us  fused_nn_conv2d_3_kernel0
                    0.16%  27.165us         3  9.0550us  7.3910us  10.623us  fused_multiply_kernel0
                    0.16%  27.134us         1  27.134us  27.134us  27.134us  fused_nn_conv2d_1_kernel0
                    0.15%  25.150us         1  25.150us  25.150us  25.150us  fused_add_5_kernel0
                    0.15%  24.958us         1  24.958us  24.958us  24.958us  fused_nn_relu_5_kernel0
                    0.14%  22.973us         3  7.6570us  7.4230us  8.1270us  fused_add_kernel0
                    0.14%  22.494us         1  22.494us  22.494us  22.494us  fused_multiply_5_kernel0
                    0.14%  22.300us        12  1.8580us  1.6960us  2.3350us  fused_negative_4_kernel0
                    0.13%  21.724us        12  1.8100us  1.6960us  2.2080us  fused_add_18_kernel0
                    0.13%  21.279us         3  7.0930us  6.9430us  7.3920us  fused_nn_relu_kernel0
                    0.12%  19.551us         1  19.551us  19.551us  19.551us  fused_nn_softmax_kernel0
                    0.12%  19.135us        12  1.5940us  1.4720us  2.3360us  fused_divide_4_kernel0
                    0.11%  18.752us        12  1.5620us  1.4720us  2.2400us  fused_sqrt_4_kernel0
                    0.11%  18.174us        12  1.5140us  1.4390us  1.9520us  fused_add_19_kernel0
                    0.09%  15.264us         8  1.9080us  1.2160us  5.8880us  fused_expand_dims_2_kernel0
                    0.08%  13.087us         8  1.6350us  1.2160us  1.9520us  fused_multiply_13_kernel0
                    0.08%  12.958us         8  1.6190us  1.5030us  1.7920us  fused_multiply_12_kernel0
                    0.06%  10.368us         1  10.368us  10.368us  10.368us  fused_multiply_3_kernel0
                    0.06%  10.143us         8  1.2670us  1.1830us  1.7280us  fused_expand_dims_3_kernel0
                    0.05%  8.8630us         6  1.4770us  1.2790us  1.8880us  fused_multiply_15_kernel0
                    0.05%  8.6080us         1  8.6080us  8.6080us  8.6080us  fused_nn_global_avg_pool2d_kernel0
                    0.05%  8.2560us         6  1.3760us  1.2160us  1.6320us  fused_expand_dims_5_kernel0
                    0.05%  8.0000us         4  2.0000us  1.6000us  2.7520us  fused_multiply_10_kernel0
                    0.05%  7.9670us         4  1.9910us  1.6640us  2.2390us  fused_negative_2_kernel0
                    0.05%  7.8390us         1  7.8390us  7.8390us  7.8390us  fused_add_3_kernel0
                    0.05%  7.6790us         2  3.8390us  1.7920us  5.8870us  fused_add_11_kernel0
                    0.05%  7.6780us         4  1.9190us  1.6640us  2.1750us  fused_add_14_kernel0
                    0.05%  7.5830us         4  1.8950us  1.2480us  3.3590us  fused_expand_dims_kernel0
                    0.04%  7.3920us         1  7.3920us  7.3920us  7.3920us  fused_nn_relu_3_kernel0
                    0.04%  7.3920us         4  1.8480us  1.7280us  2.1120us  fused_add_16_kernel0
                    0.04%  7.0720us         4  1.7680us  1.5040us  2.2080us  fused_divide_2_kernel0
                    0.04%  7.0070us         4  1.7510us  1.4720us  2.1440us  fused_sqrt_2_kernel0
                    0.04%  6.8780us         4  1.7190us  1.3110us  2.2070us  fused_negative_3_kernel0
                    0.04%  6.8150us         4  1.7030us  1.6000us  1.8240us  fused_add_15_kernel0
                    0.04%  6.7520us         4  1.6880us  1.5040us  2.2080us  fused_divide_3_kernel0
                    0.04%  6.5920us         4  1.6480us  1.4720us  2.1760us  fused_sqrt_3_kernel0
                    0.04%  6.1760us         4  1.5440us  1.4080us  1.8880us  fused_add_17_kernel0
                    0.04%  6.1430us         4  1.5350us  1.3440us  1.7920us  fused_multiply_11_kernel0
                    0.04%  5.9510us         1  5.9510us  5.9510us  5.9510us  fused_nn_softmax_kernel3
                    0.03%  5.6640us         3  1.8880us  1.6960us  2.2400us  fused_add_21_kernel0
                    0.03%  5.5360us         3  1.8450us  1.5040us  2.3040us  fused_divide_5_kernel0
                    0.03%  5.5030us         4  1.3750us  1.1840us  1.6320us  fused_expand_dims_1_kernel0
                    0.03%  5.2800us         3  1.7600us  1.4080us  2.1760us  fused_add_20_kernel0
                    0.03%  5.2150us         3  1.7380us  1.3430us  2.2080us  fused_sqrt_5_kernel0
                    0.03%  4.9600us         1  4.9600us  4.9600us  4.9600us  fused_multiply_1_kernel0
                    0.03%  4.9280us         1  4.9280us  4.9280us  4.9280us  fused_add_1_kernel0
                    0.03%  4.8960us         3  1.6320us  1.4080us  1.9520us  fused_negative_5_kernel0
                    0.03%  4.5750us         1  4.5750us  4.5750us  4.5750us  fused_nn_relu_1_kernel0
                    0.03%  4.1920us         2  2.0960us  1.9840us  2.2080us  fused_negative_1_kernel0
                    0.02%  4.0960us         2  2.0480us  1.9200us  2.1760us  fused_add_12_kernel0
                    0.02%  4.0000us         2  2.0000us  1.8240us  2.1760us  fused_divide_1_kernel0
                    0.02%  3.8710us         2  1.9350us  1.6960us  2.1750us  fused_add_10_kernel0
                    0.02%  3.8080us         2  1.9040us  1.6320us  2.1760us  fused_sqrt_kernel0
                    0.02%  3.8080us         2  1.9040us  1.6960us  2.1120us  fused_negative_kernel0
                    0.02%  3.8080us         2  1.9040us  1.5680us  2.2400us  fused_divide_kernel0
                    0.02%  3.7750us         2  1.8870us  1.6000us  2.1750us  fused_sqrt_1_kernel0
                    0.02%  3.6480us         1  3.6480us  3.6480us  3.6480us  fused_nn_softmax_kernel2
                    0.02%  3.3590us         2  1.6790us  1.5350us  1.8240us  fused_add_13_kernel0
                    0.01%  1.6640us         1  1.6640us  1.6640us  1.6640us  fused_nn_batch_flatten_kernel0
                    0.01%  1.6310us         1  1.6310us  1.6310us  1.6310us  [CUDA memcpy DtoH]
      API calls:   67.13%  326.80ms         1  326.80ms  326.80ms  326.80ms  cuModuleLoadData
                   28.08%  136.68ms       201  680.01us  2.7420us  135.26ms  cudaMalloc
                    3.20%  15.580ms       192  81.146us  5.6960us  8.3437ms  cudaMemcpy
                    0.75%  3.6273ms         1  3.6273ms  3.6273ms  3.6273ms  cuModuleUnload
                    0.34%  1.6457ms       201  8.1870us  2.7680us  166.94us  cudaFree
                    0.29%  1.3943ms       358  3.8940us  3.1980us  23.212us  cuLaunchKernel
                    0.09%  458.48us       950     482ns     320ns  12.060us  cudaSetDevice
                    0.07%  337.90us        97  3.4830us     252ns  190.75us  cuDeviceGetAttribute
                    0.02%  119.33us       358     333ns     293ns  1.5930us  cudaGetDevice
                    0.02%  96.697us         1  96.697us  96.697us  96.697us  cuDeviceTotalMem
                    0.01%  54.430us         1  54.430us  54.430us  54.430us  cuDeviceGetName
                    0.01%  38.806us        98     395ns     261ns  6.2020us  cuModuleGetFunction
                    0.00%  3.8200us         3  1.2730us     733ns  1.5790us  cudaDeviceGetAttribute
                    0.00%  2.7830us         1  2.7830us  2.7830us  2.7830us  cuDeviceGetPCIBusId
                    0.00%  1.5300us         2     765ns     320ns  1.2100us  cuDeviceGetCount
                    0.00%     916ns         2     458ns     255ns     661ns  cuDeviceGet
                    0.00%     466ns         1     466ns     466ns     466ns  cuDeviceGetUuid
