==5826== NVPROF is profiling process 5826, command: python3 /home/wml/tvm/tutorials/relay_test_net.py
==5826== Profiling application: python3 /home/wml/tvm/tutorials/relay_test_net.py
==5826== Profiling result:
            Type  Time(%)      Time     Calls       Avg       Min       Max  Name
 GPU activities:   34.58%  5.7173ms       191  29.933us     864ns  1.3430ms  [CUDA memcpy HtoD]
                   18.05%  2.9840ms         5  596.80us  586.94us  625.24us  fused_nn_conv2d_4_kernel0
                    5.20%  859.79us         1  859.79us  859.79us  859.79us  fused_nn_conv2d_kernel0
                    2.43%  401.35us         1  401.35us  401.35us  401.35us  fused_nn_conv2d_2_kernel0
                    2.33%  385.32us         1  385.32us  385.32us  385.32us  fused_nn_conv2d_8_kernel0
                    1.94%  320.72us         1  320.72us  320.72us  320.72us  fused_nn_conv2d_12_kernel0
                    1.71%  283.18us         1  283.18us  283.18us  283.18us  fused_nn_conv2d_6_kernel0
                    1.70%  281.36us         3  93.786us  93.434us  93.978us  fused_nn_relu_6_kernel0
                    1.70%  280.46us         3  93.487us  92.986us  94.074us  fused_add_6_kernel0
                    1.68%  277.29us         3  92.431us  91.866us  92.986us  fused_multiply_6_kernel0
                    1.63%  269.75us        11  24.522us  23.967us  25.279us  fused_nn_relu_2_kernel0
                    1.62%  267.66us        11  24.333us  23.966us  24.895us  fused_add_2_kernel0
                    1.50%  248.27us        11  22.570us  20.382us  24.574us  fused_multiply_2_kernel0
                    1.21%  199.38us         1  199.38us  199.38us  199.38us  fused_nn_conv2d_16_kernel0
                    1.18%  195.92us         1  195.92us  195.92us  195.92us  fused_nn_conv2d_10_kernel0
                    1.14%  187.76us         2  93.882us  93.530us  94.234us  fused_add_9_kernel0
                    1.13%  187.38us         2  93.690us  93.626us  93.754us  fused_nn_relu_9_kernel0
                    1.13%  186.93us         2  93.466us  93.050us  93.882us  fused_multiply_9_kernel0
                    1.12%  184.95us         1  184.95us  184.95us  184.95us  fused_add_8_kernel0
                    1.12%  184.82us         1  184.82us  184.82us  184.82us  fused_nn_relu_8_kernel0
                    1.11%  184.09us         1  184.09us  184.09us  184.09us  fused_multiply_8_kernel0
                    1.07%  177.49us         1  177.49us  177.49us  177.49us  fused_nn_conv2d_14_kernel0
                    1.05%  173.69us         5  34.737us  33.982us  35.998us  fused_nn_conv2d_5_kernel0
                    0.87%  144.47us         1  144.47us  144.47us  144.47us  fused_nn_conv2d_15_kernel0
                    0.87%  143.70us         3  47.901us  47.453us  48.221us  fused_add_4_kernel0
                    0.87%  143.03us         3  47.677us  47.389us  47.869us  fused_nn_relu_4_kernel0
                    0.84%  139.10us         3  46.365us  45.501us  47.133us  fused_multiply_4_kernel0
                    0.77%  127.29us         1  127.29us  127.29us  127.29us  fused_nn_conv2d_18_kernel0
                    0.75%  123.83us         1  123.83us  123.83us  123.83us  fused_nn_dense_kernel0
                    0.70%  115.58us         1  115.58us  115.58us  115.58us  fused_nn_conv2d_13_kernel0
                    0.64%  106.27us         1  106.27us  106.27us  106.27us  fused_nn_conv2d_17_kernel0
                    0.51%  84.667us         1  84.667us  84.667us  84.667us  fused_nn_conv2d_11_kernel0
                    0.36%  60.188us         1  60.188us  60.188us  60.188us  fused_nn_conv2d_9_kernel0
                    0.31%  51.581us         1  51.581us  51.581us  51.581us  fused_nn_conv2d_7_kernel0
                    0.29%  48.637us         1  48.637us  48.637us  48.637us  fused_nn_relu_7_kernel0
                    0.29%  48.573us         1  48.573us  48.573us  48.573us  fused_add_7_kernel0
                    0.27%  45.245us         1  45.245us  45.245us  45.245us  fused_multiply_7_kernel0
                    0.22%  36.766us        24  1.5310us  1.2480us  1.8560us  fused_multiply_14_kernel0
                    0.20%  32.958us         1  32.958us  32.958us  32.958us  fused_nn_softmax_kernel1
                    0.18%  30.111us        24  1.2540us  1.2160us  1.6630us  fused_expand_dims_4_kernel0
                    0.18%  29.566us         1  29.566us  29.566us  29.566us  fused_nn_conv2d_3_kernel0
                    0.17%  27.485us         3  9.1610us  7.3910us  10.239us  fused_multiply_kernel0
                    0.17%  27.359us         1  27.359us  27.359us  27.359us  fused_nn_conv2d_1_kernel0
                    0.15%  25.599us         1  25.599us  25.599us  25.599us  fused_add_5_kernel0
                    0.15%  24.957us        12  2.0790us  1.8560us  2.3360us  fused_add_18_kernel0
                    0.15%  24.671us         1  24.671us  24.671us  24.671us  fused_nn_relu_5_kernel0
                    0.14%  22.878us         3  7.6260us  7.4550us  7.9360us  fused_add_kernel0
                    0.13%  22.238us        12  1.8530us  1.7600us  2.2400us  fused_divide_4_kernel0
                    0.13%  21.919us         1  21.919us  21.919us  21.919us  fused_multiply_5_kernel0
                    0.13%  21.470us        12  1.7890us  1.6310us  2.1760us  fused_sqrt_4_kernel0
                    0.13%  21.439us         3  7.1460us  6.9440us  7.5190us  fused_nn_relu_kernel0
                    0.13%  21.342us        12  1.7780us  1.3760us  2.2080us  fused_negative_4_kernel0
                    0.12%  20.063us         1  20.063us  20.063us  20.063us  fused_nn_softmax_kernel0
                    0.11%  18.560us        12  1.5460us  1.4080us  2.0800us  fused_add_19_kernel0
                    0.07%  12.287us         8  1.5350us  1.3440us  1.7920us  fused_multiply_12_kernel0
                    0.07%  12.126us         8  1.5150us  1.2160us  1.8880us  fused_multiply_13_kernel0
                    0.07%  11.008us         8  1.3760us  1.2160us  1.6640us  fused_expand_dims_2_kernel0
                    0.06%  10.335us         1  10.335us  10.335us  10.335us  fused_multiply_3_kernel0
                    0.06%  10.144us         8  1.2680us  1.1840us  1.6320us  fused_expand_dims_3_kernel0
                    0.05%  8.8320us         6  1.4720us  1.2800us  1.8880us  fused_multiply_15_kernel0
                    0.05%  8.1920us         4  2.0480us  1.9520us  2.1760us  fused_negative_2_kernel0
                    0.05%  8.1270us         1  8.1270us  8.1270us  8.1270us  fused_nn_global_avg_pool2d_kernel0
                    0.05%  7.8720us         6  1.3120us  1.2160us  1.6960us  fused_expand_dims_5_kernel0
                    0.05%  7.8710us         1  7.8710us  7.8710us  7.8710us  fused_add_3_kernel0
                    0.04%  7.4240us         1  7.4240us  7.4240us  7.4240us  fused_nn_relu_3_kernel0
                    0.04%  7.3920us         4  1.8480us  1.2160us  3.2640us  fused_expand_dims_kernel0
                    0.04%  7.3590us         4  1.8390us  1.6960us  2.2080us  fused_sqrt_2_kernel0
                    0.04%  7.2960us         4  1.8240us  1.6960us  2.2080us  fused_add_16_kernel0
                    0.04%  7.1660us         4  1.7910us  1.4720us  2.1750us  fused_divide_2_kernel0
                    0.04%  7.1040us         4  1.7760us  1.3440us  2.1440us  fused_negative_3_kernel0
                    0.04%  7.0720us         4  1.7680us  1.6320us  2.1120us  fused_add_14_kernel0
                    0.04%  7.0720us         4  1.7680us  1.6320us  1.8560us  fused_add_15_kernel0
                    0.04%  6.9120us         4  1.7280us  1.6320us  1.8560us  fused_multiply_10_kernel0
                    0.04%  6.7830us         4  1.6950us  1.4720us  2.2400us  fused_divide_3_kernel0
                    0.04%  6.7520us         4  1.6880us  1.4720us  2.1440us  fused_sqrt_3_kernel0
                    0.04%  6.2070us         4  1.5510us  1.3440us  1.7920us  fused_multiply_11_kernel0
                    0.04%  6.0150us         1  6.0150us  6.0150us  6.0150us  fused_nn_softmax_kernel3
                    0.04%  5.9510us         4  1.4870us  1.3440us  1.8870us  fused_add_17_kernel0
                    0.03%  5.4050us         3  1.8010us  1.4390us  2.1750us  fused_add_20_kernel0
                    0.03%  5.3440us         3  1.7810us  1.5360us  2.2720us  fused_divide_5_kernel0
                    0.03%  5.2140us         4  1.3030us  1.1830us  1.6310us  fused_expand_dims_1_kernel0
                    0.03%  5.0880us         3  1.6960us  1.4080us  1.9840us  fused_negative_5_kernel0
                    0.03%  5.0880us         3  1.6960us  1.4080us  2.2080us  fused_sqrt_5_kernel0
                    0.03%  5.0870us         3  1.6950us  1.4720us  2.0790us  fused_add_21_kernel0
                    0.03%  5.0240us         1  5.0240us  5.0240us  5.0240us  fused_multiply_1_kernel0
                    0.03%  4.9280us         1  4.9280us  4.9280us  4.9280us  fused_add_1_kernel0
                    0.03%  4.6400us         1  4.6400us  4.6400us  4.6400us  fused_nn_relu_1_kernel0
                    0.03%  4.1600us         2  2.0800us  2.0160us  2.1440us  fused_negative_1_kernel0
                    0.03%  4.1600us         2  2.0800us  1.9840us  2.1760us  fused_sqrt_1_kernel0
                    0.02%  4.0000us         2  2.0000us  1.6960us  2.3040us  fused_sqrt_kernel0
                    0.02%  3.9680us         2  1.9840us  1.8880us  2.0800us  fused_add_12_kernel0
                    0.02%  3.8720us         2  1.9360us  1.5360us  2.3360us  fused_divide_1_kernel0
                    0.02%  3.8060us         2  1.9030us  1.6950us  2.1110us  fused_add_10_kernel0
                    0.02%  3.7760us         2  1.8880us  1.6640us  2.1120us  fused_negative_kernel0
                    0.02%  3.7440us         2  1.8720us  1.5680us  2.1760us  fused_divide_kernel0
                    0.02%  3.5200us         1  3.5200us  3.5200us  3.5200us  fused_nn_softmax_kernel2
                    0.02%  3.2000us         2  1.6000us  1.4400us  1.7600us  fused_add_11_kernel0
                    0.02%  3.1360us         2  1.5680us  1.3440us  1.7920us  fused_add_13_kernel0
                    0.01%  1.9520us         1  1.9520us  1.9520us  1.9520us  [CUDA memcpy DtoH]
                    0.01%  1.6960us         1  1.6960us  1.6960us  1.6960us  fused_nn_batch_flatten_kernel0
      API calls:   66.38%  319.39ms         1  319.39ms  319.39ms  319.39ms  cuModuleLoadData
                   28.46%  136.92ms       201  681.21us  1.8810us  135.48ms  cudaMalloc
                    3.24%  15.583ms       192  81.161us  5.7870us  8.3243ms  cudaMemcpy
                    1.05%  5.0401ms         1  5.0401ms  5.0401ms  5.0401ms  cuModuleUnload
                    0.35%  1.6727ms       201  8.3210us  2.6550us  178.96us  cudaFree
                    0.31%  1.4763ms       358  4.1230us  3.3900us  23.353us  cuLaunchKernel
                    0.10%  488.05us       950     513ns     314ns  9.4410us  cudaSetDevice
                    0.07%  319.84us        97  3.2970us     196ns  177.01us  cuDeviceGetAttribute
                    0.03%  122.46us       358     342ns     301ns  1.4710us  cudaGetDevice
                    0.02%  75.493us         1  75.493us  75.493us  75.493us  cuDeviceTotalMem
                    0.01%  46.610us         1  46.610us  46.610us  46.610us  cuDeviceGetName
                    0.01%  33.045us        98     337ns     268ns  1.1280us  cuModuleGetFunction
                    0.00%  3.0600us         3  1.0200us     607ns  1.2320us  cudaDeviceGetAttribute
                    0.00%  2.9160us         1  2.9160us  2.9160us  2.9160us  cuDeviceGetPCIBusId
                    0.00%  1.2470us         2     623ns     259ns     988ns  cuDeviceGetCount
                    0.00%     745ns         2     372ns     238ns     507ns  cuDeviceGet
                    0.00%     410ns         1     410ns     410ns     410ns  cuDeviceGetUuid
