==5937== NVPROF is profiling process 5937, command: python3 /home/wml/tvm/tutorials/relay_test_net.py
==5937== Profiling application: python3 /home/wml/tvm/tutorials/relay_test_net.py
==5937== Profiling result:
            Type  Time(%)      Time     Calls       Avg       Min       Max  Name
 GPU activities:   34.63%  5.7047ms       191  29.867us     864ns  1.3393ms  [CUDA memcpy HtoD]
                   17.95%  2.9568ms         5  591.36us  583.27us  613.22us  fused_nn_conv2d_4_kernel0
                    5.25%  864.92us         1  864.92us  864.92us  864.92us  fused_nn_conv2d_kernel0
                    2.52%  414.54us         1  414.54us  414.54us  414.54us  fused_nn_conv2d_2_kernel0
                    2.25%  370.61us         1  370.61us  370.61us  370.61us  fused_nn_conv2d_8_kernel0
                    1.95%  321.20us         1  321.20us  321.20us  321.20us  fused_nn_conv2d_12_kernel0
                    1.70%  280.37us         3  93.457us  92.892us  93.948us  fused_add_6_kernel0
                    1.70%  279.76us         1  279.76us  279.76us  279.76us  fused_nn_conv2d_6_kernel0
                    1.70%  279.67us         3  93.222us  92.668us  93.563us  fused_nn_relu_6_kernel0
                    1.68%  277.43us         3  92.476us  91.964us  92.732us  fused_multiply_6_kernel0
                    1.63%  269.07us        11  24.461us  23.647us  25.086us  fused_nn_relu_2_kernel0
                    1.63%  268.08us        11  24.371us  24.063us  24.959us  fused_add_2_kernel0
                    1.50%  247.51us        11  22.500us  20.575us  24.383us  fused_multiply_2_kernel0
                    1.22%  201.46us         1  201.46us  201.46us  201.46us  fused_nn_conv2d_10_kernel0
                    1.17%  192.92us         1  192.92us  192.92us  192.92us  fused_nn_conv2d_16_kernel0
                    1.14%  187.64us         2  93.819us  93.147us  94.491us  fused_nn_relu_9_kernel0
                    1.13%  186.81us         2  93.404us  93.308us  93.500us  fused_add_9_kernel0
                    1.13%  186.04us         2  93.019us  92.508us  93.531us  fused_multiply_9_kernel0
                    1.13%  185.43us         1  185.43us  185.43us  185.43us  fused_add_8_kernel0
                    1.12%  185.24us         1  185.24us  185.24us  185.24us  fused_nn_relu_8_kernel0
                    1.12%  184.06us         1  184.06us  184.06us  184.06us  fused_multiply_8_kernel0
                    1.05%  173.27us         5  34.654us  34.014us  35.038us  fused_nn_conv2d_5_kernel0
                    1.05%  172.76us         1  172.76us  172.76us  172.76us  fused_nn_conv2d_14_kernel0
                    0.87%  143.83us         3  47.944us  47.229us  48.574us  fused_nn_relu_4_kernel0
                    0.87%  143.39us         1  143.39us  143.39us  143.39us  fused_nn_conv2d_15_kernel0
                    0.87%  143.00us         3  47.667us  47.230us  47.902us  fused_add_4_kernel0
                    0.84%  138.55us         3  46.184us  44.669us  47.070us  fused_multiply_4_kernel0
                    0.75%  123.77us         1  123.77us  123.77us  123.77us  fused_nn_dense_kernel0
                    0.75%  123.74us         1  123.74us  123.74us  123.74us  fused_nn_conv2d_18_kernel0
                    0.70%  115.45us         1  115.45us  115.45us  115.45us  fused_nn_conv2d_13_kernel0
                    0.65%  107.42us         1  107.42us  107.42us  107.42us  fused_nn_conv2d_17_kernel0
                    0.52%  85.116us         1  85.116us  85.116us  85.116us  fused_nn_conv2d_11_kernel0
                    0.37%  60.573us         1  60.573us  60.573us  60.573us  fused_nn_conv2d_9_kernel0
                    0.30%  50.237us         1  50.237us  50.237us  50.237us  fused_nn_conv2d_7_kernel0
                    0.30%  48.862us         1  48.862us  48.862us  48.862us  fused_add_7_kernel0
                    0.29%  47.998us         1  47.998us  47.998us  47.998us  fused_nn_relu_7_kernel0
                    0.27%  45.278us         1  45.278us  45.278us  45.278us  fused_multiply_7_kernel0
                    0.23%  37.212us        24  1.5500us  1.2800us  1.8880us  fused_multiply_14_kernel0
                    0.20%  32.990us         1  32.990us  32.990us  32.990us  fused_nn_softmax_kernel1
                    0.18%  30.432us        24  1.2680us  1.2160us  1.6960us  fused_expand_dims_4_kernel0
                    0.18%  29.247us         1  29.247us  29.247us  29.247us  fused_nn_conv2d_3_kernel0
                    0.17%  27.870us         1  27.870us  27.870us  27.870us  fused_nn_conv2d_1_kernel0
                    0.17%  27.327us         3  9.1090us  7.3590us  10.656us  fused_multiply_kernel0
                    0.15%  25.407us         1  25.407us  25.407us  25.407us  fused_nn_relu_5_kernel0
                    0.15%  24.830us         1  24.830us  24.830us  24.830us  fused_add_5_kernel0
                    0.14%  22.943us         1  22.943us  22.943us  22.943us  fused_multiply_5_kernel0
                    0.14%  22.655us         3  7.5510us  7.3280us  7.8720us  fused_add_kernel0
                    0.14%  22.592us        12  1.8820us  1.6960us  2.2080us  fused_add_18_kernel0
                    0.13%  22.144us        12  1.8450us  1.4080us  2.2720us  fused_negative_4_kernel0
                    0.13%  21.055us         3  7.0180us  6.8150us  7.3600us  fused_nn_relu_kernel0
                    0.13%  20.766us        12  1.7300us  1.6630us  2.2400us  fused_divide_4_kernel0
                    0.12%  19.807us         1  19.807us  19.807us  19.807us  fused_nn_softmax_kernel0
                    0.12%  19.294us        12  1.6070us  1.4710us  2.2080us  fused_sqrt_4_kernel0
                    0.11%  18.943us        12  1.5780us  1.4400us  1.9520us  fused_add_19_kernel0
                    0.07%  12.128us         8  1.5160us  1.2160us  1.8240us  fused_multiply_13_kernel0
                    0.07%  12.064us         8  1.5080us  1.3440us  1.7920us  fused_multiply_12_kernel0
                    0.06%  10.303us         1  10.303us  10.303us  10.303us  fused_multiply_3_kernel0
                    0.06%  10.143us         8  1.2670us  1.1840us  1.6640us  fused_expand_dims_3_kernel0
                    0.06%  9.9190us         8  1.2390us  1.1510us  1.6640us  fused_expand_dims_2_kernel0
                    0.05%  8.8000us         6  1.4660us  1.2480us  1.9200us  fused_multiply_15_kernel0
                    0.05%  8.0950us         6  1.3490us  1.2160us  1.6960us  fused_expand_dims_5_kernel0
                    0.05%  7.9030us         1  7.9030us  7.9030us  7.9030us  fused_add_3_kernel0
                    0.05%  7.8080us         1  7.8080us  7.8080us  7.8080us  fused_nn_global_avg_pool2d_kernel0
                    0.05%  7.7120us         4  1.9280us  1.6640us  2.1440us  fused_negative_2_kernel0
                    0.05%  7.6160us         4  1.9040us  1.6960us  2.2400us  fused_add_14_kernel0
                    0.05%  7.4560us         1  7.4560us  7.4560us  7.4560us  fused_nn_relu_3_kernel0
                    0.05%  7.4560us         4  1.8640us  1.3440us  2.0800us  fused_negative_3_kernel0
                    0.04%  7.2640us         4  1.8160us  1.6960us  2.1440us  fused_add_16_kernel0
                    0.04%  7.1350us         4  1.7830us  1.5680us  2.1440us  fused_sqrt_2_kernel0
                    0.04%  6.7200us         4  1.6800us  1.5040us  2.2080us  fused_divide_3_kernel0
                    0.04%  6.6870us         4  1.6710us  1.5030us  2.1760us  fused_divide_2_kernel0
                    0.04%  6.6550us         4  1.6630us  1.3760us  1.7920us  fused_multiply_10_kernel0
                    0.04%  6.5600us         4  1.6400us  1.4400us  2.1760us  fused_sqrt_3_kernel0
                    0.04%  6.4000us         4  1.6000us  1.5040us  1.8240us  fused_add_15_kernel0
                    0.04%  6.1760us         4  1.5440us  1.3440us  1.8240us  fused_multiply_11_kernel0
                    0.04%  6.1120us         4  1.5280us  1.3760us  1.8880us  fused_add_17_kernel0
                    0.04%  5.9520us         1  5.9520us  5.9520us  5.9520us  fused_nn_softmax_kernel3
                    0.03%  5.5040us         3  1.8340us  1.4400us  2.1760us  fused_add_20_kernel0
                    0.03%  5.4400us         4  1.3600us  1.2480us  1.6960us  fused_expand_dims_kernel0
                    0.03%  5.3760us         3  1.7920us  1.5360us  2.2720us  fused_divide_5_kernel0
                    0.03%  5.2800us         2  2.6400us  1.9200us  3.3600us  fused_add_12_kernel0
                    0.03%  5.2790us         4  1.3190us  1.1840us  1.6310us  fused_expand_dims_1_kernel0
                    0.03%  5.2160us         3  1.7380us  1.3760us  2.2080us  fused_sqrt_5_kernel0
                    0.03%  5.1510us         3  1.7170us  1.4400us  2.0790us  fused_add_21_kernel0
                    0.03%  5.0230us         1  5.0230us  5.0230us  5.0230us  fused_multiply_1_kernel0
                    0.03%  4.9280us         1  4.9280us  4.9280us  4.9280us  fused_add_1_kernel0
                    0.03%  4.8320us         3  1.6100us  1.4080us  1.8880us  fused_negative_5_kernel0
                    0.03%  4.6710us         1  4.6710us  4.6710us  4.6710us  fused_nn_relu_1_kernel0
                    0.02%  4.0960us         2  2.0480us  1.8880us  2.2080us  fused_divide_1_kernel0
                    0.02%  4.0950us         2  2.0470us  2.0150us  2.0800us  fused_negative_1_kernel0
                    0.02%  4.0320us         2  2.0160us  1.9200us  2.1120us  fused_add_10_kernel0
                    0.02%  4.0310us         2  2.0150us  1.6640us  2.3670us  fused_sqrt_kernel0
                    0.02%  3.8720us         2  1.9360us  1.7280us  2.1440us  fused_sqrt_1_kernel0
                    0.02%  3.7760us         2  1.8880us  1.6960us  2.0800us  fused_negative_kernel0
                    0.02%  3.7440us         1  3.7440us  3.7440us  3.7440us  fused_nn_softmax_kernel2
                    0.02%  3.7120us         2  1.8560us  1.5360us  2.1760us  fused_divide_kernel0
                    0.02%  3.3600us         2  1.6800us  1.5040us  1.8560us  fused_add_11_kernel0
                    0.02%  3.1990us         2  1.5990us  1.3440us  1.8550us  fused_add_13_kernel0
                    0.01%  1.6960us         1  1.6960us  1.6960us  1.6960us  fused_nn_batch_flatten_kernel0
                    0.01%  1.6320us         1  1.6320us  1.6320us  1.6320us  [CUDA memcpy DtoH]
      API calls:   66.68%  319.25ms         1  319.25ms  319.25ms  319.25ms  cuModuleLoadData
                   28.60%  136.95ms       201  681.32us  2.7490us  135.51ms  cudaMalloc
                    3.27%  15.652ms       192  81.518us  5.8130us  8.3953ms  cudaMemcpy
                    0.59%  2.8158ms         1  2.8158ms  2.8158ms  2.8158ms  cuModuleUnload
                    0.35%  1.6657ms       201  8.2860us  2.7470us  167.40us  cudaFree
                    0.29%  1.3673ms       358  3.8190us  3.1600us  21.925us  cuLaunchKernel
                    0.10%  478.39us       950     503ns     320ns  8.8920us  cudaSetDevice
                    0.07%  317.81us        97  3.2760us     231ns  184.38us  cuDeviceGetAttribute
                    0.03%  126.87us       358     354ns     304ns  1.7120us  cudaGetDevice
                    0.02%  88.947us         1  88.947us  88.947us  88.947us  cuDeviceTotalMem
                    0.01%  50.651us         1  50.651us  50.651us  50.651us  cuDeviceGetName
                    0.01%  39.869us        98     406ns     270ns  1.9240us  cuModuleGetFunction
                    0.00%  5.0390us         1  5.0390us  5.0390us  5.0390us  cuDeviceGetPCIBusId
                    0.00%  3.5220us         3  1.1740us     733ns  1.4780us  cudaDeviceGetAttribute
                    0.00%  1.7510us         2     875ns     305ns  1.4460us  cuDeviceGetCount
                    0.00%     923ns         2     461ns     283ns     640ns  cuDeviceGet
                    0.00%     500ns         1     500ns     500ns     500ns  cuDeviceGetUuid
