==6053== NVPROF is profiling process 6053, command: python3 /home/wml/tvm/tutorials/relay_test_net.py
==6053== Profiling application: python3 /home/wml/tvm/tutorials/relay_test_net.py
==6053== Profiling result:
            Type  Time(%)      Time     Calls       Avg       Min       Max  Name
 GPU activities:   34.54%  5.7023ms       191  29.855us     864ns  1.3381ms  [CUDA memcpy HtoD]
                   18.11%  2.9894ms         5  597.89us  585.26us  605.55us  fused_nn_conv2d_4_kernel0
                    5.23%  862.75us         1  862.75us  862.75us  862.75us  fused_nn_conv2d_kernel0
                    2.43%  401.49us         1  401.49us  401.49us  401.49us  fused_nn_conv2d_2_kernel0
                    2.31%  380.75us         1  380.75us  380.75us  380.75us  fused_nn_conv2d_8_kernel0
                    2.01%  331.51us         1  331.51us  331.51us  331.51us  fused_nn_conv2d_12_kernel0
                    1.74%  287.09us         1  287.09us  287.09us  287.09us  fused_nn_conv2d_6_kernel0
                    1.70%  281.24us         3  93.746us  93.597us  93.949us  fused_nn_relu_6_kernel0
                    1.70%  280.86us         3  93.618us  93.053us  94.685us  fused_add_6_kernel0
                    1.67%  275.00us         3  91.666us  90.525us  92.637us  fused_multiply_6_kernel0
                    1.63%  268.57us        11  24.415us  23.935us  25.439us  fused_nn_relu_2_kernel0
                    1.61%  265.78us        11  24.162us  23.743us  24.927us  fused_add_2_kernel0
                    1.49%  246.07us        11  22.370us  20.352us  24.319us  fused_multiply_2_kernel0
                    1.21%  200.31us         1  200.31us  200.31us  200.31us  fused_nn_conv2d_16_kernel0
                    1.17%  193.40us         1  193.40us  193.40us  193.40us  fused_nn_conv2d_10_kernel0
                    1.14%  187.93us         2  93.964us  93.693us  94.236us  fused_nn_relu_9_kernel0
                    1.13%  187.23us         2  93.613us  93.533us  93.693us  fused_add_9_kernel0
                    1.13%  187.10us         2  93.548us  92.956us  94.141us  fused_multiply_9_kernel0
                    1.12%  185.08us         1  185.08us  185.08us  185.08us  fused_nn_relu_8_kernel0
                    1.12%  184.92us         1  184.92us  184.92us  184.92us  fused_add_8_kernel0
                    1.11%  183.99us         1  183.99us  183.99us  183.99us  fused_multiply_8_kernel0
                    1.04%  171.87us         5  34.373us  33.887us  34.879us  fused_nn_conv2d_5_kernel0
                    1.04%  171.77us         1  171.77us  171.77us  171.77us  fused_nn_conv2d_14_kernel0
                    0.87%  143.84us         1  143.84us  143.84us  143.84us  fused_nn_conv2d_15_kernel0
                    0.87%  143.29us         3  47.763us  47.422us  48.254us  fused_add_4_kernel0
                    0.87%  143.07us         3  47.689us  47.038us  48.638us  fused_nn_relu_4_kernel0
                    0.84%  138.36us         3  46.120us  44.830us  46.974us  fused_multiply_4_kernel0
                    0.77%  126.43us         1  126.43us  126.43us  126.43us  fused_nn_conv2d_18_kernel0
                    0.75%  123.42us         1  123.42us  123.42us  123.42us  fused_nn_dense_kernel0
                    0.70%  115.84us         1  115.84us  115.84us  115.84us  fused_nn_conv2d_13_kernel0
                    0.64%  105.85us         1  105.85us  105.85us  105.85us  fused_nn_conv2d_17_kernel0
                    0.51%  84.445us         1  84.445us  84.445us  84.445us  fused_nn_conv2d_11_kernel0
                    0.37%  60.382us         1  60.382us  60.382us  60.382us  fused_nn_conv2d_9_kernel0
                    0.31%  50.367us         1  50.367us  50.367us  50.367us  fused_nn_conv2d_7_kernel0
                    0.29%  48.670us         1  48.670us  48.670us  48.670us  fused_nn_relu_7_kernel0
                    0.29%  48.574us         1  48.574us  48.574us  48.574us  fused_add_7_kernel0
                    0.27%  45.118us         1  45.118us  45.118us  45.118us  fused_multiply_7_kernel0
                    0.22%  37.023us        24  1.5420us  1.2480us  1.8870us  fused_multiply_14_kernel0
                    0.20%  32.575us         1  32.575us  32.575us  32.575us  fused_nn_softmax_kernel1
                    0.18%  30.431us        24  1.2670us  1.2160us  1.7600us  fused_expand_dims_4_kernel0
                    0.18%  30.239us         1  30.239us  30.239us  30.239us  fused_nn_conv2d_3_kernel0
                    0.16%  27.135us         3  9.0450us  7.4550us  10.144us  fused_multiply_kernel0
                    0.16%  27.071us         1  27.071us  27.071us  27.071us  fused_nn_conv2d_1_kernel0
                    0.15%  25.087us         1  25.087us  25.087us  25.087us  fused_add_5_kernel0
                    0.15%  24.735us         1  24.735us  24.735us  24.735us  fused_nn_relu_5_kernel0
                    0.14%  22.687us         3  7.5620us  7.3280us  7.9670us  fused_add_kernel0
                    0.13%  22.176us        12  1.8480us  1.4080us  2.2080us  fused_negative_4_kernel0
                    0.13%  22.079us         1  22.079us  22.079us  22.079us  fused_multiply_5_kernel0
                    0.13%  21.629us        12  1.8020us  1.6950us  2.2080us  fused_add_18_kernel0
                    0.13%  21.216us        12  1.7680us  1.5360us  2.2400us  fused_divide_4_kernel0
                    0.13%  21.120us         3  7.0400us  6.8160us  7.4560us  fused_nn_relu_kernel0
                    0.13%  21.054us        12  1.7540us  1.6000us  2.2720us  fused_sqrt_4_kernel0
                    0.12%  19.903us         1  19.903us  19.903us  19.903us  fused_nn_softmax_kernel0
                    0.11%  18.080us        12  1.5060us  1.4400us  1.9200us  fused_add_19_kernel0
                    0.08%  12.575us         8  1.5710us  1.3760us  1.8240us  fused_multiply_12_kernel0
                    0.07%  12.064us         8  1.5080us  1.2160us  1.8240us  fused_multiply_13_kernel0
                    0.06%  10.559us         8  1.3190us  1.1840us  1.6320us  fused_expand_dims_2_kernel0
                    0.06%  10.304us         8  1.2880us  1.2160us  1.6640us  fused_expand_dims_3_kernel0
                    0.06%  9.9200us         1  9.9200us  9.9200us  9.9200us  fused_multiply_3_kernel0
                    0.05%  8.9280us         6  1.4880us  1.2800us  1.9520us  fused_multiply_15_kernel0
                    0.05%  8.1910us         1  8.1910us  8.1910us  8.1910us  fused_nn_global_avg_pool2d_kernel0
                    0.05%  7.9670us         1  7.9670us  7.9670us  7.9670us  fused_add_3_kernel0
                    0.05%  7.7760us         6  1.2960us  1.1840us  1.6640us  fused_expand_dims_5_kernel0
                    0.05%  7.7120us         4  1.9280us  1.2480us  3.4880us  fused_expand_dims_kernel0
                    0.05%  7.4880us         4  1.8720us  1.7280us  2.2400us  fused_sqrt_3_kernel0
                    0.04%  7.3600us         1  7.3600us  7.3600us  7.3600us  fused_nn_relu_3_kernel0
                    0.04%  7.3600us         4  1.8400us  1.6960us  2.1440us  fused_add_16_kernel0
                    0.04%  7.2640us         4  1.8160us  1.6640us  2.1120us  fused_add_14_kernel0
                    0.04%  7.1990us         4  1.7990us  1.6640us  2.1750us  fused_negative_2_kernel0
                    0.04%  7.1040us         4  1.7760us  1.3440us  2.3040us  fused_negative_3_kernel0
                    0.04%  6.7520us         4  1.6880us  1.5040us  2.2080us  fused_divide_3_kernel0
                    0.04%  6.6880us         4  1.6720us  1.3760us  1.8560us  fused_multiply_10_kernel0
                    0.04%  6.6240us         4  1.6560us  1.4720us  2.1760us  fused_divide_2_kernel0
                    0.04%  6.5280us         4  1.6320us  1.4400us  2.1760us  fused_sqrt_2_kernel0
                    0.04%  6.2080us         4  1.5520us  1.3440us  1.8240us  fused_multiply_11_kernel0
                    0.04%  6.0800us         4  1.5200us  1.3760us  1.8560us  fused_add_17_kernel0
                    0.04%  5.9840us         1  5.9840us  5.9840us  5.9840us  fused_nn_softmax_kernel3
                    0.04%  5.9200us         4  1.4800us  1.3440us  1.8240us  fused_add_15_kernel0
                    0.03%  5.6000us         3  1.8660us  1.4720us  2.3040us  fused_sqrt_5_kernel0
                    0.03%  5.5360us         4  1.3840us  1.2160us  1.6000us  fused_expand_dims_1_kernel0
                    0.03%  5.4720us         3  1.8240us  1.5680us  2.2400us  fused_divide_5_kernel0
                    0.03%  5.4400us         3  1.8130us  1.4080us  2.2720us  fused_add_20_kernel0
                    0.03%  5.0560us         3  1.6850us  1.4400us  2.0800us  fused_add_21_kernel0
                    0.03%  4.9920us         1  4.9920us  4.9920us  4.9920us  fused_multiply_1_kernel0
                    0.03%  4.9600us         1  4.9600us  4.9600us  4.9600us  fused_add_1_kernel0
                    0.03%  4.8000us         1  4.8000us  4.8000us  4.8000us  fused_nn_relu_1_kernel0
                    0.03%  4.6400us         3  1.5460us  1.4080us  1.8240us  fused_negative_5_kernel0
                    0.02%  4.0960us         2  2.0480us  1.7280us  2.3680us  fused_sqrt_kernel0
                    0.02%  4.0640us         2  2.0320us  1.9520us  2.1120us  fused_negative_kernel0
                    0.02%  3.9360us         2  1.9680us  1.7600us  2.1760us  fused_divide_kernel0
                    0.02%  3.7760us         2  1.8880us  1.6640us  2.1120us  fused_add_10_kernel0
                    0.02%  3.7760us         2  1.8880us  1.6960us  2.0800us  fused_add_12_kernel0
                    0.02%  3.7750us         2  1.8870us  1.6320us  2.1430us  fused_sqrt_1_kernel0
                    0.02%  3.7440us         2  1.8720us  1.5680us  2.1760us  fused_divide_1_kernel0
                    0.02%  3.7120us         2  1.8560us  1.6320us  2.0800us  fused_negative_1_kernel0
                    0.02%  3.5840us         1  3.5840us  3.5840us  3.5840us  fused_nn_softmax_kernel2
                    0.02%  3.4880us         2  1.7440us  1.6320us  1.8560us  fused_add_13_kernel0
                    0.02%  3.3270us         2  1.6630us  1.5670us  1.7600us  fused_add_11_kernel0
                    0.01%  1.6640us         1  1.6640us  1.6640us  1.6640us  fused_nn_batch_flatten_kernel0
                    0.01%  1.6320us         1  1.6320us  1.6320us  1.6320us  [CUDA memcpy DtoH]
      API calls:   66.48%  319.58ms         1  319.58ms  319.58ms  319.58ms  cuModuleLoadData
                   28.29%  136.02ms       201  676.73us  2.1180us  134.60ms  cudaMalloc
                    3.26%  15.675ms       192  81.642us  6.0690us  8.3701ms  cudaMemcpy
                    0.88%  4.2457ms         1  4.2457ms  4.2457ms  4.2457ms  cuModuleUnload
                    0.39%  1.8843ms       201  9.3740us  2.7990us  171.86us  cudaFree
                    0.30%  1.4258ms       358  3.9820us  3.3330us  20.659us  cuLaunchKernel
                    0.17%  832.90us        97  8.5860us     661ns  358.90us  cuDeviceGetAttribute
                    0.10%  488.62us       950     514ns     312ns  10.444us  cudaSetDevice
                    0.06%  296.76us         1  296.76us  296.76us  296.76us  cuDeviceTotalMem
                    0.03%  122.57us       358     342ns     294ns  1.5280us  cudaGetDevice
                    0.02%  109.63us         1  109.63us  109.63us  109.63us  cuDeviceGetName
                    0.01%  34.275us        98     349ns     262ns  1.5200us  cuModuleGetFunction
                    0.00%  13.535us         3  4.5110us  2.4920us  6.2270us  cudaDeviceGetAttribute
                    0.00%  5.8170us         2  2.9080us  2.1680us  3.6490us  cuDeviceGetCount
                    0.00%  3.7060us         2  1.8530us  1.6020us  2.1040us  cuDeviceGet
                    0.00%  2.8090us         1  2.8090us  2.8090us  2.8090us  cuDeviceGetPCIBusId
                    0.00%  1.5420us         1  1.5420us  1.5420us  1.5420us  cuDeviceGetUuid
