==6013== NVPROF is profiling process 6013, command: python3 /home/wml/tvm/tutorials/relay_test_net.py
==6013== Profiling application: python3 /home/wml/tvm/tutorials/relay_test_net.py
==6013== Profiling result:
            Type  Time(%)      Time     Calls       Avg       Min       Max  Name
 GPU activities:   34.82%  5.7226ms       191  29.961us     864ns  1.3445ms  [CUDA memcpy HtoD]
                   18.08%  2.9713ms         5  594.26us  582.54us  601.00us  fused_nn_conv2d_4_kernel0
                    5.10%  838.08us         1  838.08us  838.08us  838.08us  fused_nn_conv2d_kernel0
                    2.39%  393.49us         1  393.49us  393.49us  393.49us  fused_nn_conv2d_2_kernel0
                    2.24%  367.92us         1  367.92us  367.92us  367.92us  fused_nn_conv2d_8_kernel0
                    1.96%  321.43us         1  321.43us  321.43us  321.43us  fused_nn_conv2d_12_kernel0
                    1.71%  281.49us         1  281.49us  281.49us  281.49us  fused_nn_conv2d_6_kernel0
                    1.71%  281.17us         3  93.724us  93.276us  94.332us  fused_nn_relu_6_kernel0
                    1.71%  280.34us         3  93.446us  92.700us  94.396us  fused_add_6_kernel0
                    1.68%  276.53us         3  92.178us  91.581us  93.149us  fused_multiply_6_kernel0
                    1.63%  267.57us        11  24.324us  23.647us  24.992us  fused_nn_relu_2_kernel0
                    1.61%  263.77us        11  23.978us  23.392us  24.447us  fused_add_2_kernel0
                    1.51%  247.73us        11  22.521us  20.767us  24.831us  fused_multiply_2_kernel0
                    1.22%  199.86us         1  199.86us  199.86us  199.86us  fused_nn_conv2d_16_kernel0
                    1.14%  187.96us         2  93.980us  93.437us  94.524us  fused_add_9_kernel0
                    1.14%  186.87us         2  93.436us  93.436us  93.437us  fused_nn_relu_9_kernel0
                    1.13%  185.88us         2  92.941us  92.765us  93.117us  fused_multiply_9_kernel0
                    1.13%  185.37us         1  185.37us  185.37us  185.37us  fused_nn_relu_8_kernel0
                    1.13%  185.31us         1  185.31us  185.31us  185.31us  fused_add_8_kernel0
                    1.12%  184.09us         1  184.09us  184.09us  184.09us  fused_multiply_8_kernel0
                    1.12%  184.03us         1  184.03us  184.03us  184.03us  fused_nn_conv2d_10_kernel0
                    1.06%  174.52us         5  34.904us  34.015us  35.743us  fused_nn_conv2d_5_kernel0
                    1.01%  166.55us         1  166.55us  166.55us  166.55us  fused_nn_conv2d_14_kernel0
                    0.88%  144.51us         1  144.51us  144.51us  144.51us  fused_nn_conv2d_15_kernel0
                    0.87%  143.74us         3  47.912us  47.326us  48.318us  fused_add_4_kernel0
                    0.87%  142.33us         3  47.443us  47.007us  48.094us  fused_nn_relu_4_kernel0
                    0.85%  139.45us         3  46.483us  45.535us  47.262us  fused_multiply_4_kernel0
                    0.75%  123.74us         1  123.74us  123.74us  123.74us  fused_nn_dense_kernel0
                    0.74%  121.02us         1  121.02us  121.02us  121.02us  fused_nn_conv2d_18_kernel0
                    0.71%  115.87us         1  115.87us  115.87us  115.87us  fused_nn_conv2d_13_kernel0
                    0.65%  107.16us         1  107.16us  107.16us  107.16us  fused_nn_conv2d_17_kernel0
                    0.52%  84.669us         1  84.669us  84.669us  84.669us  fused_nn_conv2d_11_kernel0
                    0.37%  61.341us         1  61.341us  61.341us  61.341us  fused_nn_conv2d_9_kernel0
                    0.32%  51.998us         1  51.998us  51.998us  51.998us  fused_nn_conv2d_7_kernel0
                    0.30%  48.862us         1  48.862us  48.862us  48.862us  fused_nn_relu_7_kernel0
                    0.30%  48.670us         1  48.670us  48.670us  48.670us  fused_add_7_kernel0
                    0.28%  45.918us         1  45.918us  45.918us  45.918us  fused_multiply_7_kernel0
                    0.23%  37.695us        24  1.5700us  1.2800us  1.9200us  fused_multiply_14_kernel0
                    0.20%  32.766us         1  32.766us  32.766us  32.766us  fused_nn_softmax_kernel1
                    0.19%  30.429us        24  1.2670us  1.2150us  1.6640us  fused_expand_dims_4_kernel0
                    0.18%  29.503us         1  29.503us  29.503us  29.503us  fused_nn_conv2d_3_kernel0
                    0.17%  27.616us         3  9.2050us  7.3600us  10.368us  fused_multiply_kernel0
                    0.17%  27.583us         1  27.583us  27.583us  27.583us  fused_nn_conv2d_1_kernel0
                    0.15%  24.799us         1  24.799us  24.799us  24.799us  fused_nn_relu_5_kernel0
                    0.15%  24.383us         1  24.383us  24.383us  24.383us  fused_add_5_kernel0
                    0.14%  22.784us         3  7.5940us  7.3600us  7.9680us  fused_add_kernel0
                    0.14%  22.335us         1  22.335us  22.335us  22.335us  fused_multiply_5_kernel0
                    0.13%  21.664us        12  1.8050us  1.4080us  2.3040us  fused_negative_4_kernel0
                    0.13%  21.248us        12  1.7700us  1.6640us  2.2080us  fused_add_18_kernel0
                    0.13%  21.151us         3  7.0500us  6.7200us  7.6470us  fused_nn_relu_kernel0
                    0.12%  20.160us         1  20.160us  20.160us  20.160us  fused_nn_softmax_kernel0
                    0.12%  19.198us        12  1.5990us  1.5040us  2.3360us  fused_divide_4_kernel0
                    0.11%  18.719us        12  1.5590us  1.4720us  2.2080us  fused_sqrt_4_kernel0
                    0.11%  18.048us        12  1.5040us  1.4400us  1.9200us  fused_add_19_kernel0
                    0.08%  12.638us         8  1.5790us  1.2160us  1.8240us  fused_multiply_13_kernel0
                    0.08%  12.544us         8  1.5680us  1.4080us  1.7920us  fused_multiply_12_kernel0
                    0.06%  10.272us         1  10.272us  10.272us  10.272us  fused_multiply_3_kernel0
                    0.06%  10.111us         8  1.2630us  1.1840us  1.6960us  fused_expand_dims_3_kernel0
                    0.06%  9.9830us         8  1.2470us  1.1520us  1.6320us  fused_expand_dims_2_kernel0
                    0.05%  8.9600us         6  1.4930us  1.2480us  1.9200us  fused_multiply_15_kernel0
                    0.05%  7.9990us         1  7.9990us  7.9990us  7.9990us  fused_nn_global_avg_pool2d_kernel0
                    0.05%  7.8400us         1  7.8400us  7.8400us  7.8400us  fused_add_3_kernel0
                    0.05%  7.8080us         6  1.3010us  1.2160us  1.6960us  fused_expand_dims_5_kernel0
                    0.05%  7.4240us         1  7.4240us  7.4240us  7.4240us  fused_nn_relu_3_kernel0
                    0.04%  7.3600us         4  1.8400us  1.6640us  2.1120us  fused_add_14_kernel0
                    0.04%  7.2320us         4  1.8080us  1.3440us  2.2720us  fused_negative_3_kernel0
                    0.04%  7.2310us         4  1.8070us  1.6630us  2.1120us  fused_add_16_kernel0
                    0.04%  7.2000us         4  1.8000us  1.6640us  2.1440us  fused_negative_2_kernel0
                    0.04%  7.0400us         4  1.7600us  1.5040us  2.2720us  fused_divide_3_kernel0
                    0.04%  6.8160us         4  1.7040us  1.4720us  2.1440us  fused_sqrt_2_kernel0
                    0.04%  6.6560us         4  1.6640us  1.4080us  1.7920us  fused_multiply_10_kernel0
                    0.04%  6.6560us         4  1.6640us  1.4720us  2.2400us  fused_divide_2_kernel0
                    0.04%  6.5920us         4  1.6480us  1.4720us  2.1440us  fused_sqrt_3_kernel0
                    0.04%  6.4950us         4  1.6230us  1.5350us  1.8240us  fused_add_15_kernel0
                    0.04%  6.3040us         4  1.5760us  1.5040us  1.7920us  fused_multiply_11_kernel0
                    0.04%  6.1440us         3  2.0480us  1.9200us  2.2400us  fused_divide_5_kernel0
                    0.04%  6.0800us         4  1.5200us  1.3760us  1.8880us  fused_add_17_kernel0
                    0.04%  5.9840us         1  5.9840us  5.9840us  5.9840us  fused_nn_softmax_kernel3
                    0.03%  5.6000us         4  1.4000us  1.2480us  1.6320us  fused_expand_dims_kernel0
                    0.03%  5.4070us         3  1.8020us  1.4400us  2.1120us  fused_add_21_kernel0
                    0.03%  5.3760us         3  1.7920us  1.4720us  2.2720us  fused_sqrt_5_kernel0
                    0.03%  5.2800us         3  1.7600us  1.3760us  2.1760us  fused_add_20_kernel0
                    0.03%  5.2480us         3  1.7490us  1.6320us  1.9200us  fused_negative_5_kernel0
                    0.03%  5.2160us         4  1.3040us  1.1840us  1.6320us  fused_expand_dims_1_kernel0
                    0.03%  4.9920us         1  4.9920us  4.9920us  4.9920us  fused_add_1_kernel0
                    0.03%  4.9590us         1  4.9590us  4.9590us  4.9590us  fused_multiply_1_kernel0
                    0.03%  4.8000us         1  4.8000us  4.8000us  4.8000us  fused_nn_relu_1_kernel0
                    0.02%  4.0640us         2  2.0320us  1.9200us  2.1440us  fused_divide_kernel0
                    0.02%  3.9040us         2  1.9520us  1.7280us  2.1760us  fused_divide_1_kernel0
                    0.02%  3.8400us         2  1.9200us  1.6640us  2.1760us  fused_negative_1_kernel0
                    0.02%  3.8080us         2  1.9040us  1.6960us  2.1120us  fused_add_12_kernel0
                    0.02%  3.8070us         2  1.9030us  1.6640us  2.1430us  fused_sqrt_kernel0
                    0.02%  3.8060us         2  1.9030us  1.6630us  2.1430us  fused_negative_kernel0
                    0.02%  3.7760us         2  1.8880us  1.6640us  2.1120us  fused_add_10_kernel0
                    0.02%  3.7120us         1  3.7120us  3.7120us  3.7120us  fused_nn_softmax_kernel2
                    0.02%  3.5840us         2  1.7920us  1.4400us  2.1440us  fused_sqrt_1_kernel0
                    0.02%  3.4560us         2  1.7280us  1.5360us  1.9200us  fused_add_11_kernel0
                    0.02%  3.1360us         2  1.5680us  1.3440us  1.7920us  fused_add_13_kernel0
                    0.01%  1.6640us         1  1.6640us  1.6640us  1.6640us  [CUDA memcpy DtoH]
                    0.01%  1.6640us         1  1.6640us  1.6640us  1.6640us  fused_nn_batch_flatten_kernel0
      API calls:   68.35%  326.33ms         1  326.33ms  326.33ms  326.33ms  cuModuleLoadData
                   26.72%  127.55ms       201  634.60us  1.8960us  126.12ms  cudaMalloc
                    3.27%  15.619ms       192  81.349us  5.9160us  8.2982ms  cudaMemcpy
                    0.77%  3.6779ms         1  3.6779ms  3.6779ms  3.6779ms  cuModuleUnload
                    0.39%  1.8655ms       201  9.2800us  2.7890us  171.23us  cudaFree
                    0.29%  1.4033ms       358  3.9190us  3.2120us  21.727us  cuLaunchKernel
                    0.10%  495.77us       950     521ns     330ns  11.086us  cudaSetDevice
                    0.04%  198.33us        97  2.0440us     231ns  82.243us  cuDeviceGetAttribute
                    0.03%  122.60us       358     342ns     292ns  1.4650us  cudaGetDevice
                    0.02%  85.980us         1  85.980us  85.980us  85.980us  cuDeviceTotalMem
                    0.01%  45.748us         1  45.748us  45.748us  45.748us  cuDeviceGetName
                    0.01%  33.371us        98     340ns     259ns  1.4720us  cuModuleGetFunction
                    0.00%  3.1240us         3  1.0410us     678ns  1.3090us  cudaDeviceGetAttribute
                    0.00%  2.8470us         1  2.8470us  2.8470us  2.8470us  cuDeviceGetPCIBusId
                    0.00%  1.7980us         2     899ns     663ns  1.1350us  cuDeviceGetCount
                    0.00%     886ns         2     443ns     306ns     580ns  cuDeviceGet
                    0.00%     451ns         1     451ns     451ns     451ns  cuDeviceGetUuid
