==5864== NVPROF is profiling process 5864, command: python3 /home/wml/tvm/tutorials/relay_test_net.py
==5864== Profiling application: python3 /home/wml/tvm/tutorials/relay_test_net.py
==5864== Profiling result:
            Type  Time(%)      Time     Calls       Avg       Min       Max  Name
 GPU activities:   34.64%  5.7096ms       191  29.893us     864ns  1.3420ms  [CUDA memcpy HtoD]
                   17.90%  2.9500ms         5  590.00us  580.00us  602.56us  fused_nn_conv2d_4_kernel0
                    5.09%  839.12us         1  839.12us  839.12us  839.12us  fused_nn_conv2d_kernel0
                    2.48%  408.33us         1  408.33us  408.33us  408.33us  fused_nn_conv2d_2_kernel0
                    2.32%  382.28us         1  382.28us  382.28us  382.28us  fused_nn_conv2d_8_kernel0
                    1.95%  320.69us         1  320.69us  320.69us  320.69us  fused_nn_conv2d_12_kernel0
                    1.72%  284.11us         1  284.11us  284.11us  284.11us  fused_nn_conv2d_6_kernel0
                    1.70%  280.69us         3  93.562us  92.891us  94.394us  fused_add_6_kernel0
                    1.70%  279.76us         3  93.253us  92.699us  93.819us  fused_nn_relu_6_kernel0
                    1.68%  277.23us         3  92.410us  91.675us  93.083us  fused_multiply_6_kernel0
                    1.63%  269.07us        11  24.461us  23.871us  25.375us  fused_nn_relu_2_kernel0
                    1.62%  266.19us        11  24.199us  23.774us  24.991us  fused_add_2_kernel0
                    1.52%  250.42us        11  22.765us  20.799us  25.055us  fused_multiply_2_kernel0
                    1.29%  212.47us         1  212.47us  212.47us  212.47us  fused_nn_conv2d_16_kernel0
                    1.18%  193.69us         1  193.69us  193.69us  193.69us  fused_nn_conv2d_10_kernel0
                    1.14%  187.64us         2  93.818us  93.594us  94.043us  fused_nn_relu_9_kernel0
                    1.13%  187.00us         2  93.498us  93.466us  93.531us  fused_add_9_kernel0
                    1.13%  186.26us         2  93.131us  92.603us  93.659us  fused_multiply_9_kernel0
                    1.12%  185.33us         1  185.33us  185.33us  185.33us  fused_add_8_kernel0
                    1.12%  184.95us         1  184.95us  184.95us  184.95us  fused_nn_relu_8_kernel0
                    1.12%  183.86us         1  183.86us  183.86us  183.86us  fused_multiply_8_kernel0
                    1.06%  174.52us         5  34.903us  34.462us  35.454us  fused_nn_conv2d_5_kernel0
                    1.05%  173.43us         1  173.43us  173.43us  173.43us  fused_nn_conv2d_14_kernel0
                    0.88%  145.05us         3  48.349us  47.934us  48.573us  fused_add_4_kernel0
                    0.87%  143.32us         3  47.773us  47.389us  48.157us  fused_nn_relu_4_kernel0
                    0.86%  142.01us         1  142.01us  142.01us  142.01us  fused_nn_conv2d_15_kernel0
                    0.85%  139.42us         3  46.471us  45.181us  47.741us  fused_multiply_4_kernel0
                    0.77%  126.33us         1  126.33us  126.33us  126.33us  fused_nn_conv2d_18_kernel0
                    0.75%  123.16us         1  123.16us  123.16us  123.16us  fused_nn_dense_kernel0
                    0.70%  116.06us         1  116.06us  116.06us  116.06us  fused_nn_conv2d_13_kernel0
                    0.65%  107.29us         1  107.29us  107.29us  107.29us  fused_nn_conv2d_17_kernel0
                    0.52%  84.987us         1  84.987us  84.987us  84.987us  fused_nn_conv2d_11_kernel0
                    0.37%  60.317us         1  60.317us  60.317us  60.317us  fused_nn_conv2d_9_kernel0
                    0.30%  49.630us         1  49.630us  49.630us  49.630us  fused_nn_conv2d_7_kernel0
                    0.30%  49.341us         1  49.341us  49.341us  49.341us  fused_nn_relu_7_kernel0
                    0.29%  47.965us         1  47.965us  47.965us  47.965us  fused_add_7_kernel0
                    0.28%  45.917us         1  45.917us  45.917us  45.917us  fused_multiply_7_kernel0
                    0.24%  39.038us        24  1.6260us  1.2480us  1.9840us  fused_multiply_14_kernel0
                    0.20%  32.958us         1  32.958us  32.958us  32.958us  fused_nn_softmax_kernel1
                    0.19%  31.263us        24  1.3020us  1.2160us  1.6640us  fused_expand_dims_4_kernel0
                    0.18%  29.790us         1  29.790us  29.790us  29.790us  fused_nn_conv2d_3_kernel0
                    0.16%  26.911us         1  26.911us  26.911us  26.911us  fused_nn_conv2d_1_kernel0
                    0.16%  26.720us         3  8.9060us  7.2960us  10.048us  fused_multiply_kernel0
                    0.15%  24.607us         1  24.607us  24.607us  24.607us  fused_add_5_kernel0
                    0.15%  24.286us         1  24.286us  24.286us  24.286us  fused_nn_relu_5_kernel0
                    0.14%  23.583us         1  23.583us  23.583us  23.583us  fused_multiply_5_kernel0
                    0.14%  22.752us         3  7.5840us  7.4240us  7.9040us  fused_add_kernel0
                    0.13%  21.983us        12  1.8310us  1.7600us  2.2400us  fused_divide_4_kernel0
                    0.13%  21.566us        12  1.7970us  1.6640us  2.3040us  fused_negative_4_kernel0
                    0.13%  21.440us        12  1.7860us  1.6960us  2.2080us  fused_add_18_kernel0
                    0.13%  21.277us         3  7.0920us  6.8470us  7.4870us  fused_nn_relu_kernel0
                    0.12%  19.647us         1  19.647us  19.647us  19.647us  fused_nn_softmax_kernel0
                    0.12%  19.327us        12  1.6100us  1.4720us  2.1750us  fused_sqrt_4_kernel0
                    0.11%  18.560us        12  1.5460us  1.4080us  1.9840us  fused_add_19_kernel0
                    0.08%  12.736us         8  1.5920us  1.2160us  1.8240us  fused_multiply_13_kernel0
                    0.07%  12.223us         8  1.5270us  1.3440us  1.7920us  fused_multiply_12_kernel0
                    0.06%  10.624us         4  2.6560us  1.1840us  7.0080us  fused_expand_dims_1_kernel0
                    0.06%  10.623us         8  1.3270us  1.1840us  1.6640us  fused_expand_dims_3_kernel0
                    0.06%  10.239us         1  10.239us  10.239us  10.239us  fused_multiply_3_kernel0
                    0.06%  10.080us         8  1.2600us  1.1840us  1.6320us  fused_expand_dims_2_kernel0
                    0.05%  8.7040us         1  8.7040us  8.7040us  8.7040us  fused_nn_global_avg_pool2d_kernel0
                    0.05%  8.7030us         6  1.4500us  1.2470us  1.8560us  fused_multiply_15_kernel0
                    0.05%  7.9670us         1  7.9670us  7.9670us  7.9670us  fused_add_3_kernel0
                    0.05%  7.8720us         6  1.3120us  1.2160us  1.6640us  fused_expand_dims_5_kernel0
                    0.05%  7.6790us         4  1.9190us  1.6960us  2.1120us  fused_negative_2_kernel0
                    0.05%  7.5200us         4  1.8800us  1.6640us  2.1120us  fused_add_14_kernel0
                    0.05%  7.4230us         4  1.8550us  1.6000us  2.1440us  fused_sqrt_2_kernel0
                    0.04%  7.3600us         1  7.3600us  7.3600us  7.3600us  fused_nn_relu_3_kernel0
                    0.04%  7.2960us         4  1.8240us  1.5040us  2.2080us  fused_divide_3_kernel0
                    0.04%  7.2940us         4  1.8230us  1.6950us  2.1440us  fused_add_16_kernel0
                    0.04%  6.8160us         4  1.7040us  1.3440us  2.1120us  fused_negative_3_kernel0
                    0.04%  6.7520us         4  1.6880us  1.4080us  1.8560us  fused_multiply_10_kernel0
                    0.04%  6.6240us         4  1.6560us  1.4400us  2.1760us  fused_sqrt_3_kernel0
                    0.04%  6.6240us         4  1.6560us  1.4720us  2.1760us  fused_divide_2_kernel0
                    0.04%  6.5280us         4  1.6320us  1.5360us  1.8560us  fused_add_17_kernel0
                    0.04%  6.3680us         4  1.5920us  1.3440us  2.0160us  fused_multiply_11_kernel0
                    0.04%  6.1120us         1  6.1120us  6.1120us  6.1120us  fused_nn_softmax_kernel3
                    0.04%  5.9520us         4  1.4880us  1.3440us  1.8560us  fused_add_15_kernel0
                    0.03%  5.7280us         2  2.8640us  1.6960us  4.0320us  fused_divide_1_kernel0
                    0.03%  5.6310us         3  1.8770us  1.4390us  2.3360us  fused_add_20_kernel0
                    0.03%  5.5670us         4  1.3910us  1.2480us  1.6960us  fused_expand_dims_kernel0
                    0.03%  5.3430us         3  1.7810us  1.5350us  2.2720us  fused_divide_5_kernel0
                    0.03%  5.1520us         3  1.7170us  1.4720us  2.2080us  fused_sqrt_5_kernel0
                    0.03%  5.0560us         3  1.6850us  1.4400us  2.0800us  fused_add_21_kernel0
                    0.03%  4.9910us         1  4.9910us  4.9910us  4.9910us  fused_multiply_1_kernel0
                    0.03%  4.9270us         1  4.9270us  4.9270us  4.9270us  fused_add_1_kernel0
                    0.03%  4.7020us         3  1.5670us  1.3760us  1.8550us  fused_negative_5_kernel0
                    0.03%  4.5760us         1  4.5760us  4.5760us  4.5760us  fused_nn_relu_1_kernel0
                    0.03%  4.2230us         2  2.1110us  1.8560us  2.3670us  fused_negative_kernel0
                    0.02%  4.0640us         2  2.0320us  1.8880us  2.1760us  fused_sqrt_kernel0
                    0.02%  4.0640us         2  2.0320us  1.9520us  2.1120us  fused_negative_1_kernel0
                    0.02%  4.0320us         2  2.0160us  1.6320us  2.4000us  fused_add_12_kernel0
                    0.02%  3.9360us         2  1.9680us  1.7280us  2.2080us  fused_divide_kernel0
                    0.02%  3.8080us         2  1.9040us  1.4400us  2.3680us  fused_sqrt_1_kernel0
                    0.02%  3.8070us         2  1.9030us  1.6960us  2.1110us  fused_add_10_kernel0
                    0.02%  3.5510us         1  3.5510us  3.5510us  3.5510us  fused_nn_softmax_kernel2
                    0.02%  3.4880us         2  1.7440us  1.6640us  1.8240us  fused_add_11_kernel0
                    0.02%  3.1040us         2  1.5520us  1.3120us  1.7920us  fused_add_13_kernel0
                    0.01%  1.6960us         1  1.6960us  1.6960us  1.6960us  fused_nn_batch_flatten_kernel0
                    0.01%  1.6000us         1  1.6000us  1.6000us  1.6000us  [CUDA memcpy DtoH]
      API calls:   66.63%  319.55ms         1  319.55ms  319.55ms  319.55ms  cuModuleLoadData
                   28.64%  137.34ms       201  683.30us  2.7550us  135.92ms  cudaMalloc
                    3.23%  15.504ms       192  80.747us  5.5490us  8.2938ms  cudaMemcpy
                    0.61%  2.9336ms         1  2.9336ms  2.9336ms  2.9336ms  cuModuleUnload
                    0.35%  1.6877ms       201  8.3960us  2.7930us  167.20us  cudaFree
                    0.30%  1.4302ms       358  3.9950us  3.2540us  23.193us  cuLaunchKernel
                    0.10%  480.40us       950     505ns     314ns  10.507us  cudaSetDevice
                    0.07%  316.93us        97  3.2670us     229ns  184.65us  cuDeviceGetAttribute
                    0.03%  123.04us       358     343ns     303ns  1.6540us  cudaGetDevice
                    0.02%  88.161us         1  88.161us  88.161us  88.161us  cuDeviceTotalMem
                    0.01%  50.191us         1  50.191us  50.191us  50.191us  cuDeviceGetName
                    0.01%  34.424us        98     351ns     255ns  1.7780us  cuModuleGetFunction
                    0.00%  4.7070us         1  4.7070us  4.7070us  4.7070us  cuDeviceGetPCIBusId
                    0.00%  3.4130us         3  1.1370us     698ns  1.3840us  cudaDeviceGetAttribute
                    0.00%  1.5780us         2     789ns     370ns  1.2080us  cuDeviceGetCount
                    0.00%     870ns         2     435ns     255ns     615ns  cuDeviceGet
                    0.00%     415ns         1     415ns     415ns     415ns  cuDeviceGetUuid
