==5899== NVPROF is profiling process 5899, command: python3 /home/wml/tvm/tutorials/relay_test_net.py
==5899== Profiling application: python3 /home/wml/tvm/tutorials/relay_test_net.py
==5899== Profiling result:
            Type  Time(%)      Time     Calls       Avg       Min       Max  Name
 GPU activities:   34.64%  5.7131ms       191  29.911us     864ns  1.3446ms  [CUDA memcpy HtoD]
                   18.06%  2.9785ms         5  595.70us  585.12us  606.40us  fused_nn_conv2d_4_kernel0
                    5.08%  838.45us         1  838.45us  838.45us  838.45us  fused_nn_conv2d_kernel0
                    2.52%  414.86us         1  414.86us  414.86us  414.86us  fused_nn_conv2d_2_kernel0
                    2.42%  398.35us         1  398.35us  398.35us  398.35us  fused_nn_conv2d_8_kernel0
                    1.97%  325.07us         1  325.07us  325.07us  325.07us  fused_nn_conv2d_12_kernel0
                    1.72%  284.40us         1  284.40us  284.40us  284.40us  fused_nn_conv2d_6_kernel0
                    1.71%  282.00us         3  94.000us  93.947us  94.075us  fused_nn_relu_6_kernel0
                    1.70%  281.07us         3  93.691us  93.563us  93.787us  fused_add_6_kernel0
                    1.67%  275.99us         3  91.995us  91.259us  92.956us  fused_multiply_6_kernel0
                    1.62%  267.12us        11  24.283us  23.838us  24.575us  fused_nn_relu_2_kernel0
                    1.60%  264.05us        11  24.004us  23.615us  24.351us  fused_add_2_kernel0
                    1.50%  247.51us        11  22.500us  20.479us  24.863us  fused_multiply_2_kernel0
                    1.21%  199.64us         1  199.64us  199.64us  199.64us  fused_nn_conv2d_16_kernel0
                    1.15%  188.98us         1  188.98us  188.98us  188.98us  fused_nn_conv2d_10_kernel0
                    1.14%  187.54us         2  93.771us  93.660us  93.883us  fused_add_9_kernel0
                    1.13%  186.55us         2  93.276us  92.796us  93.756us  fused_nn_relu_9_kernel0
                    1.13%  186.01us         2  93.003us  91.995us  94.012us  fused_multiply_9_kernel0
                    1.13%  185.62us         1  185.62us  185.62us  185.62us  fused_add_8_kernel0
                    1.12%  185.01us         1  185.01us  185.01us  185.01us  fused_nn_relu_8_kernel0
                    1.11%  183.48us         1  183.48us  183.48us  183.48us  fused_multiply_8_kernel0
                    1.07%  177.24us         1  177.24us  177.24us  177.24us  fused_nn_conv2d_14_kernel0
                    1.06%  174.46us         5  34.891us  33.534us  36.159us  fused_nn_conv2d_5_kernel0
                    0.87%  143.00us         3  47.667us  47.357us  47.838us  fused_nn_relu_4_kernel0
                    0.86%  142.46us         1  142.46us  142.46us  142.46us  fused_nn_conv2d_15_kernel0
                    0.86%  142.17us         3  47.389us  46.974us  47.965us  fused_add_4_kernel0
                    0.85%  139.67us         3  46.557us  45.086us  47.357us  fused_multiply_4_kernel0
                    0.75%  124.19us         1  124.19us  124.19us  124.19us  fused_nn_dense_kernel0
                    0.74%  121.31us         1  121.31us  121.31us  121.31us  fused_nn_conv2d_18_kernel0
                    0.69%  113.53us         1  113.53us  113.53us  113.53us  fused_nn_conv2d_13_kernel0
                    0.65%  107.64us         1  107.64us  107.64us  107.64us  fused_nn_conv2d_17_kernel0
                    0.50%  82.876us         1  82.876us  82.876us  82.876us  fused_nn_conv2d_11_kernel0
                    0.37%  61.148us         1  61.148us  61.148us  61.148us  fused_nn_conv2d_9_kernel0
                    0.30%  50.142us         1  50.142us  50.142us  50.142us  fused_nn_conv2d_7_kernel0
                    0.29%  48.158us         1  48.158us  48.158us  48.158us  fused_nn_relu_7_kernel0
                    0.29%  47.293us         1  47.293us  47.293us  47.293us  fused_add_7_kernel0
                    0.28%  46.334us         1  46.334us  46.334us  46.334us  fused_multiply_7_kernel0
                    0.22%  37.084us        24  1.5450us  1.2800us  1.8880us  fused_multiply_14_kernel0
                    0.20%  32.830us         1  32.830us  32.830us  32.830us  fused_nn_softmax_kernel1
                    0.18%  30.271us        24  1.2610us  1.2160us  1.6640us  fused_expand_dims_4_kernel0
                    0.18%  29.407us         1  29.407us  29.407us  29.407us  fused_nn_conv2d_3_kernel0
                    0.17%  27.422us         3  9.1400us  7.2960us  10.303us  fused_multiply_kernel0
                    0.16%  26.782us         1  26.782us  26.782us  26.782us  fused_nn_conv2d_1_kernel0
                    0.16%  25.695us         1  25.695us  25.695us  25.695us  fused_nn_relu_5_kernel0
                    0.14%  23.870us         1  23.870us  23.870us  23.870us  fused_add_5_kernel0
                    0.14%  22.590us         3  7.5300us  7.3270us  7.8710us  fused_add_kernel0
                    0.13%  21.855us         1  21.855us  21.855us  21.855us  fused_multiply_5_kernel0
                    0.13%  21.564us        12  1.7970us  1.6640us  2.1750us  fused_add_18_kernel0
                    0.13%  21.407us         3  7.1350us  6.8800us  7.5520us  fused_nn_relu_kernel0
                    0.13%  21.055us        12  1.7540us  1.3760us  2.1430us  fused_negative_4_kernel0
                    0.12%  19.935us         1  19.935us  19.935us  19.935us  fused_nn_softmax_kernel0
                    0.12%  19.103us        12  1.5910us  1.5040us  2.2080us  fused_divide_4_kernel0
                    0.11%  18.624us        12  1.5520us  1.4720us  2.1760us  fused_sqrt_4_kernel0
                    0.11%  18.048us        12  1.5040us  1.4080us  1.9200us  fused_add_19_kernel0
                    0.07%  12.350us         8  1.5430us  1.3440us  1.7920us  fused_multiply_12_kernel0
                    0.07%  12.064us         8  1.5080us  1.2160us  1.8240us  fused_multiply_13_kernel0
                    0.07%  10.912us         8  1.3640us  1.1840us  1.6320us  fused_expand_dims_2_kernel0
                    0.06%  10.367us         1  10.367us  10.367us  10.367us  fused_multiply_3_kernel0
                    0.06%  10.208us         8  1.2760us  1.2160us  1.6640us  fused_expand_dims_3_kernel0
                    0.05%  8.7680us         6  1.4610us  1.2480us  1.9200us  fused_multiply_15_kernel0
                    0.05%  8.5760us         1  8.5760us  8.5760us  8.5760us  fused_nn_global_avg_pool2d_kernel0
                    0.05%  8.0000us         1  8.0000us  8.0000us  8.0000us  fused_add_3_kernel0
                    0.05%  7.9360us         6  1.3220us  1.1840us  1.7280us  fused_expand_dims_5_kernel0
                    0.05%  7.8070us         4  1.9510us  1.8550us  2.1440us  fused_add_16_kernel0
                    0.05%  7.5520us         4  1.8880us  1.7920us  2.1120us  fused_add_14_kernel0
                    0.05%  7.5510us         4  1.8870us  1.6630us  2.1120us  fused_negative_2_kernel0
                    0.04%  7.3910us         1  7.3910us  7.3910us  7.3910us  fused_nn_relu_3_kernel0
                    0.04%  7.1040us         4  1.7760us  1.4720us  2.1760us  fused_sqrt_3_kernel0
                    0.04%  6.8790us         4  1.7190us  1.3440us  2.2400us  fused_negative_3_kernel0
                    0.04%  6.7840us         4  1.6960us  1.3760us  1.9520us  fused_add_15_kernel0
                    0.04%  6.7200us         4  1.6800us  1.5040us  2.2080us  fused_divide_3_kernel0
                    0.04%  6.6550us         4  1.6630us  1.4400us  2.1760us  fused_sqrt_2_kernel0
                    0.04%  6.6240us         4  1.6560us  1.4720us  2.1760us  fused_divide_2_kernel0
                    0.04%  6.5600us         4  1.6400us  1.4080us  1.7920us  fused_multiply_10_kernel0
                    0.04%  6.3360us         4  1.5840us  1.5040us  1.7920us  fused_multiply_11_kernel0
                    0.04%  6.1120us         1  6.1120us  6.1120us  6.1120us  fused_nn_softmax_kernel3
                    0.04%  6.1120us         4  1.5280us  1.3760us  1.9200us  fused_add_17_kernel0
                    0.03%  5.6630us         3  1.8870us  1.7280us  2.2070us  fused_add_20_kernel0
                    0.03%  5.6000us         4  1.4000us  1.2480us  1.6320us  fused_expand_dims_kernel0
                    0.03%  5.4080us         3  1.8020us  1.3760us  2.1760us  fused_sqrt_5_kernel0
                    0.03%  5.3120us         3  1.7700us  1.5360us  2.2400us  fused_divide_5_kernel0
                    0.03%  5.2790us         4  1.3190us  1.1840us  1.6640us  fused_expand_dims_1_kernel0
                    0.03%  4.9600us         1  4.9600us  4.9600us  4.9600us  fused_add_1_kernel0
                    0.03%  4.9600us         1  4.9600us  4.9600us  4.9600us  fused_multiply_1_kernel0
                    0.03%  4.9280us         3  1.6420us  1.4720us  1.9520us  fused_add_21_kernel0
                    0.03%  4.7990us         3  1.5990us  1.4080us  1.8560us  fused_negative_5_kernel0
                    0.03%  4.6400us         1  4.6400us  4.6400us  4.6400us  fused_nn_relu_1_kernel0
                    0.02%  4.0320us         2  2.0160us  1.8880us  2.1440us  fused_negative_kernel0
                    0.02%  3.9040us         2  1.9520us  1.6320us  2.2720us  fused_sqrt_kernel0
                    0.02%  3.9040us         2  1.9520us  1.7280us  2.1760us  fused_divide_1_kernel0
                    0.02%  3.8720us         2  1.9360us  1.6960us  2.1760us  fused_sqrt_1_kernel0
                    0.02%  3.8400us         2  1.9200us  1.7280us  2.1120us  fused_negative_1_kernel0
                    0.02%  3.7760us         2  1.8880us  1.6640us  2.1120us  fused_add_10_kernel0
                    0.02%  3.7440us         2  1.8720us  1.6320us  2.1120us  fused_add_12_kernel0
                    0.02%  3.7120us         2  1.8560us  1.5360us  2.1760us  fused_divide_kernel0
                    0.02%  3.7120us         1  3.7120us  3.7120us  3.7120us  fused_nn_softmax_kernel2
                    0.02%  3.3910us         2  1.6950us  1.5360us  1.8550us  fused_add_11_kernel0
                    0.02%  3.2960us         2  1.6480us  1.5040us  1.7920us  fused_add_13_kernel0
                    0.01%  1.6950us         1  1.6950us  1.6950us  1.6950us  fused_nn_batch_flatten_kernel0
                    0.01%  1.6320us         1  1.6320us  1.6320us  1.6320us  [CUDA memcpy DtoH]
      API calls:   67.14%  328.70ms         1  328.70ms  328.70ms  328.70ms  cuModuleLoadData
                   28.18%  137.94ms       201  686.26us  2.7590us  136.51ms  cudaMalloc
                    3.18%  15.546ms       192  80.967us  5.5220us  8.3510ms  cudaMemcpy
                    0.64%  3.1348ms         1  3.1348ms  3.1348ms  3.1348ms  cuModuleUnload
                    0.34%  1.6749ms       201  8.3330us  2.7160us  167.59us  cudaFree
                    0.29%  1.4247ms       358  3.9790us  3.2780us  21.843us  cuLaunchKernel
                    0.10%  474.92us       950     499ns     313ns  15.892us  cudaSetDevice
                    0.07%  343.70us        97  3.5430us     268ns  198.25us  cuDeviceGetAttribute
                    0.03%  125.64us       358     350ns     294ns  1.5500us  cudaGetDevice
                    0.02%  100.67us         1  100.67us  100.67us  100.67us  cuDeviceTotalMem
                    0.01%  56.184us         1  56.184us  56.184us  56.184us  cuDeviceGetName
                    0.01%  37.349us        98     381ns     277ns  1.7090us  cuModuleGetFunction
                    0.00%  4.5410us         1  4.5410us  4.5410us  4.5410us  cuDeviceGetPCIBusId
                    0.00%  3.7240us         3  1.2410us     671ns  1.5350us  cudaDeviceGetAttribute
                    0.00%  1.5840us         2     792ns     381ns  1.2030us  cuDeviceGetCount
                    0.00%  1.0670us         2     533ns     301ns     766ns  cuDeviceGet
                    0.00%     536ns         1     536ns     536ns     536ns  cuDeviceGetUuid
