==4466== NVPROF is profiling process 4466, command: python3 /home/wml/tvm/tutorials/relay_test_net.py
==4466== Profiling application: python3 /home/wml/tvm/tutorials/relay_test_net.py
==4466== Profiling result:
            Type  Time(%)      Time     Calls       Avg       Min       Max  Name
 GPU activities:   45.77%  15.292ms       137  111.62us     864ns  3.0301ms  [CUDA memcpy HtoD]
                   12.12%  4.0509ms         3  1.3503ms  1.3326ms  1.3603ms  fused_nn_conv2d_kernel0
                    4.67%  1.5594ms         3  519.81us  516.33us  525.39us  fused_nn_conv2d_kernel2
                    4.19%  1.3984ms         1  1.3984ms  1.3984ms  1.3984ms  fused_nn_conv2d_1_kernel0
                    3.92%  1.3106ms         3  436.86us  425.51us  445.70us  fused_nn_conv2d_2_kernel2
                    3.81%  1.2743ms         4  318.58us  156.74us  797.78us  fused_nn_conv2d_6_kernel2
                    3.11%  1.0397ms         3  346.56us  346.34us  346.69us  fused_nn_conv2d_4_kernel2
                    2.83%  945.87us         3  315.29us  313.77us  317.70us  fused_nn_conv2d_2_kernel0
                    2.18%  727.57us         1  727.57us  727.57us  727.57us  fused_nn_conv2d_3_kernel0
                    1.51%  503.11us         1  503.11us  503.11us  503.11us  fused_nn_conv2d_7_kernel0
                    1.49%  498.19us         1  498.19us  498.19us  498.19us  fused_nn_conv2d_5_kernel0
                    1.21%  403.53us         4  100.88us  99.458us  102.37us  fused_nn_conv2d_6_kernel3
                    1.08%  360.20us         4  90.049us  85.953us  94.818us  fused_nn_conv2d_6_kernel1
                    0.75%  251.27us         5  50.253us  48.673us  51.457us  fused_add_6_kernel0
                    0.75%  250.41us         5  50.081us  47.393us  52.033us  fused_nn_relu_3_kernel0
                    0.73%  244.01us         5  48.801us  44.545us  51.393us  fused_multiply_3_kernel0
                    0.65%  216.93us         3  72.311us  65.761us  76.482us  fused_nn_conv2d_4_kernel0
                    0.56%  186.21us         1  186.21us  186.21us  186.21us  fused_add_8_kernel0
                    0.55%  184.77us         1  184.77us  184.77us  184.77us  fused_nn_relu_4_kernel0
                    0.55%  184.16us         1  184.16us  184.16us  184.16us  fused_multiply_4_kernel0
                    0.54%  181.67us         3  60.556us  60.289us  60.962us  fused_nn_conv2d_4_kernel3
                    0.54%  179.68us         3  59.894us  59.169us  60.322us  fused_nn_conv2d_4_kernel1
                    0.50%  167.78us         1  167.78us  167.78us  167.78us  fused_nn_conv2d_11_kernel0
                    0.45%  151.23us         2  75.617us  74.785us  76.449us  fused_add_7_kernel0
                    0.37%  123.52us         1  123.52us  123.52us  123.52us  fused_nn_max_pool2d_kernel0
                    0.34%  112.64us         4  28.160us  27.072us  29.440us  fused_nn_conv2d_6_kernel0
                    0.30%  100.55us         1  100.55us  100.55us  100.55us  fused_nn_conv2d_10_kernel0
                    0.30%  99.360us         4  24.840us  24.192us  26.528us  fused_nn_relu_2_kernel0
                    0.30%  99.332us         4  24.833us  23.969us  25.345us  fused_add_4_kernel0
                    0.28%  93.408us         4  23.352us  22.752us  24.096us  fused_multiply_2_kernel0
                    0.27%  91.266us         3  30.422us  30.208us  30.657us  fused_nn_conv2d_2_kernel1
                    0.27%  90.433us         3  30.144us  29.696us  30.561us  fused_nn_conv2d_2_kernel3
                    0.26%  86.402us         1  86.402us  86.402us  86.402us  fused_nn_conv2d_8_kernel0
                    0.24%  79.266us         1  79.266us  79.266us  79.266us  fused_nn_conv2d_9_kernel0
                    0.20%  67.040us         2  33.520us  33.216us  33.824us  fused_add_5_kernel0
                    0.20%  66.433us         1  66.433us  66.433us  66.433us  fused_nn_dense_kernel0
                    0.17%  55.361us         3  18.453us  17.568us  19.424us  fused_nn_conv2d_kernel3
                    0.17%  55.233us         3  18.411us  18.400us  18.433us  fused_nn_conv2d_kernel1
                    0.11%  36.961us         1  36.961us  36.961us  36.961us  fused_multiply_5_kernel0
                    0.11%  36.929us         1  36.929us  36.929us  36.929us  fused_add_9_kernel0
                    0.11%  35.648us         4  8.9120us  8.4160us  10.176us  fused_multiply_1_kernel0
                    0.10%  32.641us         1  32.641us  32.641us  32.641us  fused_nn_softmax_kernel1
                    0.09%  30.369us         4  7.5920us  7.4890us  7.8080us  fused_add_2_kernel0
                    0.09%  29.537us         2  14.768us  13.152us  16.385us  fused_add_3_kernel0
                    0.09%  28.480us         4  7.1200us  6.9120us  7.3280us  fused_nn_relu_1_kernel0
                    0.06%  20.640us        12  1.7200us  1.3120us  2.0480us  fused_multiply_7_kernel0
                    0.06%  20.224us         4  5.0560us  4.7040us  6.1120us  fused_multiply_kernel0
                    0.06%  18.944us        12  1.5780us  1.1520us  2.0160us  fused_expand_dims_1_kernel0
                    0.06%  18.528us         4  4.6320us  4.4480us  4.8000us  fused_add_kernel0
                    0.05%  17.409us         4  4.3520us  4.2240us  4.5760us  fused_nn_relu_kernel0
                    0.04%  14.912us         2  7.4560us  6.7520us  8.1600us  fused_add_1_kernel0
                    0.04%  14.752us         1  14.752us  14.752us  14.752us  fused_nn_softmax_kernel0
                    0.04%  12.992us         6  2.1650us  1.5040us  3.0720us  fused_divide_1_kernel0
                    0.04%  12.416us         8  1.5520us  1.3440us  1.9200us  fused_multiply_8_kernel0
                    0.04%  12.257us         6  2.0420us  1.6000us  2.2410us  fused_negative_1_kernel0
                    0.04%  12.224us         6  2.0370us  1.7280us  2.1440us  fused_add_12_kernel0
                    0.04%  12.032us         8  1.5040us  1.2480us  1.7920us  fused_multiply_10_kernel0
                    0.03%  11.617us         4  2.9040us  1.8240us  5.7920us  fused_divide_2_kernel0
                    0.03%  11.586us         6  1.9310us  1.4400us  2.2080us  fused_sqrt_1_kernel0
                    0.03%  11.553us         8  1.4440us  1.1840us  1.8560us  fused_expand_dims_2_kernel0
                    0.03%  11.072us         8  1.3840us  1.2160us  1.8240us  fused_multiply_9_kernel0
                    0.03%  10.688us         8  1.3360us  1.2160us  1.6320us  fused_expand_dims_3_kernel0
                    0.03%  10.528us         6  1.7540us  1.3760us  1.9200us  fused_add_13_kernel0
                    0.03%  10.336us         8  1.2920us  1.2160us  1.6320us  fused_expand_dims_4_kernel0
                    0.02%  7.9360us         4  1.9840us  1.8880us  2.0800us  fused_add_18_kernel0
                    0.02%  7.9040us         4  1.9760us  1.8240us  2.1120us  fused_add_14_kernel0
                    0.02%  7.6820us         4  1.9200us  1.6330us  2.2400us  fused_divide_4_kernel0
                    0.02%  7.5850us         4  1.8960us  1.7920us  2.1440us  fused_sqrt_2_kernel0
                    0.02%  7.5200us         4  1.8800us  1.6640us  2.0160us  fused_negative_2_kernel0
                    0.02%  7.5200us         4  1.8800us  1.6320us  2.0480us  fused_add_16_kernel0
                    0.02%  7.2960us         4  1.8240us  1.5040us  2.1440us  fused_divide_3_kernel0
                    0.02%  6.8800us         4  1.7200us  1.4720us  1.8560us  fused_negative_3_kernel0
                    0.02%  6.8490us         4  1.7120us  1.5360us  2.2080us  fused_sqrt_3_kernel0
                    0.02%  6.4960us         4  1.6240us  1.5360us  1.8560us  fused_add_17_kernel0
                    0.02%  6.4320us         4  1.6080us  1.4400us  1.8880us  fused_add_19_kernel0
                    0.02%  6.3360us         4  1.5840us  1.3760us  2.1120us  fused_sqrt_4_kernel0
                    0.02%  6.1760us         4  1.5440us  1.4080us  1.7600us  fused_negative_4_kernel0
                    0.02%  6.1760us         4  1.5440us  1.4080us  1.7280us  fused_add_15_kernel0
                    0.02%  6.0160us         1  6.0160us  6.0160us  6.0160us  fused_nn_softmax_kernel3
                    0.01%  4.8640us         1  4.8640us  4.8640us  4.8640us  fused_nn_global_avg_pool2d_kernel0
                    0.01%  3.5520us         1  3.5520us  3.5520us  3.5520us  fused_nn_softmax_kernel2
                    0.01%  3.0720us         1  3.0720us  3.0720us  3.0720us  fused_add_10_kernel0
                    0.01%  2.9760us         2  1.4880us  1.2800us  1.6960us  fused_expand_dims_kernel0
                    0.01%  2.2080us         1  2.2080us  2.2080us  2.2080us  fused_nn_bias_add_kernel0
                    0.01%  2.1770us         1  2.1770us  2.1770us  2.1770us  fused_sqrt_kernel0
                    0.01%  2.0800us         1  2.0800us  2.0800us  2.0800us  fused_negative_kernel0
                    0.01%  1.9840us         1  1.9840us  1.9840us  1.9840us  fused_multiply_6_kernel0
                    0.01%  1.9520us         1  1.9520us  1.9520us  1.9520us  fused_divide_kernel0
                    0.01%  1.9200us         1  1.9200us  1.9200us  1.9200us  [CUDA memcpy DtoH]
                    0.01%  1.7280us         1  1.7280us  1.7280us  1.7280us  fused_add_11_kernel0
                    0.00%  1.6320us         1  1.6320us  1.6320us  1.6320us  fused_nn_batch_flatten_kernel0
      API calls:   65.56%  342.03ms         1  342.03ms  342.03ms  342.03ms  cuModuleLoadData
                   26.69%  139.24ms       154  904.18us  2.7700us  136.95ms  cudaMalloc
                    4.28%  22.330ms       138  161.81us  5.6780us  5.6633ms  cudaMemcpy
                    2.71%  14.135ms       154  91.788us  2.8100us  4.4687ms  cudaFree
                    0.37%  1.9145ms         1  1.9145ms  1.9145ms  1.9145ms  cuModuleUnload
                    0.22%  1.1448ms       303  3.7780us  3.0070us  22.437us  cuLaunchKernel
                    0.07%  348.11us       708     491ns     307ns  9.9570us  cudaSetDevice
                    0.06%  290.11us        97  2.9900us     184ns  172.21us  cuDeviceGetAttribute
                    0.02%  102.78us       303     339ns     295ns  1.0010us  cudaGetDevice
                    0.01%  75.408us         1  75.408us  75.408us  75.408us  cuDeviceTotalMem
                    0.01%  36.675us         1  36.675us  36.675us  36.675us  cuDeviceGetName
                    0.01%  35.018us        89     393ns     282ns     980ns  cuModuleGetFunction
                    0.00%  5.2420us         1  5.2420us  5.2420us  5.2420us  cuDeviceGetPCIBusId
                    0.00%  2.5590us         3     853ns     520ns  1.0490us  cudaDeviceGetAttribute
                    0.00%  1.1900us         2     595ns     221ns     969ns  cuDeviceGetCount
                    0.00%     794ns         2     397ns     206ns     588ns  cuDeviceGet
                    0.00%     397ns         1     397ns     397ns     397ns  cuDeviceGetUuid
