==4079== NVPROF is profiling process 4079, command: python3 /home/wml/tvm/tutorials/relay_test_net.py
==4079== Profiling application: python3 /home/wml/tvm/tutorials/relay_test_net.py
==4079== Profiling result:
            Type  Time(%)      Time     Calls       Avg       Min       Max  Name
 GPU activities:   46.88%  15.276ms       137  111.51us     864ns  3.0363ms  [CUDA memcpy HtoD]
                   12.45%  4.0564ms         3  1.3521ms  1.3472ms  1.3585ms  fused_nn_conv2d_kernel0
                    4.75%  1.5482ms         3  516.07us  515.24us  516.87us  fused_nn_conv2d_kernel2
                    4.33%  1.4095ms         1  1.4095ms  1.4095ms  1.4095ms  fused_nn_conv2d_1_kernel0
                    3.93%  1.2816ms         3  427.21us  425.29us  430.44us  fused_nn_conv2d_2_kernel2
                    3.14%  1.0226ms         3  340.87us  338.21us  342.34us  fused_nn_conv2d_4_kernel2
                    2.89%  941.10us         3  313.70us  311.43us  316.10us  fused_nn_conv2d_2_kernel0
                    2.22%  722.76us         1  722.76us  722.76us  722.76us  fused_nn_conv2d_3_kernel0
                    1.90%  618.31us         4  154.58us  153.67us  156.64us  fused_nn_conv2d_6_kernel2
                    1.53%  498.82us         1  498.82us  498.82us  498.82us  fused_nn_conv2d_7_kernel0
                    1.52%  494.76us         1  494.76us  494.76us  494.76us  fused_nn_conv2d_5_kernel0
                    1.17%  381.73us         4  95.433us  93.442us  98.113us  fused_nn_conv2d_6_kernel3
                    1.05%  340.55us         4  85.137us  84.033us  86.497us  fused_nn_conv2d_6_kernel1
                    0.74%  240.10us         5  48.020us  47.649us  48.609us  fused_add_6_kernel0
                    0.73%  238.56us         5  47.712us  47.040us  48.609us  fused_nn_relu_3_kernel0
                    0.72%  233.35us         5  46.669us  44.832us  47.233us  fused_multiply_3_kernel0
                    0.67%  218.88us         3  72.961us  71.745us  74.913us  fused_nn_conv2d_4_kernel0
                    0.57%  185.44us         1  185.44us  185.44us  185.44us  fused_add_8_kernel0
                    0.57%  184.80us         1  184.80us  184.80us  184.80us  fused_nn_relu_4_kernel0
                    0.57%  184.26us         1  184.26us  184.26us  184.26us  fused_multiply_4_kernel0
                    0.56%  181.67us         3  60.555us  60.129us  60.961us  fused_nn_conv2d_4_kernel3
                    0.56%  181.35us         3  60.449us  60.289us  60.641us  fused_nn_conv2d_4_kernel1
                    0.51%  166.72us         1  166.72us  166.72us  166.72us  fused_nn_conv2d_11_kernel0
                    0.43%  138.95us         2  69.473us  69.313us  69.633us  fused_add_7_kernel0
                    0.38%  123.07us         1  123.07us  123.07us  123.07us  fused_nn_max_pool2d_kernel0
                    0.33%  108.00us         4  27.000us  26.560us  27.329us  fused_nn_conv2d_6_kernel0
                    0.32%  102.75us         1  102.75us  102.75us  102.75us  fused_nn_conv2d_10_kernel0
                    0.30%  98.915us         4  24.728us  24.449us  25.120us  fused_nn_relu_2_kernel0
                    0.30%  98.241us         4  24.560us  24.225us  24.736us  fused_add_4_kernel0
                    0.29%  93.027us         4  23.256us  22.497us  24.128us  fused_multiply_2_kernel0
                    0.28%  90.433us         3  30.144us  29.504us  30.497us  fused_nn_conv2d_2_kernel1
                    0.28%  90.178us         3  30.059us  29.921us  30.240us  fused_nn_conv2d_2_kernel3
                    0.27%  86.914us         1  86.914us  86.914us  86.914us  fused_nn_conv2d_8_kernel0
                    0.24%  78.689us         1  78.689us  78.689us  78.689us  fused_nn_conv2d_9_kernel0
                    0.21%  67.009us         2  33.504us  33.441us  33.568us  fused_add_5_kernel0
                    0.20%  66.433us         1  66.433us  66.433us  66.433us  fused_nn_dense_kernel0
                    0.17%  56.128us         3  18.709us  18.432us  18.912us  fused_nn_conv2d_kernel1
                    0.17%  55.104us         3  18.368us  18.080us  18.752us  fused_nn_conv2d_kernel3
                    0.11%  36.833us         1  36.833us  36.833us  36.833us  fused_multiply_5_kernel0
                    0.11%  36.192us         4  9.0480us  8.4480us  9.9840us  fused_multiply_1_kernel0
                    0.11%  35.936us         1  35.936us  35.936us  35.936us  fused_add_9_kernel0
                    0.10%  32.289us         1  32.289us  32.289us  32.289us  fused_nn_softmax_kernel1
                    0.09%  30.305us         2  15.152us  13.921us  16.384us  fused_add_3_kernel0
                    0.09%  30.176us         4  7.5440us  7.3920us  7.7760us  fused_add_2_kernel0
                    0.09%  29.057us         4  7.2640us  7.1690us  7.3600us  fused_nn_relu_1_kernel0
                    0.06%  19.680us         4  4.9200us  4.3520us  6.4000us  fused_multiply_kernel0
                    0.06%  19.041us        12  1.5860us  1.4400us  1.7280us  fused_multiply_7_kernel0
                    0.06%  18.497us         4  4.6240us  4.4170us  4.7680us  fused_add_kernel0
                    0.05%  17.856us         4  4.4640us  4.3840us  4.5760us  fused_nn_relu_kernel0
                    0.05%  16.096us        12  1.3410us  1.1840us  1.6000us  fused_expand_dims_1_kernel0
                    0.05%  15.136us         8  1.8920us  1.1840us  6.1440us  fused_expand_dims_2_kernel0
                    0.05%  15.008us         1  15.008us  15.008us  15.008us  fused_nn_softmax_kernel0
                    0.05%  14.721us         2  7.3600us  6.4000us  8.3210us  fused_add_1_kernel0
                    0.04%  12.320us         6  2.0530us  1.7600us  2.1440us  fused_divide_1_kernel0
                    0.04%  12.288us         6  2.0480us  1.4400us  2.8160us  fused_sqrt_1_kernel0
                    0.04%  12.128us         8  1.5160us  1.3760us  1.7280us  fused_multiply_8_kernel0
                    0.04%  12.032us         6  2.0050us  1.6320us  2.2400us  fused_add_12_kernel0
                    0.04%  12.000us         8  1.5000us  1.2480us  1.7920us  fused_multiply_10_kernel0
                    0.04%  11.680us         8  1.4600us  1.2160us  1.7920us  fused_multiply_9_kernel0
                    0.03%  11.392us         6  1.8980us  1.6320us  2.0480us  fused_negative_1_kernel0
                    0.03%  10.689us         8  1.3360us  1.2160us  1.6000us  fused_expand_dims_4_kernel0
                    0.03%  10.112us         8  1.2640us  1.1840us  1.5680us  fused_expand_dims_3_kernel0
                    0.03%  10.048us         6  1.6740us  1.3440us  1.7920us  fused_add_13_kernel0
                    0.03%  8.5440us         4  2.1360us  2.0480us  2.2080us  fused_divide_3_kernel0
                    0.03%  8.3530us         4  2.0880us  2.0160us  2.2080us  fused_add_14_kernel0
                    0.02%  8.0000us         4  2.0000us  1.7600us  2.1440us  fused_divide_2_kernel0
                    0.02%  7.9690us         4  1.9920us  1.7280us  2.1130us  fused_sqrt_3_kernel0
                    0.02%  7.8730us         4  1.9680us  1.8560us  2.1450us  fused_add_18_kernel0
                    0.02%  7.4880us         4  1.8720us  1.7920us  2.0160us  fused_negative_2_kernel0
                    0.02%  7.4880us         4  1.8720us  1.6960us  2.0800us  fused_sqrt_2_kernel0
                    0.02%  7.0080us         4  1.7520us  1.5680us  2.0480us  fused_add_16_kernel0
                    0.02%  6.8480us         4  1.7120us  1.5360us  2.2080us  fused_divide_4_kernel0
                    0.02%  6.8160us         4  1.7040us  1.4720us  1.8560us  fused_negative_3_kernel0
                    0.02%  6.8160us         4  1.7040us  1.6640us  1.7600us  fused_add_15_kernel0
                    0.02%  6.7520us         4  1.6880us  1.4400us  1.8240us  fused_add_19_kernel0
                    0.02%  6.6560us         4  1.6640us  1.4720us  2.1120us  fused_sqrt_4_kernel0
                    0.02%  6.3360us         1  6.3360us  6.3360us  6.3360us  fused_nn_softmax_kernel3
                    0.02%  6.2400us         4  1.5600us  1.4400us  1.7920us  fused_negative_4_kernel0
                    0.02%  5.9520us         4  1.4880us  1.3760us  1.7600us  fused_add_17_kernel0
                    0.02%  5.0240us         1  5.0240us  5.0240us  5.0240us  fused_nn_global_avg_pool2d_kernel0
                    0.01%  3.6480us         1  3.6480us  3.6480us  3.6480us  fused_nn_softmax_kernel2
                    0.01%  2.9120us         1  2.9120us  2.9120us  2.9120us  fused_add_10_kernel0
                    0.01%  2.8480us         2  1.4240us  1.2480us  1.6000us  fused_expand_dims_kernel0
                    0.01%  2.1760us         1  2.1760us  2.1760us  2.1760us  fused_nn_bias_add_kernel0
                    0.01%  2.1450us         1  2.1450us  2.1450us  2.1450us  fused_sqrt_kernel0
                    0.01%  2.0800us         1  2.0800us  2.0800us  2.0800us  fused_negative_kernel0
                    0.01%  2.0480us         1  2.0480us  2.0480us  2.0480us  fused_divide_kernel0
                    0.01%  1.8560us         1  1.8560us  1.8560us  1.8560us  fused_multiply_6_kernel0
                    0.01%  1.7280us         1  1.7280us  1.7280us  1.7280us  fused_add_11_kernel0
                    0.01%  1.6320us         1  1.6320us  1.6320us  1.6320us  [CUDA memcpy DtoH]
                    0.00%  1.5680us         1  1.5680us  1.5680us  1.5680us  fused_nn_batch_flatten_kernel0
      API calls:   66.90%  341.45ms         1  341.45ms  341.45ms  341.45ms  cuModuleLoadData
                   25.34%  129.34ms       154  839.88us  2.8670us  127.08ms  cudaMalloc
                    4.37%  22.301ms       138  161.60us  6.1490us  5.6385ms  cudaMemcpy
                    2.55%  13.010ms       154  84.483us  2.8010us  3.8024ms  cudaFree
                    0.38%  1.9400ms         1  1.9400ms  1.9400ms  1.9400ms  cuModuleUnload
                    0.23%  1.1547ms       303  3.8110us  3.0390us  21.108us  cuLaunchKernel
                    0.07%  369.08us        97  3.8040us     480ns  150.43us  cuDeviceGetAttribute
                    0.07%  361.60us       708     510ns     310ns  8.4480us  cudaSetDevice
                    0.04%  189.44us         1  189.44us  189.44us  189.44us  cuDeviceTotalMem
                    0.02%  103.70us       303     342ns     293ns  1.2930us  cudaGetDevice
                    0.02%  84.209us         1  84.209us  84.209us  84.209us  cuDeviceGetName
                    0.01%  36.447us        89     409ns     260ns  2.3750us  cuModuleGetFunction
                    0.00%  7.0210us         3  2.3400us  1.4170us  2.9230us  cudaDeviceGetAttribute
                    0.00%  4.8840us         1  4.8840us  4.8840us  4.8840us  cuDeviceGetPCIBusId
                    0.00%  3.6080us         2  1.8040us     548ns  3.0600us  cuDeviceGetCount
                    0.00%  1.8470us         2     923ns     597ns  1.2500us  cuDeviceGet
                    0.00%     990ns         1     990ns     990ns     990ns  cuDeviceGetUuid
