==4003== NVPROF is profiling process 4003, command: python3 /home/wml/tvm/tutorials/relay_test_net.py
==4003== Profiling application: python3 /home/wml/tvm/tutorials/relay_test_net.py
==4003== Profiling result:
            Type  Time(%)      Time     Calls       Avg       Min       Max  Name
 GPU activities:   46.88%  15.340ms       137  111.97us     864ns  3.0593ms  [CUDA memcpy HtoD]
                   12.36%  4.0436ms         3  1.3479ms  1.3374ms  1.3556ms  fused_nn_conv2d_kernel0
                    4.70%  1.5382ms         3  512.73us  511.72us  513.74us  fused_nn_conv2d_kernel2
                    4.28%  1.4002ms         1  1.4002ms  1.4002ms  1.4002ms  fused_nn_conv2d_1_kernel0
                    3.97%  1.2986ms         3  432.87us  425.77us  438.12us  fused_nn_conv2d_2_kernel2
                    3.21%  1.0499ms         3  349.97us  340.33us  359.56us  fused_nn_conv2d_4_kernel2
                    2.90%  950.03us         3  316.68us  311.36us  319.33us  fused_nn_conv2d_2_kernel0
                    2.31%  756.75us         1  756.75us  756.75us  756.75us  fused_nn_conv2d_3_kernel0
                    1.92%  628.14us         4  157.03us  155.75us  159.27us  fused_nn_conv2d_6_kernel2
                    1.52%  497.96us         1  497.96us  497.96us  497.96us  fused_nn_conv2d_7_kernel0
                    1.52%  496.10us         1  496.10us  496.10us  496.10us  fused_nn_conv2d_5_kernel0
                    1.17%  382.70us         4  95.674us  94.050us  97.314us  fused_nn_conv2d_6_kernel3
                    1.05%  343.56us         4  85.889us  84.769us  87.009us  fused_nn_conv2d_6_kernel1
                    0.73%  239.59us         5  47.917us  47.553us  48.736us  fused_nn_relu_3_kernel0
                    0.73%  239.20us         5  47.840us  47.264us  48.352us  fused_add_6_kernel0
                    0.71%  233.83us         5  46.765us  44.481us  47.521us  fused_multiply_3_kernel0
                    0.67%  218.28us         3  72.758us  68.321us  78.018us  fused_nn_conv2d_4_kernel0
                    0.57%  185.48us         1  185.48us  185.48us  185.48us  fused_add_8_kernel0
                    0.57%  184.96us         1  184.96us  184.96us  184.96us  fused_nn_relu_4_kernel0
                    0.56%  183.91us         1  183.91us  183.91us  183.91us  fused_multiply_4_kernel0
                    0.56%  182.21us         3  60.737us  60.481us  61.249us  fused_nn_conv2d_4_kernel3
                    0.55%  179.84us         3  59.947us  59.104us  60.449us  fused_nn_conv2d_4_kernel1
                    0.51%  167.94us         1  167.94us  167.94us  167.94us  fused_nn_conv2d_11_kernel0
                    0.42%  137.92us         2  68.961us  68.545us  69.377us  fused_add_7_kernel0
                    0.39%  126.66us         1  126.66us  126.66us  126.66us  fused_nn_max_pool2d_kernel0
                    0.33%  109.32us         4  27.329us  26.785us  27.969us  fused_nn_conv2d_6_kernel0
                    0.31%  100.23us         4  25.056us  24.801us  25.376us  fused_nn_relu_2_kernel0
                    0.30%  99.714us         1  99.714us  99.714us  99.714us  fused_nn_conv2d_10_kernel0
                    0.30%  96.994us         4  24.248us  23.936us  24.673us  fused_add_4_kernel0
                    0.28%  92.704us         4  23.176us  22.240us  24.384us  fused_multiply_2_kernel0
                    0.28%  92.065us         3  30.688us  30.016us  31.041us  fused_nn_conv2d_2_kernel3
                    0.28%  90.818us         3  30.272us  29.632us  30.849us  fused_nn_conv2d_2_kernel1
                    0.26%  86.497us         1  86.497us  86.497us  86.497us  fused_nn_conv2d_8_kernel0
                    0.25%  80.321us         1  80.321us  80.321us  80.321us  fused_nn_conv2d_9_kernel0
                    0.21%  67.426us         2  33.713us  33.473us  33.953us  fused_add_5_kernel0
                    0.20%  66.401us         1  66.401us  66.401us  66.401us  fused_nn_dense_kernel0
                    0.17%  55.968us         3  18.656us  18.144us  19.200us  fused_nn_conv2d_kernel1
                    0.17%  54.913us         3  18.304us  18.113us  18.560us  fused_nn_conv2d_kernel3
                    0.11%  36.512us         1  36.512us  36.512us  36.512us  fused_multiply_5_kernel0
                    0.11%  36.321us         4  9.0800us  8.2560us  10.081us  fused_multiply_1_kernel0
                    0.11%  36.161us         1  36.161us  36.161us  36.161us  fused_add_9_kernel0
                    0.10%  32.768us         1  32.768us  32.768us  32.768us  fused_nn_softmax_kernel1
                    0.09%  30.177us         4  7.5440us  7.4560us  7.6480us  fused_add_2_kernel0
                    0.09%  29.856us         2  14.928us  13.792us  16.064us  fused_add_3_kernel0
                    0.09%  28.224us         4  7.0560us  6.9440us  7.2960us  fused_nn_relu_1_kernel0
                    0.06%  19.552us         4  4.8880us  4.4160us  6.2400us  fused_multiply_kernel0
                    0.06%  19.232us        12  1.6020us  1.4720us  1.8240us  fused_multiply_7_kernel0
                    0.06%  18.401us         4  4.6000us  4.4800us  4.7360us  fused_add_kernel0
                    0.05%  17.344us         4  4.3360us  4.1920us  4.5440us  fused_nn_relu_kernel0
                    0.05%  15.616us        12  1.3010us  1.1840us  1.6000us  fused_expand_dims_1_kernel0
                    0.05%  14.848us         2  7.4240us  6.4640us  8.3840us  fused_add_1_kernel0
                    0.04%  14.656us         1  14.656us  14.656us  14.656us  fused_nn_softmax_kernel0
                    0.04%  13.346us         8  1.6680us  1.5040us  2.1760us  fused_multiply_8_kernel0
                    0.04%  13.024us         6  2.1700us  1.4720us  3.0400us  fused_divide_1_kernel0
                    0.04%  12.000us         6  2.0000us  1.7280us  2.1440us  fused_sqrt_1_kernel0
                    0.04%  11.808us         6  1.9680us  1.6320us  2.0800us  fused_negative_1_kernel0
                    0.04%  11.648us         6  1.9410us  1.7280us  2.0800us  fused_add_12_kernel0
                    0.04%  11.553us         8  1.4440us  1.2480us  1.7930us  fused_multiply_10_kernel0
                    0.03%  11.264us         8  1.4080us  1.1840us  1.6320us  fused_expand_dims_2_kernel0
                    0.03%  11.040us         8  1.3800us  1.2480us  1.7600us  fused_multiply_9_kernel0
                    0.03%  10.976us         8  1.3720us  1.1840us  1.6320us  fused_expand_dims_3_kernel0
                    0.03%  10.240us         8  1.2800us  1.2160us  1.6000us  fused_expand_dims_4_kernel0
                    0.03%  10.080us         6  1.6800us  1.3440us  1.8240us  fused_add_13_kernel0
                    0.03%  8.2240us         4  2.0560us  2.0160us  2.0800us  fused_negative_2_kernel0
                    0.03%  8.1920us         4  2.0480us  2.0160us  2.1120us  fused_sqrt_2_kernel0
                    0.02%  8.1280us         4  2.0320us  1.9840us  2.1120us  fused_sqrt_3_kernel0
                    0.02%  8.1280us         4  2.0320us  1.9520us  2.1440us  fused_add_18_kernel0
                    0.02%  7.7440us         4  1.9360us  1.7600us  2.1440us  fused_divide_2_kernel0
                    0.02%  7.6160us         4  1.9040us  1.6320us  2.1440us  fused_divide_3_kernel0
                    0.02%  7.5200us         4  1.8800us  1.7920us  2.0480us  fused_add_14_kernel0
                    0.02%  7.4880us         4  1.8720us  1.6320us  2.1440us  fused_divide_4_kernel0
                    0.02%  7.2960us         4  1.8240us  1.6640us  2.0800us  fused_add_16_kernel0
                    0.02%  7.2010us         4  1.8000us  1.7600us  1.8570us  fused_negative_3_kernel0
                    0.02%  6.8800us         4  1.7200us  1.6640us  1.7920us  fused_negative_4_kernel0
                    0.02%  6.7520us         4  1.6880us  1.4720us  1.8240us  fused_add_19_kernel0
                    0.02%  6.4640us         4  1.6160us  1.3440us  2.2080us  fused_sqrt_4_kernel0
                    0.02%  6.4330us         4  1.6080us  1.4410us  1.9200us  fused_add_17_kernel0
                    0.02%  6.2400us         1  6.2400us  6.2400us  6.2400us  fused_nn_softmax_kernel3
                    0.02%  6.2400us         4  1.5600us  1.3760us  1.7600us  fused_add_15_kernel0
                    0.02%  4.9280us         1  4.9280us  4.9280us  4.9280us  fused_nn_global_avg_pool2d_kernel0
                    0.01%  3.7130us         1  3.7130us  3.7130us  3.7130us  fused_nn_softmax_kernel2
                    0.01%  3.0400us         1  3.0400us  3.0400us  3.0400us  fused_add_10_kernel0
                    0.01%  2.8800us         2  1.4400us  1.2800us  1.6000us  fused_expand_dims_kernel0
                    0.01%  2.2080us         1  2.2080us  2.2080us  2.2080us  fused_nn_bias_add_kernel0
                    0.01%  2.1440us         1  2.1440us  2.1440us  2.1440us  fused_sqrt_kernel0
                    0.01%  2.0160us         1  2.0160us  2.0160us  2.0160us  fused_negative_kernel0
                    0.01%  1.9840us         1  1.9840us  1.9840us  1.9840us  fused_divide_kernel0
                    0.01%  1.8880us         1  1.8880us  1.8880us  1.8880us  [CUDA memcpy DtoH]
                    0.01%  1.8560us         1  1.8560us  1.8560us  1.8560us  fused_multiply_6_kernel0
                    0.01%  1.7280us         1  1.7280us  1.7280us  1.7280us  fused_add_11_kernel0
                    0.00%  1.6000us         1  1.6000us  1.6000us  1.6000us  fused_nn_batch_flatten_kernel0
      API calls:   65.13%  336.83ms         1  336.83ms  336.83ms  336.83ms  cuModuleLoadData
                   27.04%  139.85ms       154  908.13us  2.7540us  137.58ms  cudaMalloc
                    4.33%  22.397ms       138  162.30us  5.9640us  5.6173ms  cudaMemcpy
                    2.54%  13.136ms       154  85.298us  2.6770us  3.8280ms  cudaFree
                    0.58%  3.0182ms         1  3.0182ms  3.0182ms  3.0182ms  cuModuleUnload
                    0.22%  1.1588ms       303  3.8240us  3.0590us  20.980us  cuLaunchKernel
                    0.07%  354.52us       708     500ns     321ns  8.9850us  cudaSetDevice
                    0.04%  193.49us        97  1.9940us     192ns  81.628us  cuDeviceGetAttribute
                    0.02%  102.23us       303     337ns     295ns  1.1650us  cudaGetDevice
                    0.01%  76.099us         1  76.099us  76.099us  76.099us  cuDeviceTotalMem
                    0.01%  32.932us         1  32.932us  32.932us  32.932us  cuDeviceGetName
                    0.01%  30.996us        89     348ns     264ns     884ns  cuModuleGetFunction
                    0.00%  6.8540us         1  6.8540us  6.8540us  6.8540us  cuDeviceGetPCIBusId
                    0.00%  3.2510us         3  1.0830us     557ns  1.4930us  cudaDeviceGetAttribute
                    0.00%  1.5480us         2     774ns     285ns  1.2630us  cuDeviceGetCount
                    0.00%     735ns         2     367ns     196ns     539ns  cuDeviceGet
                    0.00%     360ns         1     360ns     360ns     360ns  cuDeviceGetUuid
