==3928== NVPROF is profiling process 3928, command: python3 /home/wml/tvm/tutorials/relay_test_net.py
==3928== Profiling application: python3 /home/wml/tvm/tutorials/relay_test_net.py
==3928== Profiling result:
            Type  Time(%)      Time     Calls       Avg       Min       Max  Name
 GPU activities:   43.16%  15.266ms       137  111.43us     864ns  3.0253ms  [CUDA memcpy HtoD]
                   13.47%  4.7636ms         3  1.5879ms  1.3476ms  2.0426ms  fused_nn_conv2d_kernel0
                    6.53%  2.3111ms         3  770.38us  419.94us  1.4572ms  fused_nn_conv2d_2_kernel2
                    4.48%  1.5863ms         3  528.78us  508.10us  568.04us  fused_nn_conv2d_kernel2
                    3.95%  1.3988ms         1  1.3988ms  1.3988ms  1.3988ms  fused_nn_conv2d_1_kernel0
                    2.89%  1.0239ms         3  341.28us  336.52us  346.25us  fused_nn_conv2d_4_kernel2
                    2.82%  997.45us         1  997.45us  997.45us  997.45us  fused_nn_softmax_kernel3
                    2.69%  951.15us         3  317.05us  312.07us  319.84us  fused_nn_conv2d_2_kernel0
                    1.99%  702.73us         1  702.73us  702.73us  702.73us  fused_nn_conv2d_3_kernel0
                    1.81%  638.76us         4  159.69us  156.45us  161.00us  fused_nn_conv2d_6_kernel2
                    1.41%  497.35us         1  497.35us  497.35us  497.35us  fused_nn_conv2d_7_kernel0
                    1.40%  495.62us         1  495.62us  495.62us  495.62us  fused_nn_conv2d_5_kernel0
                    1.09%  387.27us         4  96.817us  95.297us  99.393us  fused_nn_conv2d_6_kernel3
                    0.97%  342.08us         4  85.521us  84.577us  86.625us  fused_nn_conv2d_6_kernel1
                    0.68%  241.48us         5  48.295us  47.809us  49.088us  fused_add_6_kernel0
                    0.67%  237.51us         5  47.501us  47.169us  48.129us  fused_nn_relu_3_kernel0
                    0.66%  233.64us         5  46.727us  44.897us  47.680us  fused_multiply_3_kernel0
                    0.62%  220.77us         3  73.590us  67.649us  80.545us  fused_nn_conv2d_4_kernel0
                    0.53%  186.24us         1  186.24us  186.24us  186.24us  fused_add_8_kernel0
                    0.52%  185.44us         1  185.44us  185.44us  185.44us  fused_nn_relu_4_kernel0
                    0.52%  183.97us         1  183.97us  183.97us  183.97us  fused_multiply_4_kernel0
                    0.52%  182.56us         3  60.854us  60.257us  61.281us  fused_nn_conv2d_4_kernel3
                    0.51%  181.00us         3  60.331us  60.225us  60.545us  fused_nn_conv2d_4_kernel1
                    0.48%  170.66us         1  170.66us  170.66us  170.66us  fused_nn_conv2d_11_kernel0
                    0.39%  139.27us         2  69.633us  69.217us  70.049us  fused_add_7_kernel0
                    0.35%  123.23us         1  123.23us  123.23us  123.23us  fused_nn_max_pool2d_kernel0
                    0.30%  107.14us         4  26.784us  25.697us  28.448us  fused_nn_conv2d_6_kernel0
                    0.29%  100.87us         1  100.87us  100.87us  100.87us  fused_nn_conv2d_10_kernel0
                    0.28%  98.050us         4  24.512us  24.128us  25.312us  fused_add_4_kernel0
                    0.28%  97.698us         4  24.424us  24.064us  24.897us  fused_nn_relu_2_kernel0
                    0.26%  92.802us         3  30.934us  30.432us  31.841us  fused_nn_conv2d_2_kernel3
                    0.26%  91.808us         4  22.952us  21.792us  23.936us  fused_multiply_2_kernel0
                    0.25%  88.833us         3  29.611us  29.248us  29.793us  fused_nn_conv2d_2_kernel1
                    0.25%  87.617us         1  87.617us  87.617us  87.617us  fused_nn_conv2d_8_kernel0
                    0.22%  77.697us         1  77.697us  77.697us  77.697us  fused_nn_conv2d_9_kernel0
                    0.19%  66.593us         1  66.593us  66.593us  66.593us  fused_nn_dense_kernel0
                    0.19%  66.433us         2  33.216us  32.993us  33.440us  fused_add_5_kernel0
                    0.16%  58.209us         3  19.403us  18.688us  20.481us  fused_nn_conv2d_kernel1
                    0.16%  55.009us         3  18.336us  17.088us  20.704us  fused_nn_conv2d_kernel3
                    0.11%  37.409us         4  9.3520us  8.5440us  10.400us  fused_multiply_1_kernel0
                    0.10%  37.088us         1  37.088us  37.088us  37.088us  fused_multiply_5_kernel0
                    0.10%  35.872us         1  35.872us  35.872us  35.872us  fused_add_9_kernel0
                    0.09%  32.929us         1  32.929us  32.929us  32.929us  fused_nn_softmax_kernel1
                    0.09%  31.009us         4  7.7520us  7.7120us  7.8090us  fused_add_2_kernel0
                    0.09%  30.368us         2  15.184us  14.752us  15.616us  fused_add_3_kernel0
                    0.08%  29.057us         4  7.2640us  7.1680us  7.3280us  fused_nn_relu_1_kernel0
                    0.06%  20.801us         4  5.2000us  4.5120us  6.4640us  fused_multiply_kernel0
                    0.06%  19.553us         4  4.8880us  4.6080us  5.1210us  fused_add_kernel0
                    0.05%  19.072us        12  1.5890us  1.4080us  1.8240us  fused_multiply_7_kernel0
                    0.05%  17.568us         4  4.3920us  4.0960us  4.5440us  fused_nn_relu_kernel0
                    0.05%  16.288us        12  1.3570us  1.1840us  1.6000us  fused_expand_dims_1_kernel0
                    0.05%  16.129us         8  2.0160us  1.2160us  5.4400us  fused_expand_dims_4_kernel0
                    0.04%  14.753us         2  7.3760us  6.3370us  8.4160us  fused_add_1_kernel0
                    0.04%  14.624us         1  14.624us  14.624us  14.624us  fused_nn_softmax_kernel0
                    0.04%  13.216us         8  1.6520us  1.2480us  2.1120us  fused_multiply_10_kernel0
                    0.04%  13.024us         8  1.6280us  1.3760us  2.1760us  fused_multiply_8_kernel0
                    0.04%  12.928us         6  2.1540us  1.6320us  2.9760us  fused_divide_1_kernel0
                    0.03%  12.256us         8  1.5320us  1.2160us  1.8880us  fused_multiply_9_kernel0
                    0.03%  11.937us         6  1.9890us  1.4720us  2.1440us  fused_sqrt_1_kernel0
                    0.03%  11.872us         6  1.9780us  1.6640us  2.1120us  fused_negative_1_kernel0
                    0.03%  11.872us         6  1.9780us  1.7280us  2.0800us  fused_add_12_kernel0
                    0.03%  10.816us         8  1.3520us  1.1520us  1.6000us  fused_expand_dims_3_kernel0
                    0.03%  10.688us         8  1.3360us  1.2160us  1.6000us  fused_expand_dims_2_kernel0
                    0.03%  10.048us         6  1.6740us  1.3440us  1.7920us  fused_add_13_kernel0
                    0.02%  8.7680us         4  2.1920us  1.8560us  2.8480us  fused_add_18_kernel0
                    0.02%  8.4160us         4  2.1040us  1.8880us  2.1760us  fused_divide_4_kernel0
                    0.02%  8.2240us         4  2.0560us  1.8240us  2.1440us  fused_sqrt_3_kernel0
                    0.02%  8.0960us         4  2.0240us  1.5680us  2.2400us  fused_divide_3_kernel0
                    0.02%  8.0960us         4  2.0240us  1.8240us  2.1760us  fused_add_16_kernel0
                    0.02%  7.8400us         4  1.9600us  1.6320us  2.1120us  fused_sqrt_4_kernel0
                    0.02%  7.5200us         4  1.8800us  1.7920us  2.1440us  fused_divide_2_kernel0
                    0.02%  7.4240us         4  1.8560us  1.7280us  2.1440us  fused_negative_2_kernel0
                    0.02%  7.3930us         4  1.8480us  1.7280us  2.1120us  fused_sqrt_2_kernel0
                    0.02%  7.2640us         4  1.8160us  1.6640us  2.1120us  fused_add_14_kernel0
                    0.02%  7.2640us         4  1.8160us  1.7280us  1.8880us  fused_add_19_kernel0
                    0.02%  7.0720us         4  1.7680us  1.6640us  1.8560us  fused_negative_4_kernel0
                    0.02%  7.0720us         4  1.7680us  1.3760us  1.9840us  fused_add_17_kernel0
                    0.02%  6.9760us         4  1.7440us  1.6640us  1.7920us  fused_negative_3_kernel0
                    0.02%  5.8880us         4  1.4720us  1.3760us  1.7600us  fused_add_15_kernel0
                    0.01%  4.7360us         1  4.7360us  4.7360us  4.7360us  fused_nn_global_avg_pool2d_kernel0
                    0.01%  3.5200us         1  3.5200us  3.5200us  3.5200us  fused_nn_softmax_kernel2
                    0.01%  2.9440us         1  2.9440us  2.9440us  2.9440us  fused_add_10_kernel0
                    0.01%  2.7200us         2  1.3600us  1.2800us  1.4400us  fused_expand_dims_kernel0
                    0.01%  2.2080us         1  2.2080us  2.2080us  2.2080us  fused_nn_bias_add_kernel0
                    0.01%  2.1760us         1  2.1760us  2.1760us  2.1760us  fused_sqrt_kernel0
                    0.01%  2.0800us         1  2.0800us  2.0800us  2.0800us  [CUDA memcpy DtoH]
                    0.01%  2.0800us         1  2.0800us  2.0800us  2.0800us  fused_negative_kernel0
                    0.01%  1.9530us         1  1.9530us  1.9530us  1.9530us  fused_divide_kernel0
                    0.01%  1.8880us         1  1.8880us  1.8880us  1.8880us  fused_multiply_6_kernel0
                    0.00%  1.6970us         1  1.6970us  1.6970us  1.6970us  fused_add_11_kernel0
                    0.00%  1.6000us         1  1.6000us  1.6000us  1.6000us  fused_nn_batch_flatten_kernel0
      API calls:   65.77%  336.55ms         1  336.55ms  336.55ms  336.55ms  cuModuleLoadData
                   25.73%  131.66ms       154  854.96us  2.6780us  129.07ms  cudaMalloc
                    4.72%  24.166ms       138  175.11us  5.8900us  7.5404ms  cudaMemcpy
                    2.96%  15.136ms       154  98.285us  2.6160us  5.7744ms  cudaFree
                    0.37%  1.9166ms         1  1.9166ms  1.9166ms  1.9166ms  cuModuleUnload
                    0.24%  1.2322ms       303  4.0660us  3.0390us  25.665us  cuLaunchKernel
                    0.07%  378.67us       708     534ns     311ns  15.124us  cudaSetDevice
                    0.06%  310.46us        97  3.2000us     396ns  126.29us  cuDeviceGetAttribute
                    0.03%  144.59us         1  144.59us  144.59us  144.59us  cuDeviceTotalMem
                    0.02%  105.97us       303     349ns     295ns  1.2630us  cudaGetDevice
                    0.01%  59.482us         1  59.482us  59.482us  59.482us  cuDeviceGetName
                    0.01%  37.661us        89     423ns     273ns  1.9300us  cuModuleGetFunction
                    0.01%  30.908us         1  30.908us  30.908us  30.908us  cuDeviceGetPCIBusId
                    0.00%  5.9630us         3  1.9870us  1.1400us  2.5030us  cudaDeviceGetAttribute
                    0.00%  5.0940us         2  2.5470us  1.9490us  3.1450us  cuDeviceGetCount
                    0.00%  2.0690us         2  1.0340us  1.0000us  1.0690us  cuDeviceGet
                    0.00%     777ns         1     777ns     777ns     777ns  cuDeviceGetUuid
