==4310== NVPROF is profiling process 4310, command: python3 /home/wml/tvm/tutorials/relay_test_net.py
==4310== Profiling application: python3 /home/wml/tvm/tutorials/relay_test_net.py
==4310== Profiling result:
            Type  Time(%)      Time     Calls       Avg       Min       Max  Name
 GPU activities:   46.99%  15.370ms       137  112.19us     864ns  3.1279ms  [CUDA memcpy HtoD]
                   12.36%  4.0435ms         3  1.3478ms  1.3400ms  1.3587ms  fused_nn_conv2d_kernel0
                    4.71%  1.5409ms         3  513.62us  503.02us  521.64us  fused_nn_conv2d_kernel2
                    4.28%  1.4000ms         1  1.4000ms  1.4000ms  1.4000ms  fused_nn_conv2d_1_kernel0
                    3.91%  1.2795ms         3  426.49us  417.80us  436.55us  fused_nn_conv2d_2_kernel2
                    3.18%  1.0418ms         3  347.28us  340.39us  358.18us  fused_nn_conv2d_4_kernel2
                    2.95%  964.11us         3  321.37us  311.30us  329.54us  fused_nn_conv2d_2_kernel0
                    2.27%  742.48us         1  742.48us  742.48us  742.48us  fused_nn_conv2d_3_kernel0
                    1.93%  631.40us         4  157.85us  157.12us  159.08us  fused_nn_conv2d_6_kernel2
                    1.53%  500.39us         1  500.39us  500.39us  500.39us  fused_nn_conv2d_7_kernel0
                    1.51%  494.28us         1  494.28us  494.28us  494.28us  fused_nn_conv2d_5_kernel0
                    1.15%  375.53us         4  93.881us  90.689us  97.089us  fused_nn_conv2d_6_kernel3
                    1.04%  340.74us         4  85.185us  84.097us  86.338us  fused_nn_conv2d_6_kernel1
                    0.73%  238.15us         5  47.629us  47.201us  47.905us  fused_add_6_kernel0
                    0.73%  237.28us         5  47.456us  46.848us  47.968us  fused_nn_relu_3_kernel0
                    0.72%  235.30us         5  47.060us  45.633us  47.873us  fused_multiply_3_kernel0
                    0.69%  225.09us         3  75.030us  70.561us  79.361us  fused_nn_conv2d_4_kernel0
                    0.57%  185.51us         1  185.51us  185.51us  185.51us  fused_add_8_kernel0
                    0.56%  184.74us         1  184.74us  184.74us  184.74us  fused_nn_relu_4_kernel0
                    0.56%  183.56us         1  183.56us  183.56us  183.56us  fused_multiply_4_kernel0
                    0.55%  181.32us         3  60.438us  60.065us  60.641us  fused_nn_conv2d_4_kernel3
                    0.55%  179.62us         3  59.873us  59.041us  61.217us  fused_nn_conv2d_4_kernel1
                    0.51%  166.50us         1  166.50us  166.50us  166.50us  fused_nn_conv2d_11_kernel0
                    0.42%  138.53us         2  69.266us  68.578us  69.954us  fused_add_7_kernel0
                    0.37%  122.27us         1  122.27us  122.27us  122.27us  fused_nn_max_pool2d_kernel0
                    0.33%  107.87us         4  26.968us  26.656us  27.361us  fused_nn_conv2d_6_kernel0
                    0.31%  100.51us         1  100.51us  100.51us  100.51us  fused_nn_conv2d_10_kernel0
                    0.30%  99.072us         4  24.768us  24.384us  25.536us  fused_add_4_kernel0
                    0.30%  97.604us         4  24.401us  24.161us  24.641us  fused_nn_relu_2_kernel0
                    0.28%  91.332us         4  22.833us  22.465us  23.265us  fused_multiply_2_kernel0
                    0.28%  91.043us         3  30.347us  29.857us  30.849us  fused_nn_conv2d_2_kernel3
                    0.28%  90.402us         3  30.134us  29.504us  30.721us  fused_nn_conv2d_2_kernel1
                    0.26%  84.769us         1  84.769us  84.769us  84.769us  fused_nn_conv2d_8_kernel0
                    0.25%  80.417us         1  80.417us  80.417us  80.417us  fused_nn_conv2d_9_kernel0
                    0.21%  67.842us         2  33.921us  33.793us  34.049us  fused_add_5_kernel0
                    0.20%  66.049us         1  66.049us  66.049us  66.049us  fused_nn_dense_kernel0
                    0.17%  56.161us         3  18.720us  18.592us  18.976us  fused_nn_conv2d_kernel1
                    0.16%  53.664us         3  17.888us  17.600us  18.272us  fused_nn_conv2d_kernel3
                    0.11%  36.961us         1  36.961us  36.961us  36.961us  fused_multiply_5_kernel0
                    0.11%  35.937us         1  35.937us  35.937us  35.937us  fused_add_9_kernel0
                    0.11%  35.649us         4  8.9120us  8.1290us  9.8560us  fused_multiply_1_kernel0
                    0.10%  32.929us         1  32.929us  32.929us  32.929us  fused_nn_softmax_kernel1
                    0.09%  31.073us         2  15.536us  14.656us  16.417us  fused_add_3_kernel0
                    0.09%  30.337us         4  7.5840us  7.3930us  7.7440us  fused_add_2_kernel0
                    0.09%  28.897us         4  7.2240us  7.1050us  7.3280us  fused_nn_relu_1_kernel0
                    0.06%  19.808us         4  4.9520us  4.4800us  6.1440us  fused_multiply_kernel0
                    0.06%  19.008us        12  1.5840us  1.3760us  1.7280us  fused_multiply_7_kernel0
                    0.06%  18.305us         4  4.5760us  4.4480us  4.8000us  fused_add_kernel0
                    0.05%  17.216us         4  4.3040us  4.1920us  4.5440us  fused_nn_relu_kernel0
                    0.05%  15.744us        12  1.3120us  1.1840us  1.5680us  fused_expand_dims_1_kernel0
                    0.05%  14.944us         2  7.4720us  6.5600us  8.3840us  fused_add_1_kernel0
                    0.04%  14.688us         1  14.688us  14.688us  14.688us  fused_nn_softmax_kernel0
                    0.04%  13.472us         6  2.2450us  1.8880us  3.1360us  fused_divide_1_kernel0
                    0.04%  12.672us         8  1.5840us  1.4720us  1.9200us  fused_multiply_8_kernel0
                    0.04%  11.968us         6  1.9940us  1.4720us  2.1120us  fused_sqrt_1_kernel0
                    0.04%  11.936us         6  1.9890us  1.6320us  2.1440us  fused_negative_1_kernel0
                    0.04%  11.904us         8  1.4880us  1.2160us  1.7600us  fused_multiply_9_kernel0
                    0.04%  11.553us         6  1.9250us  1.6640us  2.1440us  fused_add_12_kernel0
                    0.03%  11.200us         8  1.4000us  1.2480us  1.7600us  fused_multiply_10_kernel0
                    0.03%  10.848us         8  1.3560us  1.1840us  1.6320us  fused_expand_dims_2_kernel0
                    0.03%  10.432us         8  1.3040us  1.2160us  1.6000us  fused_expand_dims_4_kernel0
                    0.03%  10.336us         8  1.2920us  1.1840us  1.6000us  fused_expand_dims_3_kernel0
                    0.03%  10.016us         6  1.6690us  1.3120us  1.7600us  fused_add_13_kernel0
                    0.03%  8.6400us         4  2.1600us  2.0160us  2.3360us  fused_sqrt_3_kernel0
                    0.02%  8.0960us         4  2.0240us  1.9520us  2.0800us  fused_add_14_kernel0
                    0.02%  7.8720us         4  1.9680us  1.8560us  2.1760us  fused_divide_4_kernel0
                    0.02%  7.7760us         4  1.9440us  1.6000us  2.1440us  fused_add_18_kernel0
                    0.02%  7.5200us         4  1.8800us  1.7920us  2.0800us  fused_sqrt_2_kernel0
                    0.02%  7.3600us         4  1.8400us  1.7280us  2.1120us  fused_divide_2_kernel0
                    0.02%  7.2960us         4  1.8240us  1.7920us  1.8880us  fused_add_17_kernel0
                    0.02%  7.1680us         4  1.7920us  1.4720us  2.1440us  fused_divide_3_kernel0
                    0.02%  7.1040us         4  1.7760us  1.6640us  2.0160us  fused_negative_2_kernel0
                    0.02%  7.0080us         4  1.7520us  1.5680us  2.0800us  fused_add_16_kernel0
                    0.02%  6.9120us         4  1.7280us  1.6320us  1.8880us  fused_negative_4_kernel0
                    0.02%  6.8800us         4  1.7200us  1.4400us  1.8880us  fused_add_19_kernel0
                    0.02%  6.5920us         4  1.6480us  1.3760us  2.1120us  fused_sqrt_4_kernel0
                    0.02%  6.2080us         1  6.2080us  6.2080us  6.2080us  fused_nn_softmax_kernel3
                    0.02%  6.1440us         4  1.5360us  1.4720us  1.7280us  fused_add_15_kernel0
                    0.02%  5.9200us         4  1.4800us  1.3760us  1.7600us  fused_negative_3_kernel0
                    0.01%  4.8000us         1  4.8000us  4.8000us  4.8000us  fused_nn_global_avg_pool2d_kernel0
                    0.01%  3.5520us         1  3.5520us  3.5520us  3.5520us  fused_nn_softmax_kernel2
                    0.01%  3.0080us         1  3.0080us  3.0080us  3.0080us  fused_add_10_kernel0
                    0.01%  2.8160us         2  1.4080us  1.2480us  1.5680us  fused_expand_dims_kernel0
                    0.01%  2.2080us         1  2.2080us  2.2080us  2.2080us  fused_nn_bias_add_kernel0
                    0.01%  2.1760us         1  2.1760us  2.1760us  2.1760us  fused_sqrt_kernel0
                    0.01%  2.1120us         1  2.1120us  2.1120us  2.1120us  fused_negative_kernel0
                    0.01%  1.9840us         1  1.9840us  1.9840us  1.9840us  fused_divide_kernel0
                    0.01%  1.9520us         1  1.9520us  1.9520us  1.9520us  fused_multiply_6_kernel0
                    0.01%  1.7280us         1  1.7280us  1.7280us  1.7280us  fused_add_11_kernel0
                    0.00%  1.6320us         1  1.6320us  1.6320us  1.6320us  [CUDA memcpy DtoH]
                    0.00%  1.6000us         1  1.6000us  1.6000us  1.6000us  fused_nn_batch_flatten_kernel0
      API calls:   65.51%  336.88ms         1  336.88ms  336.88ms  336.88ms  cuModuleLoadData
                   26.81%  137.87ms       154  895.24us  2.7340us  135.62ms  cudaMalloc
                    4.37%  22.484ms       138  162.93us  5.9310us  5.6237ms  cudaMemcpy
                    2.55%  13.115ms       154  85.165us  2.6240us  3.8233ms  cudaFree
                    0.37%  1.8882ms         1  1.8882ms  1.8882ms  1.8882ms  cuModuleUnload
                    0.22%  1.1434ms       303  3.7730us  3.1010us  20.556us  cuLaunchKernel
                    0.07%  357.63us       708     505ns     318ns  8.6520us  cudaSetDevice
                    0.05%  266.48us        97  2.7470us     171ns  115.99us  cuDeviceGetAttribute
                    0.02%  106.94us       303     352ns     299ns  1.0980us  cudaGetDevice
                    0.02%  78.227us         1  78.227us  78.227us  78.227us  cuDeviceTotalMem
                    0.01%  52.092us         1  52.092us  52.092us  52.092us  cuDeviceGetName
                    0.01%  31.334us        89     352ns     271ns  1.0180us  cuModuleGetFunction
                    0.00%  4.9610us         1  4.9610us  4.9610us  4.9610us  cuDeviceGetPCIBusId
                    0.00%  2.5240us         3     841ns     502ns  1.0220us  cudaDeviceGetAttribute
                    0.00%  1.8290us         2     914ns     223ns  1.6060us  cuDeviceGetCount
                    0.00%     724ns         2     362ns     191ns     533ns  cuDeviceGet
                    0.00%     323ns         1     323ns     323ns     323ns  cuDeviceGetUuid
