==4232== NVPROF is profiling process 4232, command: python3 /home/wml/tvm/tutorials/relay_test_net.py
==4232== Profiling application: python3 /home/wml/tvm/tutorials/relay_test_net.py
==4232== Profiling result:
            Type  Time(%)      Time     Calls       Avg       Min       Max  Name
 GPU activities:   46.83%  15.299ms       137  111.67us     864ns  3.0449ms  [CUDA memcpy HtoD]
                   12.41%  4.0528ms         3  1.3509ms  1.3390ms  1.3606ms  fused_nn_conv2d_kernel0
                    4.75%  1.5520ms         3  517.32us  513.35us  520.46us  fused_nn_conv2d_kernel2
                    4.26%  1.3929ms         1  1.3929ms  1.3929ms  1.3929ms  fused_nn_conv2d_1_kernel0
                    4.02%  1.3142ms         3  438.07us  425.54us  450.31us  fused_nn_conv2d_2_kernel2
                    3.21%  1.0491ms         3  349.70us  346.79us  353.61us  fused_nn_conv2d_4_kernel2
                    2.89%  942.96us         3  314.32us  312.58us  316.10us  fused_nn_conv2d_2_kernel0
                    2.26%  739.47us         1  739.47us  739.47us  739.47us  fused_nn_conv2d_3_kernel0
                    1.94%  633.96us         4  158.49us  157.19us  159.72us  fused_nn_conv2d_6_kernel2
                    1.51%  494.66us         1  494.66us  494.66us  494.66us  fused_nn_conv2d_7_kernel0
                    1.51%  493.16us         1  493.16us  493.16us  493.16us  fused_nn_conv2d_5_kernel0
                    1.14%  372.14us         4  93.034us  92.002us  95.554us  fused_nn_conv2d_6_kernel3
                    1.05%  342.47us         4  85.617us  84.386us  87.265us  fused_nn_conv2d_6_kernel1
                    0.74%  240.16us         5  48.032us  47.105us  49.633us  fused_add_6_kernel0
                    0.73%  239.04us         5  47.808us  47.073us  48.640us  fused_nn_relu_3_kernel0
                    0.72%  234.47us         5  46.893us  45.536us  47.809us  fused_multiply_3_kernel0
                    0.66%  215.88us         3  71.959us  63.617us  78.018us  fused_nn_conv2d_4_kernel0
                    0.57%  185.48us         1  185.48us  185.48us  185.48us  fused_add_8_kernel0
                    0.56%  184.39us         1  184.39us  184.39us  184.39us  fused_nn_relu_4_kernel0
                    0.56%  184.39us         1  184.39us  184.39us  184.39us  fused_multiply_4_kernel0
                    0.56%  181.38us         3  60.459us  60.065us  61.089us  fused_nn_conv2d_4_kernel3
                    0.55%  180.00us         3  60.001us  59.809us  60.161us  fused_nn_conv2d_4_kernel1
                    0.51%  167.81us         1  167.81us  167.81us  167.81us  fused_nn_conv2d_11_kernel0
                    0.42%  138.47us         2  69.233us  68.897us  69.569us  fused_add_7_kernel0
                    0.38%  123.87us         1  123.87us  123.87us  123.87us  fused_nn_max_pool2d_kernel0
                    0.33%  108.71us         4  27.176us  26.337us  28.064us  fused_nn_conv2d_6_kernel0
                    0.30%  99.104us         4  24.776us  24.480us  24.928us  fused_nn_relu_2_kernel0
                    0.30%  98.881us         1  98.881us  98.881us  98.881us  fused_nn_conv2d_10_kernel0
                    0.30%  98.180us         4  24.545us  23.937us  25.217us  fused_add_4_kernel0
                    0.28%  92.768us         4  23.192us  22.336us  23.904us  fused_multiply_2_kernel0
                    0.28%  90.849us         3  30.283us  29.696us  30.881us  fused_nn_conv2d_2_kernel3
                    0.28%  90.754us         3  30.251us  29.889us  30.529us  fused_nn_conv2d_2_kernel1
                    0.26%  83.617us         1  83.617us  83.617us  83.617us  fused_nn_conv2d_8_kernel0
                    0.24%  78.849us         1  78.849us  78.849us  78.849us  fused_nn_conv2d_9_kernel0
                    0.21%  68.096us         2  34.048us  33.920us  34.176us  fused_add_5_kernel0
                    0.20%  66.177us         1  66.177us  66.177us  66.177us  fused_nn_dense_kernel0
                    0.17%  55.874us         3  18.624us  18.208us  18.977us  fused_nn_conv2d_kernel1
                    0.17%  55.330us         3  18.443us  18.176us  18.689us  fused_nn_conv2d_kernel3
                    0.11%  36.705us         1  36.705us  36.705us  36.705us  fused_multiply_5_kernel0
                    0.11%  36.577us         1  36.577us  36.577us  36.577us  fused_add_9_kernel0
                    0.11%  36.000us         4  9.0000us  8.1920us  10.240us  fused_multiply_1_kernel0
                    0.10%  32.769us         1  32.769us  32.769us  32.769us  fused_nn_softmax_kernel1
                    0.09%  30.977us         4  7.7440us  7.7120us  7.7760us  fused_add_2_kernel0
                    0.09%  30.786us         2  15.393us  15.073us  15.713us  fused_add_3_kernel0
                    0.09%  29.120us         4  7.2800us  7.2320us  7.3280us  fused_nn_relu_1_kernel0
                    0.06%  19.456us         4  4.8640us  4.4800us  5.9840us  fused_multiply_kernel0
                    0.06%  18.752us         4  4.6880us  4.5440us  4.7680us  fused_add_kernel0
                    0.06%  18.560us        12  1.5460us  1.3760us  1.8240us  fused_multiply_7_kernel0
                    0.05%  17.729us         4  4.4320us  4.2240us  4.5760us  fused_nn_relu_kernel0
                    0.05%  16.128us        12  1.3440us  1.1840us  1.6000us  fused_expand_dims_1_kernel0
                    0.05%  14.720us         1  14.720us  14.720us  14.720us  fused_nn_softmax_kernel0
                    0.04%  14.336us         2  7.1680us  6.0480us  8.2880us  fused_add_1_kernel0
                    0.04%  12.897us         6  2.1490us  1.4720us  3.0090us  fused_divide_1_kernel0
                    0.04%  12.320us         8  1.5400us  1.3760us  1.8240us  fused_multiply_8_kernel0
                    0.04%  12.129us         4  3.0320us  2.1120us  5.7920us  fused_divide_2_kernel0
                    0.04%  12.128us         6  2.0210us  1.7280us  2.1440us  fused_sqrt_1_kernel0
                    0.04%  11.872us         6  1.9780us  1.6960us  2.0800us  fused_negative_1_kernel0
                    0.04%  11.648us         8  1.4560us  1.2160us  1.8240us  fused_multiply_9_kernel0
                    0.03%  11.328us         8  1.4160us  1.2480us  1.7600us  fused_multiply_10_kernel0
                    0.03%  11.234us         6  1.8720us  1.6330us  2.0800us  fused_add_12_kernel0
                    0.03%  10.561us         8  1.3200us  1.2480us  1.6000us  fused_expand_dims_4_kernel0
                    0.03%  10.496us         8  1.3120us  1.1840us  1.5680us  fused_expand_dims_2_kernel0
                    0.03%  10.145us         8  1.2680us  1.1840us  1.6640us  fused_expand_dims_3_kernel0
                    0.03%  10.048us         6  1.6740us  1.3440us  1.7600us  fused_add_13_kernel0
                    0.03%  8.2880us         4  2.0720us  2.0160us  2.1440us  fused_divide_3_kernel0
                    0.03%  8.1920us         4  2.0480us  1.9520us  2.1120us  fused_negative_2_kernel0
                    0.02%  8.1300us         4  2.0320us  1.9520us  2.1130us  fused_add_14_kernel0
                    0.02%  8.0320us         4  2.0080us  1.9200us  2.1440us  fused_add_16_kernel0
                    0.02%  7.6480us         4  1.9120us  1.8240us  2.1440us  fused_sqrt_3_kernel0
                    0.02%  7.3600us         4  1.8400us  1.6000us  2.1440us  fused_sqrt_4_kernel0
                    0.02%  7.2960us         4  1.8240us  1.6640us  2.1120us  fused_add_18_kernel0
                    0.02%  7.1040us         4  1.7760us  1.7280us  1.8240us  fused_negative_3_kernel0
                    0.02%  7.0720us         4  1.7680us  1.5680us  2.0800us  fused_sqrt_2_kernel0
                    0.02%  7.0400us         4  1.7600us  1.6640us  1.8560us  fused_add_19_kernel0
                    0.02%  6.8810us         4  1.7200us  1.5360us  2.1450us  fused_divide_4_kernel0
                    0.02%  6.5920us         4  1.6480us  1.3440us  1.7600us  fused_add_15_kernel0
                    0.02%  6.2400us         4  1.5600us  1.4400us  1.8880us  fused_add_17_kernel0
                    0.02%  6.0800us         4  1.5200us  1.3760us  1.7920us  fused_negative_4_kernel0
                    0.02%  5.8560us         1  5.8560us  5.8560us  5.8560us  fused_nn_softmax_kernel3
                    0.02%  4.9600us         1  4.9600us  4.9600us  4.9600us  fused_nn_global_avg_pool2d_kernel0
                    0.01%  3.6160us         1  3.6160us  3.6160us  3.6160us  fused_nn_softmax_kernel2
                    0.01%  2.9440us         1  2.9440us  2.9440us  2.9440us  fused_add_10_kernel0
                    0.01%  2.8480us         2  1.4240us  1.2800us  1.5680us  fused_expand_dims_kernel0
                    0.01%  2.2400us         1  2.2400us  2.2400us  2.2400us  fused_nn_bias_add_kernel0
                    0.01%  2.2080us         1  2.2080us  2.2080us  2.2080us  fused_sqrt_kernel0
                    0.01%  2.1440us         1  2.1440us  2.1440us  2.1440us  fused_negative_kernel0
                    0.01%  1.9840us         1  1.9840us  1.9840us  1.9840us  fused_divide_kernel0
                    0.01%  1.8880us         1  1.8880us  1.8880us  1.8880us  fused_multiply_6_kernel0
                    0.01%  1.7280us         1  1.7280us  1.7280us  1.7280us  fused_add_11_kernel0
                    0.00%  1.6320us         1  1.6320us  1.6320us  1.6320us  [CUDA memcpy DtoH]
                    0.00%  1.6000us         1  1.6000us  1.6000us  1.6000us  fused_nn_batch_flatten_kernel0
      API calls:   66.48%  337.76ms         1  337.76ms  337.76ms  337.76ms  cuModuleLoadData
                   25.49%  129.49ms       154  840.85us  2.8200us  127.22ms  cudaMalloc
                    4.40%  22.351ms       138  161.97us  6.2180us  5.6381ms  cudaMemcpy
                    2.57%  13.041ms       154  84.679us  2.7360us  3.8267ms  cudaFree
                    0.69%  3.4961ms         1  3.4961ms  3.4961ms  3.4961ms  cuModuleUnload
                    0.23%  1.1746ms       303  3.8760us  3.1900us  21.980us  cuLaunchKernel
                    0.07%  360.51us       708     509ns     309ns  11.135us  cudaSetDevice
                    0.03%  175.72us        97  1.8110us     199ns  73.128us  cuDeviceGetAttribute
                    0.02%  103.70us       303     342ns     295ns     962ns  cudaGetDevice
                    0.01%  74.869us         1  74.869us  74.869us  74.869us  cuDeviceTotalMem
                    0.01%  31.976us         1  31.976us  31.976us  31.976us  cuDeviceGetName
                    0.01%  31.132us        89     349ns     248ns  1.2300us  cuModuleGetFunction
                    0.00%  5.0860us         1  5.0860us  5.0860us  5.0860us  cuDeviceGetPCIBusId
                    0.00%  2.8530us         3     951ns     548ns  1.1700us  cudaDeviceGetAttribute
                    0.00%  1.6980us         2     849ns     553ns  1.1450us  cuDeviceGetCount
                    0.00%     934ns         2     467ns     248ns     686ns  cuDeviceGet
                    0.00%     381ns         1     381ns     381ns     381ns  cuDeviceGetUuid
