==3772== NVPROF is profiling process 3772, command: python3 /home/wml/tvm/tutorials/relay_test_net.py
==3772== Profiling application: python3 /home/wml/tvm/tutorials/relay_test_net.py
==3772== Profiling result:
            Type  Time(%)      Time     Calls       Avg       Min       Max  Name
 GPU activities:   46.86%  15.291ms       137  111.62us     864ns  3.0392ms  [CUDA memcpy HtoD]
                   12.42%  4.0536ms         3  1.3512ms  1.3415ms  1.3572ms  fused_nn_conv2d_kernel0
                    4.75%  1.5515ms         3  517.18us  514.95us  519.62us  fused_nn_conv2d_kernel2
                    4.29%  1.4005ms         1  1.4005ms  1.4005ms  1.4005ms  fused_nn_conv2d_1_kernel0
                    3.99%  1.3011ms         3  433.70us  425.96us  446.25us  fused_nn_conv2d_2_kernel2
                    3.10%  1.0104ms         3  336.79us  334.82us  338.69us  fused_nn_conv2d_4_kernel2
                    2.87%  935.31us         3  311.77us  305.76us  320.07us  fused_nn_conv2d_2_kernel0
                    2.33%  761.42us         1  761.42us  761.42us  761.42us  fused_nn_conv2d_3_kernel0
                    1.91%  624.01us         4  156.00us  153.89us  157.28us  fused_nn_conv2d_6_kernel2
                    1.52%  496.49us         1  496.49us  496.49us  496.49us  fused_nn_conv2d_5_kernel0
                    1.52%  496.10us         1  496.10us  496.10us  496.10us  fused_nn_conv2d_7_kernel0
                    1.15%  375.49us         4  93.873us  92.129us  96.705us  fused_nn_conv2d_6_kernel3
                    1.04%  339.81us         4  84.953us  83.777us  86.337us  fused_nn_conv2d_6_kernel1
                    0.73%  238.08us         5  47.616us  47.040us  48.641us  fused_add_6_kernel0
                    0.73%  236.71us         5  47.341us  47.136us  47.584us  fused_nn_relu_3_kernel0
                    0.72%  235.24us         5  47.047us  45.249us  47.808us  fused_multiply_3_kernel0
                    0.68%  223.46us         3  74.486us  69.921us  78.432us  fused_nn_conv2d_4_kernel0
                    0.57%  184.99us         1  184.99us  184.99us  184.99us  fused_add_8_kernel0
                    0.57%  184.87us         1  184.87us  184.87us  184.87us  fused_nn_relu_4_kernel0
                    0.56%  184.35us         1  184.35us  184.35us  184.35us  fused_multiply_4_kernel0
                    0.56%  181.51us         3  60.502us  60.289us  60.897us  fused_nn_conv2d_4_kernel3
                    0.55%  179.91us         3  59.968us  58.977us  60.768us  fused_nn_conv2d_4_kernel1
                    0.51%  167.27us         1  167.27us  167.27us  167.27us  fused_nn_conv2d_11_kernel0
                    0.42%  138.43us         2  69.217us  68.289us  70.145us  fused_add_7_kernel0
                    0.38%  123.55us         1  123.55us  123.55us  123.55us  fused_nn_max_pool2d_kernel0
                    0.34%  109.67us         4  27.416us  26.976us  28.001us  fused_nn_conv2d_6_kernel0
                    0.31%  100.93us         1  100.93us  100.93us  100.93us  fused_nn_conv2d_10_kernel0
                    0.30%  98.593us         4  24.648us  24.288us  24.993us  fused_add_4_kernel0
                    0.30%  98.435us         4  24.608us  24.257us  24.897us  fused_nn_relu_2_kernel0
                    0.29%  93.024us         4  23.256us  22.304us  23.936us  fused_multiply_2_kernel0
                    0.28%  90.049us         3  30.016us  29.600us  30.817us  fused_nn_conv2d_2_kernel3
                    0.28%  90.018us         3  30.006us  29.793us  30.368us  fused_nn_conv2d_2_kernel1
                    0.26%  85.697us         1  85.697us  85.697us  85.697us  fused_nn_conv2d_8_kernel0
                    0.25%  82.049us         1  82.049us  82.049us  82.049us  fused_nn_conv2d_9_kernel0
                    0.21%  68.609us         2  34.304us  33.377us  35.232us  fused_add_5_kernel0
                    0.20%  66.368us         1  66.368us  66.368us  66.368us  fused_nn_dense_kernel0
                    0.17%  56.353us         3  18.784us  18.561us  19.040us  fused_nn_conv2d_kernel1
                    0.17%  55.072us         3  18.357us  18.016us  19.008us  fused_nn_conv2d_kernel3
                    0.11%  37.248us         1  37.248us  37.248us  37.248us  fused_multiply_5_kernel0
                    0.11%  36.256us         4  9.0640us  8.8000us  9.8240us  fused_multiply_1_kernel0
                    0.11%  35.745us         1  35.745us  35.745us  35.745us  fused_add_9_kernel0
                    0.10%  32.480us         1  32.480us  32.480us  32.480us  fused_nn_softmax_kernel1
                    0.09%  30.465us         4  7.6160us  7.4240us  7.8090us  fused_add_2_kernel0
                    0.09%  29.696us         2  14.848us  13.696us  16.000us  fused_add_3_kernel0
                    0.09%  28.353us         4  7.0880us  6.9440us  7.3280us  fused_nn_relu_1_kernel0
                    0.06%  20.512us         4  5.1280us  4.7680us  6.2080us  fused_multiply_kernel0
                    0.06%  19.168us        12  1.5970us  1.3440us  1.7920us  fused_multiply_7_kernel0
                    0.06%  18.080us         4  4.5200us  4.3840us  4.8000us  fused_add_kernel0
                    0.05%  17.058us         4  4.2640us  4.0650us  4.4800us  fused_nn_relu_kernel0
                    0.05%  16.576us        12  1.3810us  1.1840us  1.6640us  fused_expand_dims_1_kernel0
                    0.05%  14.976us         6  2.4960us  1.6960us  4.8960us  fused_sqrt_1_kernel0
                    0.05%  14.689us         1  14.689us  14.689us  14.689us  fused_nn_softmax_kernel0
                    0.04%  14.400us         2  7.2000us  6.3680us  8.0320us  fused_add_1_kernel0
                    0.04%  12.833us         8  1.6040us  1.3760us  1.9210us  fused_multiply_8_kernel0
                    0.04%  12.352us         6  2.0580us  2.0160us  2.1120us  fused_add_12_kernel0
                    0.04%  12.289us         8  1.5360us  1.2480us  1.9200us  fused_multiply_10_kernel0
                    0.04%  11.968us         6  1.9940us  1.6320us  2.2080us  fused_negative_1_kernel0
                    0.04%  11.904us         6  1.9840us  1.5040us  2.1440us  fused_divide_1_kernel0
                    0.04%  11.712us         8  1.4640us  1.2160us  1.7920us  fused_multiply_9_kernel0
                    0.03%  10.624us         8  1.3280us  1.2480us  1.6640us  fused_expand_dims_4_kernel0
                    0.03%  10.560us         8  1.3200us  1.1840us  1.6000us  fused_expand_dims_2_kernel0
                    0.03%  10.112us         8  1.2640us  1.2160us  1.6000us  fused_expand_dims_3_kernel0
                    0.03%  9.9520us         6  1.6580us  1.3760us  1.8240us  fused_add_13_kernel0
                    0.03%  8.4800us         4  2.1200us  2.0160us  2.1760us  fused_divide_2_kernel0
                    0.02%  7.9050us         4  1.9760us  1.8570us  2.0800us  fused_add_16_kernel0
                    0.02%  7.4560us         4  1.8640us  1.5680us  2.2080us  fused_divide_4_kernel0
                    0.02%  7.4240us         4  1.8560us  1.6640us  2.1120us  fused_negative_2_kernel0
                    0.02%  7.3600us         4  1.8400us  1.7280us  2.1120us  fused_sqrt_3_kernel0
                    0.02%  7.2960us         4  1.8240us  1.7280us  2.0480us  fused_add_14_kernel0
                    0.02%  7.2320us         4  1.8080us  1.4720us  2.1440us  fused_divide_3_kernel0
                    0.02%  7.2000us         4  1.8000us  1.7280us  1.8560us  fused_negative_3_kernel0
                    0.02%  7.1690us         4  1.7920us  1.6000us  2.1130us  fused_add_18_kernel0
                    0.02%  7.1360us         4  1.7840us  1.5680us  2.1120us  fused_sqrt_2_kernel0
                    0.02%  7.0720us         4  1.7680us  1.6000us  2.1120us  fused_sqrt_4_kernel0
                    0.02%  7.0400us         4  1.7600us  1.5040us  2.0160us  fused_add_19_kernel0
                    0.02%  6.8800us         4  1.7200us  1.6640us  1.8880us  fused_add_17_kernel0
                    0.02%  6.6560us         4  1.6640us  1.6320us  1.7280us  fused_add_15_kernel0
                    0.02%  6.5600us         4  1.6400us  1.4080us  1.7920us  fused_negative_4_kernel0
                    0.02%  6.1120us         1  6.1120us  6.1120us  6.1120us  fused_nn_softmax_kernel3
                    0.01%  4.7040us         1  4.7040us  4.7040us  4.7040us  fused_nn_global_avg_pool2d_kernel0
                    0.01%  3.7760us         1  3.7760us  3.7760us  3.7760us  fused_nn_softmax_kernel2
                    0.01%  2.9440us         1  2.9440us  2.9440us  2.9440us  fused_add_10_kernel0
                    0.01%  2.8800us         2  1.4400us  1.2800us  1.6000us  fused_expand_dims_kernel0
                    0.01%  2.2400us         1  2.2400us  2.2400us  2.2400us  fused_nn_bias_add_kernel0
                    0.01%  2.1760us         1  2.1760us  2.1760us  2.1760us  fused_sqrt_kernel0
                    0.01%  2.0800us         1  2.0800us  2.0800us  2.0800us  fused_negative_kernel0
                    0.01%  1.9840us         1  1.9840us  1.9840us  1.9840us  fused_divide_kernel0
                    0.01%  1.8880us         1  1.8880us  1.8880us  1.8880us  fused_multiply_6_kernel0
                    0.01%  1.7920us         1  1.7920us  1.7920us  1.7920us  fused_add_11_kernel0
                    0.01%  1.6320us         1  1.6320us  1.6320us  1.6320us  [CUDA memcpy DtoH]
                    0.00%  1.6000us         1  1.6000us  1.6000us  1.6000us  fused_nn_batch_flatten_kernel0
      API calls:   65.28%  337.73ms         1  337.73ms  337.73ms  337.73ms  cuModuleLoadData
                   27.10%  140.20ms       154  910.38us  2.8330us  137.95ms  cudaMalloc
                    4.32%  22.339ms       138  161.88us  6.1160us  5.6355ms  cudaMemcpy
                    2.52%  13.015ms       154  84.510us  2.7990us  3.7950ms  cudaFree
                    0.36%  1.8804ms         1  1.8804ms  1.8804ms  1.8804ms  cuModuleUnload
                    0.23%  1.1856ms       303  3.9120us  3.1740us  20.958us  cuLaunchKernel
                    0.07%  376.99us       708     532ns     309ns  9.3620us  cudaSetDevice
                    0.06%  290.99us        97  2.9990us     369ns  117.70us  cuDeviceGetAttribute
                    0.03%  136.45us         1  136.45us  136.45us  136.45us  cuDeviceTotalMem
                    0.02%  112.47us       303     371ns     305ns  1.9280us  cudaGetDevice
                    0.01%  64.711us         1  64.711us  64.711us  64.711us  cuDeviceGetName
                    0.01%  31.650us        89     355ns     257ns     958ns  cuModuleGetFunction
                    0.00%  5.3190us         1  5.3190us  5.3190us  5.3190us  cuDeviceGetPCIBusId
                    0.00%  5.2500us         3  1.7500us     995ns  2.1860us  cudaDeviceGetAttribute
                    0.00%  3.6390us         2  1.8190us  1.2540us  2.3850us  cuDeviceGetCount
                    0.00%  1.4840us         2     742ns     527ns     957ns  cuDeviceGet
                    0.00%     750ns         1     750ns     750ns     750ns  cuDeviceGetUuid
