==4388== NVPROF is profiling process 4388, command: python3 /home/wml/tvm/tutorials/relay_test_net.py
==4388== Profiling application: python3 /home/wml/tvm/tutorials/relay_test_net.py
==4388== Profiling result:
            Type  Time(%)      Time     Calls       Avg       Min       Max  Name
 GPU activities:   46.87%  15.313ms       137  111.77us     864ns  3.0378ms  [CUDA memcpy HtoD]
                   12.44%  4.0643ms         3  1.3548ms  1.3498ms  1.3622ms  fused_nn_conv2d_kernel0
                    4.76%  1.5541ms         3  518.05us  516.43us  519.27us  fused_nn_conv2d_kernel2
                    4.27%  1.3951ms         1  1.3951ms  1.3951ms  1.3951ms  fused_nn_conv2d_1_kernel0
                    4.02%  1.3118ms         3  437.27us  426.15us  450.89us  fused_nn_conv2d_2_kernel2
                    3.15%  1.0281ms         3  342.69us  338.15us  348.17us  fused_nn_conv2d_4_kernel2
                    2.89%  944.08us         3  314.69us  313.48us  316.01us  fused_nn_conv2d_2_kernel0
                    2.21%  721.07us         1  721.07us  721.07us  721.07us  fused_nn_conv2d_3_kernel0
                    1.93%  629.55us         4  157.39us  154.95us  160.77us  fused_nn_conv2d_6_kernel2
                    1.52%  496.62us         1  496.62us  496.62us  496.62us  fused_nn_conv2d_7_kernel0
                    1.52%  496.04us         1  496.04us  496.04us  496.04us  fused_nn_conv2d_5_kernel0
                    1.17%  381.86us         4  95.465us  94.594us  96.417us  fused_nn_conv2d_6_kernel3
                    1.04%  340.90us         4  85.225us  82.721us  87.202us  fused_nn_conv2d_6_kernel1
                    0.74%  241.09us         5  48.218us  47.425us  49.280us  fused_add_6_kernel0
                    0.73%  238.98us         5  47.796us  46.977us  48.609us  fused_nn_relu_3_kernel0
                    0.72%  235.81us         5  47.162us  46.529us  47.585us  fused_multiply_3_kernel0
                    0.68%  221.80us         3  73.932us  67.585us  77.634us  fused_nn_conv2d_4_kernel0
                    0.57%  184.74us         1  184.74us  184.74us  184.74us  fused_add_8_kernel0
                    0.56%  184.29us         1  184.29us  184.29us  184.29us  fused_multiply_4_kernel0
                    0.56%  184.26us         1  184.26us  184.26us  184.26us  fused_nn_relu_4_kernel0
                    0.56%  181.60us         3  60.534us  60.193us  60.737us  fused_nn_conv2d_4_kernel3
                    0.55%  179.65us         3  59.883us  59.361us  60.289us  fused_nn_conv2d_4_kernel1
                    0.52%  169.48us         1  169.48us  169.48us  169.48us  fused_nn_conv2d_11_kernel0
                    0.42%  138.24us         2  69.121us  68.289us  69.953us  fused_add_7_kernel0
                    0.38%  123.68us         1  123.68us  123.68us  123.68us  fused_nn_max_pool2d_kernel0
                    0.34%  109.92us         4  27.480us  26.976us  27.905us  fused_nn_conv2d_6_kernel0
                    0.31%  99.778us         1  99.778us  99.778us  99.778us  fused_nn_conv2d_10_kernel0
                    0.30%  97.316us         4  24.329us  24.033us  24.961us  fused_add_4_kernel0
                    0.30%  97.248us         4  24.312us  24.096us  24.704us  fused_nn_relu_2_kernel0
                    0.28%  92.321us         4  23.080us  22.208us  24.192us  fused_multiply_2_kernel0
                    0.28%  90.785us         3  30.261us  29.760us  30.561us  fused_nn_conv2d_2_kernel3
                    0.28%  90.243us         3  30.081us  29.537us  30.945us  fused_nn_conv2d_2_kernel1
                    0.26%  84.578us         1  84.578us  84.578us  84.578us  fused_nn_conv2d_8_kernel0
                    0.23%  74.818us         1  74.818us  74.818us  74.818us  fused_nn_conv2d_9_kernel0
                    0.21%  67.841us         2  33.920us  33.505us  34.336us  fused_add_5_kernel0
                    0.21%  67.073us         1  67.073us  67.073us  67.073us  fused_nn_dense_kernel0
                    0.17%  56.032us         3  18.677us  18.208us  19.264us  fused_nn_conv2d_kernel1
                    0.17%  55.136us         3  18.378us  18.080us  18.720us  fused_nn_conv2d_kernel3
                    0.11%  37.536us         4  9.3840us  8.7680us  10.208us  fused_multiply_1_kernel0
                    0.11%  36.961us         1  36.961us  36.961us  36.961us  fused_multiply_5_kernel0
                    0.11%  36.129us         1  36.129us  36.129us  36.129us  fused_add_9_kernel0
                    0.10%  32.800us         1  32.800us  32.800us  32.800us  fused_nn_softmax_kernel1
                    0.09%  30.112us         4  7.5280us  7.3280us  7.8720us  fused_add_2_kernel0
                    0.09%  29.410us         2  14.705us  13.441us  15.969us  fused_add_3_kernel0
                    0.09%  28.641us         4  7.1600us  7.0720us  7.2650us  fused_nn_relu_1_kernel0
                    0.06%  20.641us         4  5.1600us  4.7050us  6.4320us  fused_multiply_kernel0
                    0.06%  19.392us         4  4.8480us  4.7040us  4.9920us  fused_add_kernel0
                    0.06%  19.008us        12  1.5840us  1.3440us  1.7600us  fused_multiply_7_kernel0
                    0.05%  17.408us         4  4.3520us  4.2240us  4.5760us  fused_nn_relu_kernel0
                    0.05%  16.288us        12  1.3570us  1.1840us  1.6640us  fused_expand_dims_1_kernel0
                    0.05%  15.616us         2  7.8080us  6.8160us  8.8000us  fused_add_1_kernel0
                    0.05%  14.785us         1  14.785us  14.785us  14.785us  fused_nn_softmax_kernel0
                    0.04%  13.280us         6  2.2130us  1.7280us  3.0080us  fused_divide_1_kernel0
                    0.04%  12.832us         8  1.6040us  1.3760us  2.1440us  fused_multiply_8_kernel0
                    0.04%  12.192us         8  1.5240us  1.2160us  3.2960us  fused_expand_dims_3_kernel0
                    0.04%  12.192us         6  2.0320us  1.9520us  2.0480us  fused_add_12_kernel0
                    0.04%  12.000us         6  2.0000us  1.4720us  2.1440us  fused_sqrt_1_kernel0
                    0.04%  11.840us         6  1.9730us  1.6320us  2.0800us  fused_negative_1_kernel0
                    0.04%  11.745us         8  1.4680us  1.2480us  1.7920us  fused_multiply_10_kernel0
                    0.03%  11.232us         8  1.4040us  1.2160us  1.7920us  fused_multiply_9_kernel0
                    0.03%  11.008us         8  1.3760us  1.2160us  1.6000us  fused_expand_dims_4_kernel0
                    0.03%  10.976us         8  1.3720us  1.1840us  1.6000us  fused_expand_dims_2_kernel0
                    0.03%  10.465us         6  1.7440us  1.6640us  1.8560us  fused_add_13_kernel0
                    0.03%  8.2880us         4  2.0720us  1.7920us  2.2080us  fused_divide_3_kernel0
                    0.02%  8.0320us         4  2.0080us  1.8880us  2.1440us  fused_add_18_kernel0
                    0.02%  7.5520us         4  1.8880us  1.7920us  2.1760us  fused_divide_4_kernel0
                    0.02%  7.3610us         4  1.8400us  1.6320us  2.0170us  fused_add_14_kernel0
                    0.02%  7.2970us         4  1.8240us  1.5360us  2.2400us  fused_divide_2_kernel0
                    0.02%  7.2330us         4  1.8080us  1.7600us  1.8570us  fused_negative_4_kernel0
                    0.02%  7.1680us         4  1.7920us  1.6640us  2.0480us  fused_add_16_kernel0
                    0.02%  7.1040us         4  1.7760us  1.6000us  2.1440us  fused_sqrt_4_kernel0
                    0.02%  7.0720us         4  1.7680us  1.6320us  2.1120us  fused_negative_2_kernel0
                    0.02%  7.0720us         4  1.7680us  1.4720us  2.0800us  fused_sqrt_2_kernel0
                    0.02%  6.8480us         4  1.7120us  1.4080us  1.8560us  fused_add_19_kernel0
                    0.02%  6.6880us         4  1.6720us  1.4720us  2.2400us  fused_sqrt_3_kernel0
                    0.02%  6.4320us         4  1.6080us  1.4080us  1.7600us  fused_add_15_kernel0
                    0.02%  6.1760us         1  6.1760us  6.1760us  6.1760us  fused_nn_softmax_kernel3
                    0.02%  6.0800us         4  1.5200us  1.4080us  1.7600us  fused_negative_3_kernel0
                    0.02%  5.9840us         4  1.4960us  1.3760us  1.7920us  fused_add_17_kernel0
                    0.01%  4.7360us         1  4.7360us  4.7360us  4.7360us  fused_nn_global_avg_pool2d_kernel0
                    0.01%  3.5840us         1  3.5840us  3.5840us  3.5840us  fused_nn_softmax_kernel2
                    0.01%  2.9760us         1  2.9760us  2.9760us  2.9760us  fused_add_10_kernel0
                    0.01%  2.6880us         2  1.3440us  1.2480us  1.4400us  fused_expand_dims_kernel0
                    0.01%  2.2400us         1  2.2400us  2.2400us  2.2400us  fused_nn_bias_add_kernel0
                    0.01%  2.1440us         1  2.1440us  2.1440us  2.1440us  fused_sqrt_kernel0
                    0.01%  2.0480us         1  2.0480us  2.0480us  2.0480us  fused_negative_kernel0
                    0.01%  1.9850us         1  1.9850us  1.9850us  1.9850us  fused_divide_kernel0
                    0.01%  1.9200us         1  1.9200us  1.9200us  1.9200us  fused_multiply_6_kernel0
                    0.01%  1.8240us         1  1.8240us  1.8240us  1.8240us  fused_add_11_kernel0
                    0.01%  1.6640us         1  1.6640us  1.6640us  1.6640us  [CUDA memcpy DtoH]
                    0.00%  1.6320us         1  1.6320us  1.6320us  1.6320us  fused_nn_batch_flatten_kernel0
      API calls:   66.79%  343.05ms         1  343.05ms  343.05ms  343.05ms  cuModuleLoadData
                   25.43%  130.60ms       154  848.02us  2.7230us  128.34ms  cudaMalloc
                    4.34%  22.312ms       138  161.68us  5.7500us  5.6214ms  cudaMemcpy
                    2.54%  13.027ms       154  84.594us  2.6610us  3.8246ms  cudaFree
                    0.46%  2.3618ms         1  2.3618ms  2.3618ms  2.3618ms  cuModuleUnload
                    0.23%  1.1567ms       303  3.8170us  3.0610us  20.624us  cuLaunchKernel
                    0.09%  442.48us        97  4.5610us     327ns  275.54us  cuDeviceGetAttribute
                    0.07%  358.53us       708     506ns     314ns  8.2220us  cudaSetDevice
                    0.02%  120.53us         1  120.53us  120.53us  120.53us  cuDeviceTotalMem
                    0.02%  103.69us       303     342ns     296ns  1.0890us  cudaGetDevice
                    0.01%  59.509us         1  59.509us  59.509us  59.509us  cuDeviceGetName
                    0.01%  31.296us        89     351ns     256ns  1.0370us  cuModuleGetFunction
                    0.00%  5.3880us         1  5.3880us  5.3880us  5.3880us  cuDeviceGetPCIBusId
                    0.00%  4.7960us         3  1.5980us     949ns  2.0780us  cudaDeviceGetAttribute
                    0.00%  2.9380us         2  1.4690us     361ns  2.5770us  cuDeviceGetCount
                    0.00%  1.2820us         2     641ns     380ns     902ns  cuDeviceGet
                    0.00%     636ns         1     636ns     636ns     636ns  cuDeviceGetUuid
