==3696== NVPROF is profiling process 3696, command: python3 /home/wml/tvm/tutorials/relay_test_net.py
==3696== Profiling application: python3 /home/wml/tvm/tutorials/relay_test_net.py
==3696== Profiling result:
            Type  Time(%)      Time     Calls       Avg       Min       Max  Name
 GPU activities:   47.11%  15.492ms       137  113.08us     864ns  3.2573ms  [CUDA memcpy HtoD]
                   12.38%  4.0704ms         3  1.3568ms  1.3531ms  1.3632ms  fused_nn_conv2d_kernel0
                    4.72%  1.5530ms         3  517.66us  508.39us  527.56us  fused_nn_conv2d_kernel2
                    4.25%  1.3976ms         1  1.3976ms  1.3976ms  1.3976ms  fused_nn_conv2d_1_kernel0
                    3.99%  1.3125ms         3  437.50us  422.92us  449.70us  fused_nn_conv2d_2_kernel2
                    3.16%  1.0395ms         3  346.49us  340.10us  353.64us  fused_nn_conv2d_4_kernel2
                    2.90%  953.45us         3  317.82us  313.25us  323.08us  fused_nn_conv2d_2_kernel0
                    2.23%  732.94us         1  732.94us  732.94us  732.94us  fused_nn_conv2d_3_kernel0
                    1.92%  630.95us         4  157.74us  156.13us  159.71us  fused_nn_conv2d_6_kernel2
                    1.51%  495.97us         1  495.97us  495.97us  495.97us  fused_nn_conv2d_7_kernel0
                    1.50%  494.85us         1  494.85us  494.85us  494.85us  fused_nn_conv2d_5_kernel0
                    1.16%  380.80us         4  95.201us  92.513us  96.961us  fused_nn_conv2d_6_kernel3
                    1.04%  341.12us         4  85.280us  83.393us  86.592us  fused_nn_conv2d_6_kernel1
                    0.73%  240.13us         5  48.026us  46.913us  49.152us  fused_add_6_kernel0
                    0.72%  237.51us         5  47.501us  47.105us  48.320us  fused_nn_relu_3_kernel0
                    0.71%  233.03us         5  46.605us  44.448us  48.001us  fused_multiply_3_kernel0
                    0.66%  218.18us         3  72.726us  69.441us  74.849us  fused_nn_conv2d_4_kernel0
                    0.57%  185.83us         1  185.83us  185.83us  185.83us  fused_add_8_kernel0
                    0.56%  185.38us         1  185.38us  185.38us  185.38us  fused_nn_relu_4_kernel0
                    0.56%  183.97us         1  183.97us  183.97us  183.97us  fused_multiply_4_kernel0
                    0.55%  180.58us         3  60.192us  59.904us  60.737us  fused_nn_conv2d_4_kernel3
                    0.54%  179.08us         3  59.691us  59.201us  60.321us  fused_nn_conv2d_4_kernel1
                    0.51%  167.36us         1  167.36us  167.36us  167.36us  fused_nn_conv2d_11_kernel0
                    0.42%  138.69us         2  69.344us  68.640us  70.048us  fused_add_7_kernel0
                    0.37%  123.04us         1  123.04us  123.04us  123.04us  fused_nn_max_pool2d_kernel0
                    0.33%  109.51us         4  27.376us  26.689us  27.872us  fused_nn_conv2d_6_kernel0
                    0.30%  99.712us         4  24.928us  24.544us  25.152us  fused_nn_relu_2_kernel0
                    0.30%  99.617us         1  99.617us  99.617us  99.617us  fused_nn_conv2d_10_kernel0
                    0.30%  98.016us         4  24.504us  24.096us  24.800us  fused_add_4_kernel0
                    0.28%  92.066us         4  23.016us  22.112us  23.873us  fused_multiply_2_kernel0
                    0.28%  91.712us         3  30.570us  30.016us  31.104us  fused_nn_conv2d_2_kernel3
                    0.28%  90.945us         3  30.315us  29.440us  31.072us  fused_nn_conv2d_2_kernel1
                    0.26%  85.441us         1  85.441us  85.441us  85.441us  fused_nn_conv2d_8_kernel0
                    0.24%  79.905us         1  79.905us  79.905us  79.905us  fused_nn_conv2d_9_kernel0
                    0.20%  66.688us         2  33.344us  33.184us  33.504us  fused_add_5_kernel0
                    0.20%  66.145us         1  66.145us  66.145us  66.145us  fused_nn_dense_kernel0
                    0.17%  56.513us         3  18.837us  17.984us  19.424us  fused_nn_conv2d_kernel1
                    0.16%  53.376us         3  17.792us  17.472us  18.080us  fused_nn_conv2d_kernel3
                    0.11%  36.544us         4  9.1360us  8.6080us  9.9200us  fused_multiply_1_kernel0
                    0.11%  36.384us         1  36.384us  36.384us  36.384us  fused_multiply_5_kernel0
                    0.11%  35.745us         1  35.745us  35.745us  35.745us  fused_add_9_kernel0
                    0.10%  32.704us         1  32.704us  32.704us  32.704us  fused_nn_softmax_kernel1
                    0.10%  31.297us         4  7.8240us  7.7440us  8.0320us  fused_add_2_kernel0
                    0.09%  29.889us         2  14.944us  13.793us  16.096us  fused_add_3_kernel0
                    0.09%  28.416us         4  7.1040us  6.9760us  7.3280us  fused_nn_relu_1_kernel0
                    0.06%  20.416us         4  5.1040us  4.7360us  6.1440us  fused_multiply_kernel0
                    0.06%  19.360us        12  1.6130us  1.4400us  1.8560us  fused_multiply_7_kernel0
                    0.06%  19.008us         4  4.7520us  4.6720us  4.8000us  fused_add_kernel0
                    0.05%  17.217us         4  4.3040us  4.0960us  4.4480us  fused_nn_relu_kernel0
                    0.05%  16.512us        12  1.3760us  1.1840us  1.7280us  fused_expand_dims_1_kernel0
                    0.04%  14.784us         2  7.3920us  6.4960us  8.2880us  fused_add_1_kernel0
                    0.04%  14.784us         1  14.784us  14.784us  14.784us  fused_nn_softmax_kernel0
                    0.04%  13.632us         6  2.2720us  1.7600us  3.3280us  fused_divide_1_kernel0
                    0.04%  13.152us         8  1.6440us  1.5040us  1.8880us  fused_multiply_8_kernel0
                    0.04%  12.288us         8  1.5360us  1.2160us  1.9200us  fused_multiply_9_kernel0
                    0.04%  12.224us         6  2.0370us  1.6640us  2.1760us  fused_negative_1_kernel0
                    0.04%  12.160us         8  1.5200us  1.2480us  1.8240us  fused_multiply_10_kernel0
                    0.04%  12.096us         6  2.0160us  1.9200us  2.0800us  fused_add_12_kernel0
                    0.04%  12.000us         6  2.0000us  1.7280us  2.1440us  fused_sqrt_1_kernel0
                    0.03%  11.200us         8  1.4000us  1.2160us  1.6000us  fused_expand_dims_3_kernel0
                    0.03%  10.816us         8  1.3520us  1.2160us  1.6320us  fused_expand_dims_4_kernel0
                    0.03%  10.657us         8  1.3320us  1.1840us  1.6000us  fused_expand_dims_2_kernel0
                    0.03%  10.144us         6  1.6900us  1.3440us  1.7920us  fused_add_13_kernel0
                    0.03%  8.2240us         4  2.0560us  2.0160us  2.0800us  fused_add_14_kernel0
                    0.02%  7.9040us         4  1.9760us  1.8240us  2.0480us  fused_add_16_kernel0
                    0.02%  7.7760us         4  1.9440us  1.7920us  2.0800us  fused_sqrt_2_kernel0
                    0.02%  7.7130us         4  1.9280us  1.8560us  2.1440us  fused_divide_3_kernel0
                    0.02%  7.6160us         4  1.9040us  1.7600us  2.2080us  fused_divide_2_kernel0
                    0.02%  7.5520us         4  1.8880us  1.7280us  2.0800us  fused_add_18_kernel0
                    0.02%  7.3280us         4  1.8320us  1.5360us  2.1440us  fused_divide_4_kernel0
                    0.02%  7.2320us         4  1.8080us  1.6960us  2.0480us  fused_negative_2_kernel0
                    0.02%  7.2320us         4  1.8080us  1.6320us  2.1120us  fused_sqrt_4_kernel0
                    0.02%  7.1680us         4  1.7920us  1.7280us  1.8560us  fused_negative_3_kernel0
                    0.02%  7.1360us         4  1.7840us  1.6640us  2.1120us  fused_sqrt_3_kernel0
                    0.02%  6.6560us         4  1.6640us  1.4720us  1.8240us  fused_add_19_kernel0
                    0.02%  6.4960us         4  1.6240us  1.4720us  1.8560us  fused_negative_4_kernel0
                    0.02%  6.4000us         4  1.6000us  1.5040us  1.8560us  fused_add_17_kernel0
                    0.02%  6.2080us         1  6.2080us  6.2080us  6.2080us  fused_nn_softmax_kernel3
                    0.02%  5.9200us         4  1.4800us  1.3440us  1.7920us  fused_add_15_kernel0
                    0.02%  4.9600us         1  4.9600us  4.9600us  4.9600us  fused_nn_global_avg_pool2d_kernel0
                    0.01%  3.6480us         1  3.6480us  3.6480us  3.6480us  fused_nn_softmax_kernel2
                    0.01%  3.1040us         1  3.1040us  3.1040us  3.1040us  fused_add_10_kernel0
                    0.01%  2.7200us         2  1.3600us  1.2800us  1.4400us  fused_expand_dims_kernel0
                    0.01%  2.2080us         1  2.2080us  2.2080us  2.2080us  fused_nn_bias_add_kernel0
                    0.01%  2.1760us         1  2.1760us  2.1760us  2.1760us  fused_sqrt_kernel0
                    0.01%  2.0160us         1  2.0160us  2.0160us  2.0160us  fused_negative_kernel0
                    0.01%  1.9840us         1  1.9840us  1.9840us  1.9840us  fused_multiply_6_kernel0
                    0.01%  1.9840us         1  1.9840us  1.9840us  1.9840us  fused_divide_kernel0
                    0.01%  1.8560us         1  1.8560us  1.8560us  1.8560us  [CUDA memcpy DtoH]
                    0.01%  1.6960us         1  1.6960us  1.6960us  1.6960us  fused_add_11_kernel0
                    0.00%  1.6320us         1  1.6320us  1.6320us  1.6320us  fused_nn_batch_flatten_kernel0
      API calls:   66.78%  338.91ms         1  338.91ms  338.91ms  338.91ms  cuModuleLoadData
                   25.32%  128.49ms       154  834.32us  2.7940us  126.23ms  cudaMalloc
                    4.46%  22.622ms       138  163.92us  6.1980us  5.6499ms  cudaMemcpy
                    2.57%  13.055ms       154  84.775us  2.6600us  3.8267ms  cudaFree
                    0.47%  2.3610ms         1  2.3610ms  2.3610ms  2.3610ms  cuModuleUnload
                    0.23%  1.1671ms       303  3.8510us  3.1130us  20.130us  cuLaunchKernel
                    0.08%  384.06us       708     542ns     306ns  9.3540us  cudaSetDevice
                    0.04%  197.79us        97  2.0390us     228ns  82.469us  cuDeviceGetAttribute
                    0.02%  106.88us       303     352ns     297ns  2.1000us  cudaGetDevice
                    0.02%  86.850us         1  86.850us  86.850us  86.850us  cuDeviceTotalMem
                    0.01%  47.740us         1  47.740us  47.740us  47.740us  cuDeviceGetName
                    0.01%  32.266us        89     362ns     272ns  1.5640us  cuModuleGetFunction
                    0.00%  4.4330us         1  4.4330us  4.4330us  4.4330us  cuDeviceGetPCIBusId
                    0.00%  3.1610us         3  1.0530us     704ns  1.3100us  cudaDeviceGetAttribute
                    0.00%  2.0030us         2  1.0010us     316ns  1.6870us  cuDeviceGetCount
                    0.00%     915ns         2     457ns     258ns     657ns  cuDeviceGet
                    0.00%     423ns         1     423ns     423ns     423ns  cuDeviceGetUuid
