==3850== NVPROF is profiling process 3850, command: python3 /home/wml/tvm/tutorials/relay_test_net.py
==3850== Profiling application: python3 /home/wml/tvm/tutorials/relay_test_net.py
==3850== Profiling result:
            Type  Time(%)      Time     Calls       Avg       Min       Max  Name
 GPU activities:   46.98%  15.368ms       137  112.18us     864ns  3.1322ms  [CUDA memcpy HtoD]
                   12.38%  4.0504ms         3  1.3501ms  1.3306ms  1.3654ms  fused_nn_conv2d_kernel0
                    4.72%  1.5442ms         3  514.75us  513.74us  516.17us  fused_nn_conv2d_kernel2
                    4.29%  1.4025ms         1  1.4025ms  1.4025ms  1.4025ms  fused_nn_conv2d_1_kernel0
                    3.92%  1.2808ms         3  426.95us  420.33us  432.26us  fused_nn_conv2d_2_kernel2
                    3.18%  1.0417ms         3  347.25us  340.45us  354.31us  fused_nn_conv2d_4_kernel2
                    2.89%  944.20us         3  314.73us  310.85us  321.22us  fused_nn_conv2d_2_kernel0
                    2.32%  757.42us         1  757.42us  757.42us  757.42us  fused_nn_conv2d_3_kernel0
                    1.91%  625.51us         4  156.38us  156.00us  157.41us  fused_nn_conv2d_6_kernel2
                    1.52%  496.04us         1  496.04us  496.04us  496.04us  fused_nn_conv2d_7_kernel0
                    1.51%  495.59us         1  495.59us  495.59us  495.59us  fused_nn_conv2d_5_kernel0
                    1.18%  386.85us         4  96.713us  94.562us  101.03us  fused_nn_conv2d_6_kernel3
                    1.04%  339.17us         4  84.793us  83.745us  85.953us  fused_nn_conv2d_6_kernel1
                    0.73%  238.82us         5  47.763us  46.912us  48.608us  fused_add_6_kernel0
                    0.73%  238.08us         5  47.616us  46.945us  48.417us  fused_nn_relu_3_kernel0
                    0.72%  235.27us         5  47.053us  44.609us  48.993us  fused_multiply_3_kernel0
                    0.64%  209.25us         3  69.750us  65.729us  72.737us  fused_nn_conv2d_4_kernel0
                    0.57%  185.22us         1  185.22us  185.22us  185.22us  fused_add_8_kernel0
                    0.56%  184.61us         1  184.61us  184.61us  184.61us  fused_nn_relu_4_kernel0
                    0.56%  183.71us         1  183.71us  183.71us  183.71us  fused_multiply_4_kernel0
                    0.55%  180.61us         3  60.203us  59.841us  60.513us  fused_nn_conv2d_4_kernel1
                    0.55%  180.23us         3  60.075us  59.745us  60.353us  fused_nn_conv2d_4_kernel3
                    0.51%  167.27us         1  167.27us  167.27us  167.27us  fused_nn_conv2d_11_kernel0
                    0.43%  139.11us         2  69.553us  67.841us  71.265us  fused_add_7_kernel0
                    0.38%  123.46us         1  123.46us  123.46us  123.46us  fused_nn_max_pool2d_kernel0
                    0.33%  108.90us         4  27.224us  26.656us  27.872us  fused_nn_conv2d_6_kernel0
                    0.31%  101.25us         1  101.25us  101.25us  101.25us  fused_nn_conv2d_10_kernel0
                    0.30%  98.755us         4  24.688us  24.256us  25.057us  fused_add_4_kernel0
                    0.30%  98.369us         4  24.592us  24.385us  24.704us  fused_nn_relu_2_kernel0
                    0.29%  93.248us         4  23.312us  22.080us  24.512us  fused_multiply_2_kernel0
                    0.28%  90.337us         3  30.112us  29.760us  30.432us  fused_nn_conv2d_2_kernel1
                    0.27%  89.185us         3  29.728us  29.504us  30.145us  fused_nn_conv2d_2_kernel3
                    0.26%  84.129us         1  84.129us  84.129us  84.129us  fused_nn_conv2d_8_kernel0
                    0.25%  80.353us         1  80.353us  80.353us  80.353us  fused_nn_conv2d_9_kernel0
                    0.20%  67.010us         2  33.505us  33.089us  33.921us  fused_add_5_kernel0
                    0.20%  66.401us         1  66.401us  66.401us  66.401us  fused_nn_dense_kernel0
                    0.17%  55.776us         3  18.592us  18.432us  18.848us  fused_nn_conv2d_kernel1
                    0.17%  54.112us         3  18.037us  17.696us  18.400us  fused_nn_conv2d_kernel3
                    0.11%  36.769us         1  36.769us  36.769us  36.769us  fused_multiply_5_kernel0
                    0.11%  36.449us         4  9.1120us  8.4490us  10.016us  fused_multiply_1_kernel0
                    0.11%  35.808us         1  35.808us  35.808us  35.808us  fused_add_9_kernel0
                    0.10%  33.152us         1  33.152us  33.152us  33.152us  fused_nn_softmax_kernel1
                    0.09%  30.752us         4  7.6880us  7.5840us  7.9040us  fused_add_2_kernel0
                    0.09%  30.592us         2  15.296us  13.920us  16.672us  fused_add_3_kernel0
                    0.09%  28.096us         4  7.0240us  6.9760us  7.1680us  fused_nn_relu_1_kernel0
                    0.06%  20.321us         4  5.0800us  4.7360us  5.9840us  fused_multiply_kernel0
                    0.06%  19.168us        12  1.5970us  1.3440us  1.8240us  fused_multiply_7_kernel0
                    0.06%  18.113us         4  4.5280us  4.3840us  4.8320us  fused_add_kernel0
                    0.05%  16.992us         4  4.2480us  4.0960us  4.5120us  fused_nn_relu_kernel0
                    0.05%  16.288us        12  1.3570us  1.1520us  1.6000us  fused_expand_dims_1_kernel0
                    0.04%  14.688us         1  14.688us  14.688us  14.688us  fused_nn_softmax_kernel0
                    0.04%  14.560us         2  7.2800us  6.0160us  8.5440us  fused_add_1_kernel0
                    0.04%  13.376us         8  1.6720us  1.5040us  2.1760us  fused_multiply_8_kernel0
                    0.04%  13.089us         8  1.6360us  1.2160us  2.5600us  fused_multiply_9_kernel0
                    0.04%  12.705us         8  1.5880us  1.2160us  3.4560us  fused_expand_dims_3_kernel0
                    0.04%  12.160us         6  2.0260us  1.7920us  2.1120us  fused_negative_1_kernel0
                    0.04%  12.160us         6  2.0260us  1.5040us  2.1440us  fused_divide_1_kernel0
                    0.04%  12.128us         6  2.0210us  1.5360us  2.1440us  fused_sqrt_1_kernel0
                    0.04%  12.064us         8  1.5080us  1.2480us  1.8880us  fused_multiply_10_kernel0
                    0.04%  12.032us         6  2.0050us  1.7920us  2.1120us  fused_add_12_kernel0
                    0.03%  10.432us         6  1.7380us  1.7280us  1.7600us  fused_add_13_kernel0
                    0.03%  10.240us         8  1.2800us  1.2160us  1.6000us  fused_expand_dims_4_kernel0
                    0.03%  9.8560us         8  1.2320us  1.1520us  1.5680us  fused_expand_dims_2_kernel0
                    0.02%  8.0320us         4  2.0080us  1.5040us  2.8160us  fused_divide_3_kernel0
                    0.02%  8.0320us         4  2.0080us  1.8240us  2.1440us  fused_add_16_kernel0
                    0.02%  8.0000us         4  2.0000us  1.4720us  3.2320us  fused_add_17_kernel0
                    0.02%  7.8080us         4  1.9520us  1.6000us  2.2080us  fused_add_18_kernel0
                    0.02%  7.7120us         4  1.9280us  1.7280us  2.0480us  fused_add_14_kernel0
                    0.02%  7.4560us         4  1.8640us  1.5040us  2.1120us  fused_sqrt_3_kernel0
                    0.02%  7.4560us         4  1.8640us  1.7600us  2.1440us  fused_divide_2_kernel0
                    0.02%  7.3600us         4  1.8400us  1.6640us  2.0480us  fused_negative_2_kernel0
                    0.02%  7.3600us         4  1.8400us  1.5680us  2.1760us  fused_divide_4_kernel0
                    0.02%  7.1680us         4  1.7920us  1.6000us  2.1440us  fused_sqrt_4_kernel0
                    0.02%  7.1360us         4  1.7840us  1.4720us  2.1120us  fused_sqrt_2_kernel0
                    0.02%  6.7200us         4  1.6800us  1.5360us  1.7920us  fused_add_19_kernel0
                    0.02%  6.3360us         4  1.5840us  1.4720us  1.8880us  fused_add_15_kernel0
                    0.02%  6.2720us         4  1.5680us  1.3760us  1.7280us  fused_negative_3_kernel0
                    0.02%  6.1120us         4  1.5280us  1.4080us  1.7920us  fused_negative_4_kernel0
                    0.02%  5.9200us         1  5.9200us  5.9200us  5.9200us  fused_nn_softmax_kernel3
                    0.02%  4.9600us         1  4.9600us  4.9600us  4.9600us  fused_nn_global_avg_pool2d_kernel0
                    0.01%  3.6800us         1  3.6800us  3.6800us  3.6800us  fused_nn_softmax_kernel2
                    0.01%  2.9760us         1  2.9760us  2.9760us  2.9760us  fused_add_10_kernel0
                    0.01%  2.6880us         2  1.3440us  1.2800us  1.4080us  fused_expand_dims_kernel0
                    0.01%  2.2400us         1  2.2400us  2.2400us  2.2400us  fused_nn_bias_add_kernel0
                    0.01%  2.1760us         1  2.1760us  2.1760us  2.1760us  fused_sqrt_kernel0
                    0.01%  2.0480us         1  2.0480us  2.0480us  2.0480us  fused_negative_kernel0
                    0.01%  2.0160us         1  2.0160us  2.0160us  2.0160us  fused_divide_kernel0
                    0.01%  1.8880us         1  1.8880us  1.8880us  1.8880us  [CUDA memcpy DtoH]
                    0.01%  1.8880us         1  1.8880us  1.8880us  1.8880us  fused_multiply_6_kernel0
                    0.01%  1.7280us         1  1.7280us  1.7280us  1.7280us  fused_add_11_kernel0
                    0.00%  1.6000us         1  1.6000us  1.6000us  1.6000us  fused_nn_batch_flatten_kernel0
      API calls:   64.76%  336.51ms         1  336.51ms  336.51ms  336.51ms  cuModuleLoadData
                   27.63%  143.56ms       154  932.22us  2.7570us  141.28ms  cudaMalloc
                    4.32%  22.465ms       138  162.79us  5.8760us  5.6227ms  cudaMemcpy
                    2.53%  13.120ms       154  85.197us  2.6780us  3.8164ms  cudaFree
                    0.36%  1.8773ms         1  1.8773ms  1.8773ms  1.8773ms  cuModuleUnload
                    0.22%  1.1239ms       303  3.7090us  3.0470us  20.641us  cuLaunchKernel
                    0.07%  357.35us       708     504ns     324ns  10.132us  cudaSetDevice
                    0.06%  318.81us        97  3.2860us     226ns  187.75us  cuDeviceGetAttribute
                    0.02%  102.80us       303     339ns     300ns     894ns  cudaGetDevice
                    0.02%  88.405us         1  88.405us  88.405us  88.405us  cuDeviceTotalMem
                    0.01%  50.049us         1  50.049us  50.049us  50.049us  cuDeviceGetName
                    0.01%  30.996us        89     348ns     255ns     838ns  cuModuleGetFunction
                    0.00%  3.1890us         1  3.1890us  3.1890us  3.1890us  cuDeviceGetPCIBusId
                    0.00%  3.0440us         3  1.0140us     649ns  1.2190us  cudaDeviceGetAttribute
                    0.00%  2.4140us         2  1.2070us  1.1130us  1.3010us  cuDeviceGetCount
                    0.00%  1.2090us         2     604ns     496ns     713ns  cuDeviceGet
                    0.00%     434ns         1     434ns     434ns     434ns  cuDeviceGetUuid
