==4156== NVPROF is profiling process 4156, command: python3 /home/wml/tvm/tutorials/relay_test_net.py
==4156== Profiling application: python3 /home/wml/tvm/tutorials/relay_test_net.py
==4156== Profiling result:
            Type  Time(%)      Time     Calls       Avg       Min       Max  Name
 GPU activities:   48.47%  16.384ms       137  119.59us     864ns  4.0808ms  [CUDA memcpy HtoD]
                   12.07%  4.0796ms         3  1.3599ms  1.3503ms  1.3679ms  fused_nn_conv2d_kernel0
                    4.57%  1.5441ms         3  514.70us  514.28us  514.92us  fused_nn_conv2d_kernel2
                    4.14%  1.3986ms         1  1.3986ms  1.3986ms  1.3986ms  fused_nn_conv2d_1_kernel0
                    3.92%  1.3259ms         3  441.97us  430.66us  452.14us  fused_nn_conv2d_2_kernel2
                    3.08%  1.0416ms         3  347.18us  340.68us  353.41us  fused_nn_conv2d_4_kernel2
                    2.80%  946.67us         3  315.56us  307.75us  320.65us  fused_nn_conv2d_2_kernel0
                    2.23%  753.29us         1  753.29us  753.29us  753.29us  fused_nn_conv2d_3_kernel0
                    1.86%  630.44us         4  157.61us  155.33us  159.36us  fused_nn_conv2d_6_kernel2
                    1.47%  497.22us         1  497.22us  497.22us  497.22us  fused_nn_conv2d_7_kernel0
                    1.46%  494.63us         1  494.63us  494.63us  494.63us  fused_nn_conv2d_5_kernel0
                    1.11%  376.87us         4  94.217us  93.249us  94.850us  fused_nn_conv2d_6_kernel3
                    1.02%  343.94us         4  85.985us  85.249us  87.202us  fused_nn_conv2d_6_kernel1
                    0.71%  240.49us         5  48.097us  47.521us  48.801us  fused_add_6_kernel0
                    0.70%  238.02us         5  47.604us  47.457us  47.809us  fused_nn_relu_3_kernel0
                    0.69%  234.12us         5  46.823us  45.761us  47.361us  fused_multiply_3_kernel0
                    0.65%  219.11us         3  73.036us  71.681us  74.402us  fused_nn_conv2d_4_kernel0
                    0.55%  185.51us         1  185.51us  185.51us  185.51us  fused_nn_relu_4_kernel0
                    0.55%  185.38us         1  185.38us  185.38us  185.38us  fused_add_8_kernel0
                    0.55%  184.26us         1  184.26us  184.26us  184.26us  fused_multiply_4_kernel0
                    0.54%  182.21us         3  60.737us  60.161us  61.153us  fused_nn_conv2d_4_kernel1
                    0.54%  180.87us         3  60.289us  59.937us  60.481us  fused_nn_conv2d_4_kernel3
                    0.49%  167.08us         1  167.08us  167.08us  167.08us  fused_nn_conv2d_11_kernel0
                    0.41%  138.72us         2  69.361us  68.513us  70.209us  fused_add_7_kernel0
                    0.36%  122.91us         1  122.91us  122.91us  122.91us  fused_nn_max_pool2d_kernel0
                    0.32%  107.39us         4  26.848us  25.760us  28.129us  fused_nn_conv2d_6_kernel0
                    0.29%  99.522us         1  99.522us  99.522us  99.522us  fused_nn_conv2d_10_kernel0
                    0.29%  99.041us         4  24.760us  24.160us  25.633us  fused_nn_relu_2_kernel0
                    0.29%  97.826us         4  24.456us  23.936us  24.801us  fused_add_4_kernel0
                    0.28%  93.345us         4  23.336us  22.624us  24.256us  fused_multiply_2_kernel0
                    0.27%  91.393us         3  30.464us  29.888us  31.072us  fused_nn_conv2d_2_kernel3
                    0.27%  90.082us         3  30.027us  29.632us  30.305us  fused_nn_conv2d_2_kernel1
                    0.26%  86.625us         1  86.625us  86.625us  86.625us  fused_nn_conv2d_8_kernel0
                    0.23%  79.393us         1  79.393us  79.393us  79.393us  fused_nn_conv2d_9_kernel0
                    0.20%  66.497us         1  66.497us  66.497us  66.497us  fused_nn_dense_kernel0
                    0.20%  66.433us         2  33.216us  32.992us  33.441us  fused_add_5_kernel0
                    0.17%  57.025us         3  19.008us  18.752us  19.169us  fused_nn_conv2d_kernel1
                    0.16%  53.473us         3  17.824us  17.313us  18.176us  fused_nn_conv2d_kernel3
                    0.11%  36.800us         1  36.800us  36.800us  36.800us  fused_multiply_5_kernel0
                    0.11%  35.937us         4  8.9840us  7.9690us  10.144us  fused_multiply_1_kernel0
                    0.11%  35.904us         1  35.904us  35.904us  35.904us  fused_add_9_kernel0
                    0.10%  32.577us         1  32.577us  32.577us  32.577us  fused_nn_softmax_kernel1
                    0.09%  30.432us         4  7.6080us  7.4240us  7.7760us  fused_add_2_kernel0
                    0.09%  29.600us         2  14.800us  13.568us  16.032us  fused_add_3_kernel0
                    0.08%  28.480us         4  7.1200us  6.9120us  7.3600us  fused_nn_relu_1_kernel0
                    0.06%  19.969us         4  4.9920us  4.5120us  6.0170us  fused_multiply_kernel0
                    0.06%  19.456us        12  1.6210us  1.4080us  1.8880us  fused_multiply_7_kernel0
                    0.05%  18.304us         4  4.5760us  4.5120us  4.7680us  fused_add_kernel0
                    0.05%  17.472us         4  4.3680us  4.1920us  4.5760us  fused_nn_relu_kernel0
                    0.05%  16.192us        12  1.3490us  1.1520us  1.6000us  fused_expand_dims_1_kernel0
                    0.05%  15.264us         2  7.6320us  6.5280us  8.7360us  fused_add_1_kernel0
                    0.04%  14.560us         1  14.560us  14.560us  14.560us  fused_nn_softmax_kernel0
                    0.04%  12.865us         8  1.6080us  1.3760us  2.1440us  fused_multiply_8_kernel0
                    0.04%  12.865us         6  2.1440us  1.4720us  3.0730us  fused_divide_1_kernel0
                    0.04%  12.224us         6  2.0370us  2.0160us  2.1120us  fused_add_12_kernel0
                    0.04%  12.128us         6  2.0210us  1.4400us  2.2080us  fused_sqrt_1_kernel0
                    0.04%  11.872us         6  1.9780us  1.6960us  2.1440us  fused_negative_1_kernel0
                    0.03%  11.521us         8  1.4400us  1.2480us  1.7920us  fused_multiply_10_kernel0
                    0.03%  11.360us         8  1.4200us  1.2160us  1.6320us  fused_expand_dims_4_kernel0
                    0.03%  11.233us         8  1.4040us  1.2160us  1.7920us  fused_multiply_9_kernel0
                    0.03%  10.688us         8  1.3360us  1.1840us  1.6000us  fused_expand_dims_3_kernel0
                    0.03%  10.336us         8  1.2920us  1.2160us  1.5680us  fused_expand_dims_2_kernel0
                    0.03%  10.144us         6  1.6900us  1.3760us  1.7920us  fused_add_13_kernel0
                    0.02%  8.0640us         4  2.0160us  1.9520us  2.0480us  fused_add_14_kernel0
                    0.02%  7.9040us         4  1.9760us  1.8880us  2.0480us  fused_add_16_kernel0
                    0.02%  7.8410us         4  1.9600us  1.8890us  2.0800us  fused_add_18_kernel0
                    0.02%  7.7450us         4  1.9360us  1.7600us  2.1120us  fused_divide_2_kernel0
                    0.02%  7.3290us         4  1.8320us  1.7280us  2.0810us  fused_sqrt_3_kernel0
                    0.02%  7.2640us         4  1.8160us  1.6960us  2.0800us  fused_negative_2_kernel0
                    0.02%  7.2320us         4  1.8080us  1.5360us  2.2080us  fused_divide_4_kernel0
                    0.02%  7.1680us         4  1.7920us  1.7280us  1.9200us  fused_negative_4_kernel0
                    0.02%  6.8480us         4  1.7120us  1.5040us  2.1440us  fused_divide_3_kernel0
                    0.02%  6.8170us         4  1.7040us  1.4720us  2.1120us  fused_sqrt_2_kernel0
                    0.02%  6.8160us         4  1.7040us  1.6640us  1.7600us  fused_negative_3_kernel0
                    0.02%  6.8160us         4  1.7040us  1.3440us  2.1120us  fused_sqrt_4_kernel0
                    0.02%  6.7520us         4  1.6880us  1.4720us  1.7920us  fused_add_15_kernel0
                    0.02%  6.7200us         4  1.6800us  1.4400us  1.8240us  fused_add_19_kernel0
                    0.02%  6.5600us         4  1.6400us  1.4720us  1.8880us  fused_add_17_kernel0
                    0.02%  6.2080us         1  6.2080us  6.2080us  6.2080us  fused_nn_softmax_kernel3
                    0.01%  4.8640us         1  4.8640us  4.8640us  4.8640us  fused_nn_global_avg_pool2d_kernel0
                    0.01%  3.4560us         1  3.4560us  3.4560us  3.4560us  fused_nn_softmax_kernel2
                    0.01%  3.0410us         1  3.0410us  3.0410us  3.0410us  fused_add_10_kernel0
                    0.01%  2.8480us         2  1.4240us  1.2800us  1.5680us  fused_expand_dims_kernel0
                    0.01%  2.4000us         1  2.4000us  2.4000us  2.4000us  fused_nn_bias_add_kernel0
                    0.01%  2.1760us         1  2.1760us  2.1760us  2.1760us  fused_sqrt_kernel0
                    0.01%  2.0800us         1  2.0800us  2.0800us  2.0800us  fused_negative_kernel0
                    0.01%  1.9840us         1  1.9840us  1.9840us  1.9840us  fused_divide_kernel0
                    0.01%  1.8560us         1  1.8560us  1.8560us  1.8560us  fused_multiply_6_kernel0
                    0.01%  1.7280us         1  1.7280us  1.7280us  1.7280us  fused_add_11_kernel0
                    0.00%  1.6320us         1  1.6320us  1.6320us  1.6320us  [CUDA memcpy DtoH]
                    0.00%  1.5680us         1  1.5680us  1.5680us  1.5680us  fused_nn_batch_flatten_kernel0
      API calls:   66.03%  342.33ms         1  342.33ms  342.33ms  342.33ms  cuModuleLoadData
                   25.89%  134.24ms       154  871.68us  2.8600us  131.99ms  cudaMalloc
                    4.80%  24.891ms       138  180.37us  6.1980us  5.6602ms  cudaMemcpy
                    2.53%  13.092ms       154  85.011us  2.5910us  3.8405ms  cudaFree
                    0.37%  1.9152ms         1  1.9152ms  1.9152ms  1.9152ms  cuModuleUnload
                    0.22%  1.1557ms       303  3.8140us  3.1210us  21.052us  cuLaunchKernel
                    0.07%  348.11us       708     491ns     319ns  8.6880us  cudaSetDevice
                    0.03%  170.60us        97  1.7580us     190ns  71.616us  cuDeviceGetAttribute
                    0.02%  102.97us       303     339ns     299ns  1.1290us  cudaGetDevice
                    0.02%  86.056us         1  86.056us  86.056us  86.056us  cuDeviceTotalMem
                    0.01%  40.532us         1  40.532us  40.532us  40.532us  cuDeviceGetName
                    0.01%  30.572us        89     343ns     239ns  1.0780us  cuModuleGetFunction
                    0.00%  4.7840us         1  4.7840us  4.7840us  4.7840us  cuDeviceGetPCIBusId
                    0.00%  2.9130us         3     971ns     633ns  1.1420us  cudaDeviceGetAttribute
                    0.00%  1.8800us         2     940ns     214ns  1.6660us  cuDeviceGetCount
                    0.00%     778ns         2     389ns     236ns     542ns  cuDeviceGet
                    0.00%     385ns         1     385ns     385ns     385ns  cuDeviceGetUuid
