==4544== NVPROF is profiling process 4544, command: python3 /home/wml/tvm/tutorials/relay_test_net.py
==4544== Profiling application: python3 /home/wml/tvm/tutorials/relay_test_net.py
==4544== Profiling result:
            Type  Time(%)      Time     Calls       Avg       Min       Max  Name
 GPU activities:   46.84%  15.265ms       137  111.42us     864ns  3.0263ms  [CUDA memcpy HtoD]
                   12.44%  4.0561ms         3  1.3520ms  1.3471ms  1.3603ms  fused_nn_conv2d_kernel0
                    4.67%  1.5213ms         3  507.11us  504.62us  509.32us  fused_nn_conv2d_kernel2
                    4.28%  1.3942ms         1  1.3942ms  1.3942ms  1.3942ms  fused_nn_conv2d_1_kernel0
                    4.02%  1.3096ms         3  436.53us  436.26us  436.78us  fused_nn_conv2d_2_kernel2
                    3.19%  1.0402ms         3  346.75us  345.48us  349.00us  fused_nn_conv2d_4_kernel2
                    2.92%  951.15us         3  317.05us  310.82us  320.39us  fused_nn_conv2d_2_kernel0
                    2.25%  733.42us         1  733.42us  733.42us  733.42us  fused_nn_conv2d_3_kernel0
                    1.93%  627.92us         4  156.98us  154.15us  161.32us  fused_nn_conv2d_6_kernel2
                    1.52%  494.83us         1  494.83us  494.83us  494.83us  fused_nn_conv2d_7_kernel0
                    1.51%  493.77us         1  493.77us  493.77us  493.77us  fused_nn_conv2d_5_kernel0
                    1.19%  387.59us         4  96.898us  95.426us  98.658us  fused_nn_conv2d_6_kernel3
                    1.05%  343.11us         4  85.777us  85.185us  86.082us  fused_nn_conv2d_6_kernel1
                    0.73%  238.37us         5  47.674us  46.913us  49.089us  fused_add_6_kernel0
                    0.73%  237.61us         5  47.521us  46.849us  48.033us  fused_nn_relu_3_kernel0
                    0.72%  235.08us         5  47.015us  44.833us  48.513us  fused_multiply_3_kernel0
                    0.66%  216.23us         3  72.076us  69.313us  76.098us  fused_nn_conv2d_4_kernel0
                    0.57%  185.35us         1  185.35us  185.35us  185.35us  fused_add_8_kernel0
                    0.57%  185.09us         1  185.09us  185.09us  185.09us  fused_nn_relu_4_kernel0
                    0.56%  184.00us         1  184.00us  184.00us  184.00us  fused_multiply_4_kernel0
                    0.55%  179.84us         3  59.947us  59.777us  60.161us  fused_nn_conv2d_4_kernel3
                    0.55%  179.20us         3  59.734us  59.617us  59.873us  fused_nn_conv2d_4_kernel1
                    0.51%  166.72us         1  166.72us  166.72us  166.72us  fused_nn_conv2d_11_kernel0
                    0.43%  140.19us         2  70.097us  69.089us  71.105us  fused_add_7_kernel0
                    0.38%  122.91us         1  122.91us  122.91us  122.91us  fused_nn_max_pool2d_kernel0
                    0.33%  108.42us         4  27.104us  26.305us  27.617us  fused_nn_conv2d_6_kernel0
                    0.30%  99.042us         1  99.042us  99.042us  99.042us  fused_nn_conv2d_10_kernel0
                    0.30%  98.945us         4  24.736us  24.416us  25.249us  fused_add_4_kernel0
                    0.30%  98.819us         4  24.704us  24.449us  24.960us  fused_nn_relu_2_kernel0
                    0.29%  92.897us         4  23.224us  22.625us  24.000us  fused_multiply_2_kernel0
                    0.28%  90.307us         3  30.102us  29.633us  30.945us  fused_nn_conv2d_2_kernel3
                    0.28%  89.795us         3  29.931us  29.377us  30.817us  fused_nn_conv2d_2_kernel1
                    0.26%  83.266us         1  83.266us  83.266us  83.266us  fused_nn_conv2d_8_kernel0
                    0.24%  79.330us         1  79.330us  79.330us  79.330us  fused_nn_conv2d_9_kernel0
                    0.21%  68.001us         2  34.000us  33.569us  34.432us  fused_add_5_kernel0
                    0.21%  66.946us         1  66.946us  66.946us  66.946us  fused_nn_dense_kernel0
                    0.17%  55.009us         3  18.336us  18.049us  18.496us  fused_nn_conv2d_kernel1
                    0.16%  52.768us         3  17.589us  16.672us  18.560us  fused_nn_conv2d_kernel3
                    0.11%  36.768us         4  9.1920us  8.7360us  9.7600us  fused_multiply_1_kernel0
                    0.11%  36.609us         1  36.609us  36.609us  36.609us  fused_multiply_5_kernel0
                    0.11%  35.937us         1  35.937us  35.937us  35.937us  fused_add_9_kernel0
                    0.10%  32.641us         1  32.641us  32.641us  32.641us  fused_nn_softmax_kernel1
                    0.09%  30.339us         4  7.5840us  7.5200us  7.7770us  fused_add_2_kernel0
                    0.09%  29.600us         2  14.800us  14.144us  15.456us  fused_add_3_kernel0
                    0.09%  28.032us         4  7.0080us  6.8800us  7.2320us  fused_nn_relu_1_kernel0
                    0.06%  19.616us         4  4.9040us  4.3840us  6.0800us  fused_multiply_kernel0
                    0.06%  19.008us        12  1.5840us  1.3760us  1.7280us  fused_multiply_7_kernel0
                    0.06%  18.018us         4  4.5040us  4.4160us  4.7050us  fused_add_kernel0
                    0.06%  17.984us         4  4.4960us  4.4160us  4.6400us  fused_nn_relu_kernel0
                    0.05%  16.544us        12  1.3780us  1.1840us  1.6960us  fused_expand_dims_1_kernel0
                    0.05%  15.361us         2  7.6800us  6.5280us  8.8330us  fused_add_1_kernel0
                    0.05%  15.104us         1  15.104us  15.104us  15.104us  fused_nn_softmax_kernel0
                    0.04%  13.536us         6  2.2560us  2.1120us  2.8800us  fused_divide_1_kernel0
                    0.04%  12.864us         8  1.6080us  1.3760us  2.1440us  fused_multiply_8_kernel0
                    0.04%  12.033us         6  2.0050us  1.5040us  2.1130us  fused_sqrt_1_kernel0
                    0.04%  11.904us         6  1.9840us  1.6960us  2.1120us  fused_add_12_kernel0
                    0.04%  11.840us         6  1.9730us  1.6640us  2.0800us  fused_negative_1_kernel0
                    0.03%  11.360us         8  1.4200us  1.2480us  1.7920us  fused_multiply_10_kernel0
                    0.03%  11.232us         8  1.4040us  1.2160us  1.7920us  fused_multiply_9_kernel0
                    0.03%  10.848us         8  1.3560us  1.1840us  1.6000us  fused_expand_dims_3_kernel0
                    0.03%  10.528us         8  1.3160us  1.2160us  1.6000us  fused_expand_dims_4_kernel0
                    0.03%  10.208us         8  1.2760us  1.1840us  1.5680us  fused_expand_dims_2_kernel0
                    0.03%  10.081us         6  1.6800us  1.3440us  1.7920us  fused_add_13_kernel0
                    0.03%  8.1920us         4  2.0480us  2.0160us  2.1120us  fused_sqrt_3_kernel0
                    0.02%  8.0320us         4  2.0080us  1.9520us  2.0800us  fused_negative_2_kernel0
                    0.02%  7.8400us         4  1.9600us  1.8240us  2.1440us  fused_divide_3_kernel0
                    0.02%  7.5850us         4  1.8960us  1.7290us  2.0800us  fused_add_18_kernel0
                    0.02%  7.4880us         4  1.8720us  1.7280us  2.1120us  fused_add_14_kernel0
                    0.02%  7.2960us         4  1.8240us  1.5360us  2.1440us  fused_divide_4_kernel0
                    0.02%  7.2320us         4  1.8080us  1.6000us  2.1120us  fused_sqrt_4_kernel0
                    0.02%  6.9760us         4  1.7440us  1.5040us  2.1120us  fused_divide_2_kernel0
                    0.02%  6.9760us         4  1.7440us  1.5680us  2.0480us  fused_add_16_kernel0
                    0.02%  6.9120us         4  1.7280us  1.6640us  1.7920us  fused_negative_4_kernel0
                    0.02%  6.8160us         4  1.7040us  1.6320us  1.8880us  fused_add_17_kernel0
                    0.02%  6.6560us         4  1.6640us  1.4720us  2.1760us  fused_sqrt_2_kernel0
                    0.02%  6.4320us         1  6.4320us  6.4320us  6.4320us  fused_nn_softmax_kernel3
                    0.02%  6.2730us         4  1.5680us  1.3440us  1.7600us  fused_add_15_kernel0
                    0.02%  6.2720us         4  1.5680us  1.4080us  1.7600us  fused_add_19_kernel0
                    0.02%  6.2080us         4  1.5520us  1.3760us  1.7600us  fused_negative_3_kernel0
                    0.01%  4.8320us         1  4.8320us  4.8320us  4.8320us  fused_nn_global_avg_pool2d_kernel0
                    0.01%  3.6480us         1  3.6480us  3.6480us  3.6480us  fused_nn_softmax_kernel2
                    0.01%  2.9120us         1  2.9120us  2.9120us  2.9120us  fused_add_10_kernel0
                    0.01%  2.8480us         2  1.4240us  1.2800us  1.5680us  fused_expand_dims_kernel0
                    0.01%  2.2400us         1  2.2400us  2.2400us  2.2400us  fused_nn_bias_add_kernel0
                    0.01%  2.1440us         1  2.1440us  2.1440us  2.1440us  fused_sqrt_kernel0
                    0.01%  2.0160us         1  2.0160us  2.0160us  2.0160us  fused_negative_kernel0
                    0.01%  1.9840us         1  1.9840us  1.9840us  1.9840us  fused_divide_kernel0
                    0.01%  1.8560us         1  1.8560us  1.8560us  1.8560us  fused_multiply_6_kernel0
                    0.01%  1.7600us         1  1.7600us  1.7600us  1.7600us  fused_add_11_kernel0
                    0.00%  1.6000us         1  1.6000us  1.6000us  1.6000us  [CUDA memcpy DtoH]
                    0.00%  1.6000us         1  1.6000us  1.6000us  1.6000us  fused_nn_batch_flatten_kernel0
      API calls:   65.83%  336.48ms         1  336.48ms  336.48ms  336.48ms  cuModuleLoadData
                   26.35%  134.70ms       154  874.69us  2.7940us  132.42ms  cudaMalloc
                    4.36%  22.270ms       138  161.38us  6.1150us  5.6093ms  cudaMemcpy
                    2.55%  13.049ms       154  84.733us  2.7350us  3.8268ms  cudaFree
                    0.48%  2.4574ms         1  2.4574ms  2.4574ms  2.4574ms  cuModuleUnload
                    0.23%  1.1568ms       303  3.8170us  3.1250us  21.008us  cuLaunchKernel
                    0.07%  356.09us       708     502ns     309ns  11.735us  cudaSetDevice
                    0.06%  312.12us        97  3.2170us     401ns  128.02us  cuDeviceGetAttribute
                    0.03%  147.75us         1  147.75us  147.75us  147.75us  cuDeviceTotalMem
                    0.02%  103.17us       303     340ns     298ns  1.0330us  cudaGetDevice
                    0.01%  74.417us         1  74.417us  74.417us  74.417us  cuDeviceGetName
                    0.01%  32.351us        89     363ns     260ns  1.1190us  cuModuleGetFunction
                    0.00%  5.9810us         3  1.9930us  1.1950us  2.4730us  cudaDeviceGetAttribute
                    0.00%  4.6920us         1  4.6920us  4.6920us  4.6920us  cuDeviceGetPCIBusId
                    0.00%  2.6850us         2  1.3420us     610ns  2.0750us  cuDeviceGetCount
                    0.00%  1.5620us         2     781ns     469ns  1.0930us  cuDeviceGet
                    0.00%     893ns         1     893ns     893ns     893ns  cuDeviceGetUuid
