==23584== NVPROF is profiling process 23584, command: python3 /home/wml/tvm/tutorials/relay_test_net.py
==23584== Profiling application: python3 /home/wml/tvm/tutorials/relay_test_net.py
==23584== Profiling result:
            Type  Time(%)      Time     Calls       Avg       Min       Max  Name
 GPU activities:   27.63%  31.307ms       567  55.214us     864ns  2.6203ms  [CUDA memcpy HtoD]
                    6.49%  7.3570ms        12  613.08us  611.09us  618.93us  fused_nn_conv2d_3_kernel0
                    5.47%  6.1981ms         1  6.1981ms  6.1981ms  6.1981ms  fused_nn_conv2d_8_kernel0
                    4.71%  5.3371ms         4  1.3343ms  1.1828ms  1.7876ms  fused_nn_conv2d_31_kernel0
                    4.19%  4.7452ms         4  1.1863ms  1.1830ms  1.1880ms  fused_nn_conv2d_32_kernel0
                    3.57%  4.0438ms         1  4.0438ms  4.0438ms  4.0438ms  fused_nn_conv2d_4_kernel0
                    3.17%  3.5962ms         4  899.06us  744.82us  1.3586ms  fused_nn_conv2d_27_kernel0
                    2.77%  3.1367ms         2  1.5684ms  1.0209ms  2.1158ms  fused_nn_conv2d_26_kernel0
                    2.62%  2.9637ms         4  740.94us  733.69us  748.38us  fused_nn_conv2d_30_kernel0
                    2.60%  2.9435ms         4  735.88us  309.00us  1.3998ms  fused_nn_conv2d_34_kernel0
                    2.09%  2.3731ms         2  1.1865ms  1.1839ms  1.1891ms  fused_nn_conv2d_37_kernel0
                    1.77%  2.0018ms         1  2.0018ms  2.0018ms  2.0018ms  fused_nn_conv2d_10_kernel0
                    1.74%  1.9708ms         4  492.70us  486.99us  508.98us  fused_nn_conv2d_28_kernel0
                    1.61%  1.8247ms         2  912.33us  907.74us  916.93us  fused_nn_conv2d_29_kernel0
                    1.58%  1.7925ms         3  597.49us  234.63us  1.3201ms  fused_nn_conv2d_15_kernel2
                    1.50%  1.7041ms         3  568.02us  541.94us  582.00us  fused_nn_conv2d_13_kernel0
                    1.25%  1.4144ms         2  707.19us  707.09us  707.29us  fused_nn_conv2d_37_kernel2
                    1.21%  1.3696ms         1  1.3696ms  1.3696ms  1.3696ms  fused_add_6_kernel0
                    1.18%  1.3361ms        26  51.389us  10.624us  1.0493ms  fused_multiply_1_kernel0
                    1.12%  1.2661ms         4  316.52us  303.37us  332.94us  fused_nn_conv2d_36_kernel0
                    1.11%  1.2549ms         2  627.44us  627.28us  627.60us  fused_nn_conv2d_22_kernel0
                    1.05%  1.1936ms         2  596.79us  595.06us  598.52us  fused_nn_conv2d_25_kernel0
                    0.98%  1.1139ms         4  278.46us  276.62us  281.39us  fused_nn_conv2d_5_kernel0
                    0.94%  1.0631ms         2  531.54us  530.45us  532.63us  fused_nn_conv2d_23_kernel0
                    0.71%  803.80us         3  267.93us  265.19us  271.24us  fused_nn_conv2d_6_kernel0
                    0.68%  770.94us         4  192.73us  190.47us  197.42us  fused_nn_conv2d_16_kernel2
                    0.65%  733.50us         1  733.50us  733.50us  733.50us  fused_nn_conv2d_21_kernel0
                    0.63%  716.22us         1  716.22us  716.22us  716.22us  fused_nn_conv2d_24_kernel0
                    0.62%  701.78us         1  701.78us  701.78us  701.78us  fused_nn_conv2d_11_kernel0
                    0.54%  610.42us         1  610.42us  610.42us  610.42us  fused_nn_conv2d_kernel0
                    0.53%  604.47us         4  151.12us  150.02us  152.13us  fused_nn_avg_pool2d_4_kernel0
                    0.44%  494.16us         1  494.16us  494.16us  494.16us  fused_nn_conv2d_41_kernel0
                    0.41%  465.71us         1  465.71us  465.71us  465.71us  fused_nn_conv2d_20_kernel0
                    0.41%  460.56us         1  460.56us  460.56us  460.56us  fused_nn_conv2d_40_kernel0
                    0.38%  430.13us         1  430.13us  430.13us  430.13us  fused_nn_conv2d_9_kernel0
                    0.36%  404.17us         1  404.17us  404.17us  404.17us  fused_nn_conv2d_2_kernel0
                    0.34%  382.77us         2  191.38us  188.26us  194.50us  fused_nn_conv2d_7_kernel0
                    0.33%  374.73us         1  374.73us  374.73us  374.73us  fused_nn_conv2d_42_kernel0
                    0.30%  340.46us         1  340.46us  340.46us  340.46us  fused_nn_conv2d_33_kernel0
                    0.28%  318.60us         1  318.60us  318.60us  318.60us  fused_nn_relu_6_kernel0
                    0.28%  317.87us         1  317.87us  317.87us  317.87us  fused_multiply_6_kernel0
                    0.27%  306.54us         1  306.54us  306.54us  306.54us  fused_nn_conv2d_38_kernel0
                    0.26%  293.55us         4  73.386us  72.995us  73.826us  fused_nn_conv2d_16_kernel3
                    0.25%  284.52us         1  284.52us  284.52us  284.52us  fused_nn_conv2d_1_kernel0
                    0.23%  262.09us         1  262.09us  262.09us  262.09us  fused_nn_conv2d_12_kernel0
                    0.22%  244.74us         1  244.74us  244.74us  244.74us  fused_nn_conv2d_19_kernel0
                    0.21%  240.84us        26  9.2630us  8.4160us  13.088us  fused_add_1_kernel0
                    0.21%  235.46us         1  235.46us  235.46us  235.46us  fused_nn_conv2d_39_kernel0
                    0.21%  234.50us         1  234.50us  234.50us  234.50us  fused_nn_dense_kernel0
                    0.20%  229.19us        12  19.099us  18.176us  19.648us  fused_add_3_kernel0
                    0.20%  228.52us         1  228.52us  228.52us  228.52us  fused_nn_avg_pool2d_3_kernel0
                    0.20%  228.04us        12  19.003us  18.017us  20.193us  fused_nn_relu_3_kernel0
                    0.20%  223.30us         1  223.30us  223.30us  223.30us  fused_add_4_kernel0
                    0.20%  222.82us         1  222.82us  222.82us  222.82us  fused_nn_relu_4_kernel0
                    0.20%  221.64us         3  73.880us  73.827us  73.955us  fused_nn_conv2d_15_kernel3
                    0.19%  220.81us         3  73.602us  72.770us  74.050us  fused_nn_conv2d_15_kernel1
                    0.19%  219.91us         1  219.91us  219.91us  219.91us  fused_multiply_4_kernel0
                    0.19%  214.47us        26  8.2480us  7.9040us  8.8320us  fused_nn_relu_1_kernel0
                    0.19%  213.83us         4  53.457us  52.450us  54.210us  fused_concatenate_2_kernel0
                    0.19%  211.05us         1  211.05us  211.05us  211.05us  fused_nn_max_pool2d_1_kernel0
                    0.18%  206.31us         1  206.31us  206.31us  206.31us  fused_nn_conv2d_18_kernel0
                    0.18%  206.05us        12  17.171us  16.576us  17.633us  fused_multiply_3_kernel0
                    0.18%  205.80us         1  205.80us  205.80us  205.80us  fused_nn_avg_pool2d_2_kernel0
                    0.18%  202.34us         1  202.34us  202.34us  202.34us  fused_nn_conv2d_35_kernel0
                    0.18%  200.71us         7  28.672us  28.161us  29.217us  fused_nn_relu_10_kernel0
                    0.18%  200.42us         7  28.631us  28.065us  29.089us  fused_add_20_kernel0
                    0.18%  199.14us         4  49.785us  49.218us  50.177us  fused_nn_conv2d_16_kernel1
                    0.17%  189.89us         7  27.127us  26.689us  27.745us  fused_multiply_15_kernel0
                    0.15%  167.33us         2  83.667us  83.619us  83.715us  fused_concatenate_4_kernel0
                    0.14%  164.10us         1  164.10us  164.10us  164.10us  fused_nn_relu_8_kernel0
                    0.14%  163.85us         1  163.85us  163.85us  163.85us  fused_nn_conv2d_14_kernel0
                    0.14%  163.81us         1  163.81us  163.81us  163.81us  fused_add_8_kernel0
                    0.14%  162.92us         1  162.92us  162.92us  162.92us  fused_multiply_8_kernel0
                    0.14%  159.56us         1  159.56us  159.56us  159.56us  fused_nn_relu_7_kernel0
                    0.14%  159.53us         1  159.53us  159.53us  159.53us  fused_add_7_kernel0
                    0.14%  158.69us         1  158.69us  158.69us  158.69us  fused_multiply_7_kernel0
                    0.14%  153.96us         1  153.96us  153.96us  153.96us  fused_nn_avg_pool2d_1_kernel0
                    0.13%  147.94us         1  147.94us  147.94us  147.94us  fused_nn_max_pool2d_kernel0
                    0.11%  123.81us         1  123.81us  123.81us  123.81us  fused_nn_conv2d_17_kernel0
                    0.11%  121.83us         3  40.609us  36.673us  42.978us  fused_nn_conv2d_15_kernel0
                    0.10%  118.40us        12  9.8670us  9.5360us  10.433us  fused_multiply_22_kernel0
                    0.09%  103.36us         4  25.840us  25.472us  26.400us  fused_nn_conv2d_16_kernel0
                    0.09%  99.908us         1  99.908us  99.908us  99.908us  fused_add_5_kernel0
                    0.09%  99.363us         1  99.363us  99.363us  99.363us  fused_nn_relu_5_kernel0
                    0.09%  96.419us         1  96.419us  96.419us  96.419us  fused_multiply_5_kernel0
                    0.08%  88.899us        12  7.4080us  7.1680us  7.6480us  fused_add_30_kernel0
                    0.07%  83.971us        12  6.9970us  6.7210us  7.3600us  fused_nn_relu_14_kernel0
                    0.07%  79.204us        60  1.3200us  1.1840us  1.6320us  fused_expand_dims_3_kernel0
                    0.07%  74.082us         1  74.082us  74.082us  74.082us  fused_concatenate_5_kernel0
                    0.05%  60.386us         2  30.193us  30.017us  30.369us  fused_concatenate_kernel0
                    0.05%  58.849us        12  4.9040us  4.2240us  5.7920us  fused_multiply_26_kernel0
                    0.05%  58.338us         1  58.338us  58.338us  58.338us  fused_nn_max_pool2d_2_kernel0
                    0.05%  56.289us        30  1.8760us  1.6640us  2.1760us  fused_add_15_kernel0
                    0.05%  55.265us        30  1.8420us  1.4720us  2.2720us  fused_divide_3_kernel0
                    0.05%  52.546us        30  1.7510us  1.4400us  2.1450us  fused_sqrt_3_kernel0
                    0.05%  51.552us        30  1.7180us  1.3760us  2.1760us  fused_negative_3_kernel0
                    0.04%  50.050us         1  50.050us  50.050us  50.050us  fused_concatenate_3_kernel0
                    0.04%  49.315us        12  4.1090us  3.9360us  4.2570us  fused_add_36_kernel0
                    0.04%  47.649us        12  3.9700us  3.9040us  4.0320us  fused_nn_relu_16_kernel0
                    0.04%  46.978us        30  1.5650us  1.3760us  2.0160us  fused_add_16_kernel0
                    0.04%  45.506us        30  1.5160us  1.2160us  2.0160us  fused_multiply_12_kernel0
                    0.04%  44.736us         6  7.4560us  7.1680us  8.0320us  fused_multiply_20_kernel0
                    0.04%  44.578us         1  44.578us  44.578us  44.578us  fused_nn_max_pool2d_4_kernel0
                    0.03%  39.009us         1  39.009us  39.009us  39.009us  fused_nn_avg_pool2d_kernel0
                    0.03%  37.472us         3  12.490us  12.224us  12.640us  fused_multiply_13_kernel0
                    0.03%  36.929us         6  6.1540us  5.9520us  6.2720us  fused_add_27_kernel0
                    0.03%  35.297us        26  1.3570us  1.2160us  1.6320us  fused_expand_dims_1_kernel0
                    0.03%  34.976us        26  1.3450us  1.2160us  1.6320us  fused_expand_dims_6_kernel0
                    0.03%  34.690us         2  17.345us  17.089us  17.601us  fused_nn_conv2d_37_kernel1
                    0.03%  34.624us         6  5.7700us  5.5360us  6.1440us  fused_nn_relu_13_kernel0
                    0.03%  32.897us         1  32.897us  32.897us  32.897us  fused_nn_softmax_kernel1
                    0.03%  32.641us         1  32.641us  32.641us  32.641us  fused_nn_max_pool2d_3_kernel0
                    0.03%  31.937us         2  15.968us  15.809us  16.128us  fused_nn_conv2d_37_kernel3
                    0.03%  31.265us        24  1.3020us  1.2160us  1.6000us  fused_expand_dims_8_kernel0
                    0.03%  29.505us         3  9.8350us  9.7290us  10.016us  fused_add_17_kernel0
                    0.02%  27.777us        13  2.1360us  1.5040us  4.8010us  fused_divide_1_kernel0
                    0.02%  27.585us         1  27.585us  27.585us  27.585us  fused_nn_avg_pool2d_5_kernel0
                    0.02%  27.264us         3  9.0880us  8.5760us  9.6320us  fused_nn_relu_9_kernel0
                    0.02%  26.849us         1  26.849us  26.849us  26.849us  fused_nn_relu_2_kernel0
                    0.02%  26.689us         1  26.689us  26.689us  26.689us  fused_add_2_kernel0
                    0.02%  25.408us        13  1.9540us  1.6000us  2.2400us  fused_sqrt_6_kernel0
                    0.02%  25.377us        13  1.9520us  1.6640us  2.2080us  fused_add_11_kernel0
                    0.02%  25.152us        13  1.9340us  1.7600us  2.1120us  fused_add_24_kernel0
                    0.02%  24.992us        13  1.9220us  1.6640us  2.0800us  fused_negative_1_kernel0
                    0.02%  24.992us        13  1.9220us  1.4720us  2.1760us  fused_sqrt_1_kernel0
                    0.02%  24.641us         1  24.641us  24.641us  24.641us  fused_multiply_2_kernel0
                    0.02%  24.450us        13  1.8800us  1.5040us  2.2720us  fused_divide_6_kernel0
                    0.02%  23.744us        12  1.9780us  1.6640us  2.1440us  fused_add_31_kernel0
                    0.02%  23.552us        13  1.8110us  1.5040us  1.9840us  fused_multiply_10_kernel0
                    0.02%  23.233us        13  1.7870us  1.6000us  1.9200us  fused_add_25_kernel0
                    0.02%  22.913us        16  1.4320us  1.2160us  2.2720us  fused_expand_dims_5_kernel0
                    0.02%  22.304us        12  1.8580us  1.4720us  2.1440us  fused_sqrt_8_kernel0
                    0.02%  21.505us        13  1.6540us  1.3760us  2.0800us  fused_negative_6_kernel0
                    0.02%  21.316us        13  1.6390us  1.3450us  1.7920us  fused_add_12_kernel0
                    0.02%  21.249us        12  1.7700us  1.5040us  2.1760us  fused_divide_8_kernel0
                    0.02%  20.672us        13  1.5900us  1.2480us  2.1440us  fused_multiply_18_kernel0
                    0.02%  20.288us        12  1.6900us  1.6320us  1.7600us  fused_negative_8_kernel0
                    0.02%  18.177us        12  1.5140us  1.3760us  1.7920us  fused_add_32_kernel0
                    0.02%  17.760us        12  1.4800us  1.2160us  1.7600us  fused_multiply_23_kernel0
                    0.02%  17.696us         1  17.696us  17.696us  17.696us  fused_concatenate_1_kernel0
                    0.01%  15.970us         8  1.9960us  1.4730us  2.2080us  fused_negative_5_kernel0
                    0.01%  15.776us         8  1.9720us  1.6960us  2.0480us  fused_add_21_kernel0
                    0.01%  15.712us         8  1.9640us  1.5040us  2.2400us  fused_divide_5_kernel0
                    0.01%  15.328us        12  1.2770us  1.1840us  1.6000us  fused_expand_dims_7_kernel0
                    0.01%  15.328us         8  1.9160us  1.4400us  2.1440us  fused_sqrt_5_kernel0
                    0.01%  14.656us         1  14.656us  14.656us  14.656us  fused_nn_softmax_kernel0
                    0.01%  14.432us         3  4.8100us  4.5760us  4.9920us  fused_multiply_kernel0
                    0.01%  14.080us         8  1.7600us  1.1840us  2.0160us  fused_multiply_16_kernel0
                    0.01%  13.792us         8  1.7240us  1.4720us  1.8560us  fused_add_22_kernel0
                    0.01%  12.128us         2  6.0640us  6.0480us  6.0800us  fused_multiply_27_kernel0
                    0.01%  11.808us         3  3.9360us  3.9360us  3.9360us  fused_add_kernel0
                    0.01%  10.944us         6  1.8240us  1.6640us  2.0800us  fused_add_28_kernel0
                    0.01%  10.880us         3  3.6260us  3.5840us  3.6480us  fused_nn_relu_kernel0
                    0.01%  10.144us         6  1.6900us  1.4400us  2.2080us  fused_sqrt_7_kernel0
                    0.01%  10.080us         6  1.6800us  1.5040us  2.1440us  fused_divide_7_kernel0
                    0.01%  10.049us         2  5.0240us  5.0240us  5.0250us  fused_add_37_kernel0
                    0.01%  9.8890us         3  3.2960us  3.2330us  3.3280us  fused_multiply_25_kernel0
                    0.01%  9.2490us         2  4.6240us  4.6080us  4.6410us  fused_nn_relu_17_kernel0
                    0.01%  9.2160us         6  1.5360us  1.3760us  1.8240us  fused_add_29_kernel0
                    0.01%  9.0570us         3  3.0190us  1.6650us  5.2160us  fused_sqrt_kernel0
                    0.01%  8.8960us         6  1.4820us  1.3120us  1.8560us  fused_negative_7_kernel0
                    0.01%  8.5440us         6  1.4240us  1.2160us  1.6320us  fused_expand_dims_9_kernel0
                    0.01%  8.5120us         6  1.4180us  1.2160us  1.6640us  fused_expand_dims_4_kernel0
                    0.01%  8.4480us         1  8.4480us  8.4480us  8.4480us  fused_multiply_17_kernel0
                    0.01%  8.2880us         6  1.3810us  1.2480us  1.6000us  fused_expand_dims_kernel0
                    0.01%  7.9040us         6  1.3170us  1.2160us  1.6320us  fused_multiply_21_kernel0
                    0.01%  7.8400us         3  2.6130us  2.5920us  2.6560us  fused_add_35_kernel0
                    0.01%  7.3610us         3  2.4530us  2.4320us  2.4650us  fused_nn_relu_15_kernel0
                    0.01%  6.5600us         1  6.5600us  6.5600us  6.5600us  fused_add_23_kernel0
                    0.01%  6.5600us         3  2.1860us  2.1440us  2.2400us  fused_divide_9_kernel0
                    0.01%  6.4650us         3  2.1550us  2.1440us  2.1760us  fused_divide_4_kernel0
                    0.01%  6.4000us         1  6.4000us  6.4000us  6.4000us  fused_multiply_19_kernel0
                    0.01%  6.4000us         3  2.1330us  2.1120us  2.1760us  fused_sqrt_4_kernel0
                    0.01%  6.3680us         3  2.1220us  2.0480us  2.1760us  fused_add_18_kernel0
                    0.01%  6.3680us         3  2.1220us  2.0800us  2.1760us  fused_add_33_kernel0
                    0.01%  6.1760us         1  6.1760us  6.1760us  6.1760us  fused_nn_relu_11_kernel0
                    0.01%  6.1120us         3  2.0370us  1.8560us  2.1440us  fused_sqrt_9_kernel0
                    0.01%  5.9850us         1  5.9850us  5.9850us  5.9850us  fused_nn_softmax_kernel3
                    0.01%  5.8240us         3  1.9410us  1.5680us  2.1440us  fused_divide_kernel0
                    0.01%  5.7610us         3  1.9200us  1.6960us  2.0490us  fused_add_9_kernel0
                    0.01%  5.7610us         3  1.9200us  1.8240us  2.0490us  fused_negative_4_kernel0
                    0.01%  5.7600us         4  1.4400us  1.2480us  1.6320us  fused_expand_dims_10_kernel0
                    0.00%  5.6320us         3  1.8770us  1.7600us  2.0480us  fused_negative_kernel0
                    0.00%  5.4090us         3  1.8030us  1.7920us  1.8250us  fused_add_34_kernel0
                    0.00%  5.3760us         3  1.7920us  1.7920us  1.7920us  fused_negative_9_kernel0
                    0.00%  5.3760us         3  1.7920us  1.7600us  1.8560us  fused_add_19_kernel0
                    0.00%  5.3440us         3  1.7810us  1.6000us  2.0160us  fused_multiply_9_kernel0
                    0.00%  5.1200us         1  5.1200us  5.1200us  5.1200us  fused_add_26_kernel0
                    0.00%  4.9290us         3  1.6430us  1.4080us  1.7610us  fused_add_10_kernel0
                    0.00%  4.8960us         3  1.6320us  1.6320us  1.6320us  fused_multiply_24_kernel0
                    0.00%  4.8640us         1  4.8640us  4.8640us  4.8640us  fused_nn_relu_12_kernel0
                    0.00%  4.8000us         3  1.6000us  1.6000us  1.6000us  fused_multiply_14_kernel0
                    0.00%  4.3850us         2  2.1920us  2.1440us  2.2410us  fused_sqrt_10_kernel0
                    0.00%  4.3520us         2  2.1760us  2.1760us  2.1760us  fused_divide_10_kernel0
                    0.00%  4.2560us         2  2.1280us  2.1120us  2.1440us  fused_add_38_kernel0
                    0.00%  3.5840us         2  1.7920us  1.7920us  1.7920us  fused_negative_10_kernel0
                    0.00%  3.5840us         2  1.7920us  1.7920us  1.7920us  fused_add_39_kernel0
                    0.00%  3.5200us         1  3.5200us  3.5200us  3.5200us  fused_nn_softmax_kernel2
                    0.00%  3.2960us         2  1.6480us  1.6320us  1.6640us  fused_multiply_28_kernel0
                    0.00%  2.8160us         2  1.4080us  1.2160us  1.6000us  fused_expand_dims_2_kernel0
                    0.00%  2.3360us         1  2.3360us  2.3360us  2.3360us  fused_nn_bias_add_kernel0
                    0.00%  2.1440us         1  2.1440us  2.1440us  2.1440us  fused_divide_2_kernel0
                    0.00%  2.1120us         1  2.1120us  2.1120us  2.1120us  fused_sqrt_2_kernel0
                    0.00%  2.0480us         1  2.0480us  2.0480us  2.0480us  fused_add_13_kernel0
                    0.00%  2.0480us         1  2.0480us  2.0480us  2.0480us  fused_negative_2_kernel0
                    0.00%  1.9200us         1  1.9200us  1.9200us  1.9200us  fused_multiply_11_kernel0
                    0.00%  1.8880us         1  1.8880us  1.8880us  1.8880us  [CUDA memcpy DtoH]
                    0.00%  1.8880us         1  1.8880us  1.8880us  1.8880us  fused_nn_batch_flatten_kernel0
                    0.00%  1.8240us         1  1.8240us  1.8240us  1.8240us  fused_add_14_kernel0
      API calls:   78.68%  1.08076s         1  1.08076s  1.08076s  1.08076s  cuModuleLoadData
                   11.57%  158.92ms       585  271.65us  2.9030us  151.86ms  cudaMalloc
                    5.43%  74.584ms       585  127.49us  3.0400us  50.848ms  cudaFree
                    3.38%  46.373ms       568  81.641us  5.7940us  8.9417ms  cudaMemcpy
                    0.39%  5.3053ms         1  5.3053ms  5.3053ms  5.3053ms  cuModuleUnload
                    0.35%  4.8648ms      1187  4.0980us  2.9950us  74.282us  cuLaunchKernel
                    0.11%  1.5264ms      2896     527ns     325ns  10.560us  cudaSetDevice
                    0.03%  454.41us      1187     382ns     289ns  5.5180us  cudaGetDevice
                    0.03%  368.61us        97  3.8000us     477ns  148.06us  cuDeviceGetAttribute
                    0.01%  198.83us         1  198.83us  198.83us  198.83us  cuDeviceTotalMem
                    0.01%  94.873us       207     458ns     269ns  1.9150us  cuModuleGetFunction
                    0.01%  74.873us         1  74.873us  74.873us  74.873us  cuDeviceGetName
                    0.00%  6.8830us         3  2.2940us  1.3230us  2.9860us  cudaDeviceGetAttribute
                    0.00%  4.4600us         1  4.4600us  4.4600us  4.4600us  cuDeviceGetPCIBusId
                    0.00%  3.3470us         2  1.6730us     611ns  2.7360us  cuDeviceGetCount
                    0.00%  1.8430us         2     921ns     510ns  1.3330us  cuDeviceGet
                    0.00%     873ns         1     873ns     873ns     873ns  cuDeviceGetUuid
