==23539== NVPROF is profiling process 23539, command: python3 /home/wml/tvm/tutorials/relay_test_net.py
==23539== Profiling application: python3 /home/wml/tvm/tutorials/relay_test_net.py
==23539== Profiling result:
            Type  Time(%)      Time     Calls       Avg       Min       Max  Name
 GPU activities:   29.70%  31.413ms       567  55.402us     832ns  2.6665ms  [CUDA memcpy HtoD]
                    8.41%  8.8916ms        12  740.96us  555.09us  1.6700ms  fused_nn_conv2d_3_kernel0
                    4.76%  5.0347ms         1  5.0347ms  5.0347ms  5.0347ms  fused_nn_conv2d_8_kernel0
                    4.66%  4.9254ms         4  1.2314ms  1.0783ms  1.6693ms  fused_nn_conv2d_31_kernel0
                    4.07%  4.3044ms         4  1.0761ms  1.0739ms  1.0785ms  fused_nn_conv2d_32_kernel0
                    3.02%  3.1958ms         1  3.1958ms  3.1958ms  3.1958ms  fused_nn_conv2d_4_kernel0
                    2.60%  2.7546ms         4  688.65us  666.87us  722.33us  fused_nn_conv2d_30_kernel0
                    2.55%  2.7002ms         4  675.05us  672.06us  677.05us  fused_nn_conv2d_27_kernel0
                    2.22%  2.3486ms         2  1.1743ms  1.1695ms  1.1790ms  fused_nn_conv2d_37_kernel0
                    2.13%  2.2539ms         4  563.47us  279.79us  1.4032ms  fused_nn_conv2d_34_kernel0
                    1.75%  1.8560ms         3  618.67us  246.41us  1.3614ms  fused_nn_conv2d_6_kernel0
                    1.74%  1.8394ms         2  919.71us  911.84us  927.58us  fused_nn_conv2d_26_kernel0
                    1.72%  1.8193ms         1  1.8193ms  1.8193ms  1.8193ms  fused_nn_conv2d_10_kernel0
                    1.71%  1.8115ms         4  452.86us  443.60us  466.35us  fused_nn_conv2d_28_kernel0
                    1.64%  1.7347ms         4  433.69us  278.57us  884.03us  fused_nn_conv2d_36_kernel0
                    1.59%  1.6794ms         2  839.69us  831.00us  848.38us  fused_nn_conv2d_29_kernel0
                    1.46%  1.5396ms         3  513.21us  502.03us  526.71us  fused_nn_conv2d_13_kernel0
                    1.34%  1.4121ms         2  706.07us  704.15us  707.99us  fused_nn_conv2d_37_kernel2
                    1.08%  1.1400ms         2  569.99us  569.84us  570.13us  fused_nn_conv2d_22_kernel0
                    1.03%  1.0854ms         2  542.69us  541.55us  543.83us  fused_nn_conv2d_25_kernel0
                    0.97%  1.0309ms         4  257.72us  249.99us  263.47us  fused_nn_conv2d_5_kernel0
                    0.91%  962.66us         2  481.33us  479.47us  483.18us  fused_nn_conv2d_23_kernel0
                    0.80%  843.77us         1  843.77us  843.77us  843.77us  fused_nn_conv2d_19_kernel0
                    0.68%  714.04us         4  178.51us  176.77us  180.13us  fused_nn_conv2d_16_kernel2
                    0.64%  676.57us         3  225.52us  218.76us  232.23us  fused_nn_conv2d_15_kernel2
                    0.63%  666.39us         1  666.39us  666.39us  666.39us  fused_nn_conv2d_24_kernel0
                    0.63%  666.13us         1  666.13us  666.13us  666.13us  fused_nn_conv2d_21_kernel0
                    0.61%  643.09us         1  643.09us  643.09us  643.09us  fused_nn_conv2d_11_kernel0
                    0.53%  562.71us         4  140.68us  140.26us  141.35us  fused_nn_avg_pool2d_4_kernel0
                    0.53%  558.87us         1  558.87us  558.87us  558.87us  fused_nn_conv2d_kernel0
                    0.44%  464.82us         1  464.82us  464.82us  464.82us  fused_nn_conv2d_41_kernel0
                    0.41%  435.89us         1  435.89us  435.89us  435.89us  fused_nn_conv2d_20_kernel0
                    0.39%  416.56us         1  416.56us  416.56us  416.56us  fused_nn_conv2d_9_kernel0
                    0.37%  393.10us         1  393.10us  393.10us  393.10us  fused_nn_conv2d_40_kernel0
                    0.35%  375.15us         1  375.15us  375.15us  375.15us  fused_nn_conv2d_2_kernel0
                    0.33%  353.93us         2  176.97us  176.55us  177.38us  fused_nn_conv2d_7_kernel0
                    0.32%  338.92us         1  338.92us  338.92us  338.92us  fused_nn_conv2d_42_kernel0
                    0.30%  320.11us         1  320.11us  320.11us  320.11us  fused_nn_relu_6_kernel0
                    0.30%  320.04us         1  320.04us  320.04us  320.04us  fused_add_6_kernel0
                    0.30%  318.79us         1  318.79us  318.79us  318.79us  fused_multiply_6_kernel0
                    0.29%  310.67us         1  310.67us  310.67us  310.67us  fused_nn_conv2d_33_kernel0
                    0.28%  294.16us         4  73.538us  73.347us  73.794us  fused_nn_conv2d_16_kernel3
                    0.28%  291.82us         1  291.82us  291.82us  291.82us  fused_nn_conv2d_38_kernel0
                    0.26%  277.35us        26  10.667us  9.6320us  11.457us  fused_multiply_1_kernel0
                    0.23%  240.07us         1  240.07us  240.07us  240.07us  fused_nn_conv2d_12_kernel0
                    0.22%  235.94us         1  235.94us  235.94us  235.94us  fused_nn_conv2d_1_kernel0
                    0.22%  233.13us         1  233.13us  233.13us  233.13us  fused_nn_dense_kernel0
                    0.21%  224.04us         1  224.04us  224.04us  224.04us  fused_add_4_kernel0
                    0.21%  223.40us         1  223.40us  223.40us  223.40us  fused_nn_relu_4_kernel0
                    0.21%  223.05us        12  18.587us  16.449us  19.553us  fused_nn_relu_3_kernel0
                    0.21%  222.02us        12  18.501us  17.889us  19.393us  fused_add_3_kernel0
                    0.21%  221.99us        26  8.5380us  7.9360us  9.2170us  fused_add_1_kernel0
                    0.21%  221.16us         3  73.719us  72.866us  74.435us  fused_nn_conv2d_15_kernel1
                    0.21%  220.58us         1  220.58us  220.58us  220.58us  fused_multiply_4_kernel0
                    0.21%  220.46us         3  73.485us  73.218us  73.826us  fused_nn_conv2d_15_kernel3
                    0.20%  213.19us         1  213.19us  213.19us  213.19us  fused_nn_conv2d_39_kernel0
                    0.20%  212.26us         1  212.26us  212.26us  212.26us  fused_nn_avg_pool2d_3_kernel0
                    0.20%  210.15us         4  52.538us  52.290us  52.770us  fused_concatenate_2_kernel0
                    0.20%  207.56us         1  207.56us  207.56us  207.56us  fused_nn_max_pool2d_1_kernel0
                    0.19%  204.23us        26  7.8540us  7.4240us  8.4160us  fused_nn_relu_1_kernel0
                    0.19%  201.32us         4  50.329us  49.505us  50.850us  fused_nn_conv2d_16_kernel1
                    0.19%  197.58us         7  28.225us  27.873us  28.449us  fused_nn_relu_10_kernel0
                    0.19%  197.51us         7  28.215us  27.681us  28.993us  fused_add_20_kernel0
                    0.19%  197.19us        12  16.432us  15.744us  17.760us  fused_multiply_3_kernel0
                    0.18%  191.21us         1  191.21us  191.21us  191.21us  fused_nn_avg_pool2d_2_kernel0
                    0.18%  189.77us         1  189.77us  189.77us  189.77us  fused_nn_conv2d_18_kernel0
                    0.18%  185.25us         7  26.464us  25.729us  27.329us  fused_multiply_15_kernel0
                    0.17%  184.90us         1  184.90us  184.90us  184.90us  fused_nn_conv2d_35_kernel0
                    0.16%  165.32us         2  82.659us  82.659us  82.659us  fused_concatenate_4_kernel0
                    0.16%  164.17us         1  164.17us  164.17us  164.17us  fused_nn_relu_8_kernel0
                    0.15%  163.85us         1  163.85us  163.85us  163.85us  fused_add_8_kernel0
                    0.15%  162.85us         1  162.85us  162.85us  162.85us  fused_multiply_8_kernel0
                    0.15%  159.85us         1  159.85us  159.85us  159.85us  fused_add_7_kernel0
                    0.15%  159.53us         1  159.53us  159.53us  159.53us  fused_nn_relu_7_kernel0
                    0.15%  158.92us         1  158.92us  158.92us  158.92us  fused_multiply_7_kernel0
                    0.14%  152.97us         1  152.97us  152.97us  152.97us  fused_nn_conv2d_14_kernel0
                    0.14%  147.75us         1  147.75us  147.75us  147.75us  fused_nn_max_pool2d_kernel0
                    0.14%  144.68us         1  144.68us  144.68us  144.68us  fused_nn_avg_pool2d_1_kernel0
                    0.11%  118.31us         3  39.436us  38.337us  40.993us  fused_nn_conv2d_15_kernel0
                    0.11%  111.49us        12  9.2910us  8.9920us  9.7290us  fused_multiply_22_kernel0
                    0.10%  105.83us         1  105.83us  105.83us  105.83us  fused_nn_conv2d_17_kernel0
                    0.09%  98.948us         1  98.948us  98.948us  98.948us  fused_nn_relu_5_kernel0
                    0.09%  98.787us         1  98.787us  98.787us  98.787us  fused_add_5_kernel0
                    0.09%  98.564us         4  24.641us  23.809us  25.121us  fused_nn_conv2d_16_kernel0
                    0.09%  97.028us         1  97.028us  97.028us  97.028us  fused_multiply_5_kernel0
                    0.08%  82.946us        12  6.9120us  6.4960us  7.4560us  fused_add_30_kernel0
                    0.08%  81.187us        60  1.3530us  1.0880us  6.5280us  fused_expand_dims_3_kernel0
                    0.08%  80.866us        12  6.7380us  6.1120us  11.680us  fused_nn_relu_14_kernel0
                    0.07%  72.738us         1  72.738us  72.738us  72.738us  fused_concatenate_5_kernel0
                    0.06%  62.785us        30  2.0920us  1.6320us  6.7520us  fused_divide_3_kernel0
                    0.05%  57.922us         1  57.922us  57.922us  57.922us  fused_nn_max_pool2d_2_kernel0
                    0.05%  57.569us         2  28.784us  28.608us  28.961us  fused_concatenate_kernel0
                    0.05%  56.738us        12  4.7280us  3.8080us  5.3440us  fused_multiply_26_kernel0
                    0.05%  56.064us        30  1.8680us  1.5680us  2.5280us  fused_add_15_kernel0
                    0.05%  55.364us        30  1.8450us  1.6000us  2.0800us  fused_sqrt_3_kernel0
                    0.05%  48.738us         1  48.738us  48.738us  48.738us  fused_concatenate_3_kernel0
                    0.04%  45.921us        30  1.5300us  1.1840us  1.8560us  fused_multiply_12_kernel0
                    0.04%  45.344us        30  1.5110us  1.2800us  1.7600us  fused_add_16_kernel0
                    0.04%  44.833us        30  1.4940us  1.2480us  2.7520us  fused_negative_3_kernel0
                    0.04%  44.452us        12  3.7040us  3.4880us  3.9050us  fused_add_36_kernel0
                    0.04%  43.169us         1  43.169us  43.169us  43.169us  fused_nn_max_pool2d_4_kernel0
                    0.04%  41.730us         6  6.9550us  6.5610us  7.9040us  fused_multiply_20_kernel0
                    0.04%  41.442us        12  3.4530us  3.2650us  3.6480us  fused_nn_relu_16_kernel0
                    0.03%  36.993us         1  36.993us  36.993us  36.993us  fused_nn_avg_pool2d_kernel0
                    0.03%  34.627us         3  11.542us  11.201us  11.777us  fused_multiply_13_kernel0
                    0.03%  33.664us         2  16.832us  16.192us  17.472us  fused_nn_conv2d_37_kernel1
                    0.03%  33.570us         6  5.5950us  5.3760us  5.8880us  fused_add_27_kernel0
                    0.03%  33.380us        26  1.2830us  1.0880us  1.5050us  fused_expand_dims_1_kernel0
                    0.03%  31.905us        26  1.2270us  1.0880us  1.5360us  fused_expand_dims_6_kernel0
                    0.03%  31.745us         1  31.745us  31.745us  31.745us  fused_nn_max_pool2d_3_kernel0
                    0.03%  31.681us         6  5.2800us  4.9920us  5.5040us  fused_nn_relu_13_kernel0
                    0.03%  30.145us         2  15.072us  14.784us  15.361us  fused_nn_conv2d_37_kernel3
                    0.03%  29.697us         1  29.697us  29.697us  29.697us  fused_nn_softmax_kernel1
                    0.03%  28.002us        24  1.1660us  1.0880us  1.5680us  fused_expand_dims_8_kernel0
                    0.03%  27.488us         3  9.1620us  9.0240us  9.3760us  fused_add_17_kernel0
                    0.03%  26.688us         1  26.688us  26.688us  26.688us  fused_add_2_kernel0
                    0.03%  26.625us         1  26.625us  26.625us  26.625us  fused_nn_relu_2_kernel0
                    0.02%  25.889us         1  25.889us  25.889us  25.889us  fused_nn_avg_pool2d_5_kernel0
                    0.02%  24.834us         3  8.2780us  8.0650us  8.4170us  fused_nn_relu_9_kernel0
                    0.02%  24.576us        13  1.8900us  1.7600us  1.9200us  fused_add_11_kernel0
                    0.02%  24.353us        13  1.8730us  1.5680us  2.0160us  fused_negative_1_kernel0
                    0.02%  24.257us        13  1.8650us  1.4400us  2.0160us  fused_divide_1_kernel0
                    0.02%  23.745us        13  1.8260us  1.3440us  2.0800us  fused_sqrt_1_kernel0
                    0.02%  23.424us        13  1.8010us  1.4080us  2.0800us  fused_divide_6_kernel0
                    0.02%  23.361us         1  23.361us  23.361us  23.361us  fused_multiply_2_kernel0
                    0.02%  23.297us        13  1.7920us  1.5680us  2.0160us  fused_add_24_kernel0
                    0.02%  21.953us        13  1.6880us  1.3760us  1.8560us  fused_multiply_10_kernel0
                    0.02%  21.730us        13  1.6710us  1.3440us  1.9840us  fused_sqrt_6_kernel0
                    0.02%  21.184us        12  1.7650us  1.6640us  2.0160us  fused_add_31_kernel0
                    0.02%  20.609us        13  1.5850us  1.3440us  2.1760us  fused_negative_6_kernel0
                    0.02%  20.224us        12  1.6850us  1.5360us  2.0800us  fused_sqrt_8_kernel0
                    0.02%  20.064us        13  1.5430us  1.2800us  1.7600us  fused_add_25_kernel0
                    0.02%  19.904us        13  1.5310us  1.2480us  1.6960us  fused_add_12_kernel0
                    0.02%  19.361us        16  1.2100us  1.0880us  1.5040us  fused_expand_dims_5_kernel0
                    0.02%  18.816us        12  1.5680us  1.3440us  2.0160us  fused_divide_8_kernel0
                    0.02%  18.176us        13  1.3980us  1.1200us  2.0480us  fused_multiply_18_kernel0
                    0.02%  17.217us         1  17.217us  17.217us  17.217us  fused_concatenate_1_kernel0
                    0.02%  16.898us        12  1.4080us  1.2490us  1.6640us  fused_negative_8_kernel0
                    0.02%  16.865us        12  1.4050us  1.2480us  1.6960us  fused_add_32_kernel0
                    0.01%  15.745us        12  1.3120us  1.1200us  1.6000us  fused_multiply_23_kernel0
                    0.01%  15.042us         8  1.8800us  1.5680us  2.0480us  fused_divide_5_kernel0
                    0.01%  14.881us         8  1.8600us  1.5040us  2.0160us  fused_negative_5_kernel0
                    0.01%  14.784us         8  1.8480us  1.6000us  1.9840us  fused_add_21_kernel0
                    0.01%  14.176us        12  1.1810us  1.0880us  1.4720us  fused_expand_dims_7_kernel0
                    0.01%  14.144us         8  1.7680us  1.3120us  2.0480us  fused_sqrt_5_kernel0
                    0.01%  13.953us         3  4.6510us  4.4810us  4.8000us  fused_multiply_kernel0
                    0.01%  13.792us         8  1.7240us  1.3760us  1.8560us  fused_multiply_16_kernel0
                    0.01%  13.760us         1  13.760us  13.760us  13.760us  fused_nn_softmax_kernel0
                    0.01%  12.704us         8  1.5880us  1.2480us  1.6960us  fused_add_22_kernel0
                    0.01%  11.649us         2  5.8240us  5.6010us  6.0480us  fused_multiply_27_kernel0
                    0.01%  10.656us         3  3.5520us  3.5200us  3.5840us  fused_add_kernel0
                    0.01%  10.241us         6  1.7060us  1.5680us  1.9200us  fused_add_28_kernel0
                    0.01%  9.9840us         3  3.3280us  3.2960us  3.3600us  fused_nn_relu_kernel0
                    0.01%  9.4400us         6  1.5730us  1.3760us  1.9840us  fused_divide_7_kernel0
                    0.01%  9.1520us         2  4.5760us  4.5760us  4.5760us  fused_add_37_kernel0
                    0.01%  9.1210us         6  1.5200us  1.3120us  1.9530us  fused_sqrt_7_kernel0
                    0.01%  8.9600us         3  2.9860us  2.9760us  3.0080us  fused_multiply_25_kernel0
                    0.01%  8.4490us         2  4.2240us  4.2240us  4.2250us  fused_nn_relu_17_kernel0
                    0.01%  8.3520us         6  1.3920us  1.2480us  1.6320us  fused_negative_7_kernel0
                    0.01%  8.2890us         6  1.3810us  1.2800us  1.6320us  fused_add_29_kernel0
                    0.01%  7.8400us         3  2.6130us  1.5360us  4.3520us  fused_sqrt_kernel0
                    0.01%  7.8080us         1  7.8080us  7.8080us  7.8080us  fused_multiply_17_kernel0
                    0.01%  7.7440us         6  1.2900us  1.0880us  1.4720us  fused_expand_dims_9_kernel0
                    0.01%  7.7120us         6  1.2850us  1.0880us  1.4720us  fused_expand_dims_4_kernel0
                    0.01%  7.6160us         6  1.2690us  1.1520us  1.5040us  fused_expand_dims_kernel0
                    0.01%  7.3920us         6  1.2320us  1.0880us  1.5040us  fused_multiply_21_kernel0
                    0.01%  7.2320us         3  2.4100us  2.4000us  2.4320us  fused_add_35_kernel0
                    0.01%  6.7200us         3  2.2400us  2.2400us  2.2400us  fused_nn_relu_15_kernel0
                    0.01%  6.1440us         1  6.1440us  6.1440us  6.1440us  fused_add_23_kernel0
                    0.01%  6.0810us         1  6.0810us  6.0810us  6.0810us  fused_multiply_19_kernel0
                    0.01%  6.0480us         3  2.0160us  2.0160us  2.0160us  fused_divide_9_kernel0
                    0.01%  6.0480us         3  2.0160us  1.9840us  2.0800us  fused_sqrt_9_kernel0
                    0.01%  5.9840us         3  1.9940us  1.9840us  2.0160us  fused_add_33_kernel0
                    0.01%  5.9200us         3  1.9730us  1.9520us  1.9840us  fused_divide_4_kernel0
                    0.01%  5.8880us         3  1.9620us  1.9520us  1.9840us  fused_sqrt_4_kernel0
                    0.01%  5.7600us         1  5.7600us  5.7600us  5.7600us  fused_nn_relu_11_kernel0
                    0.01%  5.7280us         3  1.9090us  1.8880us  1.9200us  fused_add_18_kernel0
                    0.01%  5.4730us         1  5.4730us  5.4730us  5.4730us  fused_nn_softmax_kernel3
                    0.01%  5.3760us         3  1.7920us  1.3760us  2.0160us  fused_divide_kernel0
                    0.01%  5.3440us         4  1.3360us  1.1200us  1.5680us  fused_expand_dims_10_kernel0
                    0.01%  5.3440us         3  1.7810us  1.5680us  1.8880us  fused_add_9_kernel0
                    0.00%  5.2160us         3  1.7380us  1.5680us  1.9840us  fused_negative_kernel0
                    0.00%  5.2160us         3  1.7380us  1.6000us  1.9520us  fused_negative_4_kernel0
                    0.00%  5.1530us         3  1.7170us  1.6650us  1.7920us  fused_negative_9_kernel0
                    0.00%  5.0570us         3  1.6850us  1.6650us  1.6960us  fused_add_34_kernel0
                    0.00%  4.9280us         3  1.6420us  1.6000us  1.6960us  fused_add_19_kernel0
                    0.00%  4.9280us         3  1.6420us  1.4720us  1.8560us  fused_multiply_9_kernel0
                    0.00%  4.6400us         1  4.6400us  4.6400us  4.6400us  fused_add_26_kernel0
                    0.00%  4.6080us         3  1.5360us  1.4080us  1.6000us  fused_add_10_kernel0
                    0.00%  4.5440us         3  1.5140us  1.5040us  1.5360us  fused_multiply_24_kernel0
                    0.00%  4.4480us         3  1.4820us  1.4720us  1.5040us  fused_multiply_14_kernel0
                    0.00%  4.3520us         1  4.3520us  4.3520us  4.3520us  fused_nn_relu_12_kernel0
                    0.00%  4.1930us         2  2.0960us  2.0800us  2.1130us  fused_sqrt_10_kernel0
                    0.00%  4.1600us         2  2.0800us  2.0480us  2.1120us  fused_divide_10_kernel0
                    0.00%  4.0000us         2  2.0000us  1.9840us  2.0160us  fused_add_38_kernel0
                    0.00%  3.5840us         2  1.7920us  1.7280us  1.8560us  fused_negative_10_kernel0
                    0.00%  3.4240us         1  3.4240us  3.4240us  3.4240us  fused_nn_softmax_kernel2
                    0.00%  3.4240us         2  1.7120us  1.6960us  1.7280us  fused_add_39_kernel0
                    0.00%  3.0720us         2  1.5360us  1.5360us  1.5360us  fused_multiply_28_kernel0
                    0.00%  2.5920us         2  1.2960us  1.0880us  1.5040us  fused_expand_dims_2_kernel0
                    0.00%  2.1760us         1  2.1760us  2.1760us  2.1760us  fused_nn_bias_add_kernel0
                    0.00%  2.0800us         1  2.0800us  2.0800us  2.0800us  fused_divide_2_kernel0
                    0.00%  2.0160us         1  2.0160us  2.0160us  2.0160us  fused_sqrt_2_kernel0
                    0.00%  1.9200us         1  1.9200us  1.9200us  1.9200us  fused_add_13_kernel0
                    0.00%  1.8880us         1  1.8880us  1.8880us  1.8880us  fused_negative_2_kernel0
                    0.00%  1.7920us         1  1.7920us  1.7920us  1.7920us  [CUDA memcpy DtoH]
                    0.00%  1.7600us         1  1.7600us  1.7600us  1.7600us  fused_multiply_11_kernel0
                    0.00%  1.6960us         1  1.6960us  1.6960us  1.6960us  fused_add_14_kernel0
                    0.00%  1.6320us         1  1.6320us  1.6320us  1.6320us  fused_nn_batch_flatten_kernel0
      API calls:   79.99%  1.07137s         1  1.07137s  1.07137s  1.07137s  cuModuleLoadData
                   10.52%  140.89ms       585  240.83us  2.9040us  133.91ms  cudaMalloc
                    5.06%  67.815ms       585  115.92us  2.9710us  46.809ms  cudaFree
                    3.45%  46.210ms       568  81.355us  5.9840us  8.6561ms  cudaMemcpy
                    0.41%  5.4798ms         1  5.4798ms  5.4798ms  5.4798ms  cuModuleUnload
                    0.36%  4.7875ms      1187  4.0330us  2.9920us  59.421us  cuLaunchKernel
                    0.12%  1.5954ms      2896     550ns     352ns  12.334us  cudaSetDevice
                    0.03%  432.62us      1187     364ns     308ns  1.9200us  cudaGetDevice
                    0.03%  366.38us        97  3.7770us     485ns  148.48us  cuDeviceGetAttribute
                    0.01%  182.42us         1  182.42us  182.42us  182.42us  cuDeviceTotalMem
                    0.01%  97.849us       207     472ns     278ns  2.1250us  cuModuleGetFunction
                    0.01%  82.644us         1  82.644us  82.644us  82.644us  cuDeviceGetName
                    0.00%  7.2880us         3  2.4290us  1.3510us  3.1330us  cudaDeviceGetAttribute
                    0.00%  4.7390us         1  4.7390us  4.7390us  4.7390us  cuDeviceGetPCIBusId
                    0.00%  3.9980us         2  1.9990us     530ns  3.4680us  cuDeviceGetCount
                    0.00%  2.1500us         2  1.0750us     544ns  1.6060us  cuDeviceGet
                    0.00%     879ns         1     879ns     879ns     879ns  cuDeviceGetUuid
