==23379== NVPROF is profiling process 23379, command: python3 /home/wml/tvm/tutorials/relay_test_net.py
==23379== Profiling application: python3 /home/wml/tvm/tutorials/relay_test_net.py
==23379== Profiling result:
            Type  Time(%)      Time     Calls       Avg       Min       Max  Name
 GPU activities:   31.55%  31.330ms       567  55.256us     800ns  2.6505ms  [CUDA memcpy HtoD]
                    7.16%  7.1074ms        12  592.28us  501.81us  1.5664ms  fused_nn_conv2d_3_kernel0
                    6.23%  6.1863ms         1  6.1863ms  6.1863ms  6.1863ms  fused_nn_conv2d_8_kernel0
                    3.91%  3.8812ms         4  970.30us  962.85us  985.77us  fused_nn_conv2d_32_kernel0
                    3.89%  3.8583ms         4  964.57us  962.41us  967.88us  fused_nn_conv2d_31_kernel0
                    3.55%  3.5226ms         4  880.66us  602.23us  1.6894ms  fused_nn_conv2d_27_kernel0
                    3.11%  3.0894ms         4  772.36us  608.54us  1.1922ms  fused_nn_conv2d_30_kernel0
                    2.79%  2.7696ms         1  2.7696ms  2.7696ms  2.7696ms  fused_nn_conv2d_4_kernel0
                    2.38%  2.3659ms         2  1.1829ms  1.1774ms  1.1885ms  fused_nn_conv2d_37_kernel0
                    1.71%  1.7010ms         1  1.7010ms  1.7010ms  1.7010ms  fused_nn_conv2d_10_kernel0
                    1.67%  1.6632ms         2  831.62us  831.42us  831.81us  fused_nn_conv2d_26_kernel0
                    1.67%  1.6606ms         4  415.16us  263.63us  866.37us  fused_nn_conv2d_34_kernel0
                    1.63%  1.6178ms         4  404.44us  401.94us  408.46us  fused_nn_conv2d_28_kernel0
                    1.50%  1.4907ms         2  745.37us  744.03us  746.72us  fused_nn_conv2d_29_kernel0
                    1.49%  1.4761ms         2  738.06us  436.02us  1.0401ms  fused_nn_conv2d_23_kernel0
                    1.42%  1.4118ms         2  705.92us  705.40us  706.43us  fused_nn_conv2d_37_kernel2
                    1.40%  1.3857ms         3  461.91us  448.63us  475.83us  fused_nn_conv2d_13_kernel0
                    1.05%  1.0406ms         4  260.14us  249.42us  273.29us  fused_nn_conv2d_36_kernel0
                    1.03%  1.0232ms         2  511.60us  511.51us  511.70us  fused_nn_conv2d_22_kernel0
                    0.98%  969.89us         2  484.95us  484.47us  485.43us  fused_nn_conv2d_25_kernel0
                    0.96%  953.35us         4  238.34us  234.89us  242.12us  fused_nn_conv2d_5_kernel0
                    0.69%  682.17us         3  227.39us  225.32us  229.48us  fused_nn_conv2d_6_kernel0
                    0.68%  672.86us         4  168.22us  163.88us  171.46us  fused_nn_conv2d_16_kernel2
                    0.63%  625.59us         3  208.53us  204.17us  210.73us  fused_nn_conv2d_15_kernel2
                    0.59%  583.83us         1  583.83us  583.83us  583.83us  fused_nn_conv2d_21_kernel0
                    0.59%  583.06us         1  583.06us  583.06us  583.06us  fused_nn_conv2d_24_kernel0
                    0.58%  577.40us         1  577.40us  577.40us  577.40us  fused_nn_conv2d_11_kernel0
                    0.52%  520.50us         4  130.13us  129.89us  130.34us  fused_nn_avg_pool2d_4_kernel0
                    0.49%  484.85us         1  484.85us  484.85us  484.85us  fused_nn_conv2d_kernel0
                    0.40%  400.05us         1  400.05us  400.05us  400.05us  fused_nn_conv2d_41_kernel0
                    0.39%  390.29us         1  390.29us  390.29us  390.29us  fused_nn_conv2d_20_kernel0
                    0.37%  368.62us         1  368.62us  368.62us  368.62us  fused_nn_conv2d_9_kernel0
                    0.36%  360.08us         1  360.08us  360.08us  360.08us  fused_nn_conv2d_40_kernel0
                    0.35%  343.53us         1  343.53us  343.53us  343.53us  fused_nn_conv2d_2_kernel0
                    0.32%  320.62us         1  320.62us  320.62us  320.62us  fused_add_6_kernel0
                    0.32%  319.89us         1  319.89us  319.89us  319.89us  fused_multiply_6_kernel0
                    0.32%  319.60us         1  319.60us  319.60us  319.60us  fused_nn_relu_6_kernel0
                    0.32%  318.32us         2  159.16us  157.67us  160.65us  fused_nn_conv2d_7_kernel0
                    0.31%  306.64us         1  306.64us  306.64us  306.64us  fused_nn_conv2d_42_kernel0
                    0.30%  294.16us         4  73.538us  73.123us  74.083us  fused_nn_conv2d_16_kernel3
                    0.28%  278.00us         1  278.00us  278.00us  278.00us  fused_nn_conv2d_33_kernel0
                    0.26%  261.74us        26  10.066us  9.1520us  10.784us  fused_multiply_1_kernel0
                    0.25%  252.59us         1  252.59us  252.59us  252.59us  fused_nn_conv2d_38_kernel0
                    0.24%  234.15us         1  234.15us  234.15us  234.15us  fused_nn_dense_kernel0
                    0.23%  223.72us         1  223.72us  223.72us  223.72us  fused_add_4_kernel0
                    0.22%  223.15us         1  223.15us  223.15us  223.15us  fused_nn_relu_4_kernel0
                    0.22%  221.80us         3  73.933us  73.667us  74.371us  fused_nn_conv2d_15_kernel1
                    0.22%  221.00us         3  73.667us  73.411us  74.019us  fused_nn_conv2d_15_kernel3
                    0.22%  220.87us         1  220.87us  220.87us  220.87us  fused_multiply_4_kernel0
                    0.22%  217.54us         1  217.54us  217.54us  217.54us  fused_nn_conv2d_12_kernel0
                    0.22%  216.74us        12  18.061us  16.896us  18.785us  fused_nn_relu_3_kernel0
                    0.21%  213.32us        12  17.776us  16.897us  18.720us  fused_add_3_kernel0
                    0.21%  212.84us         1  212.84us  212.84us  212.84us  fused_nn_conv2d_1_kernel0
                    0.21%  212.62us         1  212.62us  212.62us  212.62us  fused_nn_conv2d_19_kernel0
                    0.21%  208.62us         4  52.154us  51.586us  52.930us  fused_concatenate_2_kernel0
                    0.21%  207.56us         1  207.56us  207.56us  207.56us  fused_nn_max_pool2d_1_kernel0
                    0.20%  200.71us        26  7.7190us  7.0080us  8.5130us  fused_add_1_kernel0
                    0.20%  197.45us         4  49.362us  49.058us  49.826us  fused_nn_conv2d_16_kernel1
                    0.20%  196.78us         7  28.110us  27.585us  28.929us  fused_nn_relu_10_kernel0
                    0.20%  196.26us         1  196.26us  196.26us  196.26us  fused_nn_avg_pool2d_3_kernel0
                    0.20%  194.02us         1  194.02us  194.02us  194.02us  fused_nn_conv2d_39_kernel0
                    0.19%  193.39us         7  27.626us  26.977us  28.033us  fused_add_20_kernel0
                    0.19%  185.48us        12  15.456us  14.433us  16.289us  fused_multiply_3_kernel0
                    0.18%  180.55us        26  6.9440us  6.4640us  7.4880us  fused_nn_relu_1_kernel0
                    0.18%  178.50us         7  25.500us  25.281us  25.633us  fused_multiply_15_kernel0
                    0.18%  175.50us         1  175.50us  175.50us  175.50us  fused_nn_avg_pool2d_2_kernel0
                    0.17%  173.51us         1  173.51us  173.51us  173.51us  fused_nn_conv2d_18_kernel0
                    0.17%  171.24us         1  171.24us  171.24us  171.24us  fused_nn_conv2d_35_kernel0
                    0.17%  164.90us         2  82.451us  82.180us  82.723us  fused_concatenate_4_kernel0
                    0.17%  164.13us         1  164.13us  164.13us  164.13us  fused_nn_relu_8_kernel0
                    0.17%  164.10us         1  164.10us  164.10us  164.10us  fused_add_8_kernel0
                    0.16%  162.25us         1  162.25us  162.25us  162.25us  fused_multiply_8_kernel0
                    0.16%  159.88us         1  159.88us  159.88us  159.88us  fused_add_7_kernel0
                    0.16%  158.85us         1  158.85us  158.85us  158.85us  fused_nn_relu_7_kernel0
                    0.16%  158.21us         1  158.21us  158.21us  158.21us  fused_multiply_7_kernel0
                    0.15%  145.48us         1  145.48us  145.48us  145.48us  fused_nn_max_pool2d_kernel0
                    0.15%  144.52us         1  144.52us  144.52us  144.52us  fused_nn_conv2d_14_kernel0
                    0.13%  131.78us         1  131.78us  131.78us  131.78us  fused_nn_avg_pool2d_1_kernel0
                    0.11%  109.35us         3  36.449us  36.033us  36.802us  fused_nn_conv2d_15_kernel0
                    0.10%  103.14us        12  8.5950us  8.2250us  9.1520us  fused_multiply_22_kernel0
                    0.10%  98.980us         1  98.980us  98.980us  98.980us  fused_add_5_kernel0
                    0.10%  98.852us         4  24.713us  23.873us  25.633us  fused_nn_conv2d_16_kernel0
                    0.10%  98.787us         1  98.787us  98.787us  98.787us  fused_nn_conv2d_17_kernel0
                    0.10%  98.500us         1  98.500us  98.500us  98.500us  fused_nn_relu_5_kernel0
                    0.10%  96.196us         1  96.196us  96.196us  96.196us  fused_multiply_5_kernel0
                    0.08%  75.138us        12  6.2610us  5.9520us  6.9120us  fused_add_30_kernel0
                    0.07%  72.451us         1  72.451us  72.451us  72.451us  fused_concatenate_5_kernel0
                    0.07%  68.389us        12  5.6990us  5.4720us  5.8890us  fused_nn_relu_14_kernel0
                    0.06%  63.941us        60  1.0650us     928ns  1.4080us  fused_expand_dims_3_kernel0
                    0.06%  57.858us         1  57.858us  57.858us  57.858us  fused_nn_max_pool2d_2_kernel0
                    0.06%  56.802us         2  28.401us  28.033us  28.769us  fused_concatenate_kernel0
                    0.05%  53.410us        12  4.4500us  3.4880us  5.0240us  fused_multiply_26_kernel0
                    0.05%  49.956us        30  1.6650us  1.5360us  1.8880us  fused_add_15_kernel0
                    0.05%  49.250us         1  49.250us  49.250us  49.250us  fused_concatenate_3_kernel0
                    0.05%  46.338us        30  1.5440us  1.3760us  1.9520us  fused_negative_3_kernel0
                    0.04%  44.322us        30  1.4770us  1.2160us  1.9850us  fused_divide_3_kernel0
                    0.04%  42.723us        30  1.4240us  1.2160us  1.8570us  fused_sqrt_3_kernel0
                    0.04%  41.954us         1  41.954us  41.954us  41.954us  fused_nn_max_pool2d_4_kernel0
                    0.04%  40.289us        30  1.3420us  1.2160us  1.5680us  fused_add_16_kernel0
                    0.04%  39.874us        12  3.3220us  3.1680us  3.5200us  fused_add_36_kernel0
                    0.04%  39.137us        30  1.3040us  1.1200us  1.6650us  fused_multiply_12_kernel0
                    0.04%  38.211us         6  6.3680us  5.9530us  7.0730us  fused_multiply_20_kernel0
                    0.04%  36.929us        12  3.0770us  2.9440us  3.2960us  fused_nn_relu_16_kernel0
                    0.03%  33.537us         1  33.537us  33.537us  33.537us  fused_nn_avg_pool2d_kernel0
                    0.03%  32.769us         3  10.923us  10.432us  11.201us  fused_multiply_13_kernel0
                    0.03%  32.385us         2  16.192us  15.841us  16.544us  fused_nn_conv2d_37_kernel1
                    0.03%  32.321us         1  32.321us  32.321us  32.321us  fused_nn_max_pool2d_3_kernel0
                    0.03%  30.048us         6  5.0080us  4.8320us  5.2480us  fused_add_27_kernel0
                    0.03%  29.376us        26  1.1290us     992ns  1.4400us  fused_expand_dims_1_kernel0
                    0.03%  28.481us        26  1.0950us     992ns  1.3760us  fused_expand_dims_6_kernel0
                    0.03%  28.225us         6  4.7040us  4.5760us  4.8960us  fused_nn_relu_13_kernel0
                    0.03%  28.033us         2  14.016us  13.729us  14.304us  fused_nn_conv2d_37_kernel3
                    0.03%  27.873us        24  1.1610us     992ns  1.3760us  fused_expand_dims_8_kernel0
                    0.03%  27.137us         1  27.137us  27.137us  27.137us  fused_nn_relu_2_kernel0
                    0.03%  27.105us         1  27.105us  27.105us  27.105us  fused_nn_softmax_kernel1
                    0.03%  25.953us         1  25.953us  25.953us  25.953us  fused_add_2_kernel0
                    0.03%  25.826us         3  8.6080us  8.4810us  8.7690us  fused_add_17_kernel0
                    0.03%  25.057us         1  25.057us  25.057us  25.057us  fused_nn_avg_pool2d_5_kernel0
                    0.02%  23.872us         3  7.9570us  7.7120us  8.1920us  fused_nn_relu_9_kernel0
                    0.02%  22.721us         1  22.721us  22.721us  22.721us  fused_multiply_2_kernel0
                    0.02%  22.178us        13  1.7060us  1.2800us  1.9530us  fused_divide_6_kernel0
                    0.02%  22.049us        13  1.6960us  1.4400us  1.8560us  fused_add_11_kernel0
                    0.02%  21.792us        13  1.6760us  1.2160us  1.8880us  fused_divide_1_kernel0
                    0.02%  21.602us        13  1.6610us  1.4080us  1.8240us  fused_negative_1_kernel0
                    0.02%  21.472us        13  1.6510us  1.4400us  2.0800us  fused_add_24_kernel0
                    0.02%  21.313us        13  1.6390us  1.2160us  1.8560us  fused_sqrt_1_kernel0
                    0.02%  20.512us        12  1.7090us  1.5360us  1.8880us  fused_add_31_kernel0
                    0.02%  20.000us        13  1.5380us  1.2800us  1.6960us  fused_multiply_10_kernel0
                    0.02%  19.616us        13  1.5080us  1.2480us  1.8880us  fused_sqrt_6_kernel0
                    0.02%  18.432us        13  1.4170us  1.1520us  1.9840us  fused_negative_6_kernel0
                    0.02%  18.401us        13  1.4150us  1.1840us  1.6960us  fused_add_25_kernel0
                    0.02%  18.209us        12  1.5170us  1.2480us  1.8560us  fused_divide_8_kernel0
                    0.02%  17.888us        12  1.4900us  1.2160us  1.8240us  fused_sqrt_8_kernel0
                    0.02%  17.665us        13  1.3580us  1.1200us  1.5680us  fused_add_12_kernel0
                    0.02%  17.344us        16  1.0840us     992ns  1.3760us  fused_expand_dims_5_kernel0
                    0.02%  17.282us        12  1.4400us  1.2160us  1.6640us  fused_negative_8_kernel0
                    0.02%  16.961us         1  16.961us  16.961us  16.961us  fused_concatenate_1_kernel0
                    0.02%  16.512us        12  1.3760us  1.3440us  1.4720us  fused_multiply_23_kernel0
                    0.02%  16.320us        13  1.2550us  1.0240us  1.8880us  fused_multiply_18_kernel0
                    0.02%  16.096us        12  1.3410us  1.1520us  1.5360us  fused_add_32_kernel0
                    0.01%  13.216us         8  1.6520us  1.2800us  1.9200us  fused_divide_5_kernel0
                    0.01%  13.185us         8  1.6480us  1.4400us  1.8570us  fused_add_21_kernel0
                    0.01%  12.928us         8  1.6160us  1.2480us  1.8880us  fused_sqrt_5_kernel0
                    0.01%  12.704us         3  4.2340us  4.2240us  4.2560us  fused_multiply_kernel0
                    0.01%  12.704us        12  1.0580us     992ns  1.3440us  fused_expand_dims_7_kernel0
                    0.01%  12.672us         8  1.5840us  1.1520us  1.7920us  fused_negative_5_kernel0
                    0.01%  12.257us         1  12.257us  12.257us  12.257us  fused_nn_softmax_kernel0
                    0.01%  11.970us         8  1.4960us     993ns  1.7280us  fused_multiply_16_kernel0
                    0.01%  10.784us         8  1.3480us  1.1200us  1.6000us  fused_add_22_kernel0
                    0.01%  10.368us         2  5.1840us  5.0880us  5.2800us  fused_multiply_27_kernel0
                    0.01%  9.6960us         3  3.2320us  3.2000us  3.2640us  fused_add_kernel0
                    0.01%  9.5360us         6  1.5890us  1.4400us  1.8880us  fused_add_28_kernel0
                    0.01%  9.0890us         3  3.0290us  3.0080us  3.0410us  fused_nn_relu_kernel0
                    0.01%  9.0240us         6  1.5040us  1.2480us  1.9840us  fused_divide_7_kernel0
                    0.01%  8.8650us         6  1.4770us  1.2160us  1.8240us  fused_sqrt_7_kernel0
                    0.01%  8.4810us         3  2.8270us  2.7520us  2.9440us  fused_multiply_25_kernel0
                    0.01%  8.1920us         2  4.0960us  4.0320us  4.1600us  fused_add_37_kernel0
                    0.01%  7.8720us         6  1.3120us  1.1200us  1.6320us  fused_negative_7_kernel0
                    0.01%  7.6800us         3  2.5600us  1.3760us  4.5120us  fused_sqrt_kernel0
                    0.01%  7.6160us         2  3.8080us  3.8080us  3.8080us  fused_nn_relu_17_kernel0
                    0.01%  7.5520us         6  1.2580us  1.1200us  1.5360us  fused_add_29_kernel0
                    0.01%  7.3600us         1  7.3600us  7.3600us  7.3600us  fused_multiply_17_kernel0
                    0.01%  7.2640us         6  1.2100us     992ns  1.4720us  fused_expand_dims_9_kernel0
                    0.01%  7.1040us         6  1.1840us  1.0560us  1.3440us  fused_expand_dims_kernel0
                    0.01%  7.0410us         6  1.1730us     992ns  1.3760us  fused_expand_dims_4_kernel0
                    0.01%  6.8170us         6  1.1360us     993ns  1.3760us  fused_multiply_21_kernel0
                    0.01%  6.5920us         3  2.1970us  2.1760us  2.2080us  fused_add_35_kernel0
                    0.01%  6.0810us         3  2.0270us  2.0160us  2.0480us  fused_nn_relu_15_kernel0
                    0.01%  5.7280us         1  5.7280us  5.7280us  5.7280us  fused_multiply_19_kernel0
                    0.01%  5.5690us         3  1.8560us  1.8240us  1.8890us  fused_add_18_kernel0
                    0.01%  5.5370us         1  5.5370us  5.5370us  5.5370us  fused_add_23_kernel0
                    0.01%  5.5370us         3  1.8450us  1.8250us  1.8560us  fused_sqrt_9_kernel0
                    0.01%  5.5360us         3  1.8450us  1.8240us  1.8560us  fused_divide_4_kernel0
                    0.01%  5.5040us         3  1.8340us  1.7920us  1.8880us  fused_sqrt_4_kernel0
                    0.01%  5.5040us         3  1.8340us  1.7920us  1.9200us  fused_add_33_kernel0
                    0.01%  5.4080us         3  1.8020us  1.6640us  1.8880us  fused_divide_9_kernel0
                    0.01%  5.3120us         3  1.7700us  1.7600us  1.7920us  fused_negative_4_kernel0
                    0.01%  5.1210us         3  1.7070us  1.4720us  1.8560us  fused_add_9_kernel0
                    0.01%  5.1200us         1  5.1200us  5.1200us  5.1200us  fused_nn_relu_11_kernel0
                    0.01%  5.0240us         1  5.0240us  5.0240us  5.0240us  fused_nn_softmax_kernel3
                    0.01%  4.9930us         3  1.6640us  1.3120us  1.8560us  fused_divide_kernel0
                    0.00%  4.8640us         3  1.6210us  1.4720us  1.8560us  fused_negative_kernel0
                    0.00%  4.7680us         4  1.1920us  1.0240us  1.3760us  fused_expand_dims_10_kernel0
                    0.00%  4.6720us         3  1.5570us  1.5360us  1.5680us  fused_add_34_kernel0
                    0.00%  4.6080us         3  1.5360us  1.5360us  1.5360us  fused_negative_9_kernel0
                    0.00%  4.5120us         3  1.5040us  1.3760us  1.6640us  fused_multiply_9_kernel0
                    0.00%  4.4800us         3  1.4930us  1.4720us  1.5040us  fused_add_19_kernel0
                    0.00%  4.2880us         3  1.4290us  1.2800us  1.5040us  fused_add_10_kernel0
                    0.00%  4.1600us         3  1.3860us  1.3760us  1.4080us  fused_multiply_24_kernel0
                    0.00%  4.1600us         1  4.1600us  4.1600us  4.1600us  fused_add_26_kernel0
                    0.00%  4.0320us         3  1.3440us  1.3440us  1.3440us  fused_multiply_14_kernel0
                    0.00%  4.0000us         1  4.0000us  4.0000us  4.0000us  fused_nn_relu_12_kernel0
                    0.00%  3.7440us         2  1.8720us  1.8560us  1.8880us  fused_add_38_kernel0
                    0.00%  3.7120us         2  1.8560us  1.8560us  1.8560us  fused_divide_10_kernel0
                    0.00%  3.6800us         2  1.8400us  1.8240us  1.8560us  fused_sqrt_10_kernel0
                    0.00%  3.1680us         1  3.1680us  3.1680us  3.1680us  fused_nn_softmax_kernel2
                    0.00%  3.1040us         2  1.5520us  1.5360us  1.5680us  fused_add_39_kernel0
                    0.00%  3.0410us         2  1.5200us  1.5040us  1.5370us  fused_negative_10_kernel0
                    0.00%  2.7520us         2  1.3760us  1.3760us  1.3760us  fused_multiply_28_kernel0
                    0.00%  2.3680us         2  1.1840us     992ns  1.3760us  fused_expand_dims_2_kernel0
                    0.00%  2.1760us         1  2.1760us  2.1760us  2.1760us  fused_nn_bias_add_kernel0
                    0.00%  1.8880us         1  1.8880us  1.8880us  1.8880us  fused_sqrt_2_kernel0
                    0.00%  1.8560us         1  1.8560us  1.8560us  1.8560us  fused_divide_2_kernel0
                    0.00%  1.8240us         1  1.8240us  1.8240us  1.8240us  fused_negative_2_kernel0
                    0.00%  1.7920us         1  1.7920us  1.7920us  1.7920us  fused_add_13_kernel0
                    0.00%  1.7290us         1  1.7290us  1.7290us  1.7290us  [CUDA memcpy DtoH]
                    0.00%  1.6320us         1  1.6320us  1.6320us  1.6320us  fused_multiply_11_kernel0
                    0.00%  1.6000us         1  1.6000us  1.6000us  1.6000us  fused_nn_batch_flatten_kernel0
                    0.00%  1.5680us         1  1.5680us  1.5680us  1.5680us  fused_add_14_kernel0
      API calls:   80.60%  1.08081s         1  1.08081s  1.08081s  1.08081s  cuModuleLoadData
                   10.42%  139.67ms       585  238.75us  2.7960us  132.44ms  cudaMalloc
                    4.54%  60.845ms       585  104.01us  3.0370us  40.661ms  cudaFree
                    3.49%  46.842ms       568  82.467us  5.8380us  7.8623ms  cudaMemcpy
                    0.39%  5.2509ms         1  5.2509ms  5.2509ms  5.2509ms  cuModuleUnload
                    0.35%  4.7113ms      1187  3.9690us  3.1070us  57.150us  cuLaunchKernel
                    0.12%  1.5424ms      2896     532ns     329ns  35.274us  cudaSetDevice
                    0.03%  423.46us        97  4.3650us     532ns  164.83us  cuDeviceGetAttribute
                    0.03%  414.29us      1187     349ns     290ns  3.5290us  cudaGetDevice
                    0.02%  285.42us         1  285.42us  285.42us  285.42us  cuDeviceTotalMem
                    0.01%  102.07us         1  102.07us  102.07us  102.07us  cuDeviceGetName
                    0.01%  89.377us       207     431ns     257ns  1.9350us  cuModuleGetFunction
                    0.00%  7.6170us         3  2.5390us  1.2850us  3.2830us  cudaDeviceGetAttribute
                    0.00%  5.9660us         2  2.9830us  2.6260us  3.3400us  cuDeviceGetCount
                    0.00%  2.8780us         2  1.4390us  1.4320us  1.4460us  cuDeviceGet
                    0.00%  2.5470us         1  2.5470us  2.5470us  2.5470us  cuDeviceGetPCIBusId
                    0.00%  1.0180us         1  1.0180us  1.0180us  1.0180us  cuDeviceGetUuid
