==23281== NVPROF is profiling process 23281, command: python3 /home/wml/tvm/tutorials/relay_test_net.py
==23281== Profiling application: python3 /home/wml/tvm/tutorials/relay_test_net.py
==23281== Profiling result:
            Type  Time(%)      Time     Calls       Avg       Min       Max  Name
 GPU activities:   28.13%  31.330ms       567  55.254us     832ns  2.6196ms  [CUDA memcpy HtoD]
                    7.14%  7.9493ms        12  662.44us  609.18us  1.2195ms  fused_nn_conv2d_3_kernel0
                    5.96%  6.6370ms         1  6.6370ms  6.6370ms  6.6370ms  fused_nn_conv2d_8_kernel0
                    5.32%  5.9251ms         4  1.4813ms  1.1865ms  2.3415ms  fused_nn_conv2d_32_kernel0
                    4.26%  4.7456ms         4  1.1864ms  1.1829ms  1.1886ms  fused_nn_conv2d_31_kernel0
                    3.69%  4.1081ms         4  1.0270ms  734.46us  1.8790ms  fused_nn_conv2d_30_kernel0
                    3.08%  3.4321ms         1  3.4321ms  3.4321ms  3.4321ms  fused_nn_conv2d_4_kernel0
                    2.73%  3.0374ms         4  759.36us  735.90us  778.82us  fused_nn_conv2d_27_kernel0
                    2.50%  2.7821ms         2  1.3911ms  1.1543ms  1.6278ms  fused_nn_conv2d_23_kernel0
                    2.14%  2.3846ms         2  1.1923ms  1.1890ms  1.1956ms  fused_nn_conv2d_37_kernel0
                    2.09%  2.3255ms         3  775.17us  570.87us  1.1761ms  fused_nn_conv2d_13_kernel0
                    1.82%  2.0226ms         2  1.0113ms  1.0024ms  1.0202ms  fused_nn_conv2d_26_kernel0
                    1.80%  2.0008ms         1  2.0008ms  2.0008ms  2.0008ms  fused_nn_conv2d_10_kernel0
                    1.79%  1.9957ms         4  498.92us  493.30us  511.16us  fused_nn_conv2d_28_kernel0
                    1.64%  1.8234ms         2  911.70us  906.31us  917.10us  fused_nn_conv2d_29_kernel0
                    1.27%  1.4121ms         2  706.05us  704.99us  707.10us  fused_nn_conv2d_37_kernel2
                    1.13%  1.2595ms         4  314.87us  313.87us  315.28us  fused_nn_conv2d_36_kernel0
                    1.13%  1.2567ms         2  628.36us  628.00us  628.73us  fused_nn_conv2d_22_kernel0
                    1.11%  1.2374ms         4  309.35us  306.99us  311.34us  fused_nn_conv2d_34_kernel0
                    1.08%  1.1991ms         2  599.54us  599.35us  599.74us  fused_nn_conv2d_25_kernel0
                    1.00%  1.1176ms         4  279.40us  277.87us  280.84us  fused_nn_conv2d_5_kernel0
                    0.73%  813.28us         3  271.09us  269.42us  272.40us  fused_nn_conv2d_6_kernel0
                    0.68%  757.63us         4  189.41us  185.29us  194.22us  fused_nn_conv2d_16_kernel2
                    0.64%  717.57us         1  717.57us  717.57us  717.57us  fused_nn_conv2d_21_kernel0
                    0.64%  716.77us         1  716.77us  716.77us  716.77us  fused_nn_conv2d_24_kernel0
                    0.64%  713.02us         1  713.02us  713.02us  713.02us  fused_nn_conv2d_11_kernel0
                    0.63%  703.39us         3  234.46us  230.76us  236.46us  fused_nn_conv2d_15_kernel2
                    0.54%  607.00us         4  151.75us  150.70us  152.77us  fused_nn_avg_pool2d_4_kernel0
                    0.54%  604.73us         1  604.73us  604.73us  604.73us  fused_nn_conv2d_kernel0
                    0.53%  593.21us         1  593.21us  593.21us  593.21us  fused_nn_conv2d_41_kernel0
                    0.43%  477.97us         1  477.97us  477.97us  477.97us  fused_nn_conv2d_20_kernel0
                    0.39%  436.08us         1  436.08us  436.08us  436.08us  fused_nn_conv2d_40_kernel0
                    0.39%  435.57us         1  435.57us  435.57us  435.57us  fused_nn_conv2d_9_kernel0
                    0.37%  412.79us         1  412.79us  412.79us  412.79us  fused_nn_conv2d_2_kernel0
                    0.34%  378.51us         2  189.26us  188.07us  190.44us  fused_nn_conv2d_7_kernel0
                    0.34%  375.19us         1  375.19us  375.19us  375.19us  fused_nn_conv2d_42_kernel0
                    0.30%  339.12us         1  339.12us  339.12us  339.12us  fused_nn_conv2d_33_kernel0
                    0.29%  319.25us         1  319.25us  319.25us  319.25us  fused_nn_relu_6_kernel0
                    0.29%  319.21us         1  319.21us  319.21us  319.21us  fused_add_6_kernel0
                    0.29%  318.83us         1  318.83us  318.83us  318.83us  fused_multiply_6_kernel0
                    0.28%  314.64us         1  314.64us  314.64us  314.64us  fused_nn_conv2d_38_kernel0
                    0.27%  301.74us        26  11.605us  10.944us  12.448us  fused_multiply_1_kernel0
                    0.26%  294.16us         4  73.539us  73.123us  74.115us  fused_nn_conv2d_16_kernel3
                    0.26%  286.00us         1  286.00us  286.00us  286.00us  fused_nn_conv2d_1_kernel0
                    0.23%  260.97us         1  260.97us  260.97us  260.97us  fused_nn_conv2d_12_kernel0
                    0.22%  242.25us         1  242.25us  242.25us  242.25us  fused_nn_conv2d_19_kernel0
                    0.21%  235.82us         1  235.82us  235.82us  235.82us  fused_nn_conv2d_39_kernel0
                    0.21%  235.08us         1  235.08us  235.08us  235.08us  fused_nn_dense_kernel0
                    0.21%  234.83us        26  9.0310us  8.1600us  9.7600us  fused_add_1_kernel0
                    0.21%  231.31us        12  19.275us  18.401us  19.969us  fused_add_3_kernel0
                    0.21%  230.99us        12  19.248us  18.177us  20.545us  fused_nn_relu_3_kernel0
                    0.20%  227.85us         1  227.85us  227.85us  227.85us  fused_nn_avg_pool2d_3_kernel0
                    0.20%  223.53us         1  223.53us  223.53us  223.53us  fused_add_4_kernel0
                    0.20%  222.99us         1  222.99us  222.99us  222.99us  fused_nn_relu_4_kernel0
                    0.20%  220.27us         1  220.27us  220.27us  220.27us  fused_multiply_4_kernel0
                    0.20%  220.08us         3  73.358us  72.259us  74.276us  fused_nn_conv2d_15_kernel1
                    0.20%  219.75us         3  73.251us  72.771us  73.763us  fused_nn_conv2d_15_kernel3
                    0.19%  216.23us        26  8.3160us  7.8720us  8.7690us  fused_nn_relu_1_kernel0
                    0.19%  213.26us         4  53.314us  52.770us  54.050us  fused_concatenate_2_kernel0
                    0.19%  211.24us         1  211.24us  211.24us  211.24us  fused_nn_max_pool2d_1_kernel0
                    0.19%  209.45us         1  209.45us  209.45us  209.45us  fused_nn_conv2d_35_kernel0
                    0.18%  205.77us        12  17.147us  16.129us  17.985us  fused_multiply_3_kernel0
                    0.18%  205.29us         1  205.29us  205.29us  205.29us  fused_nn_avg_pool2d_2_kernel0
                    0.18%  205.10us         1  205.10us  205.10us  205.10us  fused_nn_conv2d_18_kernel0
                    0.18%  200.36us         7  28.622us  28.385us  28.929us  fused_add_20_kernel0
                    0.18%  198.95us         7  28.422us  28.194us  28.641us  fused_nn_relu_10_kernel0
                    0.18%  197.42us         4  49.354us  48.034us  50.306us  fused_nn_conv2d_16_kernel1
                    0.17%  188.27us         7  26.895us  26.625us  27.265us  fused_multiply_15_kernel0
                    0.15%  167.34us         2  83.667us  83.555us  83.780us  fused_concatenate_4_kernel0
                    0.15%  165.64us         1  165.64us  165.64us  165.64us  fused_nn_conv2d_14_kernel0
                    0.15%  164.49us         1  164.49us  164.49us  164.49us  fused_nn_relu_8_kernel0
                    0.15%  164.10us         1  164.10us  164.10us  164.10us  fused_add_8_kernel0
                    0.15%  162.85us         1  162.85us  162.85us  162.85us  fused_multiply_8_kernel0
                    0.14%  159.62us         1  159.62us  159.62us  159.62us  fused_add_7_kernel0
                    0.14%  159.21us         1  159.21us  159.21us  159.21us  fused_nn_relu_7_kernel0
                    0.14%  158.70us         1  158.70us  158.70us  158.70us  fused_multiply_7_kernel0
                    0.14%  154.18us         1  154.18us  154.18us  154.18us  fused_nn_avg_pool2d_1_kernel0
                    0.13%  147.69us         1  147.69us  147.69us  147.69us  fused_nn_max_pool2d_kernel0
                    0.11%  123.30us         3  41.100us  39.010us  42.209us  fused_nn_conv2d_15_kernel0
                    0.11%  118.60us        12  9.8820us  9.2800us  10.560us  fused_multiply_22_kernel0
                    0.10%  115.91us         1  115.91us  115.91us  115.91us  fused_nn_conv2d_17_kernel0
                    0.10%  105.89us         4  26.473us  25.793us  27.041us  fused_nn_conv2d_16_kernel0
                    0.09%  99.108us         1  99.108us  99.108us  99.108us  fused_add_5_kernel0
                    0.09%  98.693us         1  98.693us  98.693us  98.693us  fused_nn_relu_5_kernel0
                    0.09%  96.996us         1  96.996us  96.996us  96.996us  fused_multiply_5_kernel0
                    0.08%  93.126us        12  7.7600us  7.1040us  11.713us  fused_add_30_kernel0
                    0.08%  83.937us        12  6.9940us  6.7850us  7.2640us  fused_nn_relu_14_kernel0
                    0.07%  80.548us        60  1.3420us  1.2160us  1.6640us  fused_expand_dims_3_kernel0
                    0.07%  73.795us         1  73.795us  73.795us  73.795us  fused_concatenate_5_kernel0
                    0.05%  60.262us        12  5.0210us  4.1920us  5.6640us  fused_multiply_26_kernel0
                    0.05%  60.162us         2  30.081us  30.081us  30.081us  fused_concatenate_kernel0
                    0.05%  58.532us        30  1.9510us  1.6640us  2.1760us  fused_add_15_kernel0
                    0.05%  56.610us         1  56.610us  56.610us  56.610us  fused_nn_max_pool2d_2_kernel0
                    0.05%  56.324us        30  1.8770us  1.5040us  2.2400us  fused_divide_3_kernel0
                    0.05%  54.817us        30  1.8270us  1.4400us  2.2080us  fused_sqrt_3_kernel0
                    0.05%  51.715us         1  51.715us  51.715us  51.715us  fused_concatenate_3_kernel0
                    0.05%  50.274us        30  1.6750us  1.3760us  1.9200us  fused_add_16_kernel0
                    0.04%  47.908us        30  1.5960us  1.3440us  2.1440us  fused_negative_3_kernel0
                    0.04%  47.362us        12  3.9460us  3.7760us  4.2560us  fused_add_36_kernel0
                    0.04%  45.378us         1  45.378us  45.378us  45.378us  fused_nn_max_pool2d_4_kernel0
                    0.04%  45.154us        12  3.7620us  3.5840us  4.0330us  fused_nn_relu_16_kernel0
                    0.04%  44.929us         6  7.4880us  7.1690us  8.0960us  fused_multiply_20_kernel0
                    0.04%  44.578us        30  1.4850us  1.1840us  1.9840us  fused_multiply_12_kernel0
                    0.04%  40.322us         1  40.322us  40.322us  40.322us  fused_nn_avg_pool2d_kernel0
                    0.03%  37.313us         6  6.2180us  6.0490us  6.4320us  fused_add_27_kernel0
                    0.03%  37.282us         3  12.427us  12.128us  12.705us  fused_multiply_13_kernel0
                    0.03%  35.394us         2  17.697us  17.665us  17.729us  fused_nn_conv2d_37_kernel1
                    0.03%  35.234us        26  1.3550us  1.1840us  1.6320us  fused_expand_dims_1_kernel0
                    0.03%  34.721us         6  5.7860us  5.6000us  6.0800us  fused_nn_relu_13_kernel0
                    0.03%  33.858us        26  1.3020us  1.2160us  1.6320us  fused_expand_dims_6_kernel0
                    0.03%  32.962us         1  32.962us  32.962us  32.962us  fused_nn_softmax_kernel1
                    0.03%  32.930us         1  32.930us  32.930us  32.930us  fused_nn_max_pool2d_3_kernel0
                    0.03%  32.195us        24  1.3410us  1.2160us  1.6320us  fused_expand_dims_8_kernel0
                    0.03%  30.594us         2  15.297us  15.265us  15.329us  fused_nn_conv2d_37_kernel3
                    0.03%  30.145us         3  10.048us  9.7920us  10.209us  fused_add_17_kernel0
                    0.03%  28.257us        13  2.1730us  1.4400us  4.9600us  fused_sqrt_1_kernel0
                    0.02%  27.809us         1  27.809us  27.809us  27.809us  fused_nn_relu_2_kernel0
                    0.02%  27.362us         1  27.362us  27.362us  27.362us  fused_nn_avg_pool2d_5_kernel0
                    0.02%  27.298us         3  9.0990us  8.5450us  9.6640us  fused_nn_relu_9_kernel0
                    0.02%  27.233us         1  27.233us  27.233us  27.233us  fused_add_2_kernel0
                    0.02%  25.825us        13  1.9860us  1.6320us  2.1440us  fused_negative_1_kernel0
                    0.02%  25.153us        13  1.9340us  1.5040us  2.2400us  fused_divide_1_kernel0
                    0.02%  24.704us        13  1.9000us  1.6320us  2.0800us  fused_add_11_kernel0
                    0.02%  24.192us        13  1.8600us  1.6960us  2.1440us  fused_add_24_kernel0
                    0.02%  24.001us         1  24.001us  24.001us  24.001us  fused_multiply_2_kernel0
                    0.02%  23.619us        13  1.8160us  1.5040us  1.9840us  fused_multiply_10_kernel0
                    0.02%  23.456us        13  1.8040us  1.5040us  2.2400us  fused_divide_6_kernel0
                    0.02%  23.202us        13  1.7840us  1.5680us  2.1440us  fused_sqrt_6_kernel0
                    0.02%  23.072us        12  1.9220us  1.5680us  2.1120us  fused_sqrt_8_kernel0
                    0.02%  22.656us        12  1.8880us  1.6640us  2.1760us  fused_add_31_kernel0
                    0.02%  21.314us        12  1.7760us  1.5040us  2.2080us  fused_divide_8_kernel0
                    0.02%  21.250us        16  1.3280us  1.1840us  1.6330us  fused_expand_dims_5_kernel0
                    0.02%  21.089us        13  1.6220us  1.4400us  1.9200us  fused_add_25_kernel0
                    0.02%  20.864us        13  1.6040us  1.3440us  1.8240us  fused_add_12_kernel0
                    0.02%  20.705us        13  1.5920us  1.3760us  2.1770us  fused_negative_6_kernel0
                    0.02%  19.746us         8  2.4680us  1.5690us  6.0170us  fused_divide_5_kernel0
                    0.02%  19.456us        12  1.6210us  1.3760us  2.0480us  fused_add_32_kernel0
                    0.02%  19.104us        12  1.5920us  1.4400us  1.8240us  fused_negative_8_kernel0
                    0.02%  18.656us        13  1.4350us  1.2480us  1.9840us  fused_multiply_18_kernel0
                    0.02%  18.593us         1  18.593us  18.593us  18.593us  fused_concatenate_1_kernel0
                    0.02%  17.377us        12  1.4480us  1.2160us  2.1440us  fused_multiply_23_kernel0
                    0.01%  16.385us         8  2.0480us  1.9520us  2.1120us  fused_add_21_kernel0
                    0.01%  15.201us        12  1.2660us  1.1520us  1.6320us  fused_expand_dims_7_kernel0
                    0.01%  15.105us         8  1.8880us  1.3440us  2.0800us  fused_negative_5_kernel0
                    0.01%  14.753us         3  4.9170us  4.7360us  5.0570us  fused_multiply_kernel0
                    0.01%  14.720us         1  14.720us  14.720us  14.720us  fused_nn_softmax_kernel0
                    0.01%  14.400us         8  1.8000us  1.4400us  2.2080us  fused_sqrt_5_kernel0
                    0.01%  14.112us         8  1.7640us  1.4080us  1.9520us  fused_multiply_16_kernel0
                    0.01%  13.504us         8  1.6880us  1.3440us  1.8240us  fused_add_22_kernel0
                    0.01%  12.320us         2  6.1600us  5.7920us  6.5280us  fused_multiply_27_kernel0
                    0.01%  11.617us         3  3.8720us  3.8720us  3.8730us  fused_add_kernel0
                    0.01%  11.361us         6  1.8930us  1.6960us  2.0480us  fused_add_28_kernel0
                    0.01%  11.008us         3  3.6690us  3.6160us  3.7120us  fused_nn_relu_kernel0
                    0.01%  10.785us         6  1.7970us  1.2480us  3.5850us  fused_multiply_21_kernel0
                    0.01%  10.560us         6  1.7600us  1.5040us  2.1440us  fused_divide_7_kernel0
                    0.01%  10.273us         6  1.7120us  1.4720us  2.1450us  fused_sqrt_7_kernel0
                    0.01%  10.049us         2  5.0240us  4.9930us  5.0560us  fused_add_37_kernel0
                    0.01%  10.017us         3  3.3390us  3.2960us  3.3930us  fused_multiply_25_kernel0
                    0.01%  9.3120us         2  4.6560us  4.6400us  4.6720us  fused_nn_relu_17_kernel0
                    0.01%  9.0250us         6  1.5040us  1.3760us  1.7610us  fused_add_29_kernel0
                    0.01%  9.0240us         6  1.5040us  1.3440us  1.7920us  fused_negative_7_kernel0
                    0.01%  8.8330us         3  2.9440us  1.7280us  4.9920us  fused_sqrt_kernel0
                    0.01%  8.5440us         6  1.4240us  1.2160us  1.6640us  fused_expand_dims_4_kernel0
                    0.01%  8.5440us         6  1.4240us  1.2160us  1.6320us  fused_expand_dims_9_kernel0
                    0.01%  8.4800us         6  1.4130us  1.2480us  1.6000us  fused_expand_dims_kernel0
                    0.01%  8.2560us         1  8.2560us  8.2560us  8.2560us  fused_multiply_17_kernel0
                    0.01%  7.8080us         3  2.6020us  2.5920us  2.6240us  fused_add_35_kernel0
                    0.01%  7.4240us         3  2.4740us  2.4640us  2.4960us  fused_nn_relu_15_kernel0
                    0.01%  6.7200us         1  6.7200us  6.7200us  6.7200us  fused_add_23_kernel0
                    0.01%  6.4960us         1  6.4960us  6.4960us  6.4960us  fused_multiply_19_kernel0
                    0.01%  6.4960us         3  2.1650us  2.1440us  2.1760us  fused_divide_9_kernel0
                    0.01%  6.4650us         3  2.1550us  2.1440us  2.1760us  fused_divide_4_kernel0
                    0.01%  6.4320us         3  2.1440us  2.1440us  2.1440us  fused_sqrt_9_kernel0
                    0.01%  6.3040us         3  2.1010us  2.0800us  2.1440us  fused_add_33_kernel0
                    0.01%  6.2720us         3  2.0900us  2.0800us  2.1120us  fused_sqrt_4_kernel0
                    0.01%  6.2400us         1  6.2400us  6.2400us  6.2400us  fused_nn_softmax_kernel3
                    0.01%  6.2400us         1  6.2400us  6.2400us  6.2400us  fused_nn_relu_11_kernel0
                    0.01%  6.1440us         3  2.0480us  2.0480us  2.0480us  fused_add_18_kernel0
                    0.01%  5.8560us         3  1.9520us  1.5680us  2.1760us  fused_divide_kernel0
                    0.01%  5.8560us         3  1.9520us  1.7600us  2.0480us  fused_negative_4_kernel0
                    0.01%  5.7280us         3  1.9090us  1.6640us  2.0480us  fused_add_9_kernel0
                    0.01%  5.6980us         4  1.4240us  1.2480us  1.6010us  fused_expand_dims_10_kernel0
                    0.00%  5.5360us         3  1.8450us  1.6960us  2.0800us  fused_negative_kernel0
                    0.00%  5.4730us         3  1.8240us  1.6000us  2.0490us  fused_multiply_9_kernel0
                    0.00%  5.4080us         3  1.8020us  1.7920us  1.8240us  fused_add_34_kernel0
                    0.00%  5.3760us         3  1.7920us  1.7600us  1.8240us  fused_negative_9_kernel0
                    0.00%  5.3130us         3  1.7710us  1.7280us  1.8240us  fused_add_19_kernel0
                    0.00%  5.1530us         1  5.1530us  5.1530us  5.1530us  fused_add_26_kernel0
                    0.00%  4.9920us         3  1.6640us  1.5040us  1.7600us  fused_add_10_kernel0
                    0.00%  4.9280us         3  1.6420us  1.6320us  1.6640us  fused_multiply_24_kernel0
                    0.00%  4.8640us         1  4.8640us  4.8640us  4.8640us  fused_nn_relu_12_kernel0
                    0.00%  4.8320us         3  1.6100us  1.6000us  1.6320us  fused_multiply_14_kernel0
                    0.00%  4.3520us         2  2.1760us  2.1760us  2.1760us  fused_divide_10_kernel0
                    0.00%  4.2560us         2  2.1280us  2.1120us  2.1440us  fused_sqrt_10_kernel0
                    0.00%  4.1920us         2  2.0960us  2.0800us  2.1120us  fused_add_38_kernel0
                    0.00%  3.6160us         2  1.8080us  1.7920us  1.8240us  fused_add_39_kernel0
                    0.00%  3.5840us         2  1.7920us  1.7920us  1.7920us  fused_negative_10_kernel0
                    0.00%  3.5840us         1  3.5840us  3.5840us  3.5840us  fused_nn_softmax_kernel2
                    0.00%  3.2960us         2  1.6480us  1.6320us  1.6640us  fused_multiply_28_kernel0
                    0.00%  2.8800us         2  1.4400us  1.2480us  1.6320us  fused_expand_dims_2_kernel0
                    0.00%  2.4330us         1  2.4330us  2.4330us  2.4330us  fused_nn_bias_add_kernel0
                    0.00%  2.2080us         1  2.2080us  2.2080us  2.2080us  fused_sqrt_2_kernel0
                    0.00%  2.1120us         1  2.1120us  2.1120us  2.1120us  fused_divide_2_kernel0
                    0.00%  2.0480us         1  2.0480us  2.0480us  2.0480us  fused_add_13_kernel0
                    0.00%  2.0160us         1  2.0160us  2.0160us  2.0160us  fused_negative_2_kernel0
                    0.00%  1.8880us         1  1.8880us  1.8880us  1.8880us  fused_multiply_11_kernel0
                    0.00%  1.8570us         1  1.8570us  1.8570us  1.8570us  [CUDA memcpy DtoH]
                    0.00%  1.8240us         1  1.8240us  1.8240us  1.8240us  fused_add_14_kernel0
                    0.00%  1.8240us         1  1.8240us  1.8240us  1.8240us  fused_nn_batch_flatten_kernel0
      API calls:   79.90%  1.09138s         1  1.09138s  1.09138s  1.09138s  cuModuleLoadData
                   10.22%  139.60ms       585  238.64us  2.9100us  132.53ms  cudaMalloc
                    5.51%  75.327ms       585  128.76us  3.0120us  51.151ms  cudaFree
                    3.41%  46.530ms       568  81.918us  5.8870us  7.5470ms  cudaMemcpy
                    0.42%  5.6848ms         1  5.6848ms  5.6848ms  5.6848ms  cuModuleUnload
                    0.35%  4.7181ms      1187  3.9740us  3.1410us  54.033us  cuLaunchKernel
                    0.12%  1.5716ms      2896     542ns     320ns  9.2180us  cudaSetDevice
                    0.03%  414.10us      1187     348ns     292ns  1.7170us  cudaGetDevice
                    0.03%  401.14us        97  4.1350us     538ns  162.64us  cuDeviceGetAttribute
                    0.01%  201.37us         1  201.37us  201.37us  201.37us  cuDeviceTotalMem
                    0.01%  86.401us       207     417ns     247ns  1.8850us  cuModuleGetFunction
                    0.01%  78.291us         1  78.291us  78.291us  78.291us  cuDeviceGetName
                    0.00%  7.6840us         3  2.5610us  1.3830us  3.1800us  cudaDeviceGetAttribute
                    0.00%  4.6060us         1  4.6060us  4.6060us  4.6060us  cuDeviceGetPCIBusId
                    0.00%  3.1650us         2  1.5820us     707ns  2.4580us  cuDeviceGetCount
                    0.00%  1.9400us         2     970ns     572ns  1.3680us  cuDeviceGet
                    0.00%  1.0520us         1  1.0520us  1.0520us  1.0520us  cuDeviceGetUuid
