==22907== NVPROF is profiling process 22907, command: python3 /home/wml/tvm/tutorials/relay_test_net.py
==22907== Profiling application: python3 /home/wml/tvm/tutorials/relay_test_net.py
==22907== Profiling result:
            Type  Time(%)      Time     Calls       Avg       Min       Max  Name
 GPU activities:   28.56%  31.428ms       567  55.427us     864ns  2.6352ms  [CUDA memcpy HtoD]
                    7.17%  7.8896ms        12  657.47us  606.05us  1.2086ms  fused_nn_conv2d_3_kernel0
                    4.99%  5.4850ms         1  5.4850ms  5.4850ms  5.4850ms  fused_nn_conv2d_8_kernel0
                    4.25%  4.6777ms         4  1.1694ms  1.1555ms  1.1772ms  fused_nn_conv2d_32_kernel0
                    4.17%  4.5869ms         4  1.1467ms  1.0347ms  1.2009ms  fused_nn_conv2d_31_kernel0
                    3.76%  4.1381ms         4  1.0345ms  740.30us  1.8576ms  fused_nn_conv2d_27_kernel0
                    3.39%  3.7251ms         4  931.28us  762.54us  1.4005ms  fused_nn_conv2d_30_kernel0
                    3.10%  3.4119ms         1  3.4119ms  3.4119ms  3.4119ms  fused_nn_conv2d_4_kernel0
                    2.57%  2.8268ms         2  1.4134ms  1.1408ms  1.6860ms  fused_nn_conv2d_23_kernel0
                    2.15%  2.3710ms         2  1.1855ms  1.1745ms  1.1965ms  fused_nn_conv2d_37_kernel0
                    1.82%  2.0045ms         2  1.0022ms  994.04us  1.0104ms  fused_nn_conv2d_26_kernel0
                    1.78%  1.9560ms         1  1.9560ms  1.9560ms  1.9560ms  fused_nn_conv2d_10_kernel0
                    1.77%  1.9476ms         4  486.91us  484.67us  492.32us  fused_nn_conv2d_28_kernel0
                    1.67%  1.8320ms         2  916.00us  907.64us  924.37us  fused_nn_conv2d_29_kernel0
                    1.56%  1.7153ms         4  428.82us  149.64us  1.2651ms  fused_nn_avg_pool2d_4_kernel0
                    1.52%  1.6755ms         3  558.51us  548.99us  574.82us  fused_nn_conv2d_13_kernel0
                    1.28%  1.4103ms         2  705.16us  704.84us  705.48us  fused_nn_conv2d_37_kernel2
                    1.13%  1.2441ms         2  622.07us  622.02us  622.12us  fused_nn_conv2d_22_kernel0
                    1.08%  1.1878ms         2  593.89us  593.22us  594.56us  fused_nn_conv2d_25_kernel0
                    1.01%  1.1119ms         4  277.97us  274.90us  281.52us  fused_nn_conv2d_5_kernel0
                    1.00%  1.1024ms         4  275.61us  271.50us  281.20us  fused_nn_conv2d_34_kernel0
                    0.99%  1.0871ms         4  271.78us  265.84us  276.72us  fused_nn_conv2d_36_kernel0
                    0.92%  1.0138ms         1  1.0138ms  1.0138ms  1.0138ms  fused_nn_softmax_kernel3
                    0.73%  806.09us         3  268.70us  267.89us  269.97us  fused_nn_conv2d_6_kernel0
                    0.69%  754.22us         4  188.55us  186.15us  190.99us  fused_nn_conv2d_16_kernel2
                    0.66%  727.63us         1  727.63us  727.63us  727.63us  fused_nn_conv2d_24_kernel0
                    0.66%  727.59us         1  727.59us  727.59us  727.59us  fused_nn_conv2d_21_kernel0
                    0.64%  699.46us         1  699.46us  699.46us  699.46us  fused_nn_conv2d_11_kernel0
                    0.64%  698.86us         3  232.95us  229.07us  240.37us  fused_nn_conv2d_15_kernel2
                    0.48%  527.74us         1  527.74us  527.74us  527.74us  fused_nn_conv2d_kernel0
                    0.43%  476.48us         1  476.48us  476.48us  476.48us  fused_nn_conv2d_20_kernel0
                    0.43%  475.39us         1  475.39us  475.39us  475.39us  fused_nn_conv2d_41_kernel0
                    0.39%  431.64us         1  431.64us  431.64us  431.64us  fused_nn_conv2d_9_kernel0
                    0.36%  393.91us         1  393.91us  393.91us  393.91us  fused_nn_conv2d_2_kernel0
                    0.35%  383.86us         1  383.86us  383.86us  383.86us  fused_nn_conv2d_40_kernel0
                    0.34%  377.72us         2  188.86us  187.15us  190.57us  fused_nn_conv2d_7_kernel0
                    0.30%  329.08us         1  329.08us  329.08us  329.08us  fused_nn_conv2d_42_kernel0
                    0.29%  320.40us         1  320.40us  320.40us  320.40us  fused_add_6_kernel0
                    0.29%  318.80us         1  318.80us  318.80us  318.80us  fused_nn_relu_6_kernel0
                    0.29%  318.13us         1  318.13us  318.13us  318.13us  fused_multiply_6_kernel0
                    0.27%  299.09us        26  11.503us  9.8250us  12.065us  fused_multiply_1_kernel0
                    0.27%  297.58us         1  297.58us  297.58us  297.58us  fused_nn_conv2d_33_kernel0
                    0.27%  292.59us         4  73.148us  72.836us  73.669us  fused_nn_conv2d_16_kernel3
                    0.26%  289.01us         1  289.01us  289.01us  289.01us  fused_nn_conv2d_38_kernel0
                    0.24%  263.76us         1  263.76us  263.76us  263.76us  fused_nn_conv2d_1_kernel0
                    0.24%  258.61us         1  258.61us  258.61us  258.61us  fused_nn_conv2d_12_kernel0
                    0.22%  242.61us         1  242.61us  242.61us  242.61us  fused_nn_conv2d_19_kernel0
                    0.21%  233.81us         1  233.81us  233.81us  233.81us  fused_nn_dense_kernel0
                    0.21%  228.88us        12  19.073us  18.529us  19.681us  fused_add_3_kernel0
                    0.21%  227.66us        12  18.971us  18.209us  19.617us  fused_nn_relu_3_kernel0
                    0.21%  226.67us        26  8.7180us  7.1680us  9.6970us  fused_add_1_kernel0
                    0.21%  226.41us         1  226.41us  226.41us  226.41us  fused_nn_avg_pool2d_3_kernel0
                    0.20%  223.50us         1  223.50us  223.50us  223.50us  fused_add_4_kernel0
                    0.20%  222.93us         1  222.93us  222.93us  222.93us  fused_nn_relu_4_kernel0
                    0.20%  220.11us         3  73.369us  73.220us  73.636us  fused_nn_conv2d_15_kernel3
                    0.20%  220.08us         1  220.08us  220.08us  220.08us  fused_multiply_4_kernel0
                    0.20%  219.18us         3  73.060us  72.868us  73.188us  fused_nn_conv2d_15_kernel1
                    0.19%  213.42us         4  53.355us  52.899us  53.859us  fused_concatenate_2_kernel0
                    0.19%  213.35us        26  8.2050us  6.9760us  8.9600us  fused_nn_relu_1_kernel0
                    0.19%  209.80us         1  209.80us  209.80us  209.80us  fused_nn_max_pool2d_1_kernel0
                    0.19%  207.34us         1  207.34us  207.34us  207.34us  fused_nn_conv2d_39_kernel0
                    0.19%  206.99us        12  17.249us  16.609us  18.145us  fused_multiply_3_kernel0
                    0.19%  204.84us         1  204.84us  204.84us  204.84us  fused_nn_conv2d_18_kernel0
                    0.18%  203.02us         1  203.02us  203.02us  203.02us  fused_nn_avg_pool2d_2_kernel0
                    0.18%  202.22us         7  28.888us  28.034us  30.018us  fused_add_20_kernel0
                    0.18%  201.07us         4  50.266us  48.770us  51.651us  fused_nn_conv2d_16_kernel1
                    0.18%  198.61us         7  28.372us  28.002us  28.834us  fused_nn_relu_10_kernel0
                    0.17%  187.98us         7  26.854us  26.370us  27.297us  fused_multiply_15_kernel0
                    0.16%  181.29us         1  181.29us  181.29us  181.29us  fused_nn_conv2d_35_kernel0
                    0.15%  166.73us         2  83.365us  83.205us  83.525us  fused_concatenate_4_kernel0
                    0.15%  163.85us         1  163.85us  163.85us  163.85us  fused_nn_relu_8_kernel0
                    0.15%  163.63us         1  163.63us  163.63us  163.63us  fused_add_8_kernel0
                    0.15%  162.73us         1  162.73us  162.73us  162.73us  fused_nn_conv2d_14_kernel0
                    0.15%  162.51us         1  162.51us  162.51us  162.51us  fused_multiply_8_kernel0
                    0.14%  159.50us         1  159.50us  159.50us  159.50us  fused_add_7_kernel0
                    0.14%  159.40us         1  159.40us  159.40us  159.40us  fused_nn_relu_7_kernel0
                    0.14%  157.90us         1  157.90us  157.90us  157.90us  fused_multiply_7_kernel0
                    0.14%  151.69us         1  151.69us  151.69us  151.69us  fused_nn_avg_pool2d_1_kernel0
                    0.13%  148.01us         1  148.01us  148.01us  148.01us  fused_nn_max_pool2d_kernel0
                    0.11%  121.16us         3  40.386us  39.906us  41.091us  fused_nn_conv2d_15_kernel0
                    0.11%  118.50us         1  118.50us  118.50us  118.50us  fused_nn_conv2d_17_kernel0
                    0.11%  117.48us        12  9.7900us  9.2810us  10.208us  fused_multiply_22_kernel0
                    0.09%  102.18us         4  25.546us  24.866us  26.274us  fused_nn_conv2d_16_kernel0
                    0.09%  99.014us         1  99.014us  99.014us  99.014us  fused_add_5_kernel0
                    0.09%  98.405us         1  98.405us  98.405us  98.405us  fused_nn_relu_5_kernel0
                    0.09%  95.622us         1  95.622us  95.622us  95.622us  fused_multiply_5_kernel0
                    0.08%  88.646us        12  7.3870us  7.1040us  7.7120us  fused_add_30_kernel0
                    0.08%  84.164us        12  7.0130us  6.7520us  7.1680us  fused_nn_relu_14_kernel0
                    0.07%  75.908us         1  75.908us  75.908us  75.908us  fused_concatenate_5_kernel0
                    0.07%  75.427us        60  1.2570us  1.0560us  1.6320us  fused_expand_dims_3_kernel0
                    0.05%  58.242us         2  29.121us  28.961us  29.281us  fused_concatenate_kernel0
                    0.05%  57.795us         1  57.795us  57.795us  57.795us  fused_nn_max_pool2d_2_kernel0
                    0.05%  56.228us        30  1.8740us  1.6000us  2.2080us  fused_add_15_kernel0
                    0.05%  54.339us        12  4.5280us  3.6800us  5.1200us  fused_multiply_26_kernel0
                    0.05%  53.218us        30  1.7730us  1.3120us  2.2400us  fused_divide_3_kernel0
                    0.05%  52.961us        30  1.7650us  1.4400us  2.1760us  fused_sqrt_3_kernel0
                    0.05%  51.203us         1  51.203us  51.203us  51.203us  fused_concatenate_3_kernel0
                    0.04%  45.696us        30  1.5230us  1.2160us  2.0480us  fused_negative_3_kernel0
                    0.04%  45.284us        30  1.5090us  1.2160us  1.8560us  fused_add_16_kernel0
                    0.04%  45.187us         6  7.5310us  7.1370us  7.8720us  fused_multiply_20_kernel0
                    0.04%  45.058us        30  1.5010us  1.1840us  1.9200us  fused_multiply_12_kernel0
                    0.04%  42.370us         1  42.370us  42.370us  42.370us  fused_nn_max_pool2d_4_kernel0
                    0.04%  42.338us        12  3.5280us  3.4240us  3.7450us  fused_add_36_kernel0
                    0.04%  40.129us        12  3.3440us  3.2320us  3.4880us  fused_nn_relu_16_kernel0
                    0.03%  36.994us         3  12.331us  11.873us  12.577us  fused_multiply_13_kernel0
                    0.03%  36.675us         6  6.1120us  5.9530us  6.3360us  fused_add_27_kernel0
                    0.03%  35.746us         1  35.746us  35.746us  35.746us  fused_nn_avg_pool2d_kernel0
                    0.03%  35.042us        26  1.3470us  1.1520us  1.6640us  fused_expand_dims_1_kernel0
                    0.03%  34.595us         6  5.7650us  5.5680us  6.2090us  fused_nn_relu_13_kernel0
                    0.03%  32.865us        24  1.3690us  1.1840us  3.2320us  fused_expand_dims_8_kernel0
                    0.03%  32.418us         1  32.418us  32.418us  32.418us  fused_nn_max_pool2d_3_kernel0
                    0.03%  32.226us         2  16.113us  16.065us  16.161us  fused_nn_conv2d_37_kernel1
                    0.03%  31.842us        26  1.2240us  1.0560us  1.6000us  fused_expand_dims_6_kernel0
                    0.03%  29.698us        12  2.4740us  1.6640us  8.0970us  fused_add_31_kernel0
                    0.03%  29.249us         3  9.7490us  9.5040us  10.048us  fused_add_17_kernel0
                    0.03%  28.898us         2  14.449us  14.241us  14.657us  fused_nn_conv2d_37_kernel3
                    0.03%  28.897us         1  28.897us  28.897us  28.897us  fused_nn_softmax_kernel1
                    0.03%  28.768us        13  2.2120us  1.4720us  5.2480us  fused_sqrt_1_kernel0
                    0.02%  27.202us         1  27.202us  27.202us  27.202us  fused_nn_relu_2_kernel0
                    0.02%  27.074us         3  9.0240us  8.8640us  9.2170us  fused_nn_relu_9_kernel0
                    0.02%  26.786us         1  26.786us  26.786us  26.786us  fused_add_2_kernel0
                    0.02%  25.379us        13  1.9520us  1.6320us  2.1440us  fused_add_11_kernel0
                    0.02%  25.345us         1  25.345us  25.345us  25.345us  fused_nn_avg_pool2d_5_kernel0
                    0.02%  25.155us        13  1.9350us  1.6320us  2.1440us  fused_negative_1_kernel0
                    0.02%  24.866us        13  1.9120us  1.4400us  2.1440us  fused_divide_1_kernel0
                    0.02%  24.609us        13  1.8930us  1.7600us  2.0800us  fused_add_24_kernel0
                    0.02%  23.906us         1  23.906us  23.906us  23.906us  fused_multiply_2_kernel0
                    0.02%  23.041us        13  1.7720us  1.4720us  1.9850us  fused_multiply_10_kernel0
                    0.02%  22.593us        12  1.8820us  1.4720us  2.1760us  fused_divide_8_kernel0
                    0.02%  22.272us        12  1.8560us  1.4400us  2.1760us  fused_sqrt_8_kernel0
                    0.02%  21.344us        16  1.3340us  1.1840us  1.6640us  fused_expand_dims_5_kernel0
                    0.02%  21.058us        13  1.6190us  1.3440us  2.1760us  fused_divide_6_kernel0
                    0.02%  21.025us        13  1.6170us  1.4080us  2.1120us  fused_sqrt_6_kernel0
                    0.02%  20.419us        13  1.5700us  1.3120us  1.7600us  fused_add_12_kernel0
                    0.02%  20.320us        12  1.6930us  1.3760us  1.7920us  fused_add_32_kernel0
                    0.02%  20.289us        12  1.6900us  1.6000us  1.8240us  fused_negative_8_kernel0
                    0.02%  18.753us        13  1.4420us  1.2160us  2.1760us  fused_negative_6_kernel0
                    0.02%  18.593us        12  1.5490us  1.3120us  1.6960us  fused_multiply_23_kernel0
                    0.02%  18.592us        13  1.4300us  1.2480us  1.7920us  fused_add_25_kernel0
                    0.02%  17.153us         1  17.153us  17.153us  17.153us  fused_concatenate_1_kernel0
                    0.02%  16.898us        13  1.2990us  1.0880us  1.9840us  fused_multiply_18_kernel0
                    0.01%  16.449us         8  2.0560us  1.9520us  2.2080us  fused_add_21_kernel0
                    0.01%  15.810us         8  1.9760us  1.4720us  2.2410us  fused_divide_5_kernel0
                    0.01%  15.680us         8  1.9600us  1.6000us  2.1440us  fused_sqrt_5_kernel0
                    0.01%  15.296us        12  1.2740us  1.1840us  1.6000us  fused_expand_dims_7_kernel0
                    0.01%  15.072us         8  1.8840us  1.4080us  2.1440us  fused_negative_5_kernel0
                    0.01%  14.464us         3  4.8210us  4.5440us  5.1840us  fused_multiply_kernel0
                    0.01%  13.665us         8  1.7080us  1.2160us  1.9200us  fused_multiply_16_kernel0
                    0.01%  13.089us         1  13.089us  13.089us  13.089us  fused_nn_softmax_kernel0
                    0.01%  12.992us         8  1.6240us  1.3760us  1.8240us  fused_add_22_kernel0
                    0.01%  11.553us         6  1.9250us  1.7280us  2.1120us  fused_add_28_kernel0
                    0.01%  11.137us         2  5.5680us  5.4090us  5.7280us  fused_multiply_27_kernel0
                    0.01%  11.040us         6  1.8400us  1.4720us  2.2080us  fused_divide_7_kernel0
                    0.01%  10.816us         6  1.8020us  1.4720us  2.1120us  fused_sqrt_7_kernel0
                    0.01%  10.656us         3  3.5520us  3.3600us  3.8720us  fused_add_kernel0
                    0.01%  10.048us         3  3.3490us  3.1680us  3.6800us  fused_nn_relu_kernel0
                    0.01%  9.3120us         6  1.5520us  1.3760us  1.7280us  fused_add_29_kernel0
                    0.01%  8.9600us         6  1.4930us  1.3440us  1.8240us  fused_negative_7_kernel0
                    0.01%  8.8970us         3  2.9650us  1.7280us  5.0570us  fused_sqrt_kernel0
                    0.01%  8.8660us         3  2.9550us  2.9120us  3.0410us  fused_multiply_25_kernel0
                    0.01%  8.7360us         2  4.3680us  4.3520us  4.3840us  fused_add_37_kernel0
                    0.01%  8.6740us         6  1.4450us  1.2160us  1.6330us  fused_multiply_21_kernel0
                    0.01%  8.5770us         1  8.5770us  8.5770us  8.5770us  fused_multiply_17_kernel0
                    0.01%  8.4800us         6  1.4130us  1.1840us  1.6960us  fused_expand_dims_4_kernel0
                    0.01%  8.1600us         6  1.3600us  1.2480us  1.5680us  fused_expand_dims_kernel0
                    0.01%  8.1290us         2  4.0640us  4.0320us  4.0970us  fused_nn_relu_17_kernel0
                    0.01%  7.8400us         6  1.3060us  1.0880us  1.6000us  fused_expand_dims_9_kernel0
                    0.01%  7.0080us         3  2.3360us  2.3360us  2.3360us  fused_add_35_kernel0
                    0.01%  6.5290us         1  6.5290us  6.5290us  6.5290us  fused_multiply_19_kernel0
                    0.01%  6.4640us         3  2.1540us  2.1440us  2.1760us  fused_nn_relu_15_kernel0
                    0.01%  6.4010us         1  6.4010us  6.4010us  6.4010us  fused_add_23_kernel0
                    0.01%  6.3050us         3  2.1010us  2.0800us  2.1130us  fused_divide_4_kernel0
                    0.01%  6.3040us         3  2.1010us  2.0800us  2.1120us  fused_sqrt_4_kernel0
                    0.01%  6.1760us         3  2.0580us  1.9840us  2.1760us  fused_divide_9_kernel0
                    0.01%  6.0820us         3  2.0270us  1.9200us  2.2090us  fused_sqrt_9_kernel0
                    0.01%  6.0800us         3  2.0260us  1.7920us  2.1440us  fused_divide_kernel0
                    0.01%  6.0480us         1  6.0480us  6.0480us  6.0480us  fused_nn_relu_11_kernel0
                    0.01%  6.0160us         3  2.0050us  1.9840us  2.0160us  fused_add_18_kernel0
                    0.01%  5.9520us         3  1.9840us  1.9200us  2.0800us  fused_add_33_kernel0
                    0.01%  5.7610us         3  1.9200us  1.8560us  1.9840us  fused_negative_4_kernel0
                    0.01%  5.7280us         3  1.9090us  1.6960us  2.0160us  fused_add_9_kernel0
                    0.00%  5.4720us         3  1.8240us  1.7280us  2.0160us  fused_negative_kernel0
                    0.00%  5.3440us         3  1.7810us  1.6000us  1.9840us  fused_multiply_9_kernel0
                    0.00%  5.3130us         3  1.7710us  1.7600us  1.7920us  fused_add_19_kernel0
                    0.00%  5.1520us         4  1.2880us  1.0880us  1.5040us  fused_expand_dims_10_kernel0
                    0.00%  5.1520us         1  5.1520us  5.1520us  5.1520us  fused_add_26_kernel0
                    0.00%  5.0570us         3  1.6850us  1.6330us  1.7600us  fused_add_34_kernel0
                    0.00%  5.0240us         3  1.6740us  1.6320us  1.7600us  fused_negative_9_kernel0
                    0.00%  4.8640us         3  1.6210us  1.4080us  1.7280us  fused_add_10_kernel0
                    0.00%  4.8010us         1  4.8010us  4.8010us  4.8010us  fused_nn_relu_12_kernel0
                    0.00%  4.7680us         3  1.5890us  1.5680us  1.6000us  fused_multiply_14_kernel0
                    0.00%  4.6720us         3  1.5570us  1.4720us  1.6320us  fused_multiply_24_kernel0
                    0.00%  3.9680us         2  1.9840us  1.9840us  1.9840us  fused_divide_10_kernel0
                    0.00%  3.9040us         2  1.9520us  1.9520us  1.9520us  fused_sqrt_10_kernel0
                    0.00%  3.8720us         2  1.9360us  1.9200us  1.9520us  fused_add_38_kernel0
                    0.00%  3.2960us         2  1.6480us  1.6320us  1.6640us  fused_add_39_kernel0
                    0.00%  3.2650us         1  3.2650us  3.2650us  3.2650us  fused_nn_softmax_kernel2
                    0.00%  3.2640us         2  1.6320us  1.6000us  1.6640us  fused_negative_10_kernel0
                    0.00%  2.9450us         2  1.4720us  1.4720us  1.4730us  fused_multiply_28_kernel0
                    0.00%  2.8160us         2  1.4080us  1.2480us  1.5680us  fused_expand_dims_2_kernel0
                    0.00%  2.1760us         1  2.1760us  2.1760us  2.1760us  fused_sqrt_2_kernel0
                    0.00%  2.1120us         1  2.1120us  2.1120us  2.1120us  fused_negative_2_kernel0
                    0.00%  2.1120us         1  2.1120us  2.1120us  2.1120us  fused_divide_2_kernel0
                    0.00%  2.0800us         1  2.0800us  2.0800us  2.0800us  fused_nn_bias_add_kernel0
                    0.00%  2.0480us         1  2.0480us  2.0480us  2.0480us  fused_add_13_kernel0
                    0.00%  2.0160us         1  2.0160us  2.0160us  2.0160us  fused_multiply_11_kernel0
                    0.00%  2.0160us         1  2.0160us  2.0160us  2.0160us  [CUDA memcpy DtoH]
                    0.00%  1.8560us         1  1.8560us  1.8560us  1.8560us  fused_add_14_kernel0
                    0.00%  1.6010us         1  1.6010us  1.6010us  1.6010us  fused_nn_batch_flatten_kernel0
      API calls:   79.36%  1.07781s         1  1.07781s  1.07781s  1.07781s  cuModuleLoadData
                   10.93%  148.41ms       585  253.70us  2.8500us  141.22ms  cudaMalloc
                    5.29%  71.864ms       585  122.84us  2.8950us  51.033ms  cudaFree
                    3.47%  47.160ms       568  83.028us  6.0400us  7.9553ms  cudaMemcpy
                    0.40%  5.4874ms         1  5.4874ms  5.4874ms  5.4874ms  cuModuleUnload
                    0.34%  4.5853ms      1187  3.8620us  2.9690us  53.316us  cuLaunchKernel
                    0.12%  1.5688ms      2896     541ns     310ns  11.053us  cudaSetDevice
                    0.03%  424.55us      1187     357ns     293ns  1.8970us  cudaGetDevice
                    0.03%  390.59us        97  4.0260us     499ns  145.90us  cuDeviceGetAttribute
                    0.02%  208.30us         1  208.30us  208.30us  208.30us  cuDeviceTotalMem
                    0.01%  92.638us       207     447ns     267ns  1.7580us  cuModuleGetFunction
                    0.01%  73.743us         1  73.743us  73.743us  73.743us  cuDeviceGetName
                    0.00%  7.6200us         3  2.5400us  1.6720us  3.0910us  cudaDeviceGetAttribute
                    0.00%  4.8040us         2  2.4020us  1.2420us  3.5620us  cuDeviceGetCount
                    0.00%  3.5620us         1  3.5620us  3.5620us  3.5620us  cuDeviceGetPCIBusId
                    0.00%  1.8460us         2     923ns     593ns  1.2530us  cuDeviceGet
                    0.00%  1.0090us         1  1.0090us  1.0090us  1.0090us  cuDeviceGetUuid
