==22998== NVPROF is profiling process 22998, command: python3 /home/wml/tvm/tutorials/relay_test_net.py
==22998== Profiling application: python3 /home/wml/tvm/tutorials/relay_test_net.py
==22998== Profiling result:
            Type  Time(%)      Time     Calls       Avg       Min       Max  Name
 GPU activities:   30.29%  31.298ms       567  55.198us     832ns  2.6185ms  [CUDA memcpy HtoD]
                    7.30%  7.5385ms        12  628.21us  534.33us  1.6346ms  fused_nn_conv2d_3_kernel0
                    5.74%  5.9292ms         1  5.9292ms  5.9292ms  5.9292ms  fused_nn_conv2d_8_kernel0
                    5.07%  5.2339ms         4  1.3085ms  1.0318ms  2.1162ms  fused_nn_conv2d_32_kernel0
                    4.01%  4.1406ms         4  1.0351ms  1.0288ms  1.0530ms  fused_nn_conv2d_31_kernel0
                    3.98%  4.1138ms         1  4.1138ms  4.1138ms  4.1138ms  fused_nn_conv2d_4_kernel0
                    2.54%  2.6257ms         4  656.44us  639.01us  685.77us  fused_nn_conv2d_30_kernel0
                    2.50%  2.5844ms         4  646.09us  640.39us  651.91us  fused_nn_conv2d_27_kernel0
                    2.27%  2.3503ms         2  1.1752ms  868.27us  1.4820ms  fused_nn_conv2d_26_kernel0
                    2.26%  2.3390ms         2  1.1695ms  1.1678ms  1.1711ms  fused_nn_conv2d_37_kernel0
                    1.72%  1.7817ms         1  1.7817ms  1.7817ms  1.7817ms  fused_nn_conv2d_10_kernel0
                    1.68%  1.7326ms         4  433.14us  426.84us  447.54us  fused_nn_conv2d_28_kernel0
                    1.55%  1.5972ms         2  798.62us  798.25us  798.99us  fused_nn_conv2d_29_kernel0
                    1.46%  1.5107ms         3  503.57us  495.26us  507.90us  fused_nn_conv2d_13_kernel0
                    1.37%  1.4118ms         2  705.89us  705.57us  706.21us  fused_nn_conv2d_37_kernel2
                    1.08%  1.1138ms         4  278.44us  270.48us  287.63us  fused_nn_conv2d_34_kernel0
                    1.06%  1.0936ms         2  546.80us  546.78us  546.81us  fused_nn_conv2d_22_kernel0
                    1.06%  1.0925ms         4  273.12us  264.40us  276.24us  fused_nn_conv2d_36_kernel0
                    1.01%  1.0397ms         2  519.85us  518.49us  521.21us  fused_nn_conv2d_25_kernel0
                    0.98%  1.0165ms         1  1.0165ms  1.0165ms  1.0165ms  fused_nn_conv2d_20_kernel0
                    0.96%  991.54us         4  247.89us  243.18us  251.76us  fused_nn_conv2d_5_kernel0
                    0.90%  933.39us         2  466.70us  465.69us  467.71us  fused_nn_conv2d_23_kernel0
                    0.76%  785.67us         1  785.67us  785.67us  785.67us  fused_nn_relu_4_kernel0
                    0.70%  720.62us         3  240.21us  237.68us  241.87us  fused_nn_conv2d_6_kernel0
                    0.66%  678.05us         4  169.51us  168.01us  173.13us  fused_nn_conv2d_16_kernel2
                    0.62%  645.38us         3  215.13us  209.71us  218.12us  fused_nn_conv2d_15_kernel2
                    0.62%  639.01us         1  639.01us  639.01us  639.01us  fused_nn_conv2d_24_kernel0
                    0.62%  638.24us         1  638.24us  638.24us  638.24us  fused_nn_conv2d_21_kernel0
                    0.59%  611.87us         1  611.87us  611.87us  611.87us  fused_nn_conv2d_11_kernel0
                    0.53%  547.36us         4  136.84us  136.14us  138.12us  fused_nn_avg_pool2d_4_kernel0
                    0.51%  526.78us         1  526.78us  526.78us  526.78us  fused_nn_conv2d_kernel0
                    0.47%  483.87us         1  483.87us  483.87us  483.87us  fused_nn_conv2d_41_kernel0
                    0.40%  415.38us         1  415.38us  415.38us  415.38us  fused_nn_conv2d_9_kernel0
                    0.39%  403.00us         1  403.00us  403.00us  403.00us  fused_nn_conv2d_40_kernel0
                    0.36%  368.88us         1  368.88us  368.88us  368.88us  fused_nn_conv2d_2_kernel0
                    0.32%  334.55us         2  167.27us  166.63us  167.91us  fused_nn_conv2d_7_kernel0
                    0.32%  327.60us         1  327.60us  327.60us  327.60us  fused_nn_conv2d_42_kernel0
                    0.31%  320.18us         1  320.18us  320.18us  320.18us  fused_add_6_kernel0
                    0.31%  318.96us         1  318.96us  318.96us  318.96us  fused_nn_relu_6_kernel0
                    0.31%  318.90us         1  318.90us  318.90us  318.90us  fused_multiply_6_kernel0
                    0.29%  295.89us         1  295.89us  295.89us  295.89us  fused_nn_conv2d_33_kernel0
                    0.28%  294.19us         4  73.548us  73.284us  73.732us  fused_nn_conv2d_16_kernel3
                    0.27%  273.97us        26  10.537us  9.6650us  11.233us  fused_multiply_1_kernel0
                    0.26%  267.73us         1  267.73us  267.73us  267.73us  fused_nn_conv2d_38_kernel0
                    0.24%  252.11us         1  252.11us  252.11us  252.11us  fused_nn_conv2d_1_kernel0
                    0.23%  234.83us         1  234.83us  234.83us  234.83us  fused_nn_dense_kernel0
                    0.22%  230.06us         1  230.06us  230.06us  230.06us  fused_nn_conv2d_12_kernel0
                    0.22%  223.85us         1  223.85us  223.85us  223.85us  fused_add_4_kernel0
                    0.21%  221.55us        12  18.462us  17.792us  19.393us  fused_nn_relu_3_kernel0
                    0.21%  220.91us         1  220.91us  220.91us  220.91us  fused_multiply_4_kernel0
                    0.21%  220.81us         1  220.81us  220.81us  220.81us  fused_nn_conv2d_19_kernel0
                    0.21%  220.43us        12  18.369us  17.345us  18.977us  fused_add_3_kernel0
                    0.21%  219.82us         3  73.273us  73.156us  73.476us  fused_nn_conv2d_15_kernel3
                    0.21%  218.99us         3  72.995us  72.356us  73.572us  fused_nn_conv2d_15_kernel1
                    0.21%  215.18us        26  8.2760us  7.4890us  8.9280us  fused_add_1_kernel0
                    0.20%  210.09us         1  210.09us  210.09us  210.09us  fused_nn_max_pool2d_1_kernel0
                    0.20%  208.40us         4  52.099us  51.811us  52.355us  fused_concatenate_2_kernel0
                    0.20%  206.51us         1  206.51us  206.51us  206.51us  fused_nn_avg_pool2d_3_kernel0
                    0.20%  205.96us         1  205.96us  205.96us  205.96us  fused_nn_conv2d_39_kernel0
                    0.19%  200.33us         4  50.083us  49.603us  51.267us  fused_nn_conv2d_16_kernel1
                    0.19%  196.94us         7  28.134us  27.650us  29.282us  fused_nn_relu_10_kernel0
                    0.19%  195.76us         7  27.965us  27.489us  28.354us  fused_add_20_kernel0
                    0.19%  192.71us        26  7.4110us  6.7840us  8.0640us  fused_nn_relu_1_kernel0
                    0.19%  191.21us        12  15.934us  15.265us  17.185us  fused_multiply_3_kernel0
                    0.18%  187.79us         1  187.79us  187.79us  187.79us  fused_nn_avg_pool2d_2_kernel0
                    0.18%  186.28us         1  186.28us  186.28us  186.28us  fused_nn_conv2d_35_kernel0
                    0.18%  185.83us         1  185.83us  185.83us  185.83us  fused_nn_conv2d_18_kernel0
                    0.18%  181.39us         7  25.912us  25.410us  26.722us  fused_multiply_15_kernel0
                    0.16%  165.26us         2  82.629us  82.341us  82.917us  fused_concatenate_4_kernel0
                    0.16%  164.04us         1  164.04us  164.04us  164.04us  fused_nn_relu_8_kernel0
                    0.16%  163.91us         1  163.91us  163.91us  163.91us  fused_add_8_kernel0
                    0.16%  162.34us         1  162.34us  162.34us  162.34us  fused_multiply_8_kernel0
                    0.15%  159.53us         1  159.53us  159.53us  159.53us  fused_add_7_kernel0
                    0.15%  159.34us         1  159.34us  159.34us  159.34us  fused_nn_relu_7_kernel0
                    0.15%  158.12us         1  158.12us  158.12us  158.12us  fused_multiply_7_kernel0
                    0.14%  148.10us         1  148.10us  148.10us  148.10us  fused_nn_conv2d_14_kernel0
                    0.14%  144.71us         1  144.71us  144.71us  144.71us  fused_nn_max_pool2d_kernel0
                    0.14%  139.62us         1  139.62us  139.62us  139.62us  fused_nn_avg_pool2d_1_kernel0
                    0.11%  118.38us         3  39.458us  38.211us  40.995us  fused_nn_conv2d_15_kernel0
                    0.10%  105.99us        12  8.8320us  8.4810us  9.2800us  fused_multiply_22_kernel0
                    0.10%  104.01us         1  104.01us  104.01us  104.01us  fused_nn_conv2d_17_kernel0
                    0.10%  101.38us         4  25.345us  24.833us  25.953us  fused_nn_conv2d_16_kernel0
                    0.10%  99.109us         1  99.109us  99.109us  99.109us  fused_nn_relu_5_kernel0
                    0.10%  98.789us         1  98.789us  98.789us  98.789us  fused_add_5_kernel0
                    0.09%  96.165us         1  96.165us  96.165us  96.165us  fused_multiply_5_kernel0
                    0.08%  77.926us        12  6.4930us  6.2730us  6.9440us  fused_add_30_kernel0
                    0.07%  72.740us         1  72.740us  72.740us  72.740us  fused_concatenate_5_kernel0
                    0.07%  72.707us        12  6.0580us  5.8240us  6.3040us  fused_nn_relu_14_kernel0
                    0.07%  69.287us        60  1.1540us  1.0240us  1.8880us  fused_expand_dims_3_kernel0
                    0.06%  57.315us         1  57.315us  57.315us  57.315us  fused_nn_max_pool2d_2_kernel0
                    0.06%  57.059us         2  28.529us  28.002us  29.057us  fused_concatenate_kernel0
                    0.05%  54.885us        12  4.5730us  3.7130us  5.3440us  fused_multiply_26_kernel0
                    0.05%  50.789us        30  1.6920us  1.4720us  2.0160us  fused_add_15_kernel0
                    0.05%  49.539us         1  49.539us  49.539us  49.539us  fused_concatenate_3_kernel0
                    0.05%  48.608us        30  1.6200us  1.3120us  2.0480us  fused_divide_3_kernel0
                    0.05%  47.587us        30  1.5860us  1.3120us  1.9840us  fused_sqrt_3_kernel0
                    0.04%  44.323us        30  1.4770us  1.1840us  1.9520us  fused_negative_3_kernel0
                    0.04%  42.368us        30  1.4120us  1.2160us  1.6960us  fused_add_16_kernel0
                    0.04%  42.275us        12  3.5220us  3.3920us  3.7130us  fused_add_36_kernel0
                    0.04%  42.018us         1  42.018us  42.018us  42.018us  fused_nn_max_pool2d_4_kernel0
                    0.04%  40.673us        30  1.3550us  1.0560us  1.7280us  fused_multiply_12_kernel0
                    0.04%  40.641us         6  6.7730us  6.3040us  7.4560us  fused_multiply_20_kernel0
                    0.04%  39.265us        12  3.2720us  3.1040us  3.5200us  fused_nn_relu_16_kernel0
                    0.04%  36.386us         1  36.386us  36.386us  36.386us  fused_nn_max_pool2d_3_kernel0
                    0.04%  36.226us         1  36.226us  36.226us  36.226us  fused_nn_avg_pool2d_kernel0
                    0.03%  35.873us        26  1.3790us  1.0560us  5.2160us  fused_expand_dims_1_kernel0
                    0.03%  34.082us         3  11.360us  11.040us  11.649us  fused_multiply_13_kernel0
                    0.03%  33.666us         2  16.833us  16.801us  16.865us  fused_nn_conv2d_37_kernel1
                    0.03%  32.160us         6  5.3600us  5.0880us  5.6640us  fused_add_27_kernel0
                    0.03%  30.272us        26  1.1640us  1.0560us  1.5040us  fused_expand_dims_6_kernel0
                    0.03%  30.242us         6  5.0400us  4.8640us  5.3450us  fused_nn_relu_13_kernel0
                    0.03%  29.154us         1  29.154us  29.154us  29.154us  fused_nn_softmax_kernel1
                    0.03%  29.120us         2  14.560us  14.528us  14.592us  fused_nn_conv2d_37_kernel3
                    0.03%  28.514us        24  1.1880us  1.0560us  1.5040us  fused_expand_dims_8_kernel0
                    0.03%  27.266us         3  9.0880us  8.8320us  9.4410us  fused_add_17_kernel0
                    0.03%  26.850us         1  26.850us  26.850us  26.850us  fused_add_2_kernel0
                    0.03%  26.689us         1  26.689us  26.689us  26.689us  fused_nn_relu_2_kernel0
                    0.02%  25.313us         1  25.313us  25.313us  25.313us  fused_nn_avg_pool2d_5_kernel0
                    0.02%  24.161us         3  8.0530us  7.6800us  8.5440us  fused_nn_relu_9_kernel0
                    0.02%  23.425us        13  1.8010us  1.5040us  1.9210us  fused_add_11_kernel0
                    0.02%  23.170us        13  1.7820us  1.3760us  1.9840us  fused_divide_1_kernel0
                    0.02%  22.817us         1  22.817us  22.817us  22.817us  fused_multiply_2_kernel0
                    0.02%  22.754us        13  1.7500us  1.4410us  1.9520us  fused_negative_1_kernel0
                    0.02%  21.953us        13  1.6880us  1.5360us  2.0160us  fused_add_24_kernel0
                    0.02%  21.697us        13  1.6690us  1.2800us  1.9520us  fused_sqrt_1_kernel0
                    0.02%  21.377us        13  1.6440us  1.3440us  1.9200us  fused_multiply_10_kernel0
                    0.02%  20.769us        13  1.5970us  1.3440us  2.0160us  fused_divide_6_kernel0
                    0.02%  20.321us        13  1.5630us  1.3120us  2.0160us  fused_sqrt_6_kernel0
                    0.02%  19.872us        12  1.6560us  1.5040us  1.9200us  fused_add_31_kernel0
                    0.02%  19.778us        16  1.2360us  1.0560us  1.5040us  fused_expand_dims_5_kernel0
                    0.02%  19.360us        13  1.4890us  1.1840us  1.7280us  fused_add_12_kernel0
                    0.02%  19.232us        13  1.4790us  1.2480us  1.9840us  fused_negative_6_kernel0
                    0.02%  19.040us        12  1.5860us  1.2800us  1.9200us  fused_sqrt_8_kernel0
                    0.02%  18.690us        12  1.5570us  1.3120us  2.0160us  fused_divide_8_kernel0
                    0.02%  18.530us        13  1.4250us  1.2480us  1.6960us  fused_add_25_kernel0
                    0.02%  18.017us        13  1.3850us  1.1200us  1.9200us  fused_multiply_18_kernel0
                    0.02%  17.601us        12  1.4660us  1.2160us  1.6320us  fused_add_32_kernel0
                    0.02%  17.569us         1  17.569us  17.569us  17.569us  fused_concatenate_1_kernel0
                    0.02%  16.769us        12  1.3970us  1.2160us  1.5690us  fused_negative_8_kernel0
                    0.01%  15.425us         8  1.9280us  1.8880us  2.0160us  fused_sqrt_5_kernel0
                    0.01%  15.330us         8  1.9160us  1.8240us  2.0160us  fused_divide_5_kernel0
                    0.01%  14.816us        12  1.2340us  1.0560us  1.5360us  fused_multiply_23_kernel0
                    0.01%  14.336us         8  1.7920us  1.6000us  1.9200us  fused_add_21_kernel0
                    0.01%  14.336us         8  1.7920us  1.6000us  1.9840us  fused_negative_5_kernel0
                    0.01%  13.504us        12  1.1250us  1.0240us  1.4400us  fused_expand_dims_7_kernel0
                    0.01%  13.152us         3  4.3840us  4.3520us  4.4160us  fused_multiply_kernel0
                    0.01%  13.152us         8  1.6440us  1.4400us  1.7920us  fused_multiply_16_kernel0
                    0.01%  13.057us         8  1.6320us  1.5680us  1.7600us  fused_add_22_kernel0
                    0.01%  13.025us         1  13.025us  13.025us  13.025us  fused_nn_softmax_kernel0
                    0.01%  10.848us         2  5.4240us  5.1200us  5.7280us  fused_multiply_27_kernel0
                    0.01%  10.337us         6  1.7220us  1.6000us  1.8880us  fused_add_28_kernel0
                    0.01%  10.176us         3  3.3920us  3.3920us  3.3920us  fused_add_kernel0
                    0.01%  9.6960us         3  3.2320us  3.2000us  3.2640us  fused_nn_relu_kernel0
                    0.01%  9.6960us         6  1.6160us  1.3120us  1.9520us  fused_divide_7_kernel0
                    0.01%  9.3140us         6  1.5520us  1.3120us  1.9520us  fused_sqrt_7_kernel0
                    0.01%  9.1200us         3  3.0400us  2.8800us  3.1360us  fused_multiply_25_kernel0
                    0.01%  8.8000us         2  4.4000us  4.3840us  4.4160us  fused_add_37_kernel0
                    0.01%  8.2250us         3  2.7410us  2.3040us  3.6160us  fused_add_35_kernel0
                    0.01%  8.0960us         6  1.3490us  1.1840us  1.6640us  fused_negative_7_kernel0
                    0.01%  8.0640us         2  4.0320us  4.0320us  4.0320us  fused_nn_relu_17_kernel0
                    0.01%  8.0000us         3  2.6660us  1.5040us  4.5760us  fused_sqrt_kernel0
                    0.01%  7.9040us         6  1.3170us  1.2160us  1.5680us  fused_add_29_kernel0
                    0.01%  7.7760us         1  7.7760us  7.7760us  7.7760us  fused_multiply_17_kernel0
                    0.01%  7.7120us         6  1.2850us  1.0560us  1.4400us  fused_expand_dims_4_kernel0
                    0.01%  7.6480us         6  1.2740us  1.0880us  1.4720us  fused_expand_dims_9_kernel0
                    0.01%  7.3930us         6  1.2320us  1.0880us  1.5050us  fused_expand_dims_kernel0
                    0.01%  7.3930us         6  1.2320us  1.0570us  1.4720us  fused_multiply_21_kernel0
                    0.01%  6.4320us         3  2.1440us  2.1440us  2.1440us  fused_nn_relu_15_kernel0
                    0.01%  5.9520us         3  1.9840us  1.9520us  2.0480us  fused_sqrt_9_kernel0
                    0.01%  5.9210us         3  1.9730us  1.9200us  2.0480us  fused_divide_4_kernel0
                    0.01%  5.9200us         3  1.9730us  1.9520us  1.9840us  fused_divide_9_kernel0
                    0.01%  5.7920us         1  5.7920us  5.7920us  5.7920us  fused_multiply_19_kernel0
                    0.01%  5.7920us         1  5.7920us  5.7920us  5.7920us  fused_add_23_kernel0
                    0.01%  5.7280us         3  1.9090us  1.8880us  1.9200us  fused_sqrt_4_kernel0
                    0.01%  5.6970us         3  1.8990us  1.8880us  1.9200us  fused_add_33_kernel0
                    0.01%  5.6340us         3  1.8780us  1.8570us  1.9200us  fused_add_18_kernel0
                    0.01%  5.4410us         3  1.8130us  1.5680us  1.9520us  fused_add_9_kernel0
                    0.01%  5.3770us         1  5.3770us  5.3770us  5.3770us  fused_nn_relu_11_kernel0
                    0.01%  5.3120us         1  5.3120us  5.3120us  5.3120us  fused_nn_softmax_kernel3
                    0.01%  5.2170us         3  1.7390us  1.3770us  1.9200us  fused_divide_kernel0
                    0.01%  5.2160us         3  1.7380us  1.5680us  1.8240us  fused_negative_4_kernel0
                    0.00%  5.0250us         3  1.6750us  1.5040us  1.9520us  fused_negative_kernel0
                    0.00%  4.9290us         4  1.2320us  1.0880us  1.4400us  fused_expand_dims_10_kernel0
                    0.00%  4.9280us         3  1.6420us  1.6320us  1.6640us  fused_add_34_kernel0
                    0.00%  4.8640us         3  1.6210us  1.6000us  1.6320us  fused_negative_9_kernel0
                    0.00%  4.8010us         3  1.6000us  1.4400us  1.6970us  fused_multiply_9_kernel0
                    0.00%  4.7680us         3  1.5890us  1.5680us  1.6320us  fused_add_19_kernel0
                    0.00%  4.7050us         3  1.5680us  1.5680us  1.5690us  fused_add_10_kernel0
                    0.00%  4.4800us         3  1.4930us  1.4720us  1.5360us  fused_multiply_24_kernel0
                    0.00%  4.4480us         1  4.4480us  4.4480us  4.4480us  fused_add_26_kernel0
                    0.00%  4.2570us         3  1.4190us  1.4080us  1.4400us  fused_multiply_14_kernel0
                    0.00%  4.1600us         1  4.1600us  4.1600us  4.1600us  fused_nn_relu_12_kernel0
                    0.00%  3.9370us         2  1.9680us  1.9530us  1.9840us  fused_divide_10_kernel0
                    0.00%  3.8400us         2  1.9200us  1.9200us  1.9200us  fused_add_38_kernel0
                    0.00%  3.8400us         2  1.9200us  1.9200us  1.9200us  fused_sqrt_10_kernel0
                    0.00%  3.2960us         1  3.2960us  3.2960us  3.2960us  fused_nn_softmax_kernel2
                    0.00%  3.2640us         2  1.6320us  1.6320us  1.6320us  fused_negative_10_kernel0
                    0.00%  3.2640us         2  1.6320us  1.6320us  1.6320us  fused_add_39_kernel0
                    0.00%  2.9440us         2  1.4720us  1.4720us  1.4720us  fused_multiply_28_kernel0
                    0.00%  2.5280us         2  1.2640us  1.0880us  1.4400us  fused_expand_dims_2_kernel0
                    0.00%  2.3360us         1  2.3360us  2.3360us  2.3360us  fused_nn_bias_add_kernel0
                    0.00%  1.9520us         1  1.9520us  1.9520us  1.9520us  fused_divide_2_kernel0
                    0.00%  1.9200us         1  1.9200us  1.9200us  1.9200us  fused_sqrt_2_kernel0
                    0.00%  1.8880us         1  1.8880us  1.8880us  1.8880us  fused_negative_2_kernel0
                    0.00%  1.8560us         1  1.8560us  1.8560us  1.8560us  fused_add_13_kernel0
                    0.00%  1.7290us         1  1.7290us  1.7290us  1.7290us  fused_multiply_11_kernel0
                    0.00%  1.7280us         1  1.7280us  1.7280us  1.7280us  [CUDA memcpy DtoH]
                    0.00%  1.6960us         1  1.6960us  1.6960us  1.6960us  fused_add_14_kernel0
                    0.00%  1.6000us         1  1.6000us  1.6000us  1.6000us  fused_nn_batch_flatten_kernel0
      API calls:   80.16%  1.07168s         1  1.07168s  1.07168s  1.07168s  cuModuleLoadData
                   10.42%  139.33ms       585  238.16us  2.9530us  132.11ms  cudaMalloc
                    4.89%  65.377ms       585  111.76us  2.9710us  45.162ms  cudaFree
                    3.43%  45.840ms       568  80.704us  5.9020us  6.9236ms  cudaMemcpy
                    0.54%  7.2377ms         1  7.2377ms  7.2377ms  7.2377ms  cuModuleUnload
                    0.34%  4.5387ms      1187  3.8230us  3.0210us  53.957us  cuLaunchKernel
                    0.11%  1.4902ms      2896     514ns     326ns  13.347us  cudaSetDevice
                    0.05%  661.46us        97  6.8190us     489ns  368.26us  cuDeviceGetAttribute
                    0.03%  401.85us      1187     338ns     288ns  1.6210us  cudaGetDevice
                    0.02%  222.91us         1  222.91us  222.91us  222.91us  cuDeviceTotalMem
                    0.01%  95.474us       207     461ns     257ns  4.4670us  cuModuleGetFunction
                    0.01%  92.198us         1  92.198us  92.198us  92.198us  cuDeviceGetName
                    0.00%  7.3380us         3  2.4460us  1.3990us  3.1700us  cudaDeviceGetAttribute
                    0.00%  5.7170us         2  2.8580us  2.3030us  3.4140us  cuDeviceGetCount
                    0.00%  4.6510us         1  4.6510us  4.6510us  4.6510us  cuDeviceGetPCIBusId
                    0.00%  2.3550us         2  1.1770us  1.0740us  1.2810us  cuDeviceGet
                    0.00%     966ns         1     966ns     966ns     966ns  cuDeviceGetUuid
