==23482== NVPROF is profiling process 23482, command: python3 /home/wml/tvm/tutorials/relay_test_net.py
==23482== Profiling application: python3 /home/wml/tvm/tutorials/relay_test_net.py
==23482== Profiling result:
            Type  Time(%)      Time     Calls       Avg       Min       Max  Name
 GPU activities:   27.98%  31.418ms       567  55.410us     864ns  2.6570ms  [CUDA memcpy HtoD]
                    7.50%  8.4230ms        12  701.92us  609.62us  1.6953ms  fused_nn_conv2d_3_kernel0
                    4.95%  5.5592ms         1  5.5592ms  5.5592ms  5.5592ms  fused_nn_conv2d_8_kernel0
                    4.76%  5.3464ms         4  1.3366ms  1.1826ms  1.7899ms  fused_nn_conv2d_31_kernel0
                    4.22%  4.7350ms         4  1.1838ms  1.1817ms  1.1859ms  fused_nn_conv2d_32_kernel0
                    4.18%  4.6887ms         4  1.1722ms  747.96us  1.8576ms  fused_nn_conv2d_30_kernel0
                    3.07%  3.4434ms         1  3.4434ms  3.4434ms  3.4434ms  fused_nn_conv2d_4_kernel0
                    2.65%  2.9706ms         4  742.64us  736.70us  750.68us  fused_nn_conv2d_27_kernel0
                    2.53%  2.8399ms         3  946.63us  575.44us  1.6870ms  fused_nn_conv2d_13_kernel0
                    2.12%  2.3839ms         2  1.1919ms  1.1841ms  1.1998ms  fused_nn_conv2d_37_kernel0
                    1.94%  2.1731ms         2  1.0865ms  537.27us  1.6358ms  fused_nn_conv2d_23_kernel0
                    1.80%  2.0162ms         2  1.0081ms  996.29us  1.0199ms  fused_nn_conv2d_26_kernel0
                    1.77%  1.9924ms         4  498.10us  492.15us  511.92us  fused_nn_conv2d_28_kernel0
                    1.75%  1.9647ms         1  1.9647ms  1.9647ms  1.9647ms  fused_nn_conv2d_10_kernel0
                    1.65%  1.8495ms         2  924.77us  916.86us  932.67us  fused_nn_conv2d_29_kernel0
                    1.60%  1.7972ms         2  898.61us  599.03us  1.1982ms  fused_nn_conv2d_25_kernel0
                    1.26%  1.4165ms         2  708.27us  704.51us  712.03us  fused_nn_conv2d_37_kernel2
                    1.12%  1.2564ms         4  314.10us  310.06us  324.65us  fused_nn_conv2d_34_kernel0
                    1.12%  1.2550ms         2  627.49us  627.42us  627.57us  fused_nn_conv2d_22_kernel0
                    1.10%  1.2373ms         4  309.31us  304.78us  318.28us  fused_nn_conv2d_36_kernel0
                    1.01%  1.1393ms         4  284.83us  280.91us  289.71us  fused_nn_conv2d_5_kernel0
                    0.87%  980.48us         1  980.48us  980.48us  980.48us  fused_nn_softmax_kernel3
                    0.72%  814.01us         3  271.34us  267.53us  275.85us  fused_nn_conv2d_6_kernel0
                    0.67%  751.32us         4  187.83us  182.89us  190.02us  fused_nn_conv2d_16_kernel2
                    0.65%  733.91us         1  733.91us  733.91us  733.91us  fused_nn_conv2d_21_kernel0
                    0.65%  733.56us         1  733.56us  733.56us  733.56us  fused_nn_conv2d_24_kernel0
                    0.64%  713.43us         3  237.81us  234.06us  242.22us  fused_nn_conv2d_15_kernel2
                    0.64%  713.27us         1  713.27us  713.27us  713.27us  fused_nn_conv2d_11_kernel0
                    0.54%  605.34us         4  151.33us  150.76us  152.01us  fused_nn_avg_pool2d_4_kernel0
                    0.53%  598.17us         1  598.17us  598.17us  598.17us  fused_nn_conv2d_kernel0
                    0.49%  545.88us         1  545.88us  545.88us  545.88us  fused_nn_conv2d_41_kernel0
                    0.43%  480.79us         1  480.79us  480.79us  480.79us  fused_nn_conv2d_20_kernel0
                    0.41%  458.61us         1  458.61us  458.61us  458.61us  fused_nn_conv2d_40_kernel0
                    0.39%  436.24us         1  436.24us  436.24us  436.24us  fused_nn_conv2d_9_kernel0
                    0.36%  404.33us         1  404.33us  404.33us  404.33us  fused_nn_conv2d_2_kernel0
                    0.34%  381.77us         2  190.89us  189.48us  192.30us  fused_nn_conv2d_7_kernel0
                    0.33%  375.25us         1  375.25us  375.25us  375.25us  fused_nn_conv2d_42_kernel0
                    0.30%  339.60us         1  339.60us  339.60us  339.60us  fused_nn_conv2d_33_kernel0
                    0.29%  323.53us         1  323.53us  323.53us  323.53us  fused_nn_conv2d_38_kernel0
                    0.28%  319.02us         1  319.02us  319.02us  319.02us  fused_add_6_kernel0
                    0.28%  318.99us         1  318.99us  318.99us  318.99us  fused_nn_relu_6_kernel0
                    0.28%  318.64us         1  318.64us  318.64us  318.64us  fused_multiply_6_kernel0
                    0.27%  298.25us        26  11.471us  10.560us  12.065us  fused_multiply_1_kernel0
                    0.26%  293.87us         4  73.467us  73.155us  73.731us  fused_nn_conv2d_16_kernel3
                    0.24%  272.07us         1  272.07us  272.07us  272.07us  fused_nn_conv2d_1_kernel0
                    0.23%  257.00us         1  257.00us  257.00us  257.00us  fused_nn_conv2d_12_kernel0
                    0.22%  244.39us         1  244.39us  244.39us  244.39us  fused_nn_conv2d_19_kernel0
                    0.21%  239.11us        26  9.1960us  8.6090us  9.9200us  fused_add_1_kernel0
                    0.21%  235.59us         1  235.59us  235.59us  235.59us  fused_nn_conv2d_39_kernel0
                    0.21%  233.93us         1  233.93us  233.93us  233.93us  fused_nn_dense_kernel0
                    0.21%  231.18us        12  19.264us  18.689us  20.033us  fused_add_3_kernel0
                    0.20%  229.26us        12  19.104us  17.760us  19.744us  fused_nn_relu_3_kernel0
                    0.20%  228.46us         1  228.46us  228.46us  228.46us  fused_nn_avg_pool2d_3_kernel0
                    0.20%  223.34us         1  223.34us  223.34us  223.34us  fused_nn_relu_4_kernel0
                    0.20%  222.89us         1  222.89us  222.89us  222.89us  fused_add_4_kernel0
                    0.20%  220.71us         3  73.571us  73.315us  73.763us  fused_nn_conv2d_15_kernel1
                    0.20%  220.68us         1  220.68us  220.68us  220.68us  fused_multiply_4_kernel0
                    0.20%  219.31us         3  73.101us  72.963us  73.379us  fused_nn_conv2d_15_kernel3
                    0.19%  215.94us         1  215.94us  215.94us  215.94us  fused_nn_conv2d_18_kernel0
                    0.19%  215.78us         4  53.946us  53.314us  54.498us  fused_concatenate_2_kernel0
                    0.19%  214.18us        26  8.2370us  7.8400us  8.8320us  fused_nn_relu_1_kernel0
                    0.19%  210.98us         1  210.98us  210.98us  210.98us  fused_nn_conv2d_35_kernel0
                    0.19%  209.51us         1  209.51us  209.51us  209.51us  fused_nn_max_pool2d_1_kernel0
                    0.18%  205.19us         1  205.19us  205.19us  205.19us  fused_nn_avg_pool2d_2_kernel0
                    0.18%  205.13us        12  17.093us  16.513us  17.760us  fused_multiply_3_kernel0
                    0.18%  201.22us         7  28.746us  28.353us  29.313us  fused_add_20_kernel0
                    0.18%  199.34us         4  49.833us  49.505us  50.306us  fused_nn_conv2d_16_kernel1
                    0.18%  198.89us         7  28.412us  27.969us  28.993us  fused_nn_relu_10_kernel0
                    0.17%  190.02us         7  27.146us  26.881us  27.553us  fused_multiply_15_kernel0
                    0.15%  166.44us         2  83.219us  82.819us  83.619us  fused_concatenate_4_kernel0
                    0.15%  164.90us         1  164.90us  164.90us  164.90us  fused_nn_conv2d_14_kernel0
                    0.15%  164.29us         1  164.29us  164.29us  164.29us  fused_add_8_kernel0
                    0.15%  163.94us         1  163.94us  163.94us  163.94us  fused_nn_relu_8_kernel0
                    0.14%  162.73us         1  162.73us  162.73us  162.73us  fused_multiply_8_kernel0
                    0.14%  159.30us         1  159.30us  159.30us  159.30us  fused_nn_relu_7_kernel0
                    0.14%  159.27us         1  159.27us  159.27us  159.27us  fused_add_7_kernel0
                    0.14%  158.73us         1  158.73us  158.73us  158.73us  fused_multiply_7_kernel0
                    0.14%  155.17us         1  155.17us  155.17us  155.17us  fused_nn_avg_pool2d_1_kernel0
                    0.13%  149.35us         1  149.35us  149.35us  149.35us  fused_nn_max_pool2d_kernel0
                    0.11%  122.28us         3  40.758us  40.609us  40.929us  fused_nn_conv2d_15_kernel0
                    0.10%  117.00us        12  9.7490us  9.2800us  10.432us  fused_multiply_22_kernel0
                    0.10%  116.87us         1  116.87us  116.87us  116.87us  fused_nn_conv2d_17_kernel0
                    0.09%  103.65us         4  25.912us  25.153us  26.785us  fused_nn_conv2d_16_kernel0
                    0.09%  99.332us         1  99.332us  99.332us  99.332us  fused_nn_relu_5_kernel0
                    0.09%  98.403us         1  98.403us  98.403us  98.403us  fused_add_5_kernel0
                    0.09%  96.067us         1  96.067us  96.067us  96.067us  fused_multiply_5_kernel0
                    0.08%  90.880us        12  7.5730us  7.2960us  7.8400us  fused_add_30_kernel0
                    0.07%  83.523us        12  6.9600us  6.7520us  7.1690us  fused_nn_relu_14_kernel0
                    0.07%  78.278us        60  1.3040us  1.1840us  1.6640us  fused_expand_dims_3_kernel0
                    0.07%  73.411us         1  73.411us  73.411us  73.411us  fused_concatenate_5_kernel0
                    0.05%  60.770us         2  30.385us  30.241us  30.529us  fused_concatenate_kernel0
                    0.05%  59.296us        12  4.9410us  4.2240us  5.6000us  fused_multiply_26_kernel0
                    0.05%  57.794us         1  57.794us  57.794us  57.794us  fused_nn_max_pool2d_2_kernel0
                    0.05%  55.298us        30  1.8430us  1.6640us  2.1440us  fused_add_15_kernel0
                    0.05%  53.603us        30  1.7860us  1.4720us  2.2400us  fused_divide_3_kernel0
                    0.05%  52.354us        30  1.7450us  1.4720us  2.2090us  fused_sqrt_3_kernel0
                    0.05%  50.946us         1  50.946us  50.946us  50.946us  fused_concatenate_3_kernel0
                    0.04%  48.896us        12  4.0740us  3.8720us  4.2880us  fused_add_36_kernel0
                    0.04%  48.195us        30  1.6060us  1.3440us  2.0800us  fused_negative_3_kernel0
                    0.04%  47.361us        30  1.5780us  1.3760us  1.8560us  fused_add_16_kernel0
                    0.04%  46.978us         6  7.8290us  7.3280us  8.5130us  fused_multiply_20_kernel0
                    0.04%  45.729us         1  45.729us  45.729us  45.729us  fused_nn_max_pool2d_4_kernel0
                    0.04%  45.280us        30  1.5090us  1.2160us  1.9520us  fused_multiply_12_kernel0
                    0.04%  45.189us        12  3.7650us  3.6160us  3.9690us  fused_nn_relu_16_kernel0
                    0.04%  39.553us         1  39.553us  39.553us  39.553us  fused_nn_avg_pool2d_kernel0
                    0.03%  37.474us         6  6.2450us  5.9840us  6.4960us  fused_add_27_kernel0
                    0.03%  36.866us         3  12.288us  12.032us  12.577us  fused_multiply_13_kernel0
                    0.03%  36.386us         2  18.193us  17.697us  18.689us  fused_nn_conv2d_37_kernel1
                    0.03%  34.945us         6  5.8240us  5.5360us  6.0480us  fused_nn_relu_13_kernel0
                    0.03%  34.497us        26  1.3260us  1.2160us  1.6320us  fused_expand_dims_6_kernel0
                    0.03%  34.369us        26  1.3210us  1.1520us  1.6320us  fused_expand_dims_1_kernel0
                    0.03%  32.897us         1  32.897us  32.897us  32.897us  fused_nn_max_pool2d_3_kernel0
                    0.03%  32.801us         1  32.801us  32.801us  32.801us  fused_nn_softmax_kernel1
                    0.03%  31.778us        24  1.3240us  1.2160us  1.6320us  fused_expand_dims_8_kernel0
                    0.03%  31.648us         2  15.824us  15.744us  15.904us  fused_nn_conv2d_37_kernel3
                    0.03%  29.794us         3  9.9310us  9.5690us  10.433us  fused_add_17_kernel0
                    0.03%  28.321us         3  9.4400us  9.0880us  10.144us  fused_nn_relu_9_kernel0
                    0.03%  28.161us         1  28.161us  28.161us  28.161us  fused_nn_avg_pool2d_5_kernel0
                    0.02%  27.681us         1  27.681us  27.681us  27.681us  fused_nn_relu_2_kernel0
                    0.02%  27.105us         1  27.105us  27.105us  27.105us  fused_add_2_kernel0
                    0.02%  26.404us        13  2.0310us  1.9840us  2.1450us  fused_sqrt_6_kernel0
                    0.02%  25.280us        13  1.9440us  1.7600us  2.2720us  fused_divide_6_kernel0
                    0.02%  25.153us        13  1.9340us  1.6640us  2.1120us  fused_negative_1_kernel0
                    0.02%  25.152us        13  1.9340us  1.6640us  2.1440us  fused_add_11_kernel0
                    0.02%  24.930us        13  1.9170us  1.4400us  2.1440us  fused_sqrt_1_kernel0
                    0.02%  24.929us        13  1.9170us  1.4720us  2.1760us  fused_divide_1_kernel0
                    0.02%  24.640us        13  1.8950us  1.3440us  5.0880us  fused_add_12_kernel0
                    0.02%  24.129us         1  24.129us  24.129us  24.129us  fused_multiply_2_kernel0
                    0.02%  24.067us        13  1.8510us  1.6640us  2.1120us  fused_add_24_kernel0
                    0.02%  24.065us        13  1.8510us  1.5040us  2.0160us  fused_multiply_10_kernel0
                    0.02%  23.264us        12  1.9380us  1.7280us  2.2080us  fused_sqrt_8_kernel0
                    0.02%  22.912us        13  1.7620us  1.4080us  2.1760us  fused_negative_6_kernel0
                    0.02%  22.752us        12  1.8960us  1.6640us  2.0480us  fused_add_31_kernel0
                    0.02%  22.656us        12  1.8880us  1.5040us  2.1760us  fused_divide_8_kernel0
                    0.02%  21.665us        16  1.3540us  1.2160us  1.6320us  fused_expand_dims_5_kernel0
                    0.02%  20.672us        13  1.5900us  1.3760us  2.0160us  fused_add_25_kernel0
                    0.02%  19.776us        13  1.5210us  1.3440us  2.1440us  fused_multiply_18_kernel0
                    0.02%  19.681us        12  1.6400us  1.3440us  1.7920us  fused_negative_8_kernel0
                    0.02%  19.041us        12  1.5860us  1.3440us  1.8240us  fused_add_32_kernel0
                    0.02%  18.273us         1  18.273us  18.273us  18.273us  fused_concatenate_1_kernel0
                    0.02%  17.154us        12  1.4290us  1.1840us  1.6960us  fused_multiply_23_kernel0
                    0.01%  16.224us        12  1.3520us  1.1840us  1.6320us  fused_expand_dims_7_kernel0
                    0.01%  16.032us         8  2.0040us  1.7600us  2.1440us  fused_divide_5_kernel0
                    0.01%  15.584us         8  1.9480us  1.7280us  2.1120us  fused_add_21_kernel0
                    0.01%  15.136us         8  1.8920us  1.3760us  2.1120us  fused_negative_5_kernel0
                    0.01%  15.104us         8  1.8880us  1.4400us  2.1440us  fused_sqrt_5_kernel0
                    0.01%  15.008us         3  5.0020us  4.8000us  5.3440us  fused_multiply_kernel0
                    0.01%  14.784us         1  14.784us  14.784us  14.784us  fused_nn_softmax_kernel0
                    0.01%  14.208us         8  1.7760us  1.3440us  1.9520us  fused_multiply_16_kernel0
                    0.01%  12.929us         8  1.6160us  1.3440us  1.7600us  fused_add_22_kernel0
                    0.01%  12.160us         2  6.0800us  6.0800us  6.0800us  fused_multiply_27_kernel0
                    0.01%  11.680us         3  3.8930us  3.8720us  3.9040us  fused_add_kernel0
                    0.01%  11.457us         6  1.9090us  1.6640us  2.1120us  fused_add_28_kernel0
                    0.01%  11.073us         6  1.8450us  1.4720us  2.3050us  fused_divide_7_kernel0
                    0.01%  11.040us         6  1.8400us  1.5680us  2.1120us  fused_sqrt_7_kernel0
                    0.01%  11.010us         3  3.6700us  3.6480us  3.6810us  fused_nn_relu_kernel0
                    0.01%  10.016us         2  5.0080us  4.9920us  5.0240us  fused_add_37_kernel0
                    0.01%  9.9850us         3  3.3280us  3.2960us  3.3610us  fused_multiply_25_kernel0
                    0.01%  9.9530us         6  1.6580us  1.3760us  1.7600us  fused_negative_7_kernel0
                    0.01%  9.4400us         6  1.5730us  1.3760us  1.7600us  fused_add_29_kernel0
                    0.01%  9.4100us         2  4.7050us  4.6090us  4.8010us  fused_nn_relu_17_kernel0
                    0.01%  8.8000us         1  8.8000us  8.8000us  8.8000us  fused_multiply_17_kernel0
                    0.01%  8.7680us         3  2.9220us  1.6640us  5.0240us  fused_sqrt_kernel0
                    0.01%  8.6080us         6  1.4340us  1.2480us  1.6320us  fused_expand_dims_9_kernel0
                    0.01%  8.5760us         6  1.4290us  1.2160us  1.6640us  fused_multiply_21_kernel0
                    0.01%  8.4490us         6  1.4080us  1.2160us  1.6010us  fused_expand_dims_4_kernel0
                    0.01%  8.1920us         6  1.3650us  1.2480us  1.6000us  fused_expand_dims_kernel0
                    0.01%  7.9360us         3  2.6450us  2.6240us  2.6560us  fused_add_35_kernel0
                    0.01%  7.3920us         3  2.4640us  2.4640us  2.4640us  fused_nn_relu_15_kernel0
                    0.01%  6.6880us         1  6.6880us  6.6880us  6.6880us  fused_add_23_kernel0
                    0.01%  6.5920us         1  6.5920us  6.5920us  6.5920us  fused_multiply_19_kernel0
                    0.01%  6.5290us         3  2.1760us  2.1760us  2.1770us  fused_divide_9_kernel0
                    0.01%  6.4640us         3  2.1540us  2.1120us  2.2080us  fused_divide_4_kernel0
                    0.01%  6.4320us         3  2.1440us  2.1440us  2.1440us  fused_sqrt_9_kernel0
                    0.01%  6.3360us         3  2.1120us  2.0800us  2.1760us  fused_add_33_kernel0
                    0.01%  6.2720us         3  2.0900us  2.0800us  2.1120us  fused_sqrt_4_kernel0
                    0.01%  6.2080us         3  2.0690us  2.0160us  2.1440us  fused_add_18_kernel0
                    0.01%  6.2080us         1  6.2080us  6.2080us  6.2080us  fused_nn_relu_11_kernel0
                    0.01%  5.9200us         3  1.9730us  1.6320us  2.1440us  fused_divide_kernel0
                    0.01%  5.7610us         3  1.9200us  1.6960us  2.0480us  fused_add_9_kernel0
                    0.01%  5.7600us         4  1.4400us  1.2480us  1.6320us  fused_expand_dims_10_kernel0
                    0.01%  5.7600us         3  1.9200us  1.7600us  2.0480us  fused_negative_4_kernel0
                    0.00%  5.5680us         3  1.8560us  1.7600us  2.0160us  fused_negative_kernel0
                    0.00%  5.5050us         3  1.8350us  1.7930us  1.8880us  fused_add_34_kernel0
                    0.00%  5.3760us         3  1.7920us  1.7600us  1.8240us  fused_negative_9_kernel0
                    0.00%  5.3440us         3  1.7810us  1.7280us  1.8560us  fused_add_19_kernel0
                    0.00%  5.2800us         3  1.7600us  1.6000us  1.8880us  fused_multiply_9_kernel0
                    0.00%  5.1520us         1  5.1520us  5.1520us  5.1520us  fused_add_26_kernel0
                    0.00%  4.9920us         3  1.6640us  1.6640us  1.6640us  fused_multiply_24_kernel0
                    0.00%  4.8960us         3  1.6320us  1.4080us  1.7600us  fused_add_10_kernel0
                    0.00%  4.8640us         1  4.8640us  4.8640us  4.8640us  fused_nn_relu_12_kernel0
                    0.00%  4.8320us         3  1.6100us  1.6000us  1.6320us  fused_multiply_14_kernel0
                    0.00%  4.4490us         2  2.2240us  2.1760us  2.2730us  fused_divide_10_kernel0
                    0.00%  4.2880us         2  2.1440us  2.1440us  2.1440us  fused_sqrt_10_kernel0
                    0.00%  4.1920us         2  2.0960us  2.0800us  2.1120us  fused_add_38_kernel0
                    0.00%  3.6480us         2  1.8240us  1.7920us  1.8560us  fused_add_39_kernel0
                    0.00%  3.5520us         2  1.7760us  1.7600us  1.7920us  fused_negative_10_kernel0
                    0.00%  3.4880us         1  3.4880us  3.4880us  3.4880us  fused_nn_softmax_kernel2
                    0.00%  3.2960us         2  1.6480us  1.6320us  1.6640us  fused_multiply_28_kernel0
                    0.00%  2.8480us         2  1.4240us  1.2160us  1.6320us  fused_expand_dims_2_kernel0
                    0.00%  2.3040us         1  2.3040us  2.3040us  2.3040us  fused_nn_bias_add_kernel0
                    0.00%  2.2080us         1  2.2080us  2.2080us  2.2080us  fused_sqrt_2_kernel0
                    0.00%  2.1760us         1  2.1760us  2.1760us  2.1760us  [CUDA memcpy DtoH]
                    0.00%  2.1440us         1  2.1440us  2.1440us  2.1440us  fused_negative_2_kernel0
                    0.00%  2.1440us         1  2.1440us  2.1440us  2.1440us  fused_divide_2_kernel0
                    0.00%  2.1120us         1  2.1120us  2.1120us  2.1120us  fused_add_13_kernel0
                    0.00%  1.9210us         1  1.9210us  1.9210us  1.9210us  fused_multiply_11_kernel0
                    0.00%  1.8240us         1  1.8240us  1.8240us  1.8240us  fused_add_14_kernel0
                    0.00%  1.7600us         1  1.7600us  1.7600us  1.7600us  fused_nn_batch_flatten_kernel0
      API calls:   81.07%  1.17186s         1  1.17186s  1.17186s  1.17186s  cuModuleLoadData
                    9.71%  140.31ms       585  239.84us  2.9890us  133.19ms  cudaMalloc
                    5.03%  72.713ms       585  124.30us  3.1670us  51.528ms  cudaFree
                    3.21%  46.347ms       568  81.596us  6.2210us  8.5216ms  cudaMemcpy
                    0.45%  6.5261ms         1  6.5261ms  6.5261ms  6.5261ms  cuModuleUnload
                    0.32%  4.6763ms      1187  3.9390us  3.0660us  53.361us  cuLaunchKernel
                    0.11%  1.5185ms      2896     524ns     326ns  11.241us  cudaSetDevice
                    0.05%  653.06us        97  6.7320us     563ns  278.01us  cuDeviceGetAttribute
                    0.03%  433.52us      1187     365ns     287ns  4.7990us  cudaGetDevice
                    0.01%  202.07us         1  202.07us  202.07us  202.07us  cuDeviceTotalMem
                    0.01%  95.092us       207     459ns     259ns  1.8050us  cuModuleGetFunction
                    0.01%  78.519us         1  78.519us  78.519us  78.519us  cuDeviceGetName
                    0.00%  8.2480us         3  2.7490us  1.5570us  3.5430us  cudaDeviceGetAttribute
                    0.00%  3.7290us         1  3.7290us  3.7290us  3.7290us  cuDeviceGetPCIBusId
                    0.00%  3.1910us         2  1.5950us     807ns  2.3840us  cuDeviceGetCount
                    0.00%  1.9200us         2     960ns     645ns  1.2750us  cuDeviceGet
                    0.00%  1.0710us         1  1.0710us  1.0710us  1.0710us  cuDeviceGetUuid
