==23230== NVPROF is profiling process 23230, command: python3 /home/wml/tvm/tutorials/relay_test_net.py
==23230== Profiling application: python3 /home/wml/tvm/tutorials/relay_test_net.py
==23230== Profiling result:
            Type  Time(%)      Time     Calls       Avg       Min       Max  Name
 GPU activities:   29.16%  31.294ms       567  55.191us     864ns  2.6389ms  [CUDA memcpy HtoD]
                    6.23%  6.6879ms        12  557.33us  555.19us  559.07us  fused_nn_conv2d_3_kernel0
                    5.00%  5.3688ms         4  1.3422ms  1.0744ms  2.1353ms  fused_nn_conv2d_31_kernel0
                    4.72%  5.0593ms         1  5.0593ms  5.0593ms  5.0593ms  fused_nn_conv2d_8_kernel0
                    4.60%  4.9325ms         4  1.2331ms  1.0776ms  1.6764ms  fused_nn_conv2d_32_kernel0
                    3.11%  3.3393ms         4  834.81us  671.49us  1.3140ms  fused_nn_conv2d_27_kernel0
                    2.91%  3.1264ms         1  3.1264ms  3.1264ms  3.1264ms  fused_nn_conv2d_4_kernel0
                    2.73%  2.9273ms         1  2.9273ms  2.9273ms  2.9273ms  fused_nn_conv2d_10_kernel0
                    2.70%  2.9001ms         2  1.4501ms  908.23us  1.9919ms  fused_nn_conv2d_26_kernel0
                    2.50%  2.6845ms         4  671.13us  667.52us  680.29us  fused_nn_conv2d_30_kernel0
                    2.38%  2.5530ms         2  1.2765ms  707.04us  1.8460ms  fused_nn_conv2d_37_kernel2
                    2.21%  2.3686ms         2  1.1843ms  1.1821ms  1.1866ms  fused_nn_conv2d_37_kernel0
                    1.71%  1.8329ms         4  458.22us  445.52us  482.42us  fused_nn_conv2d_28_kernel0
                    1.58%  1.6912ms         2  845.62us  822.21us  869.03us  fused_nn_conv2d_29_kernel0
                    1.45%  1.5552ms         3  518.40us  515.06us  520.63us  fused_nn_conv2d_13_kernel0
                    1.25%  1.3365ms         1  1.3365ms  1.3365ms  1.3365ms  fused_nn_conv2d_19_kernel0
                    1.08%  1.1566ms         4  289.14us  279.28us  302.86us  fused_nn_conv2d_36_kernel0
                    1.06%  1.1392ms         2  569.59us  569.47us  569.72us  fused_nn_conv2d_22_kernel0
                    1.06%  1.1364ms         4  284.09us  281.74us  290.19us  fused_nn_conv2d_34_kernel0
                    1.01%  1.0842ms         2  542.10us  540.15us  544.06us  fused_nn_conv2d_25_kernel0
                    0.97%  1.0431ms         4  260.76us  255.79us  264.81us  fused_nn_conv2d_5_kernel0
                    0.90%  966.51us         2  483.25us  482.52us  483.99us  fused_nn_conv2d_23_kernel0
                    0.84%  903.40us         1  903.40us  903.40us  903.40us  fused_nn_relu_6_kernel0
                    0.73%  788.61us         1  788.61us  788.61us  788.61us  fused_nn_avg_pool2d_3_kernel0
                    0.69%  738.95us         3  246.32us  245.20us  247.44us  fused_nn_conv2d_6_kernel0
                    0.66%  707.68us         4  176.92us  172.94us  179.79us  fused_nn_conv2d_16_kernel2
                    0.62%  664.74us         3  221.58us  219.27us  222.86us  fused_nn_conv2d_15_kernel2
                    0.61%  651.55us         1  651.55us  651.55us  651.55us  fused_nn_conv2d_21_kernel0
                    0.61%  651.13us         1  651.13us  651.13us  651.13us  fused_nn_conv2d_24_kernel0
                    0.60%  642.53us         1  642.53us  642.53us  642.53us  fused_nn_conv2d_11_kernel0
                    0.52%  560.67us         4  140.17us  138.31us  140.90us  fused_nn_avg_pool2d_4_kernel0
                    0.51%  548.19us         1  548.19us  548.19us  548.19us  fused_nn_conv2d_kernel0
                    0.46%  493.34us         1  493.34us  493.34us  493.34us  fused_nn_conv2d_41_kernel0
                    0.41%  436.37us         1  436.37us  436.37us  436.37us  fused_nn_conv2d_20_kernel0
                    0.40%  434.16us         1  434.16us  434.16us  434.16us  fused_nn_conv2d_9_kernel0
                    0.38%  402.99us         1  402.99us  402.99us  402.99us  fused_nn_conv2d_40_kernel0
                    0.35%  375.19us         1  375.19us  375.19us  375.19us  fused_nn_conv2d_2_kernel0
                    0.33%  352.82us         2  176.41us  174.89us  177.93us  fused_nn_conv2d_7_kernel0
                    0.32%  342.10us         1  342.10us  342.10us  342.10us  fused_nn_conv2d_42_kernel0
                    0.30%  319.92us         1  319.92us  319.92us  319.92us  fused_add_6_kernel0
                    0.30%  319.06us         1  319.06us  319.06us  319.06us  fused_multiply_6_kernel0
                    0.29%  310.93us         1  310.93us  310.93us  310.93us  fused_nn_conv2d_33_kernel0
                    0.28%  296.69us         1  296.69us  296.69us  296.69us  fused_nn_conv2d_1_kernel0
                    0.27%  293.23us         4  73.307us  73.155us  73.539us  fused_nn_conv2d_16_kernel3
                    0.27%  285.39us         1  285.39us  285.39us  285.39us  fused_nn_conv2d_38_kernel0
                    0.26%  280.30us        26  10.780us  9.8240us  11.776us  fused_multiply_1_kernel0
                    0.22%  239.60us         1  239.60us  239.60us  239.60us  fused_nn_conv2d_12_kernel0
                    0.22%  235.21us         1  235.21us  235.21us  235.21us  fused_nn_dense_kernel0
                    0.21%  223.98us        12  18.664us  17.569us  19.777us  fused_nn_relu_3_kernel0
                    0.21%  223.69us         1  223.69us  223.69us  223.69us  fused_add_4_kernel0
                    0.21%  222.83us         1  222.83us  222.83us  222.83us  fused_nn_relu_4_kernel0
                    0.21%  222.48us        12  18.539us  17.793us  19.489us  fused_add_3_kernel0
                    0.21%  220.94us         1  220.94us  220.94us  220.94us  fused_multiply_4_kernel0
                    0.21%  220.78us         3  73.592us  73.475us  73.699us  fused_nn_conv2d_15_kernel3
                    0.20%  219.24us        26  8.4320us  7.9040us  8.8970us  fused_add_1_kernel0
                    0.20%  218.95us         3  72.984us  72.643us  73.539us  fused_nn_conv2d_15_kernel1
                    0.20%  215.21us         1  215.21us  215.21us  215.21us  fused_nn_conv2d_39_kernel0
                    0.19%  209.23us         4  52.306us  51.842us  52.674us  fused_concatenate_2_kernel0
                    0.19%  207.59us         1  207.59us  207.59us  207.59us  fused_nn_max_pool2d_1_kernel0
                    0.19%  199.66us         4  49.914us  49.090us  50.338us  fused_nn_conv2d_16_kernel1
                    0.18%  197.71us         7  28.244us  27.809us  28.834us  fused_nn_relu_10_kernel0
                    0.18%  196.71us        26  7.5650us  7.1050us  7.9050us  fused_nn_relu_1_kernel0
                    0.18%  195.91us        12  16.326us  15.360us  17.409us  fused_multiply_3_kernel0
                    0.18%  195.82us         7  27.973us  27.457us  28.449us  fused_add_20_kernel0
                    0.18%  193.64us         1  193.64us  193.64us  193.64us  fused_nn_conv2d_35_kernel0
                    0.18%  192.14us         1  192.14us  192.14us  192.14us  fused_nn_avg_pool2d_2_kernel0
                    0.18%  189.13us         1  189.13us  189.13us  189.13us  fused_nn_conv2d_18_kernel0
                    0.17%  184.56us         7  26.365us  26.049us  27.010us  fused_multiply_15_kernel0
                    0.15%  165.13us         2  82.564us  82.468us  82.660us  fused_concatenate_4_kernel0
                    0.15%  164.46us         1  164.46us  164.46us  164.46us  fused_add_8_kernel0
                    0.15%  163.98us         1  163.98us  163.98us  163.98us  fused_nn_relu_8_kernel0
                    0.15%  162.92us         1  162.92us  162.92us  162.92us  fused_multiply_8_kernel0
                    0.15%  159.88us         1  159.88us  159.88us  159.88us  fused_add_7_kernel0
                    0.15%  158.89us         1  158.89us  158.89us  158.89us  fused_nn_relu_7_kernel0
                    0.15%  158.70us         1  158.70us  158.70us  158.70us  fused_multiply_7_kernel0
                    0.14%  153.93us         1  153.93us  153.93us  153.93us  fused_nn_conv2d_14_kernel0
                    0.14%  147.14us         1  147.14us  147.14us  147.14us  fused_nn_max_pool2d_kernel0
                    0.13%  144.74us         1  144.74us  144.74us  144.74us  fused_nn_avg_pool2d_1_kernel0
                    0.11%  117.19us         3  39.063us  37.922us  39.938us  fused_nn_conv2d_15_kernel0
                    0.10%  110.70us        12  9.2240us  8.8640us  9.6650us  fused_multiply_22_kernel0
                    0.10%  109.64us         1  109.64us  109.64us  109.64us  fused_nn_conv2d_17_kernel0
                    0.09%  100.13us         4  25.033us  24.097us  25.953us  fused_nn_conv2d_16_kernel0
                    0.09%  99.141us         1  99.141us  99.141us  99.141us  fused_nn_relu_5_kernel0
                    0.09%  99.076us         1  99.076us  99.076us  99.076us  fused_add_5_kernel0
                    0.09%  95.780us         1  95.780us  95.780us  95.780us  fused_multiply_5_kernel0
                    0.08%  80.965us        12  6.7470us  6.4000us  7.0410us  fused_add_30_kernel0
                    0.07%  75.586us        12  6.2980us  6.1120us  6.5280us  fused_nn_relu_14_kernel0
                    0.07%  73.635us         1  73.635us  73.635us  73.635us  fused_concatenate_5_kernel0
                    0.07%  72.421us        60  1.2070us  1.0880us  1.5370us  fused_expand_dims_3_kernel0
                    0.06%  61.090us        30  2.0360us  1.3440us  10.144us  fused_sqrt_3_kernel0
                    0.05%  57.667us         2  28.833us  28.289us  29.378us  fused_concatenate_kernel0
                    0.05%  57.539us         1  57.539us  57.539us  57.539us  fused_nn_max_pool2d_2_kernel0
                    0.05%  56.386us        12  4.6980us  3.8720us  5.3440us  fused_multiply_26_kernel0
                    0.05%  53.061us        30  1.7680us  1.5370us  2.0160us  fused_add_15_kernel0
                    0.05%  52.709us        30  1.7560us  1.3760us  2.1760us  fused_divide_3_kernel0
                    0.05%  49.858us         1  49.858us  49.858us  49.858us  fused_concatenate_3_kernel0
                    0.04%  44.289us        30  1.4760us  1.2480us  1.9850us  fused_negative_3_kernel0
                    0.04%  44.099us        30  1.4690us  1.2480us  1.7610us  fused_add_16_kernel0
                    0.04%  43.937us        12  3.6610us  3.5200us  3.9040us  fused_add_36_kernel0
                    0.04%  43.620us        30  1.4540us  1.0890us  1.9520us  fused_multiply_12_kernel0
                    0.04%  43.362us         1  43.362us  43.362us  43.362us  fused_nn_max_pool2d_4_kernel0
                    0.04%  42.114us         6  7.0190us  6.4640us  7.4880us  fused_multiply_20_kernel0
                    0.04%  40.801us        12  3.4000us  3.2640us  3.6480us  fused_nn_relu_16_kernel0
                    0.03%  36.738us         1  36.738us  36.738us  36.738us  fused_nn_avg_pool2d_kernel0
                    0.03%  34.753us         3  11.584us  11.424us  11.873us  fused_multiply_13_kernel0
                    0.03%  33.729us         6  5.6210us  5.4080us  5.8570us  fused_add_27_kernel0
                    0.03%  33.378us         2  16.689us  16.449us  16.929us  fused_nn_conv2d_37_kernel1
                    0.03%  32.128us        26  1.2350us  1.0880us  1.5040us  fused_expand_dims_1_kernel0
                    0.03%  31.937us         1  31.937us  31.937us  31.937us  fused_nn_max_pool2d_3_kernel0
                    0.03%  31.457us        26  1.2090us  1.1200us  1.6000us  fused_expand_dims_6_kernel0
                    0.03%  31.105us         6  5.1840us  4.9920us  5.4080us  fused_nn_relu_13_kernel0
                    0.03%  29.730us         1  29.730us  29.730us  29.730us  fused_nn_softmax_kernel1
                    0.03%  29.346us         2  14.673us  14.401us  14.945us  fused_nn_conv2d_37_kernel3
                    0.03%  28.417us         3  9.4720us  9.3450us  9.5680us  fused_add_17_kernel0
                    0.03%  28.001us        24  1.1660us  1.0880us  1.5040us  fused_expand_dims_8_kernel0
                    0.03%  27.170us         1  27.170us  27.170us  27.170us  fused_nn_relu_2_kernel0
                    0.03%  26.945us         1  26.945us  26.945us  26.945us  fused_add_2_kernel0
                    0.02%  26.498us         3  8.8320us  8.3840us  9.6010us  fused_nn_relu_9_kernel0
                    0.02%  25.985us         1  25.985us  25.985us  25.985us  fused_nn_avg_pool2d_5_kernel0
                    0.02%  24.417us        13  1.8780us  1.6960us  2.0160us  fused_add_11_kernel0
                    0.02%  23.938us        13  1.8410us  1.5680us  2.0490us  fused_add_24_kernel0
                    0.02%  23.809us        13  1.8310us  1.3440us  2.0170us  fused_divide_1_kernel0
                    0.02%  23.521us         1  23.521us  23.521us  23.521us  fused_multiply_2_kernel0
                    0.02%  23.361us        13  1.7970us  1.5360us  2.0160us  fused_negative_1_kernel0
                    0.02%  23.137us        13  1.7790us  1.3440us  2.0800us  fused_sqrt_1_kernel0
                    0.02%  21.792us        13  1.6760us  1.3760us  1.9200us  fused_multiply_10_kernel0
                    0.02%  21.664us        13  1.6660us  1.3760us  2.1440us  fused_divide_6_kernel0
                    0.02%  20.864us        16  1.3040us  1.0880us  1.5680us  fused_expand_dims_5_kernel0
                    0.02%  20.768us        12  1.7300us  1.3440us  2.0160us  fused_sqrt_8_kernel0
                    0.02%  20.705us        12  1.7250us  1.5360us  2.0160us  fused_add_31_kernel0
                    0.02%  20.640us        13  1.5870us  1.3440us  2.0800us  fused_sqrt_6_kernel0
                    0.02%  20.513us        12  1.7090us  1.3760us  2.0800us  fused_divide_8_kernel0
                    0.02%  19.394us        13  1.4910us  1.2480us  1.6640us  fused_add_12_kernel0
                    0.02%  19.074us        13  1.4670us  1.2800us  2.1120us  fused_negative_6_kernel0
                    0.02%  19.041us        13  1.4640us  1.2800us  1.8240us  fused_add_25_kernel0
                    0.02%  18.657us        12  1.5540us  1.2480us  1.6640us  fused_negative_8_kernel0
                    0.02%  17.761us        13  1.3660us  1.1200us  1.9200us  fused_multiply_18_kernel0
                    0.02%  17.281us        12  1.4400us  1.2480us  1.7920us  fused_add_32_kernel0
                    0.02%  16.929us         1  16.929us  16.929us  16.929us  fused_concatenate_1_kernel0
                    0.01%  15.297us         8  1.9120us  1.6320us  2.0160us  fused_add_21_kernel0
                    0.01%  15.040us        12  1.2530us  1.0880us  1.5040us  fused_multiply_23_kernel0
                    0.01%  14.881us         8  1.8600us  1.3120us  1.9840us  fused_sqrt_5_kernel0
                    0.01%  14.560us         8  1.8200us  1.3760us  2.1440us  fused_divide_5_kernel0
                    0.01%  14.400us         8  1.8000us  1.2480us  1.9520us  fused_negative_5_kernel0
                    0.01%  14.049us         3  4.6830us  4.5440us  4.8330us  fused_multiply_kernel0
                    0.01%  13.888us         1  13.888us  13.888us  13.888us  fused_nn_softmax_kernel0
                    0.01%  13.730us        12  1.1440us  1.0880us  1.4720us  fused_expand_dims_7_kernel0
                    0.01%  12.960us         8  1.6200us  1.0880us  1.8880us  fused_multiply_16_kernel0
                    0.01%  11.969us         8  1.4960us  1.2800us  1.7610us  fused_add_22_kernel0
                    0.01%  11.584us         2  5.7920us  5.5360us  6.0480us  fused_multiply_27_kernel0
                    0.01%  10.529us         6  1.7540us  1.5680us  1.9200us  fused_add_28_kernel0
                    0.01%  10.528us         3  3.5090us  3.4880us  3.5200us  fused_add_kernel0
                    0.01%  9.9840us         3  3.3280us  3.3280us  3.3280us  fused_nn_relu_kernel0
                    0.01%  9.9200us         6  1.6530us  1.3440us  2.0160us  fused_sqrt_7_kernel0
                    0.01%  9.3440us         3  3.1140us  3.0400us  3.1680us  fused_multiply_25_kernel0
                    0.01%  9.2480us         6  1.5410us  1.2800us  1.7600us  fused_add_29_kernel0
                    0.01%  9.1200us         2  4.5600us  4.5440us  4.5760us  fused_add_37_kernel0
                    0.01%  9.0880us         6  1.5140us  1.3760us  1.9840us  fused_divide_7_kernel0
                    0.01%  9.0570us         6  1.5090us  1.2480us  1.6640us  fused_negative_7_kernel0
                    0.01%  8.3850us         2  4.1920us  4.1600us  4.2250us  fused_nn_relu_17_kernel0
                    0.01%  8.0960us         3  2.6980us  1.6000us  4.5440us  fused_sqrt_kernel0
                    0.01%  7.8080us         1  7.8080us  7.8080us  7.8080us  fused_multiply_17_kernel0
                    0.01%  7.7450us         6  1.2900us  1.0880us  1.5040us  fused_expand_dims_9_kernel0
                    0.01%  7.7120us         6  1.2850us  1.0880us  1.4720us  fused_expand_dims_4_kernel0
                    0.01%  7.5520us         6  1.2580us  1.1520us  1.4720us  fused_expand_dims_kernel0
                    0.01%  7.3920us         6  1.2320us  1.0880us  1.4720us  fused_multiply_21_kernel0
                    0.01%  7.2640us         3  2.4210us  2.4000us  2.4320us  fused_add_35_kernel0
                    0.01%  6.8180us         3  2.2720us  2.2720us  2.2730us  fused_nn_relu_15_kernel0
                    0.01%  6.1440us         1  6.1440us  6.1440us  6.1440us  fused_multiply_19_kernel0
                    0.01%  6.1120us         3  2.0370us  2.0160us  2.0480us  fused_divide_9_kernel0
                    0.01%  6.0810us         1  6.0810us  6.0810us  6.0810us  fused_add_23_kernel0
                    0.01%  6.0170us         3  2.0050us  1.9520us  2.0800us  fused_add_33_kernel0
                    0.01%  5.9840us         3  1.9940us  1.9520us  2.0800us  fused_sqrt_4_kernel0
                    0.01%  5.9840us         3  1.9940us  1.9840us  2.0160us  fused_sqrt_9_kernel0
                    0.01%  5.9530us         3  1.9840us  1.9840us  1.9850us  fused_divide_4_kernel0
                    0.01%  5.7610us         3  1.9200us  1.9200us  1.9210us  fused_add_18_kernel0
                    0.01%  5.6640us         3  1.8880us  1.7920us  1.9520us  fused_add_9_kernel0
                    0.01%  5.5680us         1  5.5680us  5.5680us  5.5680us  fused_nn_softmax_kernel3
                    0.01%  5.5680us         1  5.5680us  5.5680us  5.5680us  fused_nn_relu_11_kernel0
                    0.01%  5.4410us         3  1.8130us  1.6320us  1.9840us  fused_negative_4_kernel0
                    0.01%  5.4090us         3  1.8030us  1.4400us  1.9850us  fused_divide_kernel0
                    0.00%  5.2810us         3  1.7600us  1.6640us  1.8890us  fused_negative_kernel0
                    0.00%  5.2800us         4  1.3200us  1.1200us  1.5360us  fused_expand_dims_10_kernel0
                    0.00%  5.2480us         3  1.7490us  1.6960us  1.7920us  fused_negative_9_kernel0
                    0.00%  5.0880us         3  1.6960us  1.6640us  1.7600us  fused_add_34_kernel0
                    0.00%  5.0240us         3  1.6740us  1.5040us  1.8880us  fused_multiply_9_kernel0
                    0.00%  4.8970us         3  1.6320us  1.6320us  1.6330us  fused_add_19_kernel0
                    0.00%  4.7360us         1  4.7360us  4.7360us  4.7360us  fused_add_26_kernel0
                    0.00%  4.6400us         3  1.5460us  1.5040us  1.6320us  fused_multiply_24_kernel0
                    0.00%  4.5440us         3  1.5140us  1.3120us  1.6320us  fused_add_10_kernel0
                    0.00%  4.4480us         1  4.4480us  4.4480us  4.4480us  fused_nn_relu_12_kernel0
                    0.00%  4.3840us         3  1.4610us  1.4400us  1.4720us  fused_multiply_14_kernel0
                    0.00%  4.1600us         2  2.0800us  2.0160us  2.1440us  fused_divide_10_kernel0
                    0.00%  4.0640us         2  2.0320us  2.0160us  2.0480us  fused_sqrt_10_kernel0
                    0.00%  3.9680us         2  1.9840us  1.9520us  2.0160us  fused_add_38_kernel0
                    0.00%  3.3920us         2  1.6960us  1.6640us  1.7280us  fused_add_39_kernel0
                    0.00%  3.3610us         2  1.6800us  1.6640us  1.6970us  fused_negative_10_kernel0
                    0.00%  3.2960us         1  3.2960us  3.2960us  3.2960us  fused_nn_softmax_kernel2
                    0.00%  3.0720us         2  1.5360us  1.5040us  1.5680us  fused_multiply_28_kernel0
                    0.00%  2.5600us         2  1.2800us  1.0880us  1.4720us  fused_expand_dims_2_kernel0
                    0.00%  2.2410us         1  2.2410us  2.2410us  2.2410us  fused_nn_bias_add_kernel0
                    0.00%  2.0160us         1  2.0160us  2.0160us  2.0160us  fused_negative_2_kernel0
                    0.00%  2.0160us         1  2.0160us  2.0160us  2.0160us  fused_divide_2_kernel0
                    0.00%  1.9530us         1  1.9530us  1.9530us  1.9530us  fused_sqrt_2_kernel0
                    0.00%  1.8880us         1  1.8880us  1.8880us  1.8880us  fused_add_13_kernel0
                    0.00%  1.7920us         1  1.7920us  1.7920us  1.7920us  fused_multiply_11_kernel0
                    0.00%  1.7600us         1  1.7600us  1.7600us  1.7600us  [CUDA memcpy DtoH]
                    0.00%  1.6970us         1  1.6970us  1.6970us  1.6970us  fused_add_14_kernel0
                    0.00%  1.6320us         1  1.6320us  1.6320us  1.6320us  fused_nn_batch_flatten_kernel0
      API calls:   79.92%  1.07326s         1  1.07326s  1.07326s  1.07326s  cuModuleLoadData
                   10.36%  139.10ms       585  237.78us  2.9390us  131.72ms  cudaMalloc
                    5.03%  67.538ms       585  115.45us  3.1660us  46.746ms  cudaFree
                    3.50%  46.987ms       568  82.723us  5.7820us  8.0978ms  cudaMemcpy
                    0.63%  8.4429ms         1  8.4429ms  8.4429ms  8.4429ms  cuModuleUnload
                    0.36%  4.7891ms      1187  4.0340us  3.0330us  66.696us  cuLaunchKernel
                    0.12%  1.5462ms      2896     533ns     331ns  11.125us  cudaSetDevice
                    0.03%  467.66us      1187     393ns     292ns  34.191us  cudaGetDevice
                    0.03%  463.59us        97  4.7790us     442ns  231.50us  cuDeviceGetAttribute
                    0.01%  165.55us         1  165.55us  165.55us  165.55us  cuDeviceTotalMem
                    0.01%  99.441us       207     480ns     257ns  7.7750us  cuModuleGetFunction
                    0.01%  70.772us         1  70.772us  70.772us  70.772us  cuDeviceGetName
                    0.00%  6.5830us         3  2.1940us  1.1660us  2.9030us  cudaDeviceGetAttribute
                    0.00%  4.5410us         1  4.5410us  4.5410us  4.5410us  cuDeviceGetPCIBusId
                    0.00%  4.5310us         2  2.2650us  2.1290us  2.4020us  cuDeviceGetCount
                    0.00%  2.0550us         2  1.0270us     921ns  1.1340us  cuDeviceGet
                    0.00%     865ns         1     865ns     865ns     865ns  cuDeviceGetUuid
