==23103== NVPROF is profiling process 23103, command: python3 /home/wml/tvm/tutorials/relay_test_net.py
==23103== Profiling application: python3 /home/wml/tvm/tutorials/relay_test_net.py
==23103== Profiling result:
            Type  Time(%)      Time     Calls       Avg       Min       Max  Name
 GPU activities:   33.27%  31.875ms       567  56.217us     768ns  2.6269ms  [CUDA memcpy HtoD]
                    6.51%  6.2353ms        12  519.61us  468.47us  1.0580ms  fused_nn_conv2d_3_kernel0
                    4.84%  4.6383ms         4  1.1596ms  893.36us  1.9506ms  fused_nn_conv2d_31_kernel0
                    4.38%  4.1925ms         1  4.1925ms  4.1925ms  4.1925ms  fused_nn_conv2d_8_kernel0
                    3.74%  3.5818ms         4  895.45us  892.69us  896.75us  fused_nn_conv2d_32_kernel0
                    3.00%  2.8753ms         4  718.81us  562.08us  1.1848ms  fused_nn_conv2d_30_kernel0
                    2.72%  2.6014ms         2  1.3007ms  771.24us  1.8302ms  fused_nn_conv2d_26_kernel0
                    2.70%  2.5896ms         1  2.5896ms  2.5896ms  2.5896ms  fused_nn_conv2d_4_kernel0
                    2.49%  2.3810ms         2  1.1905ms  1.1827ms  1.1983ms  fused_nn_conv2d_37_kernel0
                    2.38%  2.2792ms         4  569.79us  558.81us  590.05us  fused_nn_conv2d_27_kernel0
                    2.02%  1.9314ms         3  643.80us  443.16us  1.0434ms  fused_nn_conv2d_13_kernel0
                    1.76%  1.6901ms         4  422.53us  160.97us  1.2061ms  fused_nn_conv2d_16_kernel2
                    1.63%  1.5650ms         1  1.5650ms  1.5650ms  1.5650ms  fused_nn_conv2d_10_kernel0
                    1.58%  1.5185ms         4  379.62us  374.96us  387.76us  fused_nn_conv2d_28_kernel0
                    1.47%  1.4121ms         2  706.07us  704.87us  707.27us  fused_nn_conv2d_37_kernel2
                    1.46%  1.3970ms         2  698.50us  692.48us  704.52us  fused_nn_conv2d_29_kernel0
                    1.04%  993.08us         4  248.27us  240.30us  252.97us  fused_nn_conv2d_34_kernel0
                    1.00%  954.51us         4  238.63us  234.48us  243.12us  fused_nn_conv2d_36_kernel0
                    0.99%  949.33us         2  474.66us  474.42us  474.91us  fused_nn_conv2d_22_kernel0
                    0.94%  898.41us         2  449.21us  448.98us  449.43us  fused_nn_conv2d_25_kernel0
                    0.93%  888.14us         4  222.04us  220.81us  223.28us  fused_nn_conv2d_5_kernel0
                    0.85%  818.19us         2  409.09us  403.89us  414.29us  fused_nn_conv2d_23_kernel0
                    0.68%  652.29us         3  217.43us  216.88us  218.28us  fused_nn_conv2d_6_kernel0
                    0.65%  622.91us         3  207.64us  203.02us  210.96us  fused_nn_conv2d_15_kernel2
                    0.58%  555.16us         1  555.16us  555.16us  555.16us  fused_nn_conv2d_21_kernel0
                    0.58%  554.49us         1  554.49us  554.49us  554.49us  fused_nn_conv2d_24_kernel0
                    0.56%  535.45us         1  535.45us  535.45us  535.45us  fused_nn_conv2d_11_kernel0
                    0.52%  494.04us         4  123.51us  122.21us  124.39us  fused_nn_avg_pool2d_4_kernel0
                    0.47%  448.12us         1  448.12us  448.12us  448.12us  fused_nn_conv2d_kernel0
                    0.42%  399.38us         1  399.38us  399.38us  399.38us  fused_nn_conv2d_9_kernel0
                    0.39%  370.29us         1  370.29us  370.29us  370.29us  fused_nn_conv2d_41_kernel0
                    0.38%  363.35us         1  363.35us  363.35us  363.35us  fused_nn_conv2d_20_kernel0
                    0.35%  331.73us         1  331.73us  331.73us  331.73us  fused_nn_conv2d_40_kernel0
                    0.34%  321.01us         1  321.01us  321.01us  321.01us  fused_nn_relu_6_kernel0
                    0.33%  320.69us         1  320.69us  320.69us  320.69us  fused_add_6_kernel0
                    0.33%  320.11us         1  320.11us  320.11us  320.11us  fused_multiply_6_kernel0
                    0.33%  313.30us         1  313.30us  313.30us  313.30us  fused_nn_conv2d_2_kernel0
                    0.31%  294.80us         4  73.699us  73.475us  73.892us  fused_nn_conv2d_16_kernel3
                    0.31%  294.45us         2  147.22us  146.63us  147.82us  fused_nn_conv2d_7_kernel0
                    0.30%  285.36us         1  285.36us  285.36us  285.36us  fused_nn_conv2d_42_kernel0
                    0.27%  259.57us         1  259.57us  259.57us  259.57us  fused_nn_conv2d_33_kernel0
                    0.26%  252.53us        26  9.7120us  8.8650us  10.528us  fused_multiply_1_kernel0
                    0.26%  249.90us         1  249.90us  249.90us  249.90us  fused_nn_conv2d_38_kernel0
                    0.24%  233.10us         1  233.10us  233.10us  233.10us  fused_nn_dense_kernel0
                    0.23%  223.31us         1  223.31us  223.31us  223.31us  fused_nn_relu_4_kernel0
                    0.23%  223.31us         1  223.31us  223.31us  223.31us  fused_add_4_kernel0
                    0.23%  220.62us         1  220.62us  220.62us  220.62us  fused_multiply_4_kernel0
                    0.23%  220.14us         3  73.380us  73.028us  73.700us  fused_nn_conv2d_15_kernel3
                    0.23%  219.92us         3  73.305us  72.675us  74.116us  fused_nn_conv2d_15_kernel1
                    0.22%  214.35us        12  17.862us  16.865us  18.785us  fused_nn_relu_3_kernel0
                    0.22%  211.92us        12  17.659us  16.769us  18.625us  fused_add_3_kernel0
                    0.22%  208.94us         1  208.94us  208.94us  208.94us  fused_nn_conv2d_1_kernel0
                    0.22%  207.15us         4  51.786us  51.555us  51.939us  fused_concatenate_2_kernel0
                    0.21%  205.03us         1  205.03us  205.03us  205.03us  fused_nn_max_pool2d_1_kernel0
                    0.21%  201.67us         1  201.67us  201.67us  201.67us  fused_nn_conv2d_12_kernel0
                    0.21%  200.68us         1  200.68us  200.68us  200.68us  fused_nn_conv2d_19_kernel0
                    0.21%  197.45us         4  49.362us  48.483us  50.210us  fused_nn_conv2d_16_kernel1
                    0.21%  196.55us         7  28.079us  27.746us  28.385us  fused_nn_relu_10_kernel0
                    0.20%  194.22us         7  27.745us  27.169us  28.193us  fused_add_20_kernel0
                    0.19%  186.12us        26  7.1580us  6.2730us  8.0650us  fused_add_1_kernel0
                    0.19%  185.83us         1  185.83us  185.83us  185.83us  fused_nn_avg_pool2d_3_kernel0
                    0.19%  180.20us        12  15.016us  14.080us  16.193us  fused_multiply_3_kernel0
                    0.19%  178.86us         1  178.86us  178.86us  178.86us  fused_nn_conv2d_39_kernel0
                    0.19%  177.61us         7  25.372us  24.833us  25.666us  fused_multiply_15_kernel0
                    0.17%  166.50us         1  166.50us  166.50us  166.50us  fused_nn_conv2d_18_kernel0
                    0.17%  165.19us         1  165.19us  165.19us  165.19us  fused_nn_avg_pool2d_2_kernel0
                    0.17%  164.23us         2  82.116us  81.860us  82.372us  fused_concatenate_4_kernel0
                    0.17%  164.14us         1  164.14us  164.14us  164.14us  fused_add_8_kernel0
                    0.17%  163.24us         1  163.24us  163.24us  163.24us  fused_nn_relu_8_kernel0
                    0.17%  162.66us        26  6.2560us  5.9200us  6.5610us  fused_nn_relu_1_kernel0
                    0.17%  162.57us         1  162.57us  162.57us  162.57us  fused_multiply_8_kernel0
                    0.17%  159.62us         1  159.62us  159.62us  159.62us  fused_add_7_kernel0
                    0.17%  159.37us         1  159.37us  159.37us  159.37us  fused_nn_relu_7_kernel0
                    0.17%  158.18us         1  158.18us  158.18us  158.18us  fused_multiply_7_kernel0
                    0.16%  157.80us         1  157.80us  157.80us  157.80us  fused_nn_conv2d_35_kernel0
                    0.15%  147.24us         1  147.24us  147.24us  147.24us  fused_nn_max_pool2d_kernel0
                    0.14%  138.57us         1  138.57us  138.57us  138.57us  fused_nn_conv2d_14_kernel0
                    0.13%  125.25us         1  125.25us  125.25us  125.25us  fused_nn_avg_pool2d_1_kernel0
                    0.12%  112.13us         3  37.378us  36.194us  38.498us  fused_nn_conv2d_15_kernel0
                    0.11%  101.09us        12  8.4240us  7.9360us  8.7370us  fused_multiply_22_kernel0
                    0.10%  98.885us         1  98.885us  98.885us  98.885us  fused_nn_relu_5_kernel0
                    0.10%  98.725us         1  98.725us  98.725us  98.725us  fused_nn_conv2d_17_kernel0
                    0.10%  98.149us         1  98.149us  98.149us  98.149us  fused_add_5_kernel0
                    0.10%  95.588us         4  23.897us  22.625us  25.121us  fused_nn_conv2d_16_kernel0
                    0.10%  95.237us         1  95.237us  95.237us  95.237us  fused_multiply_5_kernel0
                    0.08%  72.004us         1  72.004us  72.004us  72.004us  fused_concatenate_5_kernel0
                    0.07%  68.163us        12  5.6800us  5.5680us  5.8890us  fused_add_30_kernel0
                    0.07%  64.932us        12  5.4110us  5.3120us  5.4720us  fused_nn_relu_14_kernel0
                    0.06%  60.257us        60  1.0040us     928ns  1.3760us  fused_expand_dims_3_kernel0
                    0.06%  57.443us         1  57.443us  57.443us  57.443us  fused_nn_max_pool2d_2_kernel0
                    0.06%  55.075us         2  27.537us  27.393us  27.682us  fused_concatenate_kernel0
                    0.05%  49.924us        30  1.6640us  1.3760us  1.8560us  fused_add_15_kernel0
                    0.05%  49.153us        12  4.0960us  3.2000us  4.5760us  fused_multiply_26_kernel0
                    0.05%  48.802us         1  48.802us  48.802us  48.802us  fused_concatenate_3_kernel0
                    0.05%  47.265us        30  1.5750us  1.1840us  1.9200us  fused_divide_3_kernel0
                    0.05%  45.954us        30  1.5310us  1.1840us  1.8240us  fused_sqrt_3_kernel0
                    0.04%  41.220us        30  1.3740us  1.0560us  1.7600us  fused_negative_3_kernel0
                    0.04%  40.514us         1  40.514us  40.514us  40.514us  fused_nn_max_pool2d_4_kernel0
                    0.04%  38.753us        30  1.2910us  1.0880us  1.5680us  fused_add_16_kernel0
                    0.04%  36.994us         6  6.1650us  5.6320us  6.7520us  fused_multiply_20_kernel0
                    0.04%  36.930us        12  3.0770us  2.8170us  3.2640us  fused_add_36_kernel0
                    0.04%  36.675us        30  1.2220us  1.0240us  1.5680us  fused_multiply_12_kernel0
                    0.04%  34.690us         1  34.690us  34.690us  34.690us  fused_nn_avg_pool2d_kernel0
                    0.04%  34.018us        12  2.8340us  2.6880us  3.0720us  fused_nn_relu_16_kernel0
                    0.03%  32.802us         1  32.802us  32.802us  32.802us  fused_nn_max_pool2d_3_kernel0
                    0.03%  32.321us         2  16.160us  16.032us  16.289us  fused_nn_conv2d_37_kernel1
                    0.03%  31.010us         3  10.336us  10.144us  10.593us  fused_multiply_13_kernel0
                    0.03%  27.841us        26  1.0700us     896ns  1.3770us  fused_expand_dims_1_kernel0
                    0.03%  27.810us         6  4.6350us  4.5120us  4.8320us  fused_add_27_kernel0
                    0.03%  26.850us         2  13.425us  13.409us  13.441us  fused_nn_conv2d_37_kernel3
                    0.03%  26.816us        26  1.0310us     928ns  1.3120us  fused_expand_dims_6_kernel0
                    0.03%  26.689us         1  26.689us  26.689us  26.689us  fused_nn_relu_2_kernel0
                    0.03%  26.241us         1  26.241us  26.241us  26.241us  fused_add_2_kernel0
                    0.03%  26.082us         6  4.3470us  4.1920us  4.6410us  fused_nn_relu_13_kernel0
                    0.03%  25.698us        24  1.0700us     928ns  1.3120us  fused_expand_dims_8_kernel0
                    0.03%  25.345us         1  25.345us  25.345us  25.345us  fused_nn_softmax_kernel1
                    0.03%  24.385us         1  24.385us  24.385us  24.385us  fused_nn_avg_pool2d_5_kernel0
                    0.03%  24.098us         3  8.0320us  7.6490us  8.2880us  fused_add_17_kernel0
                    0.02%  22.209us         1  22.209us  22.209us  22.209us  fused_multiply_2_kernel0
                    0.02%  21.953us         3  7.3170us  6.4960us  7.8090us  fused_nn_relu_9_kernel0
                    0.02%  21.219us        13  1.6320us  1.1530us  1.8240us  fused_divide_1_kernel0
                    0.02%  21.088us        13  1.6220us  1.3440us  1.7600us  fused_negative_1_kernel0
                    0.02%  20.992us        13  1.6140us  1.3440us  1.9200us  fused_add_11_kernel0
                    0.02%  20.386us        12  1.6980us  1.5360us  1.7600us  fused_sqrt_8_kernel0
                    0.02%  20.160us        13  1.5500us  1.1520us  1.7280us  fused_sqrt_1_kernel0
                    0.02%  19.777us        13  1.5210us  1.3440us  1.7600us  fused_add_24_kernel0
                    0.02%  19.713us        13  1.5160us  1.2160us  1.7920us  fused_divide_6_kernel0
                    0.02%  19.425us        13  1.4940us  1.2160us  1.6960us  fused_multiply_10_kernel0
                    0.02%  19.232us        12  1.6020us  1.3760us  1.7920us  fused_add_31_kernel0
                    0.02%  19.073us        12  1.5890us  1.4080us  1.8880us  fused_divide_8_kernel0
                    0.02%  18.753us        13  1.4420us  1.2480us  1.7600us  fused_sqrt_6_kernel0
                    0.02%  18.048us        13  1.3880us  1.0560us  1.5040us  fused_add_12_kernel0
                    0.02%  16.608us        12  1.3840us  1.3120us  1.5360us  fused_add_32_kernel0
                    0.02%  16.578us        13  1.2750us  1.0880us  1.7600us  fused_negative_6_kernel0
                    0.02%  16.452us        13  1.2650us  1.0880us  1.6650us  fused_add_25_kernel0
                    0.02%  16.384us         1  16.384us  16.384us  16.384us  fused_concatenate_1_kernel0
                    0.02%  16.225us        16  1.0140us     896ns  1.2800us  fused_expand_dims_5_kernel0
                    0.02%  15.489us        13  1.1910us  1.0560us  1.7280us  fused_multiply_18_kernel0
                    0.02%  15.458us        12  1.2880us  1.1840us  1.4410us  fused_negative_8_kernel0
                    0.01%  13.664us        12  1.1380us     992ns  1.3760us  fused_multiply_23_kernel0
                    0.01%  13.345us         8  1.6680us  1.1520us  1.8240us  fused_sqrt_5_kernel0
                    0.01%  12.992us         8  1.6240us  1.2160us  1.7920us  fused_divide_5_kernel0
                    0.01%  12.674us         3  4.2240us  4.0650us  4.4160us  fused_multiply_kernel0
                    0.01%  12.512us        12  1.0420us     896ns  1.2800us  fused_expand_dims_7_kernel0
                    0.01%  12.480us         8  1.5600us  1.3440us  1.7280us  fused_add_21_kernel0
                    0.01%  12.224us         8  1.5280us  1.0880us  1.7280us  fused_negative_5_kernel0
                    0.01%  11.456us         1  11.456us  11.456us  11.456us  fused_nn_softmax_kernel0
                    0.01%  11.136us         8  1.3920us     928ns  1.6320us  fused_multiply_16_kernel0
                    0.01%  10.465us         8  1.3080us  1.0560us  1.5360us  fused_add_22_kernel0
                    0.01%  9.7290us         2  4.8640us  4.7370us  4.9920us  fused_multiply_27_kernel0
                    0.01%  8.9920us         3  2.9970us  2.9760us  3.0080us  fused_add_kernel0
                    0.01%  8.8320us         6  1.4720us  1.3440us  1.6960us  fused_add_28_kernel0
                    0.01%  8.6730us         3  2.8910us  1.4090us  5.8240us  fused_add_10_kernel0
                    0.01%  8.3840us         3  2.7940us  2.7840us  2.8160us  fused_nn_relu_kernel0
                    0.01%  8.3520us         3  2.7840us  2.7200us  2.8160us  fused_multiply_25_kernel0
                    0.01%  8.2890us         6  1.3810us  1.1840us  1.7280us  fused_sqrt_7_kernel0
                    0.01%  8.2240us         6  1.3700us  1.1840us  1.7280us  fused_divide_7_kernel0
                    0.01%  7.5840us         2  3.7920us  3.7760us  3.8080us  fused_add_37_kernel0
                    0.01%  7.2640us         3  2.4210us  1.4080us  4.1280us  fused_sqrt_kernel0
                    0.01%  7.2330us         6  1.2050us  1.0560us  1.4410us  fused_negative_7_kernel0
                    0.01%  7.0720us         2  3.5360us  3.5200us  3.5520us  fused_nn_relu_17_kernel0
                    0.01%  7.0080us         1  7.0080us  7.0080us  7.0080us  fused_multiply_17_kernel0
                    0.01%  6.7840us         6  1.1300us     928ns  1.3760us  fused_expand_dims_9_kernel0
                    0.01%  6.7530us         6  1.1250us  1.0560us  1.4080us  fused_add_29_kernel0
                    0.01%  6.6560us         6  1.1090us     928ns  1.3120us  fused_expand_dims_4_kernel0
                    0.01%  6.4000us         6  1.0660us     960ns  1.2800us  fused_expand_dims_kernel0
                    0.01%  6.3680us         6  1.0610us     896ns  1.3760us  fused_multiply_21_kernel0
                    0.01%  6.0800us         3  2.0260us  2.0160us  2.0480us  fused_add_35_kernel0
                    0.01%  5.7280us         3  1.9090us  1.8880us  1.9520us  fused_nn_relu_15_kernel0
                    0.01%  5.3120us         1  5.3120us  5.3120us  5.3120us  fused_multiply_19_kernel0
                    0.01%  5.3120us         3  1.7700us  1.7600us  1.7920us  fused_divide_9_kernel0
                    0.01%  5.2800us         3  1.7600us  1.7280us  1.7920us  fused_divide_4_kernel0
                    0.01%  5.2160us         3  1.7380us  1.7280us  1.7600us  fused_sqrt_9_kernel0
                    0.01%  5.1530us         3  1.7170us  1.6960us  1.7600us  fused_add_18_kernel0
                    0.01%  5.1520us         3  1.7170us  1.6960us  1.7280us  fused_sqrt_4_kernel0
                    0.01%  5.1200us         3  1.7060us  1.6320us  1.7600us  fused_add_33_kernel0
                    0.01%  4.8960us         1  4.8960us  4.8960us  4.8960us  fused_add_23_kernel0
                    0.00%  4.7690us         3  1.5890us  1.2170us  1.8240us  fused_divide_kernel0
                    0.00%  4.7690us         3  1.5890us  1.4080us  1.6960us  fused_add_9_kernel0
                    0.00%  4.7360us         1  4.7360us  4.7360us  4.7360us  fused_nn_relu_11_kernel0
                    0.00%  4.6400us         1  4.6400us  4.6400us  4.6400us  fused_nn_softmax_kernel3
                    0.00%  4.6090us         3  1.5360us  1.4080us  1.6640us  fused_negative_4_kernel0
                    0.00%  4.5120us         4  1.1280us     960ns  1.3120us  fused_expand_dims_10_kernel0
                    0.00%  4.5120us         3  1.5040us  1.3760us  1.7280us  fused_negative_kernel0
                    0.00%  4.4480us         3  1.4820us  1.4720us  1.5040us  fused_negative_9_kernel0
                    0.00%  4.4480us         3  1.4820us  1.4400us  1.5040us  fused_add_34_kernel0
                    0.00%  4.4480us         3  1.4820us  1.2800us  1.6000us  fused_multiply_9_kernel0
                    0.00%  4.2880us         3  1.4290us  1.4080us  1.4400us  fused_add_19_kernel0
                    0.00%  4.0000us         1  4.0000us  4.0000us  4.0000us  fused_add_26_kernel0
                    0.00%  3.9360us         3  1.3120us  1.3120us  1.3120us  fused_multiply_24_kernel0
                    0.00%  3.8080us         3  1.2690us  1.2480us  1.2800us  fused_multiply_14_kernel0
                    0.00%  3.6800us         1  3.6800us  3.6800us  3.6800us  fused_nn_relu_12_kernel0
                    0.00%  3.6160us         2  1.8080us  1.7600us  1.8560us  fused_add_38_kernel0
                    0.00%  3.5840us         2  1.7920us  1.7920us  1.7920us  fused_divide_10_kernel0
                    0.00%  3.4880us         2  1.7440us  1.7280us  1.7600us  fused_sqrt_10_kernel0
                    0.00%  3.0720us         1  3.0720us  3.0720us  3.0720us  fused_nn_softmax_kernel2
                    0.00%  3.0080us         2  1.5040us  1.4720us  1.5360us  fused_negative_10_kernel0
                    0.00%  2.9760us         2  1.4880us  1.4720us  1.5040us  fused_add_39_kernel0
                    0.00%  2.6240us         2  1.3120us  1.3120us  1.3120us  fused_multiply_28_kernel0
                    0.00%  2.2720us         2  1.1360us     960ns  1.3120us  fused_expand_dims_2_kernel0
                    0.00%  1.9840us         1  1.9840us  1.9840us  1.9840us  fused_nn_bias_add_kernel0
                    0.00%  1.7280us         1  1.7280us  1.7280us  1.7280us  fused_sqrt_2_kernel0
                    0.00%  1.7280us         1  1.7280us  1.7280us  1.7280us  fused_divide_2_kernel0
                    0.00%  1.6970us         1  1.6970us  1.6970us  1.6970us  fused_add_13_kernel0
                    0.00%  1.6960us         1  1.6960us  1.6960us  1.6960us  fused_negative_2_kernel0
                    0.00%  1.6640us         1  1.6640us  1.6640us  1.6640us  [CUDA memcpy DtoH]
                    0.00%  1.5680us         1  1.5680us  1.5680us  1.5680us  fused_multiply_11_kernel0
                    0.00%  1.4720us         1  1.4720us  1.4720us  1.4720us  fused_add_14_kernel0
                    0.00%  1.4720us         1  1.4720us  1.4720us  1.4720us  fused_nn_batch_flatten_kernel0
      API calls:   79.21%  1.07585s         1  1.07585s  1.07585s  1.07585s  cuModuleLoadData
                   11.61%  157.68ms       585  269.54us  2.8970us  150.77ms  cudaMalloc
                    4.16%  56.491ms       585  96.564us  3.0090us  39.550ms  cudaFree
                    3.88%  52.759ms       568  92.885us  5.5980us  6.4131ms  cudaMemcpy
                    0.60%  8.1133ms         1  8.1133ms  8.1133ms  8.1133ms  cuModuleUnload
                    0.34%  4.6668ms      1187  3.9310us  2.9790us  52.162us  cuLaunchKernel
                    0.11%  1.5069ms      2896     520ns     328ns  10.702us  cudaSetDevice
                    0.03%  425.97us      1187     358ns     292ns  2.3540us  cudaGetDevice
                    0.03%  368.56us        97  3.7990us     491ns  149.50us  cuDeviceGetAttribute
                    0.01%  182.48us         1  182.48us  182.48us  182.48us  cuDeviceTotalMem
                    0.01%  96.429us       207     465ns     281ns  1.8700us  cuModuleGetFunction
                    0.01%  86.275us         1  86.275us  86.275us  86.275us  cuDeviceGetName
                    0.00%  7.1870us         3  2.3950us  1.4190us  2.9760us  cudaDeviceGetAttribute
                    0.00%  5.3420us         2  2.6710us  1.7870us  3.5550us  cuDeviceGetCount
                    0.00%  4.6490us         1  4.6490us  4.6490us  4.6490us  cuDeviceGetPCIBusId
                    0.00%  1.8280us         2     914ns     632ns  1.1960us  cuDeviceGet
                    0.00%     887ns         1     887ns     887ns     887ns  cuDeviceGetUuid
