==23181== NVPROF is profiling process 23181, command: python3 /home/wml/tvm/tutorials/relay_test_net.py
==23181== Profiling application: python3 /home/wml/tvm/tutorials/relay_test_net.py
==23181== Profiling result:
            Type  Time(%)      Time     Calls       Avg       Min       Max  Name
 GPU activities:   27.55%  31.232ms       567  55.083us     864ns  2.6124ms  [CUDA memcpy HtoD]
                    7.42%  8.4130ms        12  701.09us  608.77us  1.6841ms  fused_nn_conv2d_3_kernel0
                    5.42%  6.1399ms         1  6.1399ms  6.1399ms  6.1399ms  fused_nn_conv2d_8_kernel0
                    4.73%  5.3654ms         4  1.3414ms  1.1852ms  1.7848ms  fused_nn_conv2d_32_kernel0
                    4.21%  4.7715ms         4  1.1929ms  1.1866ms  1.2100ms  fused_nn_conv2d_31_kernel0
                    3.57%  4.0419ms         1  4.0419ms  4.0419ms  4.0419ms  fused_nn_conv2d_4_kernel0
                    3.16%  3.5796ms         4  894.89us  737.38us  1.3506ms  fused_nn_conv2d_27_kernel0
                    2.74%  3.1023ms         2  1.5511ms  997.39us  2.1049ms  fused_nn_conv2d_26_kernel0
                    2.68%  3.0368ms         4  759.19us  746.53us  795.72us  fused_nn_conv2d_30_kernel0
                    2.60%  2.9454ms         4  736.36us  307.09us  1.4067ms  fused_nn_conv2d_34_kernel0
                    2.10%  2.3783ms         2  1.1891ms  1.1882ms  1.1901ms  fused_nn_conv2d_37_kernel0
                    1.76%  1.9980ms         1  1.9980ms  1.9980ms  1.9980ms  fused_nn_conv2d_10_kernel0
                    1.73%  1.9576ms         4  489.39us  486.94us  490.90us  fused_nn_conv2d_28_kernel0
                    1.62%  1.8333ms         2  916.65us  916.43us  916.88us  fused_nn_conv2d_29_kernel0
                    1.50%  1.6991ms         3  566.36us  556.44us  581.56us  fused_nn_conv2d_13_kernel0
                    1.25%  1.4152ms         2  707.59us  706.50us  708.67us  fused_nn_conv2d_37_kernel2
                    1.23%  1.3943ms         1  1.3943ms  1.3943ms  1.3943ms  fused_add_6_kernel0
                    1.15%  1.3020ms         3  433.99us  73.027us  1.1552ms  fused_nn_conv2d_15_kernel3
                    1.11%  1.2547ms         2  627.33us  627.13us  627.52us  fused_nn_conv2d_22_kernel0
                    1.10%  1.2499ms         4  312.49us  303.34us  318.74us  fused_nn_conv2d_36_kernel0
                    1.06%  1.1974ms         2  598.70us  598.56us  598.84us  fused_nn_conv2d_25_kernel0
                    1.00%  1.1325ms         4  283.13us  279.02us  285.90us  fused_nn_conv2d_5_kernel0
                    0.95%  1.0775ms         2  538.76us  531.26us  546.27us  fused_nn_conv2d_23_kernel0
                    0.71%  806.15us         3  268.72us  267.31us  270.61us  fused_nn_conv2d_6_kernel0
                    0.68%  765.35us         4  191.34us  187.15us  193.64us  fused_nn_conv2d_16_kernel2
                    0.65%  733.80us         1  733.80us  733.80us  733.80us  fused_nn_conv2d_24_kernel0
                    0.63%  717.47us         1  717.47us  717.47us  717.47us  fused_nn_conv2d_21_kernel0
                    0.63%  713.79us         3  237.93us  230.57us  242.03us  fused_nn_conv2d_15_kernel2
                    0.63%  709.12us         1  709.12us  709.12us  709.12us  fused_nn_conv2d_11_kernel0
                    0.53%  604.22us         4  151.06us  150.22us  151.59us  fused_nn_avg_pool2d_4_kernel0
                    0.53%  597.37us         1  597.37us  597.37us  597.37us  fused_nn_conv2d_kernel0
                    0.47%  536.67us         1  536.67us  536.67us  536.67us  fused_nn_conv2d_41_kernel0
                    0.42%  478.90us         1  478.90us  478.90us  478.90us  fused_nn_conv2d_20_kernel0
                    0.40%  458.20us         1  458.20us  458.20us  458.20us  fused_nn_conv2d_40_kernel0
                    0.38%  433.37us         1  433.37us  433.37us  433.37us  fused_nn_conv2d_9_kernel0
                    0.35%  397.36us         1  397.36us  397.36us  397.36us  fused_nn_conv2d_2_kernel0
                    0.33%  376.63us         2  188.31us  187.47us  189.16us  fused_nn_conv2d_7_kernel0
                    0.33%  372.47us         1  372.47us  372.47us  372.47us  fused_nn_conv2d_42_kernel0
                    0.30%  339.34us         1  339.34us  339.34us  339.34us  fused_nn_conv2d_33_kernel0
                    0.28%  318.83us         1  318.83us  318.83us  318.83us  fused_multiply_6_kernel0
                    0.28%  318.10us         1  318.10us  318.10us  318.10us  fused_nn_relu_6_kernel0
                    0.28%  316.02us         1  316.02us  316.02us  316.02us  fused_nn_conv2d_38_kernel0
                    0.27%  301.74us        26  11.605us  10.624us  13.089us  fused_multiply_1_kernel0
                    0.26%  294.32us         4  73.579us  72.963us  74.180us  fused_nn_conv2d_16_kernel3
                    0.26%  291.69us         1  291.69us  291.69us  291.69us  fused_nn_conv2d_1_kernel0
                    0.23%  262.28us         1  262.28us  262.28us  262.28us  fused_nn_conv2d_12_kernel0
                    0.22%  245.45us         1  245.45us  245.45us  245.45us  fused_nn_conv2d_19_kernel0
                    0.21%  238.44us        26  9.1700us  8.3530us  9.6960us  fused_add_1_kernel0
                    0.21%  235.12us         1  235.12us  235.12us  235.12us  fused_nn_dense_kernel0
                    0.21%  234.86us         1  234.86us  234.86us  234.86us  fused_nn_conv2d_39_kernel0
                    0.20%  229.99us        12  19.166us  18.465us  19.905us  fused_add_3_kernel0
                    0.20%  229.84us        12  19.153us  18.113us  19.777us  fused_nn_relu_3_kernel0
                    0.20%  229.00us         1  229.00us  229.00us  229.00us  fused_nn_avg_pool2d_3_kernel0
                    0.20%  223.28us         1  223.28us  223.28us  223.28us  fused_nn_relu_4_kernel0
                    0.20%  223.12us         1  223.12us  223.12us  223.12us  fused_add_4_kernel0
                    0.19%  220.52us         1  220.52us  220.52us  220.52us  fused_multiply_4_kernel0
                    0.19%  218.76us         3  72.920us  72.739us  73.028us  fused_nn_conv2d_15_kernel1
                    0.19%  217.16us        26  8.3520us  7.8400us  9.0250us  fused_nn_relu_1_kernel0
                    0.19%  214.70us         4  53.674us  53.186us  53.987us  fused_concatenate_2_kernel0
                    0.19%  210.15us         1  210.15us  210.15us  210.15us  fused_nn_max_pool2d_1_kernel0
                    0.18%  208.20us         1  208.20us  208.20us  208.20us  fused_nn_conv2d_35_kernel0
                    0.18%  207.40us         1  207.40us  207.40us  207.40us  fused_nn_conv2d_18_kernel0
                    0.18%  205.51us         1  205.51us  205.51us  205.51us  fused_nn_avg_pool2d_2_kernel0
                    0.18%  204.65us        12  17.054us  16.608us  17.985us  fused_multiply_3_kernel0
                    0.18%  201.87us         7  28.838us  28.258us  29.378us  fused_add_20_kernel0
                    0.18%  201.29us         7  28.755us  28.289us  29.217us  fused_nn_relu_10_kernel0
                    0.17%  198.06us         4  49.514us  48.418us  51.075us  fused_nn_conv2d_16_kernel1
                    0.17%  188.17us         7  26.881us  25.953us  27.234us  fused_multiply_15_kernel0
                    0.15%  167.85us         2  83.924us  83.556us  84.292us  fused_concatenate_4_kernel0
                    0.15%  166.06us         1  166.06us  166.06us  166.06us  fused_nn_conv2d_14_kernel0
                    0.14%  164.33us         1  164.33us  164.33us  164.33us  fused_nn_relu_8_kernel0
                    0.14%  164.14us         1  164.14us  164.14us  164.14us  fused_add_8_kernel0
                    0.14%  162.92us         1  162.92us  162.92us  162.92us  fused_multiply_8_kernel0
                    0.14%  159.72us         1  159.72us  159.72us  159.72us  fused_add_7_kernel0
                    0.14%  159.50us         1  159.50us  159.50us  159.50us  fused_nn_relu_7_kernel0
                    0.14%  157.99us         1  157.99us  157.99us  157.99us  fused_multiply_7_kernel0
                    0.14%  154.18us         1  154.18us  154.18us  154.18us  fused_nn_avg_pool2d_1_kernel0
                    0.13%  150.15us         1  150.15us  150.15us  150.15us  fused_nn_max_pool2d_kernel0
                    0.11%  123.72us         3  41.239us  40.322us  42.434us  fused_nn_conv2d_15_kernel0
                    0.10%  118.34us         1  118.34us  118.34us  118.34us  fused_nn_conv2d_17_kernel0
                    0.10%  117.10us        12  9.7580us  9.4090us  10.145us  fused_multiply_22_kernel0
                    0.09%  106.53us         4  26.633us  26.113us  26.850us  fused_nn_conv2d_16_kernel0
                    0.09%  99.909us         1  99.909us  99.909us  99.909us  fused_add_5_kernel0
                    0.09%  98.629us         1  98.629us  98.629us  98.629us  fused_nn_relu_5_kernel0
                    0.09%  96.645us         1  96.645us  96.645us  96.645us  fused_multiply_5_kernel0
                    0.08%  87.814us        12  7.3170us  7.1040us  7.6810us  fused_add_30_kernel0
                    0.07%  83.651us        12  6.9700us  6.7200us  7.2650us  fused_nn_relu_14_kernel0
                    0.07%  79.013us        60  1.3160us  1.1520us  1.6010us  fused_expand_dims_3_kernel0
                    0.06%  73.604us         1  73.604us  73.604us  73.604us  fused_concatenate_5_kernel0
                    0.05%  60.931us         2  30.465us  30.434us  30.497us  fused_concatenate_kernel0
                    0.05%  59.843us        12  4.9860us  4.2560us  5.4720us  fused_multiply_26_kernel0
                    0.05%  57.283us         1  57.283us  57.283us  57.283us  fused_nn_max_pool2d_2_kernel0
                    0.05%  54.883us        30  1.8290us  1.4400us  2.3040us  fused_divide_3_kernel0
                    0.05%  54.496us        30  1.8160us  1.6640us  2.1120us  fused_add_15_kernel0
                    0.05%  53.219us        30  1.7730us  1.4400us  2.2080us  fused_sqrt_3_kernel0
                    0.04%  50.370us         1  50.370us  50.370us  50.370us  fused_concatenate_3_kernel0
                    0.04%  49.378us        30  1.6450us  1.3760us  2.0800us  fused_negative_3_kernel0
                    0.04%  49.187us        12  4.0980us  3.9040us  4.3200us  fused_add_36_kernel0
                    0.04%  47.203us        30  1.5730us  1.3440us  1.8560us  fused_add_16_kernel0
                    0.04%  46.468us        30  1.5480us  1.2160us  2.1120us  fused_multiply_12_kernel0
                    0.04%  45.473us        12  3.7890us  3.5520us  4.0320us  fused_nn_relu_16_kernel0
                    0.04%  45.155us         6  7.5250us  7.1040us  7.9040us  fused_multiply_20_kernel0
                    0.04%  45.090us         1  45.090us  45.090us  45.090us  fused_nn_max_pool2d_4_kernel0
                    0.03%  38.529us         1  38.529us  38.529us  38.529us  fused_nn_avg_pool2d_kernel0
                    0.03%  37.346us         3  12.448us  12.033us  12.704us  fused_multiply_13_kernel0
                    0.03%  37.090us         6  6.1810us  6.0480us  6.4320us  fused_add_27_kernel0
                    0.03%  35.456us        26  1.3630us  1.2160us  1.6320us  fused_expand_dims_6_kernel0
                    0.03%  35.074us         2  17.537us  17.537us  17.537us  fused_nn_conv2d_37_kernel1
                    0.03%  34.976us        26  1.3450us  1.1840us  1.6320us  fused_expand_dims_1_kernel0
                    0.03%  34.852us         6  5.8080us  5.6010us  6.1440us  fused_nn_relu_13_kernel0
                    0.03%  33.152us        24  1.3810us  1.1840us  1.6000us  fused_expand_dims_8_kernel0
                    0.03%  33.025us         1  33.025us  33.025us  33.025us  fused_nn_max_pool2d_3_kernel0
                    0.03%  32.929us         1  32.929us  32.929us  32.929us  fused_nn_softmax_kernel1
                    0.03%  31.458us         2  15.729us  15.521us  15.937us  fused_nn_conv2d_37_kernel3
                    0.03%  29.921us         3  9.9730us  9.7290us  10.240us  fused_add_17_kernel0
                    0.02%  28.225us        13  2.1710us  1.5040us  4.8650us  fused_divide_1_kernel0
                    0.02%  27.554us         1  27.554us  27.554us  27.554us  fused_nn_avg_pool2d_5_kernel0
                    0.02%  27.298us         1  27.298us  27.298us  27.298us  fused_nn_relu_2_kernel0
                    0.02%  27.073us         1  27.073us  27.073us  27.073us  fused_add_2_kernel0
                    0.02%  27.010us         3  9.0030us  8.5760us  9.4410us  fused_nn_relu_9_kernel0
                    0.02%  25.539us        13  1.9640us  1.6640us  2.1440us  fused_add_11_kernel0
                    0.02%  25.472us        13  1.9590us  1.6960us  2.2080us  fused_add_24_kernel0
                    0.02%  25.089us        13  1.9290us  1.5040us  2.2080us  fused_sqrt_6_kernel0
                    0.02%  25.089us        13  1.9290us  1.5040us  2.2720us  fused_divide_6_kernel0
                    0.02%  24.609us         1  24.609us  24.609us  24.609us  fused_multiply_2_kernel0
                    0.02%  24.482us        13  1.8830us  1.6320us  2.1440us  fused_negative_1_kernel0
                    0.02%  24.480us        13  1.8830us  1.4400us  2.2400us  fused_sqrt_1_kernel0
                    0.02%  23.009us        12  1.9170us  1.5040us  2.2080us  fused_divide_8_kernel0
                    0.02%  22.881us        12  1.9060us  1.7280us  2.0810us  fused_add_31_kernel0
                    0.02%  22.690us        13  1.7450us  1.5040us  1.9530us  fused_multiply_10_kernel0
                    0.02%  21.600us        16  1.3500us  1.1840us  1.6320us  fused_expand_dims_5_kernel0
                    0.02%  21.537us        13  1.6560us  1.4080us  2.1450us  fused_negative_6_kernel0
                    0.02%  21.376us        13  1.6440us  1.3760us  1.9520us  fused_add_25_kernel0
                    0.02%  21.216us        13  1.6320us  1.3440us  1.7920us  fused_add_12_kernel0
                    0.02%  21.216us        12  1.7680us  1.4720us  2.1120us  fused_sqrt_8_kernel0
                    0.02%  20.160us        12  1.6800us  1.6000us  1.7600us  fused_negative_8_kernel0
                    0.02%  19.682us        13  1.5140us  1.2480us  2.1120us  fused_multiply_18_kernel0
                    0.02%  19.392us        12  1.6160us  1.4720us  1.8240us  fused_add_32_kernel0
                    0.02%  17.952us        12  1.4960us  1.2480us  1.6320us  fused_multiply_23_kernel0
                    0.02%  17.825us         1  17.825us  17.825us  17.825us  fused_concatenate_1_kernel0
                    0.01%  16.736us         8  2.0920us  1.8240us  2.1760us  fused_sqrt_5_kernel0
                    0.01%  16.512us         8  2.0640us  1.7600us  2.2080us  fused_add_21_kernel0
                    0.01%  16.064us         8  2.0080us  1.6320us  2.2080us  fused_negative_5_kernel0
                    0.01%  15.488us         8  1.9360us  1.2480us  2.9120us  fused_multiply_16_kernel0
                    0.01%  15.425us         8  1.9280us  1.5050us  2.1440us  fused_divide_5_kernel0
                    0.01%  15.200us        12  1.2660us  1.1840us  1.6000us  fused_expand_dims_7_kernel0
                    0.01%  15.010us         3  5.0030us  4.8650us  5.1200us  fused_multiply_kernel0
                    0.01%  14.657us         1  14.657us  14.657us  14.657us  fused_nn_softmax_kernel0
                    0.01%  13.088us         8  1.6360us  1.3760us  1.7920us  fused_add_22_kernel0
                    0.01%  12.448us         2  6.2240us  6.0800us  6.3680us  fused_multiply_27_kernel0
                    0.01%  11.584us         3  3.8610us  3.8080us  3.9040us  fused_add_kernel0
                    0.01%  11.136us         6  1.8560us  1.6960us  2.0160us  fused_add_28_kernel0
                    0.01%  11.073us         3  3.6910us  3.6800us  3.7120us  fused_nn_relu_kernel0
                    0.01%  10.081us         2  5.0400us  5.0240us  5.0570us  fused_add_37_kernel0
                    0.01%  10.016us         6  1.6690us  1.5040us  2.1120us  fused_divide_7_kernel0
                    0.01%  9.8890us         6  1.6480us  1.4720us  2.1120us  fused_sqrt_7_kernel0
                    0.01%  9.5360us         3  3.1780us  3.1360us  3.2320us  fused_multiply_25_kernel0
                    0.01%  9.3760us         2  4.6880us  4.6720us  4.7040us  fused_nn_relu_17_kernel0
                    0.01%  9.0240us         6  1.5040us  1.3440us  1.7920us  fused_negative_7_kernel0
                    0.01%  8.6730us         3  2.8910us  1.6320us  4.9610us  fused_sqrt_kernel0
                    0.01%  8.6720us         6  1.4450us  1.3440us  1.7920us  fused_add_29_kernel0
                    0.01%  8.5440us         1  8.5440us  8.5440us  8.5440us  fused_multiply_17_kernel0
                    0.01%  8.5130us         6  1.4180us  1.2160us  1.6960us  fused_expand_dims_4_kernel0
                    0.01%  8.5120us         6  1.4180us  1.2160us  1.6320us  fused_expand_dims_9_kernel0
                    0.01%  8.2240us         6  1.3700us  1.2480us  1.6000us  fused_expand_dims_kernel0
                    0.01%  8.0010us         3  2.6670us  2.5920us  2.7200us  fused_add_35_kernel0
                    0.01%  7.9040us         6  1.3170us  1.2160us  1.6320us  fused_multiply_21_kernel0
                    0.01%  7.3930us         3  2.4640us  2.4320us  2.4960us  fused_nn_relu_15_kernel0
                    0.01%  6.8800us         1  6.8800us  6.8800us  6.8800us  fused_add_23_kernel0
                    0.01%  6.6250us         3  2.2080us  2.1440us  2.2730us  fused_sqrt_9_kernel0
                    0.01%  6.5920us         3  2.1970us  2.1760us  2.2080us  fused_divide_9_kernel0
                    0.01%  6.4960us         1  6.4960us  6.4960us  6.4960us  fused_multiply_19_kernel0
                    0.01%  6.4960us         3  2.1650us  2.1120us  2.2400us  fused_divide_4_kernel0
                    0.01%  6.3040us         3  2.1010us  2.0800us  2.1440us  fused_sqrt_4_kernel0
                    0.01%  6.2720us         3  2.0900us  2.0800us  2.1120us  fused_add_33_kernel0
                    0.01%  6.1760us         1  6.1760us  6.1760us  6.1760us  fused_nn_relu_11_kernel0
                    0.01%  6.1440us         3  2.0480us  2.0160us  2.0800us  fused_add_18_kernel0
                    0.01%  5.9520us         1  5.9520us  5.9520us  5.9520us  fused_nn_softmax_kernel3
                    0.01%  5.9210us         3  1.9730us  1.7280us  2.1120us  fused_negative_4_kernel0
                    0.01%  5.8240us         3  1.9410us  1.6960us  2.1120us  fused_add_9_kernel0
                    0.01%  5.7930us         3  1.9310us  1.5690us  2.1120us  fused_divide_kernel0
                    0.01%  5.6980us         4  1.4240us  1.2170us  1.6320us  fused_expand_dims_10_kernel0
                    0.00%  5.6320us         3  1.8770us  1.7280us  2.1440us  fused_negative_kernel0
                    0.00%  5.4400us         3  1.8130us  1.7920us  1.8560us  fused_negative_9_kernel0
                    0.00%  5.4080us         3  1.8020us  1.7920us  1.8240us  fused_add_34_kernel0
                    0.00%  5.3760us         3  1.7920us  1.7600us  1.8560us  fused_add_19_kernel0
                    0.00%  5.3450us         1  5.3450us  5.3450us  5.3450us  fused_add_26_kernel0
                    0.00%  5.2170us         3  1.7390us  1.6320us  1.8880us  fused_multiply_9_kernel0
                    0.00%  5.0880us         3  1.6960us  1.6320us  1.7600us  fused_multiply_24_kernel0
                    0.00%  4.9610us         3  1.6530us  1.4400us  1.7920us  fused_add_10_kernel0
                    0.00%  4.9600us         1  4.9600us  4.9600us  4.9600us  fused_nn_relu_12_kernel0
                    0.00%  4.8000us         3  1.6000us  1.6000us  1.6000us  fused_multiply_14_kernel0
                    0.00%  4.3850us         2  2.1920us  2.1760us  2.2090us  fused_divide_10_kernel0
                    0.00%  4.2880us         2  2.1440us  2.1440us  2.1440us  fused_add_38_kernel0
                    0.00%  4.2880us         2  2.1440us  2.1440us  2.1440us  fused_sqrt_10_kernel0
                    0.00%  3.5530us         1  3.5530us  3.5530us  3.5530us  fused_nn_softmax_kernel2
                    0.00%  3.5520us         2  1.7760us  1.7600us  1.7920us  fused_add_39_kernel0
                    0.00%  3.5200us         2  1.7600us  1.7600us  1.7600us  fused_negative_10_kernel0
                    0.00%  3.2640us         2  1.6320us  1.6320us  1.6320us  fused_multiply_28_kernel0
                    0.00%  2.8160us         2  1.4080us  1.2160us  1.6000us  fused_expand_dims_2_kernel0
                    0.00%  2.3040us         1  2.3040us  2.3040us  2.3040us  fused_nn_bias_add_kernel0
                    0.00%  2.1760us         1  2.1760us  2.1760us  2.1760us  fused_add_13_kernel0
                    0.00%  2.1440us         1  2.1440us  2.1440us  2.1440us  fused_divide_2_kernel0
                    0.00%  2.1120us         1  2.1120us  2.1120us  2.1120us  fused_sqrt_2_kernel0
                    0.00%  2.0480us         1  2.0480us  2.0480us  2.0480us  fused_negative_2_kernel0
                    0.00%  2.0160us         1  2.0160us  2.0160us  2.0160us  fused_multiply_11_kernel0
                    0.00%  1.8240us         1  1.8240us  1.8240us  1.8240us  [CUDA memcpy DtoH]
                    0.00%  1.8240us         1  1.8240us  1.8240us  1.8240us  fused_nn_batch_flatten_kernel0
                    0.00%  1.7920us         1  1.7920us  1.7920us  1.7920us  fused_add_14_kernel0
      API calls:   79.32%  1.06325s         1  1.06325s  1.06325s  1.06325s  cuModuleLoadData
                   10.42%  139.67ms       585  238.75us  2.8070us  132.41ms  cudaMalloc
                    5.62%  75.280ms       585  128.68us  4.4830us  51.247ms  cudaFree
                    3.58%  48.048ms       568  84.591us  5.5930us  9.1568ms  cudaMemcpy
                    0.49%  6.5031ms         1  6.5031ms  6.5031ms  6.5031ms  cuModuleUnload
                    0.34%  4.5972ms      1187  3.8720us  2.9920us  55.913us  cuLaunchKernel
                    0.13%  1.7101ms      2896     590ns     330ns  11.414us  cudaSetDevice
                    0.04%  509.60us        97  5.2530us     552ns  194.73us  cuDeviceGetAttribute
                    0.03%  407.13us      1187     342ns     288ns  1.7350us  cudaGetDevice
                    0.02%  209.63us         1  209.63us  209.63us  209.63us  cuDeviceTotalMem
                    0.01%  90.052us       207     435ns     262ns  1.8640us  cuModuleGetFunction
                    0.01%  80.429us         1  80.429us  80.429us  80.429us  cuDeviceGetName
                    0.00%  11.024us         3  3.6740us  2.0410us  4.5920us  cudaDeviceGetAttribute
                    0.00%  4.3340us         2  2.1670us  1.8830us  2.4510us  cuDeviceGetCount
                    0.00%  3.3430us         1  3.3430us  3.3430us  3.3430us  cuDeviceGetPCIBusId
                    0.00%  2.2080us         2  1.1040us     989ns  1.2190us  cuDeviceGet
                    0.00%  1.3570us         1  1.3570us  1.3570us  1.3570us  cuDeviceGetUuid
