==23330== NVPROF is profiling process 23330, command: python3 /home/wml/tvm/tutorials/relay_test_net.py
==23330== Profiling application: python3 /home/wml/tvm/tutorials/relay_test_net.py
==23330== Profiling result:
            Type  Time(%)      Time     Calls       Avg       Min       Max  Name
 GPU activities:   28.51%  31.415ms       567  55.405us     864ns  2.6727ms  [CUDA memcpy HtoD]
                    7.77%  8.5623ms        12  713.53us  610.97us  1.2171ms  fused_nn_conv2d_3_kernel0
                    5.08%  5.5923ms         1  5.5923ms  5.5923ms  5.5923ms  fused_nn_conv2d_8_kernel0
                    4.32%  4.7622ms         4  1.1906ms  1.1829ms  1.2091ms  fused_nn_conv2d_32_kernel0
                    4.31%  4.7444ms         4  1.1861ms  1.1830ms  1.1877ms  fused_nn_conv2d_31_kernel0
                    3.67%  4.0479ms         4  1.0120ms  734.17us  1.8176ms  fused_nn_conv2d_30_kernel0
                    3.19%  3.5108ms         1  3.5108ms  3.5108ms  3.5108ms  fused_nn_conv2d_4_kernel0
                    2.73%  3.0120ms         4  752.99us  737.57us  778.21us  fused_nn_conv2d_27_kernel0
                    2.14%  2.3606ms         2  1.1803ms  1.1715ms  1.1891ms  fused_nn_conv2d_37_kernel0
                    2.11%  2.3285ms         2  1.1643ms  598.81us  1.7297ms  fused_nn_conv2d_25_kernel0
                    1.85%  2.0406ms         2  1.0203ms  1.0199ms  1.0207ms  fused_nn_conv2d_26_kernel0
                    1.79%  1.9755ms         4  493.88us  492.44us  496.21us  fused_nn_conv2d_28_kernel0
                    1.79%  1.9749ms         1  1.9749ms  1.9749ms  1.9749ms  fused_nn_conv2d_10_kernel0
                    1.74%  1.9143ms         3  638.11us  269.00us  1.3741ms  fused_nn_conv2d_6_kernel0
                    1.68%  1.8493ms         2  924.66us  916.71us  932.61us  fused_nn_conv2d_29_kernel0
                    1.57%  1.7317ms         4  432.92us  272.04us  886.92us  fused_nn_conv2d_5_kernel0
                    1.57%  1.7265ms         4  431.63us  257.04us  909.70us  fused_nn_conv2d_34_kernel0
                    1.55%  1.7117ms         3  570.56us  565.11us  580.54us  fused_nn_conv2d_13_kernel0
                    1.28%  1.4112ms         2  705.58us  704.73us  706.43us  fused_nn_conv2d_37_kernel2
                    1.14%  1.2566ms         2  628.28us  627.51us  629.05us  fused_nn_conv2d_22_kernel0
                    0.98%  1.0844ms         4  271.10us  252.01us  314.29us  fused_nn_conv2d_36_kernel0
                    0.97%  1.0721ms         2  536.04us  531.29us  540.79us  fused_nn_conv2d_23_kernel0
                    0.69%  757.63us         4  189.41us  187.34us  191.02us  fused_nn_conv2d_16_kernel2
                    0.67%  733.15us         1  733.15us  733.15us  733.15us  fused_nn_conv2d_24_kernel0
                    0.65%  720.00us         3  240.00us  233.67us  248.04us  fused_nn_conv2d_15_kernel2
                    0.65%  717.12us         1  717.12us  717.12us  717.12us  fused_nn_conv2d_21_kernel0
                    0.64%  707.52us         1  707.52us  707.52us  707.52us  fused_nn_conv2d_11_kernel0
                    0.55%  605.40us         4  151.35us  150.47us  151.97us  fused_nn_avg_pool2d_4_kernel0
                    0.44%  482.71us         1  482.71us  482.71us  482.71us  fused_nn_conv2d_kernel0
                    0.44%  479.57us         1  479.57us  479.57us  479.57us  fused_nn_conv2d_20_kernel0
                    0.41%  449.27us         1  449.27us  449.27us  449.27us  fused_nn_conv2d_9_kernel0
                    0.38%  418.71us         1  418.71us  418.71us  418.71us  fused_nn_conv2d_41_kernel0
                    0.37%  404.43us         1  404.43us  404.43us  404.43us  fused_nn_conv2d_2_kernel0
                    0.36%  392.46us         2  196.23us  196.14us  196.33us  fused_nn_conv2d_7_kernel0
                    0.34%  376.50us         1  376.50us  376.50us  376.50us  fused_nn_conv2d_40_kernel0
                    0.31%  341.97us         1  341.97us  341.97us  341.97us  fused_nn_conv2d_33_kernel0
                    0.29%  319.63us         1  319.63us  319.63us  319.63us  fused_add_6_kernel0
                    0.29%  318.89us         1  318.89us  318.89us  318.89us  fused_nn_relu_6_kernel0
                    0.29%  318.13us         1  318.13us  318.13us  318.13us  fused_multiply_6_kernel0
                    0.29%  314.00us         1  314.00us  314.00us  314.00us  fused_nn_conv2d_38_kernel0
                    0.28%  306.38us         1  306.38us  306.38us  306.38us  fused_nn_conv2d_42_kernel0
                    0.27%  301.07us        26  11.579us  10.784us  12.257us  fused_multiply_1_kernel0
                    0.27%  293.04us         4  73.259us  72.899us  73.987us  fused_nn_conv2d_16_kernel3
                    0.25%  277.52us         1  277.52us  277.52us  277.52us  fused_nn_conv2d_1_kernel0
                    0.24%  260.11us         1  260.11us  260.11us  260.11us  fused_nn_conv2d_12_kernel0
                    0.22%  244.30us         1  244.30us  244.30us  244.30us  fused_nn_conv2d_19_kernel0
                    0.22%  237.23us        26  9.1240us  8.3520us  9.7600us  fused_add_1_kernel0
                    0.21%  234.12us         1  234.12us  234.12us  234.12us  fused_nn_dense_kernel0
                    0.21%  231.50us        12  19.291us  17.857us  20.097us  fused_nn_relu_3_kernel0
                    0.21%  229.29us        12  19.107us  18.432us  19.553us  fused_add_3_kernel0
                    0.21%  228.94us         1  228.94us  228.94us  228.94us  fused_nn_avg_pool2d_3_kernel0
                    0.20%  223.31us         1  223.31us  223.31us  223.31us  fused_add_4_kernel0
                    0.20%  223.18us         1  223.18us  223.18us  223.18us  fused_nn_relu_4_kernel0
                    0.20%  220.68us         1  220.68us  220.68us  220.68us  fused_multiply_4_kernel0
                    0.20%  220.55us         3  73.517us  72.803us  74.275us  fused_nn_conv2d_15_kernel1
                    0.20%  220.23us         3  73.411us  73.091us  73.923us  fused_nn_conv2d_15_kernel3
                    0.20%  216.43us        26  8.3240us  8.0000us  8.8970us  fused_nn_relu_1_kernel0
                    0.19%  214.12us         4  53.530us  52.834us  53.923us  fused_concatenate_2_kernel0
                    0.19%  211.88us         1  211.88us  211.88us  211.88us  fused_nn_max_pool2d_1_kernel0
                    0.19%  205.22us         1  205.22us  205.22us  205.22us  fused_nn_avg_pool2d_2_kernel0
                    0.19%  204.52us         1  204.52us  204.52us  204.52us  fused_nn_conv2d_18_kernel0
                    0.19%  204.42us        12  17.035us  15.936us  18.144us  fused_multiply_3_kernel0
                    0.18%  202.25us         1  202.25us  202.25us  202.25us  fused_nn_conv2d_35_kernel0
                    0.18%  201.10us         4  50.274us  49.442us  50.850us  fused_nn_conv2d_16_kernel1
                    0.18%  200.01us         7  28.572us  27.937us  29.217us  fused_nn_relu_10_kernel0
                    0.18%  199.82us         7  28.545us  27.490us  29.665us  fused_add_20_kernel0
                    0.17%  191.75us         1  191.75us  191.75us  191.75us  fused_nn_conv2d_39_kernel0
                    0.17%  187.78us         7  26.826us  26.529us  27.073us  fused_multiply_15_kernel0
                    0.15%  166.95us         2  83.475us  82.947us  84.003us  fused_concatenate_4_kernel0
                    0.15%  164.39us         1  164.39us  164.39us  164.39us  fused_nn_conv2d_14_kernel0
                    0.15%  164.17us         1  164.17us  164.17us  164.17us  fused_add_8_kernel0
                    0.15%  163.59us         1  163.59us  163.59us  163.59us  fused_nn_relu_8_kernel0
                    0.15%  162.85us         1  162.85us  162.85us  162.85us  fused_multiply_8_kernel0
                    0.14%  159.69us         1  159.69us  159.69us  159.69us  fused_nn_relu_7_kernel0
                    0.14%  159.30us         1  159.30us  159.30us  159.30us  fused_add_7_kernel0
                    0.14%  159.21us         1  159.21us  159.21us  159.21us  fused_multiply_7_kernel0
                    0.14%  153.06us         1  153.06us  153.06us  153.06us  fused_nn_avg_pool2d_1_kernel0
                    0.14%  150.28us         1  150.28us  150.28us  150.28us  fused_nn_max_pool2d_kernel0
                    0.11%  119.53us        12  9.9600us  9.6320us  10.273us  fused_multiply_22_kernel0
                    0.11%  119.49us         3  39.830us  39.074us  41.281us  fused_nn_conv2d_15_kernel0
                    0.10%  114.05us         1  114.05us  114.05us  114.05us  fused_nn_conv2d_17_kernel0
                    0.09%  102.21us         4  25.553us  24.225us  26.369us  fused_nn_conv2d_16_kernel0
                    0.09%  99.780us         1  99.780us  99.780us  99.780us  fused_add_5_kernel0
                    0.09%  98.948us         1  98.948us  98.948us  98.948us  fused_nn_relu_5_kernel0
                    0.09%  96.804us         1  96.804us  96.804us  96.804us  fused_multiply_5_kernel0
                    0.08%  89.254us        12  7.4370us  7.2000us  7.7450us  fused_add_30_kernel0
                    0.08%  85.378us        12  7.1140us  7.0080us  7.3280us  fused_nn_relu_14_kernel0
                    0.07%  77.444us        60  1.2900us     992ns  1.6640us  fused_expand_dims_3_kernel0
                    0.07%  73.795us         1  73.795us  73.795us  73.795us  fused_concatenate_5_kernel0
                    0.05%  56.962us         1  56.962us  56.962us  56.962us  fused_nn_max_pool2d_2_kernel0
                    0.05%  56.674us         2  28.337us  28.097us  28.577us  fused_concatenate_kernel0
                    0.05%  55.329us        30  1.8440us  1.6640us  2.2400us  fused_add_15_kernel0
                    0.05%  54.308us        12  4.5250us  3.4560us  5.3760us  fused_multiply_26_kernel0
                    0.05%  53.602us        30  1.7860us  1.4400us  2.1760us  fused_sqrt_3_kernel0
                    0.05%  52.739us        30  1.7570us  1.4720us  2.2400us  fused_divide_3_kernel0
                    0.05%  51.170us         1  51.170us  51.170us  51.170us  fused_concatenate_3_kernel0
                    0.04%  48.067us        30  1.6020us  1.3440us  2.1440us  fused_negative_3_kernel0
                    0.04%  46.946us        30  1.5640us  1.3760us  1.8560us  fused_add_16_kernel0
                    0.04%  45.184us         6  7.5300us  7.0720us  7.9680us  fused_multiply_20_kernel0
                    0.04%  45.153us        30  1.5050us  1.2160us  1.9200us  fused_multiply_12_kernel0
                    0.04%  42.401us         1  42.401us  42.401us  42.401us  fused_nn_max_pool2d_4_kernel0
                    0.04%  42.209us        12  3.5170us  3.1680us  4.2560us  fused_add_36_kernel0
                    0.04%  38.817us        12  3.2340us  2.9120us  3.9370us  fused_nn_relu_16_kernel0
                    0.03%  37.635us         3  12.545us  12.193us  12.801us  fused_multiply_13_kernel0
                    0.03%  37.284us         6  6.2140us  6.0490us  6.4650us  fused_add_27_kernel0
                    0.03%  36.228us        26  1.3930us  1.1840us  1.6330us  fused_expand_dims_1_kernel0
                    0.03%  36.194us         1  36.194us  36.194us  36.194us  fused_nn_avg_pool2d_kernel0
                    0.03%  35.200us         6  5.8660us  5.6320us  6.2720us  fused_nn_relu_13_kernel0
                    0.03%  33.954us        24  1.4140us  1.1840us  1.6650us  fused_expand_dims_8_kernel0
                    0.03%  33.665us         1  33.665us  33.665us  33.665us  fused_nn_max_pool2d_3_kernel0
                    0.03%  32.450us         2  16.225us  16.129us  16.321us  fused_nn_conv2d_37_kernel1
                    0.03%  30.337us        26  1.1660us     992ns  1.6330us  fused_expand_dims_6_kernel0
                    0.03%  29.409us         3  9.8030us  9.6000us  9.9530us  fused_add_17_kernel0
                    0.03%  28.161us         2  14.080us  14.017us  14.144us  fused_nn_conv2d_37_kernel3
                    0.03%  28.097us        12  2.3410us  1.6960us  6.9770us  fused_add_31_kernel0
                    0.02%  27.298us         3  9.0990us  8.7370us  9.6330us  fused_nn_relu_9_kernel0
                    0.02%  27.297us        12  2.2740us  1.9520us  4.3840us  fused_divide_8_kernel0
                    0.02%  27.169us         1  27.169us  27.169us  27.169us  fused_nn_softmax_kernel1
                    0.02%  27.041us         1  27.041us  27.041us  27.041us  fused_nn_relu_2_kernel0
                    0.02%  26.849us         1  26.849us  26.849us  26.849us  fused_add_2_kernel0
                    0.02%  26.721us        13  2.0550us  1.4720us  2.2400us  fused_divide_1_kernel0
                    0.02%  26.561us        12  2.2130us  1.5360us  6.7200us  fused_sqrt_8_kernel0
                    0.02%  26.528us        13  2.0400us  1.6320us  2.3040us  fused_add_11_kernel0
                    0.02%  26.402us        13  2.0300us  1.4400us  2.2400us  fused_sqrt_1_kernel0
                    0.02%  26.240us        13  2.0180us  1.7280us  2.1760us  fused_negative_1_kernel0
                    0.02%  24.929us         1  24.929us  24.929us  24.929us  fused_nn_avg_pool2d_5_kernel0
                    0.02%  24.833us         1  24.833us  24.833us  24.833us  fused_multiply_2_kernel0
                    0.02%  23.809us        13  1.8310us  1.5040us  1.9840us  fused_multiply_10_kernel0
                    0.02%  22.336us        13  1.7180us  1.4720us  2.1440us  fused_add_24_kernel0
                    0.02%  22.048us        13  1.6960us  1.3440us  1.7920us  fused_add_12_kernel0
                    0.02%  21.729us        13  1.6710us  1.2800us  2.2730us  fused_divide_6_kernel0
                    0.02%  21.120us        16  1.3200us  1.1840us  1.6320us  fused_expand_dims_5_kernel0
                    0.02%  20.672us        13  1.5900us  1.2160us  2.1440us  fused_sqrt_6_kernel0
                    0.02%  19.648us        13  1.5110us  1.1840us  1.9520us  fused_add_25_kernel0
                    0.02%  19.136us        12  1.5940us  1.4720us  1.7600us  fused_add_32_kernel0
                    0.02%  18.689us        13  1.4370us  1.1200us  2.1440us  fused_negative_6_kernel0
                    0.02%  18.400us        12  1.5330us  1.3440us  1.7920us  fused_negative_8_kernel0
                    0.02%  17.569us         1  17.569us  17.569us  17.569us  fused_concatenate_1_kernel0
                    0.02%  17.056us        13  1.3120us  1.0240us  2.1120us  fused_multiply_18_kernel0
                    0.02%  16.834us        12  1.4020us  1.3120us  1.6320us  fused_multiply_23_kernel0
                    0.01%  16.098us        12  1.3410us  1.2160us  1.6010us  fused_expand_dims_7_kernel0
                    0.01%  15.488us         8  1.9360us  1.6960us  2.2080us  fused_negative_5_kernel0
                    0.01%  15.041us         8  1.8800us  1.6000us  1.9520us  fused_multiply_16_kernel0
                    0.01%  15.008us         8  1.8760us  1.6640us  2.0800us  fused_add_21_kernel0
                    0.01%  14.882us         8  1.8600us  1.5040us  2.2090us  fused_divide_5_kernel0
                    0.01%  14.593us         8  1.8240us  1.4720us  2.1440us  fused_sqrt_5_kernel0
                    0.01%  14.272us         3  4.7570us  4.2560us  5.1840us  fused_multiply_kernel0
                    0.01%  14.016us         8  1.7520us  1.6320us  1.7920us  fused_add_22_kernel0
                    0.01%  12.288us         1  12.288us  12.288us  12.288us  fused_nn_softmax_kernel0
                    0.01%  12.064us         6  2.0100us  1.7920us  2.1440us  fused_divide_7_kernel0
                    0.01%  11.872us         6  1.9780us  1.6640us  2.0800us  fused_add_28_kernel0
                    0.01%  11.681us         6  1.9460us  1.7280us  2.2080us  fused_sqrt_7_kernel0
                    0.01%  11.489us         3  3.8290us  3.2640us  4.3200us  fused_add_kernel0
                    0.01%  11.424us         2  5.7120us  5.5040us  5.9200us  fused_multiply_27_kernel0
                    0.01%  10.496us         3  3.4980us  3.0400us  3.7440us  fused_nn_relu_kernel0
                    0.01%  9.9520us         6  1.6580us  1.4720us  1.7600us  fused_add_29_kernel0
                    0.01%  9.5050us         6  1.5840us  1.3440us  1.7920us  fused_negative_7_kernel0
                    0.01%  8.9620us         3  2.9870us  2.7850us  3.2640us  fused_multiply_25_kernel0
                    0.01%  8.9620us         2  4.4810us  4.0330us  4.9290us  fused_add_37_kernel0
                    0.01%  8.7360us         3  2.9120us  1.6320us  4.9920us  fused_sqrt_kernel0
                    0.01%  8.5760us         6  1.4290us  1.2160us  1.6320us  fused_multiply_21_kernel0
                    0.01%  8.5440us         6  1.4240us  1.2480us  1.6000us  fused_expand_dims_4_kernel0
                    0.01%  8.4170us         1  8.4170us  8.4170us  8.4170us  fused_multiply_17_kernel0
                    0.01%  8.4160us         2  4.2080us  3.7760us  4.6400us  fused_nn_relu_17_kernel0
                    0.01%  8.3520us         6  1.3920us  1.2480us  1.6640us  fused_expand_dims_kernel0
                    0.01%  8.0640us         6  1.3440us  1.0240us  1.6000us  fused_expand_dims_9_kernel0
                    0.01%  7.0730us         3  2.3570us  2.2080us  2.6570us  fused_add_35_kernel0
                    0.01%  6.5920us         1  6.5920us  6.5920us  6.5920us  fused_add_23_kernel0
                    0.01%  6.5290us         1  6.5290us  6.5290us  6.5290us  fused_multiply_19_kernel0
                    0.01%  6.5280us         3  2.1760us  2.0160us  2.4640us  fused_nn_relu_15_kernel0
                    0.01%  6.4960us         3  2.1650us  2.1440us  2.2080us  fused_divide_4_kernel0
                    0.01%  6.3370us         1  6.3370us  6.3370us  6.3370us  fused_nn_relu_11_kernel0
                    0.01%  6.3050us         3  2.1010us  1.8560us  2.2410us  fused_sqrt_9_kernel0
                    0.01%  6.3040us         3  2.1010us  2.0800us  2.1440us  fused_sqrt_4_kernel0
                    0.01%  6.3040us         3  2.1010us  1.9200us  2.2080us  fused_divide_9_kernel0
                    0.01%  6.1760us         3  2.0580us  1.8880us  2.2080us  fused_add_33_kernel0
                    0.01%  6.1440us         3  2.0480us  1.8560us  2.1440us  fused_divide_kernel0
                    0.01%  6.1440us         3  2.0480us  2.0160us  2.1120us  fused_add_18_kernel0
                    0.01%  5.8560us         3  1.9520us  1.6960us  2.0800us  fused_add_9_kernel0
                    0.01%  5.6960us         3  1.8980us  1.7920us  2.0480us  fused_negative_4_kernel0
                    0.01%  5.5680us         3  1.8560us  1.7600us  2.0480us  fused_negative_kernel0
                    0.00%  5.3440us         4  1.3360us  1.0560us  1.6000us  fused_expand_dims_10_kernel0
                    0.00%  5.3440us         1  5.3440us  5.3440us  5.3440us  fused_nn_softmax_kernel3
                    0.00%  5.2800us         3  1.7600us  1.7600us  1.7600us  fused_add_19_kernel0
                    0.00%  5.2800us         3  1.7600us  1.6000us  1.8880us  fused_multiply_9_kernel0
                    0.00%  5.2160us         1  5.2160us  5.2160us  5.2160us  fused_add_26_kernel0
                    0.00%  5.1840us         3  1.7280us  1.6000us  1.7920us  fused_add_34_kernel0
                    0.00%  5.1530us         3  1.7170us  1.5680us  1.7930us  fused_negative_9_kernel0
                    0.00%  4.8960us         3  1.6320us  1.4080us  1.7600us  fused_add_10_kernel0
                    0.00%  4.8320us         3  1.6100us  1.6000us  1.6320us  fused_multiply_14_kernel0
                    0.00%  4.8010us         1  4.8010us  4.8010us  4.8010us  fused_nn_relu_12_kernel0
                    0.00%  4.7360us         3  1.5780us  1.4720us  1.6320us  fused_multiply_24_kernel0
                    0.00%  4.1280us         2  2.0640us  1.9200us  2.2080us  fused_divide_10_kernel0
                    0.00%  4.0010us         2  2.0000us  1.8560us  2.1450us  fused_sqrt_10_kernel0
                    0.00%  3.9690us         2  1.9840us  1.8570us  2.1120us  fused_add_38_kernel0
                    0.00%  3.4880us         2  1.7440us  1.6960us  1.7920us  fused_negative_10_kernel0
                    0.00%  3.4240us         2  1.7120us  1.5680us  1.8560us  fused_add_39_kernel0
                    0.00%  3.1050us         1  3.1050us  3.1050us  3.1050us  fused_nn_softmax_kernel2
                    0.00%  3.0400us         2  1.5200us  1.4080us  1.6320us  fused_multiply_28_kernel0
                    0.00%  2.8160us         2  1.4080us  1.2160us  1.6000us  fused_expand_dims_2_kernel0
                    0.00%  2.1440us         1  2.1440us  2.1440us  2.1440us  fused_negative_2_kernel0
                    0.00%  2.1440us         1  2.1440us  2.1440us  2.1440us  fused_divide_2_kernel0
                    0.00%  2.1120us         1  2.1120us  2.1120us  2.1120us  fused_sqrt_2_kernel0
                    0.00%  2.0800us         1  2.0800us  2.0800us  2.0800us  [CUDA memcpy DtoH]
                    0.00%  2.0800us         1  2.0800us  2.0800us  2.0800us  fused_nn_bias_add_kernel0
                    0.00%  2.0480us         1  2.0480us  2.0480us  2.0480us  fused_add_13_kernel0
                    0.00%  1.8880us         1  1.8880us  1.8880us  1.8880us  fused_multiply_11_kernel0
                    0.00%  1.8560us         1  1.8560us  1.8560us  1.8560us  fused_add_14_kernel0
                    0.00%  1.5360us         1  1.5360us  1.5360us  1.5360us  fused_nn_batch_flatten_kernel0
      API calls:   79.45%  1.07320s         1  1.07320s  1.07320s  1.07320s  cuModuleLoadData
                   10.45%  141.14ms       585  241.27us  2.8510us  134.13ms  cudaMalloc
                    5.35%  72.226ms       585  123.46us  3.0910us  51.405ms  cudaFree
                    3.64%  49.220ms       568  86.655us  5.7630us  10.089ms  cudaMemcpy
                    0.55%  7.4116ms         1  7.4116ms  7.4116ms  7.4116ms  cuModuleUnload
                    0.37%  5.0117ms      1187  4.2220us  3.0820us  57.597us  cuLaunchKernel
                    0.11%  1.5284ms      2896     527ns     317ns  9.4260us  cudaSetDevice
                    0.03%  464.83us      1187     391ns     291ns  2.5190us  cudaGetDevice
                    0.02%  337.21us        97  3.4760us     219ns  201.18us  cuDeviceGetAttribute
                    0.01%  136.32us         1  136.32us  136.32us  136.32us  cuDeviceTotalMem
                    0.01%  94.801us       207     457ns     249ns  1.7580us  cuModuleGetFunction
                    0.00%  37.446us         1  37.446us  37.446us  37.446us  cuDeviceGetName
                    0.00%  3.2080us         3  1.0690us     554ns  1.3870us  cudaDeviceGetAttribute
                    0.00%  3.1820us         1  3.1820us  3.1820us  3.1820us  cuDeviceGetPCIBusId
                    0.00%  1.7600us         2     880ns     282ns  1.4780us  cuDeviceGetCount
                    0.00%     887ns         2     443ns     275ns     612ns  cuDeviceGet
                    0.00%     403ns         1     403ns     403ns     403ns  cuDeviceGetUuid
