==23429== NVPROF is profiling process 23429, command: python3 /home/wml/tvm/tutorials/relay_test_net.py
==23429== Profiling application: python3 /home/wml/tvm/tutorials/relay_test_net.py
==23429== Profiling result:
            Type  Time(%)      Time     Calls       Avg       Min       Max  Name
 GPU activities:   28.15%  31.363ms       567  55.314us     864ns  2.6366ms  [CUDA memcpy HtoD]
                    6.59%  7.3419ms        12  611.83us  609.24us  617.24us  fused_nn_conv2d_3_kernel0
                    4.96%  5.5281ms         1  5.5281ms  5.5281ms  5.5281ms  fused_nn_conv2d_8_kernel0
                    4.79%  5.3410ms         4  1.3352ms  1.1822ms  1.7890ms  fused_nn_conv2d_31_kernel0
                    4.27%  4.7582ms         4  1.1895ms  1.1810ms  1.2087ms  fused_nn_conv2d_32_kernel0
                    4.25%  4.7364ms         4  1.1841ms  787.77us  1.8324ms  fused_nn_conv2d_30_kernel0
                    3.08%  3.4318ms         1  3.4318ms  3.4318ms  3.4318ms  fused_nn_conv2d_4_kernel0
                    2.68%  2.9818ms         4  745.45us  742.84us  747.32us  fused_nn_conv2d_27_kernel0
                    2.49%  2.7725ms         3  924.17us  575.22us  1.6204ms  fused_nn_conv2d_13_kernel0
                    2.15%  2.3915ms         2  1.1957ms  1.1888ms  1.2027ms  fused_nn_conv2d_37_kernel0
                    1.95%  2.1706ms         2  1.0853ms  529.56us  1.6410ms  fused_nn_conv2d_23_kernel0
                    1.80%  2.0065ms         1  2.0065ms  2.0065ms  2.0065ms  fused_nn_conv2d_10_kernel0
                    1.80%  2.0058ms         2  1.0029ms  1.0027ms  1.0031ms  fused_nn_conv2d_26_kernel0
                    1.77%  1.9749ms         4  493.71us  486.90us  499.31us  fused_nn_conv2d_28_kernel0
                    1.67%  1.8653ms         2  932.64us  932.55us  932.74us  fused_nn_conv2d_29_kernel0
                    1.62%  1.8005ms         2  900.26us  599.48us  1.2010ms  fused_nn_conv2d_25_kernel0
                    1.40%  1.5599ms         1  1.5599ms  1.5599ms  1.5599ms  fused_nn_conv2d_2_kernel0
                    1.27%  1.4199ms         2  709.96us  707.67us  712.25us  fused_nn_conv2d_37_kernel2
                    1.13%  1.2619ms         4  315.48us  314.73us  315.98us  fused_nn_conv2d_36_kernel0
                    1.13%  1.2559ms         2  627.96us  627.93us  627.99us  fused_nn_conv2d_22_kernel0
                    1.11%  1.2313ms         4  307.83us  302.96us  312.65us  fused_nn_conv2d_34_kernel0
                    1.00%  1.1130ms         4  278.24us  276.39us  281.58us  fused_nn_conv2d_5_kernel0
                    0.73%  816.09us         3  272.03us  270.63us  274.67us  fused_nn_conv2d_6_kernel0
                    0.69%  767.04us         4  191.76us  187.94us  195.78us  fused_nn_conv2d_16_kernel2
                    0.66%  733.18us         1  733.18us  733.18us  733.18us  fused_nn_conv2d_21_kernel0
                    0.66%  733.02us         1  733.02us  733.02us  733.02us  fused_nn_conv2d_24_kernel0
                    0.65%  720.00us         3  240.00us  231.37us  247.40us  fused_nn_conv2d_15_kernel2
                    0.63%  703.64us         1  703.64us  703.64us  703.64us  fused_nn_conv2d_11_kernel0
                    0.54%  604.57us         4  151.14us  150.31us  151.65us  fused_nn_avg_pool2d_4_kernel0
                    0.54%  599.57us         1  599.57us  599.57us  599.57us  fused_nn_conv2d_kernel0
                    0.50%  551.83us         1  551.83us  551.83us  551.83us  fused_nn_conv2d_41_kernel0
                    0.43%  479.95us         1  479.95us  479.95us  479.95us  fused_nn_conv2d_20_kernel0
                    0.43%  474.58us         1  474.58us  474.58us  474.58us  fused_nn_conv2d_40_kernel0
                    0.38%  422.86us         1  422.86us  422.86us  422.86us  fused_nn_conv2d_9_kernel0
                    0.35%  385.58us         2  192.79us  191.66us  193.93us  fused_nn_conv2d_7_kernel0
                    0.34%  375.41us         1  375.41us  375.41us  375.41us  fused_nn_conv2d_42_kernel0
                    0.30%  338.09us         1  338.09us  338.09us  338.09us  fused_nn_conv2d_33_kernel0
                    0.29%  319.47us         1  319.47us  319.47us  319.47us  fused_nn_conv2d_38_kernel0
                    0.29%  319.05us         1  319.05us  319.05us  319.05us  fused_add_6_kernel0
                    0.29%  318.38us         1  318.38us  318.38us  318.38us  fused_nn_relu_6_kernel0
                    0.29%  318.03us         1  318.03us  318.03us  318.03us  fused_multiply_6_kernel0
                    0.28%  312.20us         1  312.20us  312.20us  312.20us  fused_nn_conv2d_1_kernel0
                    0.27%  298.82us        26  11.493us  10.688us  12.129us  fused_multiply_1_kernel0
                    0.26%  292.97us         4  73.242us  72.899us  73.379us  fused_nn_conv2d_16_kernel3
                    0.24%  262.73us         1  262.73us  262.73us  262.73us  fused_nn_conv2d_12_kernel0
                    0.22%  244.17us         1  244.17us  244.17us  244.17us  fused_nn_conv2d_19_kernel0
                    0.22%  240.17us        26  9.2370us  8.3530us  9.8240us  fused_add_1_kernel0
                    0.21%  234.86us         1  234.86us  234.86us  234.86us  fused_nn_dense_kernel0
                    0.21%  234.79us         1  234.79us  234.79us  234.79us  fused_nn_conv2d_39_kernel0
                    0.21%  231.66us        12  19.304us  18.689us  20.033us  fused_add_3_kernel0
                    0.21%  230.31us         1  230.31us  230.31us  230.31us  fused_nn_avg_pool2d_3_kernel0
                    0.21%  228.68us        12  19.056us  18.241us  19.873us  fused_nn_relu_3_kernel0
                    0.20%  223.85us         1  223.85us  223.85us  223.85us  fused_add_4_kernel0
                    0.20%  223.18us         1  223.18us  223.18us  223.18us  fused_nn_relu_4_kernel0
                    0.20%  220.97us         3  73.656us  73.027us  74.146us  fused_nn_conv2d_15_kernel3
                    0.20%  220.36us         3  73.453us  72.963us  73.731us  fused_nn_conv2d_15_kernel1
                    0.20%  219.91us         1  219.91us  219.91us  219.91us  fused_multiply_4_kernel0
                    0.20%  217.25us        26  8.3550us  7.8720us  9.0880us  fused_nn_relu_1_kernel0
                    0.19%  213.93us         4  53.482us  53.314us  53.762us  fused_concatenate_2_kernel0
                    0.19%  213.58us         1  213.58us  213.58us  213.58us  fused_nn_conv2d_35_kernel0
                    0.19%  210.60us         1  210.60us  210.60us  210.60us  fused_nn_max_pool2d_1_kernel0
                    0.19%  208.90us         1  208.90us  208.90us  208.90us  fused_nn_conv2d_18_kernel0
                    0.18%  205.96us         1  205.96us  205.96us  205.96us  fused_nn_avg_pool2d_2_kernel0
                    0.18%  204.36us        12  17.030us  16.096us  18.145us  fused_multiply_3_kernel0
                    0.18%  201.22us         7  28.746us  28.065us  29.121us  fused_add_20_kernel0
                    0.18%  199.62us         4  49.906us  49.186us  50.818us  fused_nn_conv2d_16_kernel1
                    0.18%  199.46us         7  28.494us  28.225us  28.673us  fused_nn_relu_10_kernel0
                    0.17%  189.51us         7  27.073us  26.849us  27.713us  fused_multiply_15_kernel0
                    0.15%  166.89us         2  83.443us  83.075us  83.811us  fused_concatenate_4_kernel0
                    0.15%  164.13us         1  164.13us  164.13us  164.13us  fused_add_8_kernel0
                    0.15%  163.91us         1  163.91us  163.91us  163.91us  fused_nn_relu_8_kernel0
                    0.15%  163.33us         1  163.33us  163.33us  163.33us  fused_nn_conv2d_14_kernel0
                    0.15%  162.95us         1  162.95us  162.95us  162.95us  fused_multiply_8_kernel0
                    0.14%  159.49us         1  159.49us  159.49us  159.49us  fused_nn_relu_7_kernel0
                    0.14%  159.40us         1  159.40us  159.40us  159.40us  fused_add_7_kernel0
                    0.14%  159.24us         1  159.24us  159.24us  159.24us  fused_multiply_7_kernel0
                    0.14%  154.12us         1  154.12us  154.12us  154.12us  fused_nn_avg_pool2d_1_kernel0
                    0.13%  148.13us         1  148.13us  148.13us  148.13us  fused_nn_max_pool2d_kernel0
                    0.11%  123.56us         3  41.185us  40.449us  42.017us  fused_nn_conv2d_15_kernel0
                    0.11%  119.43us        12  9.9520us  9.4410us  10.529us  fused_multiply_22_kernel0
                    0.11%  118.95us         1  118.95us  118.95us  118.95us  fused_nn_conv2d_17_kernel0
                    0.09%  102.95us         4  25.737us  25.153us  26.625us  fused_nn_conv2d_16_kernel0
                    0.09%  99.363us         1  99.363us  99.363us  99.363us  fused_nn_relu_5_kernel0
                    0.09%  99.171us         1  99.171us  99.171us  99.171us  fused_add_5_kernel0
                    0.09%  96.675us         1  96.675us  96.675us  96.675us  fused_multiply_5_kernel0
                    0.08%  90.470us        12  7.5390us  7.1690us  7.8720us  fused_add_30_kernel0
                    0.08%  83.652us        12  6.9710us  6.7200us  7.3280us  fused_nn_relu_14_kernel0
                    0.07%  79.233us        60  1.3200us  1.1840us  2.5600us  fused_expand_dims_3_kernel0
                    0.07%  75.011us         1  75.011us  75.011us  75.011us  fused_concatenate_5_kernel0
                    0.05%  60.290us         2  30.145us  30.017us  30.273us  fused_concatenate_kernel0
                    0.05%  60.100us        12  5.0080us  4.2240us  5.4720us  fused_multiply_26_kernel0
                    0.05%  57.986us        30  1.9320us  1.6640us  2.1440us  fused_add_15_kernel0
                    0.05%  57.122us         1  57.122us  57.122us  57.122us  fused_nn_max_pool2d_2_kernel0
                    0.05%  56.769us        30  1.8920us  1.4720us  2.1760us  fused_sqrt_3_kernel0
                    0.05%  53.122us        30  1.7700us  1.5040us  2.2400us  fused_divide_3_kernel0
                    0.05%  51.042us         1  51.042us  51.042us  51.042us  fused_concatenate_3_kernel0
                    0.05%  50.752us        12  4.2290us  4.1920us  4.2880us  fused_add_36_kernel0
                    0.05%  50.563us        30  1.6850us  1.3440us  3.2000us  fused_negative_3_kernel0
                    0.04%  47.811us        30  1.5930us  1.3440us  2.4000us  fused_add_16_kernel0
                    0.04%  47.298us         6  7.8830us  7.3600us  8.4490us  fused_multiply_20_kernel0
                    0.04%  46.050us        30  1.5350us  1.2160us  2.1440us  fused_multiply_12_kernel0
                    0.04%  45.122us        12  3.7600us  3.5840us  4.0010us  fused_nn_relu_16_kernel0
                    0.04%  45.090us         1  45.090us  45.090us  45.090us  fused_nn_max_pool2d_4_kernel0
                    0.04%  39.394us        26  1.5150us  1.2160us  5.6330us  fused_expand_dims_1_kernel0
                    0.03%  38.305us         1  38.305us  38.305us  38.305us  fused_nn_avg_pool2d_kernel0
                    0.03%  37.698us         6  6.2830us  6.1120us  6.4960us  fused_add_27_kernel0
                    0.03%  36.962us         3  12.320us  11.681us  12.832us  fused_multiply_13_kernel0
                    0.03%  35.777us         2  17.888us  17.569us  18.208us  fused_nn_conv2d_37_kernel1
                    0.03%  34.945us         6  5.8240us  5.5360us  6.0480us  fused_nn_relu_13_kernel0
                    0.03%  33.857us         1  33.857us  33.857us  33.857us  fused_nn_max_pool2d_3_kernel0
                    0.03%  33.856us        26  1.3020us  1.2160us  1.6320us  fused_expand_dims_6_kernel0
                    0.03%  33.025us         1  33.025us  33.025us  33.025us  fused_nn_softmax_kernel1
                    0.03%  31.905us        24  1.3290us  1.2160us  1.6640us  fused_expand_dims_8_kernel0
                    0.03%  31.553us         2  15.776us  15.776us  15.777us  fused_nn_conv2d_37_kernel3
                    0.03%  29.954us         3  9.9840us  9.7280us  10.337us  fused_add_17_kernel0
                    0.03%  28.097us         3  9.3650us  8.9600us  10.113us  fused_nn_relu_9_kernel0
                    0.03%  28.065us         1  28.065us  28.065us  28.065us  fused_nn_avg_pool2d_5_kernel0
                    0.02%  27.842us        13  2.1410us  1.4400us  4.8640us  fused_sqrt_1_kernel0
                    0.02%  27.777us         1  27.777us  27.777us  27.777us  fused_nn_relu_2_kernel0
                    0.02%  27.329us         1  27.329us  27.329us  27.329us  fused_add_2_kernel0
                    0.02%  26.112us        13  2.0080us  1.9200us  2.0800us  fused_add_11_kernel0
                    0.02%  25.441us        13  1.9570us  1.6640us  2.1440us  fused_negative_1_kernel0
                    0.02%  24.992us        13  1.9220us  1.5040us  2.2080us  fused_divide_1_kernel0
                    0.02%  24.321us         1  24.321us  24.321us  24.321us  fused_multiply_2_kernel0
                    0.02%  24.320us        13  1.8700us  1.7280us  2.1760us  fused_add_24_kernel0
                    0.02%  23.424us        13  1.8010us  1.5040us  1.9840us  fused_multiply_10_kernel0
                    0.02%  23.232us        12  1.9360us  1.6640us  2.2080us  fused_add_31_kernel0
                    0.02%  23.201us        13  1.7840us  1.5040us  2.2730us  fused_divide_6_kernel0
                    0.02%  23.042us        12  1.9200us  1.5040us  2.1760us  fused_sqrt_8_kernel0
                    0.02%  23.010us        13  1.7700us  1.5680us  2.1770us  fused_sqrt_6_kernel0
                    0.02%  22.082us        16  1.3800us  1.2160us  1.6960us  fused_expand_dims_5_kernel0
                    0.02%  21.858us        12  1.8210us  1.5040us  2.2080us  fused_divide_8_kernel0
                    0.02%  21.024us        13  1.6170us  1.4080us  1.9840us  fused_add_25_kernel0
                    0.02%  20.992us        13  1.6140us  1.3440us  1.7600us  fused_add_12_kernel0
                    0.02%  20.641us        13  1.5870us  1.3760us  2.1760us  fused_negative_6_kernel0
                    0.02%  20.256us        12  1.6880us  1.6000us  1.7600us  fused_negative_8_kernel0
                    0.02%  18.850us        13  1.4500us  1.2480us  2.0800us  fused_multiply_18_kernel0
                    0.02%  18.497us        12  1.5410us  1.3760us  1.7920us  fused_add_32_kernel0
                    0.02%  17.824us         1  17.824us  17.824us  17.824us  fused_concatenate_1_kernel0
                    0.02%  17.664us        12  1.4720us  1.3760us  1.6000us  fused_multiply_23_kernel0
                    0.01%  16.224us        12  1.3520us  1.2160us  1.6000us  fused_expand_dims_7_kernel0
                    0.01%  15.808us         8  1.9760us  1.4720us  2.2400us  fused_divide_5_kernel0
                    0.01%  15.491us         8  1.9360us  1.6960us  2.1770us  fused_add_21_kernel0
                    0.01%  15.456us         8  1.9320us  1.4720us  2.1440us  fused_sqrt_5_kernel0
                    0.01%  14.880us         8  1.8600us  1.3760us  2.0800us  fused_negative_5_kernel0
                    0.01%  14.785us         1  14.785us  14.785us  14.785us  fused_nn_softmax_kernel0
                    0.01%  14.657us         3  4.8850us  4.7040us  5.0250us  fused_multiply_kernel0
                    0.01%  14.624us         8  1.8280us  1.4720us  1.9520us  fused_multiply_16_kernel0
                    0.01%  13.088us         8  1.6360us  1.3760us  1.8560us  fused_add_22_kernel0
                    0.01%  12.865us         2  6.4320us  6.3050us  6.5600us  fused_multiply_27_kernel0
                    0.01%  11.744us         3  3.9140us  3.9040us  3.9360us  fused_add_kernel0
                    0.01%  11.329us         6  1.8880us  1.6640us  2.1440us  fused_add_28_kernel0
                    0.01%  11.042us         3  3.6800us  3.6490us  3.7120us  fused_nn_relu_kernel0
                    0.01%  10.976us         6  1.8290us  1.4720us  2.2080us  fused_divide_7_kernel0
                    0.01%  10.721us         6  1.7860us  1.4720us  2.1130us  fused_sqrt_7_kernel0
                    0.01%  10.337us         6  1.7220us  1.6320us  1.7920us  fused_add_29_kernel0
                    0.01%  10.081us         2  5.0400us  5.0240us  5.0570us  fused_add_37_kernel0
                    0.01%  10.016us         3  3.3380us  3.3280us  3.3600us  fused_multiply_25_kernel0
                    0.01%  9.6000us         6  1.6000us  1.3440us  1.8240us  fused_negative_7_kernel0
                    0.01%  9.2490us         2  4.6240us  4.5770us  4.6720us  fused_nn_relu_17_kernel0
                    0.01%  9.0880us         3  3.0290us  1.6640us  5.1840us  fused_sqrt_kernel0
                    0.01%  8.8330us         6  1.4720us  1.2160us  1.6960us  fused_multiply_21_kernel0
                    0.01%  8.6400us         6  1.4400us  1.2800us  1.6960us  fused_expand_dims_kernel0
                    0.01%  8.6400us         6  1.4400us  1.2480us  1.6640us  fused_expand_dims_9_kernel0
                    0.01%  8.4480us         1  8.4480us  8.4480us  8.4480us  fused_multiply_17_kernel0
                    0.01%  8.4160us         6  1.4020us  1.1840us  1.6000us  fused_expand_dims_4_kernel0
                    0.01%  7.9040us         3  2.6340us  2.5920us  2.6560us  fused_add_35_kernel0
                    0.01%  7.3920us         3  2.4640us  2.4640us  2.4640us  fused_nn_relu_15_kernel0
                    0.01%  6.6880us         1  6.6880us  6.6880us  6.6880us  fused_add_23_kernel0
                    0.01%  6.5920us         3  2.1970us  2.1760us  2.2080us  fused_divide_9_kernel0
                    0.01%  6.4640us         3  2.1540us  2.0800us  2.2400us  fused_add_33_kernel0
                    0.01%  6.4010us         3  2.1330us  2.1130us  2.1440us  fused_sqrt_9_kernel0
                    0.01%  6.4000us         3  2.1330us  2.1120us  2.1760us  fused_sqrt_4_kernel0
                    0.01%  6.3680us         3  2.1220us  2.1120us  2.1440us  fused_divide_4_kernel0
                    0.01%  6.2730us         1  6.2730us  6.2730us  6.2730us  fused_nn_softmax_kernel3
                    0.01%  6.2400us         1  6.2400us  6.2400us  6.2400us  fused_multiply_19_kernel0
                    0.01%  6.1440us         1  6.1440us  6.1440us  6.1440us  fused_nn_relu_11_kernel0
                    0.01%  6.1120us         3  2.0370us  2.0160us  2.0480us  fused_add_18_kernel0
                    0.01%  5.8880us         3  1.9620us  1.6000us  2.1440us  fused_divide_kernel0
                    0.01%  5.7610us         3  1.9200us  1.7280us  2.0490us  fused_negative_4_kernel0
                    0.01%  5.7280us         4  1.4320us  1.2480us  1.6320us  fused_expand_dims_10_kernel0
                    0.01%  5.7280us         3  1.9090us  1.7600us  2.0480us  fused_negative_kernel0
                    0.01%  5.7280us         3  1.9090us  1.6960us  2.0160us  fused_add_9_kernel0
                    0.00%  5.4080us         3  1.8020us  1.7920us  1.8240us  fused_add_34_kernel0
                    0.00%  5.3440us         3  1.7810us  1.7600us  1.7920us  fused_negative_9_kernel0
                    0.00%  5.2500us         3  1.7500us  1.6010us  1.8890us  fused_multiply_9_kernel0
                    0.00%  5.2480us         3  1.7490us  1.7280us  1.7600us  fused_add_19_kernel0
                    0.00%  5.2160us         1  5.2160us  5.2160us  5.2160us  fused_add_26_kernel0
                    0.00%  4.9280us         3  1.6420us  1.4720us  1.7280us  fused_add_10_kernel0
                    0.00%  4.9280us         3  1.6420us  1.6320us  1.6640us  fused_multiply_24_kernel0
                    0.00%  4.8640us         3  1.6210us  1.6000us  1.6320us  fused_multiply_14_kernel0
                    0.00%  4.8330us         1  4.8330us  4.8330us  4.8330us  fused_nn_relu_12_kernel0
                    0.00%  4.2890us         2  2.1440us  2.1440us  2.1450us  fused_sqrt_10_kernel0
                    0.00%  4.2880us         2  2.1440us  2.1440us  2.1440us  fused_divide_10_kernel0
                    0.00%  4.1920us         2  2.0960us  2.0800us  2.1120us  fused_add_38_kernel0
                    0.00%  3.7440us         1  3.7440us  3.7440us  3.7440us  fused_nn_softmax_kernel2
                    0.00%  3.6800us         2  1.8400us  1.7920us  1.8880us  fused_add_39_kernel0
                    0.00%  3.5840us         2  1.7920us  1.7920us  1.7920us  fused_negative_10_kernel0
                    0.00%  3.2960us         2  1.6480us  1.6320us  1.6640us  fused_multiply_28_kernel0
                    0.00%  2.8160us         2  1.4080us  1.2160us  1.6000us  fused_expand_dims_2_kernel0
                    0.00%  2.2720us         1  2.2720us  2.2720us  2.2720us  fused_nn_bias_add_kernel0
                    0.00%  2.1440us         1  2.1440us  2.1440us  2.1440us  fused_divide_2_kernel0
                    0.00%  2.1130us         1  2.1130us  2.1130us  2.1130us  fused_negative_2_kernel0
                    0.00%  2.1120us         1  2.1120us  2.1120us  2.1120us  fused_sqrt_2_kernel0
                    0.00%  2.0800us         1  2.0800us  2.0800us  2.0800us  fused_add_13_kernel0
                    0.00%  1.8880us         1  1.8880us  1.8880us  1.8880us  fused_multiply_11_kernel0
                    0.00%  1.8880us         1  1.8880us  1.8880us  1.8880us  [CUDA memcpy DtoH]
                    0.00%  1.7920us         1  1.7920us  1.7920us  1.7920us  fused_add_14_kernel0
                    0.00%  1.7920us         1  1.7920us  1.7920us  1.7920us  fused_nn_batch_flatten_kernel0
      API calls:   79.62%  1.07330s         1  1.07330s  1.07330s  1.07330s  cuModuleLoadData
                   10.38%  139.94ms       585  239.21us  2.9240us  133.01ms  cudaMalloc
                    5.42%  73.087ms       585  124.93us  2.8770us  51.783ms  cudaFree
                    3.47%  46.797ms       568  82.388us  6.1750us  7.5530ms  cudaMemcpy
                    0.56%  7.5938ms         1  7.5938ms  7.5938ms  7.5938ms  cuModuleUnload
                    0.34%  4.6116ms      1187  3.8850us  3.0520us  55.438us  cuLaunchKernel
                    0.11%  1.4943ms      2896     515ns     330ns  14.049us  cudaSetDevice
                    0.03%  423.05us      1187     356ns     291ns  1.7860us  cudaGetDevice
                    0.03%  368.89us        97  3.8030us     474ns  148.27us  cuDeviceGetAttribute
                    0.01%  183.13us         1  183.13us  183.13us  183.13us  cuDeviceTotalMem
                    0.01%  89.638us       207     433ns     260ns  1.8860us  cuModuleGetFunction
                    0.01%  72.570us         1  72.570us  72.570us  72.570us  cuDeviceGetName
                    0.00%  7.5360us         3  2.5120us  1.5000us  3.1560us  cudaDeviceGetAttribute
                    0.00%  4.9310us         2  2.4650us  1.5880us  3.3430us  cuDeviceGetCount
                    0.00%  4.4870us         1  4.4870us  4.4870us  4.4870us  cuDeviceGetPCIBusId
                    0.00%  1.9440us         2     972ns     685ns  1.2590us  cuDeviceGet
                    0.00%  1.0280us         1  1.0280us  1.0280us  1.0280us  cuDeviceGetUuid
